                              1 ;--------------------------------------------------------
                              2 ; File Created by SDCC : free open source ANSI-C Compiler
                              3 ; Version 3.5.5 #9498 (Linux)
                              4 ;--------------------------------------------------------
                              5 	.module camelot_enemy
                              6 	.optsdcc -mz80
                              7 	
                              8 ;--------------------------------------------------------
                              9 ; Public variables in this module
                             10 ;--------------------------------------------------------
                             11 	.globl _camelot_enemy
                             12 ;--------------------------------------------------------
                             13 ; special function registers
                             14 ;--------------------------------------------------------
                             15 ;--------------------------------------------------------
                             16 ; ram data
                             17 ;--------------------------------------------------------
                             18 	.area _DATA
                             19 ;--------------------------------------------------------
                             20 ; ram data
                             21 ;--------------------------------------------------------
                             22 	.area _INITIALIZED
                             23 ;--------------------------------------------------------
                             24 ; absolute external ram data
                             25 ;--------------------------------------------------------
                             26 	.area _DABS (ABS)
                             27 ;--------------------------------------------------------
                             28 ; global & static initialisations
                             29 ;--------------------------------------------------------
                             30 	.area _HOME
                             31 	.area _GSINIT
                             32 	.area _GSFINAL
                             33 	.area _GSINIT
                             34 ;--------------------------------------------------------
                             35 ; Home
                             36 ;--------------------------------------------------------
                             37 	.area _HOME
                             38 	.area _HOME
                             39 ;--------------------------------------------------------
                             40 ; code
                             41 ;--------------------------------------------------------
                             42 	.area _CODE
                             43 	.area _CODE
   0000                      44 _camelot_enemy:
   0000 F0                   45 	.db #0xF0	; 240
   0001 F0                   46 	.db #0xF0	; 240
   0002 F0                   47 	.db #0xF0	; 240
   0003 F0                   48 	.db #0xF0	; 240
   0004 F0                   49 	.db #0xF0	; 240
   0005 F0                   50 	.db #0xF0	; 240
   0006 F0                   51 	.db #0xF0	; 240
   0007 F0                   52 	.db #0xF0	; 240
   0008 13                   53 	.db #0x13	; 19
   0009 11                   54 	.db #0x11	; 17
   000A 43                   55 	.db #0x43	; 67	'C'
   000B D0                   56 	.db #0xD0	; 208
   000C 33                   57 	.db #0x33	; 51	'3'
   000D 01                   58 	.db #0x01	; 1
   000E 23                   59 	.db #0x23	; 35
   000F B0                   60 	.db #0xB0	; 176
   0010 21                   61 	.db #0x21	; 33
   0011 00                   62 	.db #0x00	; 0
   0012 23                   63 	.db #0x23	; 35
   0013 01                   64 	.db #0x01	; 1
   0014 40                   65 	.db #0x40	; 64
   0015 21                   66 	.db #0x21	; 33
   0016 30                   67 	.db #0x30	; 48	'0'
   0017 01                   68 	.db #0x01	; 1
   0018 10                   69 	.db #0x10	; 16
   0019 41                   70 	.db #0x41	; 65	'A'
   001A 00                   71 	.db #0x00	; 0
   001B 01                   72 	.db #0x01	; 1
   001C 13                   73 	.db #0x13	; 19
   001D 41                   74 	.db #0x41	; 65	'A'
   001E 13                   75 	.db #0x13	; 19
   001F 01                   76 	.db #0x01	; 1
   0020 23                   77 	.db #0x23	; 35
   0021 11                   78 	.db #0x11	; 17
   0022 00                   79 	.db #0x00	; 0
   0023 11                   80 	.db #0x11	; 17
   0024 23                   81 	.db #0x23	; 35
   0025 01                   82 	.db #0x01	; 1
   0026 63                   83 	.db #0x63	; 99	'c'
   0027 01                   84 	.db #0x01	; 1
   0028 23                   85 	.db #0x23	; 35
   0029 01                   86 	.db #0x01	; 1
   002A 23                   87 	.db #0x23	; 35
   002B 31                   88 	.db #0x31	; 49	'1'
   002C 03                   89 	.db #0x03	; 3
   002D 01                   90 	.db #0x01	; 1
   002E 23                   91 	.db #0x23	; 35
   002F 01                   92 	.db #0x01	; 1
   0030 13                   93 	.db #0x13	; 19
   0031 01                   94 	.db #0x01	; 1
   0032 23                   95 	.db #0x23	; 35
   0033 01                   96 	.db #0x01	; 1
   0034 23                   97 	.db #0x23	; 35
   0035 01                   98 	.db #0x01	; 1
   0036 40                   99 	.db #0x40	; 64
   0037 11                  100 	.db #0x11	; 17
   0038 43                  101 	.db #0x43	; 67	'C'
   0039 01                  102 	.db #0x01	; 1
   003A 03                  103 	.db #0x03	; 3
   003B 31                  104 	.db #0x31	; 49	'1'
   003C 03                  105 	.db #0x03	; 3
   003D 01                  106 	.db #0x01	; 1
   003E 13                  107 	.db #0x13	; 19
   003F 01                  108 	.db #0x01	; 1
   0040 50                  109 	.db #0x50	; 80	'P'
   0041 11                  110 	.db #0x11	; 17
   0042 03                  111 	.db #0x03	; 3
   0043 01                  112 	.db #0x01	; 1
   0044 23                  113 	.db #0x23	; 35
   0045 01                  114 	.db #0x01	; 1
   0046 13                  115 	.db #0x13	; 19
   0047 01                  116 	.db #0x01	; 1
   0048 23                  117 	.db #0x23	; 35
   0049 01                  118 	.db #0x01	; 1
   004A 23                  119 	.db #0x23	; 35
   004B 01                  120 	.db #0x01	; 1
   004C 50                  121 	.db #0x50	; 80	'P'
   004D 11                  122 	.db #0x11	; 17
   004E 23                  123 	.db #0x23	; 35
   004F 01                  124 	.db #0x01	; 1
   0050 63                  125 	.db #0x63	; 99	'c'
   0051 01                  126 	.db #0x01	; 1
   0052 23                  127 	.db #0x23	; 35
   0053 01                  128 	.db #0x01	; 1
   0054 23                  129 	.db #0x23	; 35
   0055 11                  130 	.db #0x11	; 17
   0056 10                  131 	.db #0x10	; 16
   0057 41                  132 	.db #0x41	; 65	'A'
   0058 00                  133 	.db #0x00	; 0
   0059 01                  134 	.db #0x01	; 1
   005A 13                  135 	.db #0x13	; 19
   005B 41                  136 	.db #0x41	; 65	'A'
   005C 13                  137 	.db #0x13	; 19
   005D 01                  138 	.db #0x01	; 1
   005E 23                  139 	.db #0x23	; 35
   005F 11                  140 	.db #0x11	; 17
   0060 20                  141 	.db #0x20	; 32
   0061 21                  142 	.db #0x21	; 33
   0062 00                  143 	.db #0x00	; 0
   0063 23                  144 	.db #0x23	; 35
   0064 01                  145 	.db #0x01	; 1
   0065 40                  146 	.db #0x40	; 64
   0066 21                  147 	.db #0x21	; 33
   0067 30                  148 	.db #0x30	; 48	'0'
   0068 01                  149 	.db #0x01	; 1
   0069 60                  150 	.db #0x60	; 96
   006A 33                  151 	.db #0x33	; 51	'3'
   006B 01                  152 	.db #0x01	; 1
   006C 23                  153 	.db #0x23	; 35
   006D F0                  154 	.db #0xF0	; 240
   006E 00                  155 	.db #0x00	; 0
   006F 13                  156 	.db #0x13	; 19
   0070 11                  157 	.db #0x11	; 17
   0071 43                  158 	.db #0x43	; 67	'C'
   0072 F0                  159 	.db #0xF0	; 240
   0073 F0                  160 	.db #0xF0	; 240
   0074 F0                  161 	.db #0xF0	; 240
   0075 F0                  162 	.db #0xF0	; 240
   0076 F0                  163 	.db #0xF0	; 240
   0077 F0                  164 	.db #0xF0	; 240
   0078 F0                  165 	.db #0xF0	; 240
   0079 F0                  166 	.db #0xF0	; 240
   007A F0                  167 	.db #0xF0	; 240
                            168 	.area _INITIALIZER
                            169 	.area _CABS (ABS)
