                              1 ;--------------------------------------------------------
                              2 ; File Created by SDCC : free open source ANSI-C Compiler
                              3 ; Version 3.5.5 #9498 (Linux)
                              4 ;--------------------------------------------------------
                              5 	.module king_enemy
                              6 	.optsdcc -mz80
                              7 	
                              8 ;--------------------------------------------------------
                              9 ; Public variables in this module
                             10 ;--------------------------------------------------------
                             11 	.globl _king_enemy
                             12 ;--------------------------------------------------------
                             13 ; special function registers
                             14 ;--------------------------------------------------------
                             15 ;--------------------------------------------------------
                             16 ; ram data
                             17 ;--------------------------------------------------------
                             18 	.area _DATA
                             19 ;--------------------------------------------------------
                             20 ; ram data
                             21 ;--------------------------------------------------------
                             22 	.area _INITIALIZED
                             23 ;--------------------------------------------------------
                             24 ; absolute external ram data
                             25 ;--------------------------------------------------------
                             26 	.area _DABS (ABS)
                             27 ;--------------------------------------------------------
                             28 ; global & static initialisations
                             29 ;--------------------------------------------------------
                             30 	.area _HOME
                             31 	.area _GSINIT
                             32 	.area _GSFINAL
                             33 	.area _GSINIT
                             34 ;--------------------------------------------------------
                             35 ; Home
                             36 ;--------------------------------------------------------
                             37 	.area _HOME
                             38 	.area _HOME
                             39 ;--------------------------------------------------------
                             40 ; code
                             41 ;--------------------------------------------------------
                             42 	.area _CODE
                             43 	.area _CODE
   0000                      44 _king_enemy:
   0000 F0                   45 	.db #0xF0	; 240
   0001 F0                   46 	.db #0xF0	; 240
   0002 10                   47 	.db #0x10	; 16
   0003 58                   48 	.db #0x58	; 88	'X'
   0004 F0                   49 	.db #0xF0	; 240
   0005 10                   50 	.db #0x10	; 16
   0006 18                   51 	.db #0x18	; 24
   0007 29                   52 	.db #0x29	; 41
   0008 04                   53 	.db #0x04	; 4
   0009 18                   54 	.db #0x18	; 24
   000A D0                   55 	.db #0xD0	; 208
   000B 01                   56 	.db #0x01	; 1
   000C 00                   57 	.db #0x00	; 0
   000D 08                   58 	.db #0x08	; 8
   000E 09                   59 	.db #0x09	; 9
   000F 13                   60 	.db #0x13	; 19
   0010 29                   61 	.db #0x29	; 41
   0011 04                   62 	.db #0x04	; 4
   0012 08                   63 	.db #0x08	; 8
   0013 B0                   64 	.db #0xB0	; 176
   0014 01                   65 	.db #0x01	; 1
   0015 03                   66 	.db #0x03	; 3
   0016 01                   67 	.db #0x01	; 1
   0017 04                   68 	.db #0x04	; 4
   0018 19                   69 	.db #0x19	; 25
   0019 03                   70 	.db #0x03	; 3
   001A 39                   71 	.db #0x39	; 57	'9'
   001B 08                   72 	.db #0x08	; 8
   001C 10                   73 	.db #0x10	; 16
   001D 24                   74 	.db #0x24	; 36
   001E 50                   75 	.db #0x50	; 80	'P'
   001F 01                   76 	.db #0x01	; 1
   0020 03                   77 	.db #0x03	; 3
   0021 12                   78 	.db #0x12	; 18
   0022 08                   79 	.db #0x08	; 8
   0023 59                   80 	.db #0x59	; 89	'Y'
   0024 04                   81 	.db #0x04	; 4
   0025 08                   82 	.db #0x08	; 8
   0026 44                   83 	.db #0x44	; 68	'D'
   0027 50                   84 	.db #0x50	; 80	'P'
   0028 01                   85 	.db #0x01	; 1
   0029 03                   86 	.db #0x03	; 3
   002A 12                   87 	.db #0x12	; 18
   002B 14                   88 	.db #0x14	; 20
   002C 29                   89 	.db #0x29	; 41
   002D 04                   90 	.db #0x04	; 4
   002E 18                   91 	.db #0x18	; 24
   002F 44                   92 	.db #0x44	; 68	'D'
   0030 60                   93 	.db #0x60	; 96
   0031 01                   94 	.db #0x01	; 1
   0032 02                   95 	.db #0x02	; 2
   0033 11                   96 	.db #0x11	; 17
   0034 44                   97 	.db #0x44	; 68	'D'
   0035 08                   98 	.db #0x08	; 8
   0036 71                   99 	.db #0x71	; 113	'q'
   0037 29                  100 	.db #0x29	; 41
   0038 21                  101 	.db #0x21	; 33
   0039 04                  102 	.db #0x04	; 4
   003A 09                  103 	.db #0x09	; 9
   003B 33                  104 	.db #0x33	; 51	'3'
   003C 11                  105 	.db #0x11	; 17
   003D 23                  106 	.db #0x23	; 35
   003E 01                  107 	.db #0x01	; 1
   003F 02                  108 	.db #0x02	; 2
   0040 23                  109 	.db #0x23	; 35
   0041 02                  110 	.db #0x02	; 2
   0042 01                  111 	.db #0x01	; 1
   0043 00                  112 	.db #0x00	; 0
   0044 19                  113 	.db #0x19	; 25
   0045 2F                  114 	.db #0x2F	; 47
   0046 01                  115 	.db #0x01	; 1
   0047 13                  116 	.db #0x13	; 19
   0048 42                  117 	.db #0x42	; 66	'B'
   0049 01                  118 	.db #0x01	; 1
   004A 13                  119 	.db #0x13	; 19
   004B 01                  120 	.db #0x01	; 1
   004C 42                  121 	.db #0x42	; 66	'B'
   004D 01                  122 	.db #0x01	; 1
   004E 29                  123 	.db #0x29	; 41
   004F 04                  124 	.db #0x04	; 4
   0050 2F                  125 	.db #0x2F	; 47
   0051 01                  126 	.db #0x01	; 1
   0052 12                  127 	.db #0x12	; 18
   0053 13                  128 	.db #0x13	; 19
   0054 12                  129 	.db #0x12	; 18
   0055 01                  130 	.db #0x01	; 1
   0056 03                  131 	.db #0x03	; 3
   0057 12                  132 	.db #0x12	; 18
   0058 41                  133 	.db #0x41	; 65	'A'
   0059 04                  134 	.db #0x04	; 4
   005A 00                  135 	.db #0x00	; 0
   005B 19                  136 	.db #0x19	; 25
   005C 3F                  137 	.db #0x3F	; 63
   005D 01                  138 	.db #0x01	; 1
   005E 22                  139 	.db #0x22	; 34
   005F 03                  140 	.db #0x03	; 3
   0060 12                  141 	.db #0x12	; 18
   0061 01                  142 	.db #0x01	; 1
   0062 22                  143 	.db #0x22	; 34
   0063 01                  144 	.db #0x01	; 1
   0064 44                  145 	.db #0x44	; 68	'D'
   0065 29                  146 	.db #0x29	; 41
   0066 04                  147 	.db #0x04	; 4
   0067 2F                  148 	.db #0x2F	; 47
   0068 01                  149 	.db #0x01	; 1
   0069 52                  150 	.db #0x52	; 82	'R'
   006A 01                  151 	.db #0x01	; 1
   006B 22                  152 	.db #0x22	; 34
   006C 41                  153 	.db #0x41	; 65	'A'
   006D 10                  154 	.db #0x10	; 16
   006E 19                  155 	.db #0x19	; 25
   006F 2F                  156 	.db #0x2F	; 47
   0070 01                  157 	.db #0x01	; 1
   0071 62                  158 	.db #0x62	; 98	'b'
   0072 01                  159 	.db #0x01	; 1
   0073 12                  160 	.db #0x12	; 18
   0074 01                  161 	.db #0x01	; 1
   0075 42                  162 	.db #0x42	; 66	'B'
   0076 01                  163 	.db #0x01	; 1
   0077 2A                  164 	.db #0x2A	; 42
   0078 21                  165 	.db #0x21	; 33
   0079 04                  166 	.db #0x04	; 4
   007A 09                  167 	.db #0x09	; 9
   007B 32                  168 	.db #0x32	; 50	'2'
   007C 11                  169 	.db #0x11	; 17
   007D 22                  170 	.db #0x22	; 34
   007E 01                  171 	.db #0x01	; 1
   007F 42                  172 	.db #0x42	; 66	'B'
   0080 01                  173 	.db #0x01	; 1
   0081 50                  174 	.db #0x50	; 80	'P'
   0082 01                  175 	.db #0x01	; 1
   0083 02                  176 	.db #0x02	; 2
   0084 31                  177 	.db #0x31	; 49	'1'
   0085 14                  178 	.db #0x14	; 20
   0086 91                  179 	.db #0x91	; 145
   0087 50                  180 	.db #0x50	; 80	'P'
   0088 01                  181 	.db #0x01	; 1
   0089 03                  182 	.db #0x03	; 3
   008A 12                  183 	.db #0x12	; 18
   008B 21                  184 	.db #0x21	; 33
   008C 94                  185 	.db #0x94	; 148
   008D 60                  186 	.db #0x60	; 96
   008E 01                  187 	.db #0x01	; 1
   008F 03                  188 	.db #0x03	; 3
   0090 12                  189 	.db #0x12	; 18
   0091 01                  190 	.db #0x01	; 1
   0092 12                  191 	.db #0x12	; 18
   0093 21                  192 	.db #0x21	; 33
   0094 00                  193 	.db #0x00	; 0
   0095 64                  194 	.db #0x64	; 100	'd'
   0096 60                  195 	.db #0x60	; 96
   0097 01                  196 	.db #0x01	; 1
   0098 03                  197 	.db #0x03	; 3
   0099 01                  198 	.db #0x01	; 1
   009A 52                  199 	.db #0x52	; 82	'R'
   009B 01                  200 	.db #0x01	; 1
   009C 30                  201 	.db #0x30	; 48	'0'
   009D 24                  202 	.db #0x24	; 36
   009E 70                  203 	.db #0x70	; 112	'p'
   009F 01                  204 	.db #0x01	; 1
   00A0 00                  205 	.db #0x00	; 0
   00A1 11                  206 	.db #0x11	; 17
   00A2 02                  207 	.db #0x02	; 2
   00A3 29                  208 	.db #0x29	; 41
   00A4 02                  209 	.db #0x02	; 2
   00A5 01                  210 	.db #0x01	; 1
   00A6 F0                  211 	.db #0xF0	; 240
   00A7 10                  212 	.db #0x10	; 16
   00A8 04                  213 	.db #0x04	; 4
   00A9 13                  214 	.db #0x13	; 19
   00AA 19                  215 	.db #0x19	; 25
   00AB 01                  216 	.db #0x01	; 1
   00AC F0                  217 	.db #0xF0	; 240
   00AD 14                  218 	.db #0x14	; 20
   00AE 13                  219 	.db #0x13	; 19
   00AF 09                  220 	.db #0x09	; 9
   00B0 F0                  221 	.db #0xF0	; 240
   00B1 00                  222 	.db #0x00	; 0
   00B2 14                  223 	.db #0x14	; 20
   00B3 13                  224 	.db #0x13	; 19
   00B4 F0                  225 	.db #0xF0	; 240
   00B5 10                  226 	.db #0x10	; 16
   00B6 14                  227 	.db #0x14	; 20
   00B7 13                  228 	.db #0x13	; 19
                            229 	.area _INITIALIZER
                            230 	.area _CABS (ABS)
