                              1 ;--------------------------------------------------------
                              2 ; File Created by SDCC : free open source ANSI-C Compiler
                              3 ; Version 3.5.5 #9498 (Linux)
                              4 ;--------------------------------------------------------
                              5 	.module level0_enemies
                              6 	.optsdcc -mz80
                              7 	
                              8 ;--------------------------------------------------------
                              9 ; Public variables in this module
                             10 ;--------------------------------------------------------
                             11 	.globl _level0_enemies
                             12 ;--------------------------------------------------------
                             13 ; special function registers
                             14 ;--------------------------------------------------------
                             15 ;--------------------------------------------------------
                             16 ; ram data
                             17 ;--------------------------------------------------------
                             18 	.area _DATA
                             19 ;--------------------------------------------------------
                             20 ; ram data
                             21 ;--------------------------------------------------------
                             22 	.area _INITIALIZED
                             23 ;--------------------------------------------------------
                             24 ; absolute external ram data
                             25 ;--------------------------------------------------------
                             26 	.area _DABS (ABS)
                             27 ;--------------------------------------------------------
                             28 ; global & static initialisations
                             29 ;--------------------------------------------------------
                             30 	.area _HOME
                             31 	.area _GSINIT
                             32 	.area _GSFINAL
                             33 	.area _GSINIT
                             34 ;--------------------------------------------------------
                             35 ; Home
                             36 ;--------------------------------------------------------
                             37 	.area _HOME
                             38 	.area _HOME
                             39 ;--------------------------------------------------------
                             40 ; code
                             41 ;--------------------------------------------------------
                             42 	.area _CODE
                             43 	.area _CODE
   0000                      44 _level0_enemies:
   0000 11                   45 	.db #0x11	; 17
   0001 90                   46 	.db #0x90	; 144
   0002 21                   47 	.db #0x21	; 33
   0003 80                   48 	.db #0x80	; 128
   0004 01                   49 	.db #0x01	; 1
   0005 0D                   50 	.db #0x0D	; 13
   0006 11                   51 	.db #0x11	; 17
   0007 60                   52 	.db #0x60	; 96
   0008 01                   53 	.db #0x01	; 1
   0009 22                   54 	.db #0x22	; 34
   000A 41                   55 	.db #0x41	; 65	'A'
   000B 40                   56 	.db #0x40	; 64
   000C 01                   57 	.db #0x01	; 1
   000D 1D                   58 	.db #0x1D	; 29
   000E 11                   59 	.db #0x11	; 17
   000F 30                   60 	.db #0x30	; 48	'0'
   0010 01                   61 	.db #0x01	; 1
   0011 42                   62 	.db #0x42	; 66	'B'
   0012 01                   63 	.db #0x01	; 1
   0013 22                   64 	.db #0x22	; 34
   0014 11                   65 	.db #0x11	; 17
   0015 20                   66 	.db #0x20	; 32
   0016 01                   67 	.db #0x01	; 1
   0017 02                   68 	.db #0x02	; 2
   0018 2D                   69 	.db #0x2D	; 45
   0019 21                   70 	.db #0x21	; 33
   001A 00                   71 	.db #0x00	; 0
   001B 01                   72 	.db #0x01	; 1
   001C 03                   73 	.db #0x03	; 3
   001D 32                   74 	.db #0x32	; 50	'2'
   001E 1C                   75 	.db #0x1C	; 28
   001F 32                   76 	.db #0x32	; 50	'2'
   0020 11                   77 	.db #0x11	; 17
   0021 10                   78 	.db #0x10	; 16
   0022 01                   79 	.db #0x01	; 1
   0023 02                   80 	.db #0x02	; 2
   0024 2D                   81 	.db #0x2D	; 45
   0025 02                   82 	.db #0x02	; 2
   0026 03                   83 	.db #0x03	; 3
   0027 11                   84 	.db #0x11	; 17
   0028 03                   85 	.db #0x03	; 3
   0029 12                   86 	.db #0x12	; 18
   002A 03                   87 	.db #0x03	; 3
   002B 01                   88 	.db #0x01	; 1
   002C 42                   89 	.db #0x42	; 66	'B'
   002D 01                   90 	.db #0x01	; 1
   002E 12                   91 	.db #0x12	; 18
   002F 10                   92 	.db #0x10	; 16
   0030 01                   93 	.db #0x01	; 1
   0031 52                   94 	.db #0x52	; 82	'R'
   0032 03                   95 	.db #0x03	; 3
   0033 02                   96 	.db #0x02	; 2
   0034 03                   97 	.db #0x03	; 3
   0035 02                   98 	.db #0x02	; 2
   0036 03                   99 	.db #0x03	; 3
   0037 02                  100 	.db #0x02	; 2
   0038 1C                  101 	.db #0x1C	; 28
   0039 32                  102 	.db #0x32	; 50	'2'
   003A 01                  103 	.db #0x01	; 1
   003B 02                  104 	.db #0x02	; 2
   003C 0C                  105 	.db #0x0C	; 12
   003D 20                  106 	.db #0x20	; 32
   003E 01                  107 	.db #0x01	; 1
   003F 42                  108 	.db #0x42	; 66	'B'
   0040 03                  109 	.db #0x03	; 3
   0041 02                  110 	.db #0x02	; 2
   0042 03                  111 	.db #0x03	; 3
   0043 02                  112 	.db #0x02	; 2
   0044 03                  113 	.db #0x03	; 3
   0045 01                  114 	.db #0x01	; 1
   0046 52                  115 	.db #0x52	; 82	'R'
   0047 01                  116 	.db #0x01	; 1
   0048 12                  117 	.db #0x12	; 18
   0049 10                  118 	.db #0x10	; 16
   004A 01                  119 	.db #0x01	; 1
   004B 22                  120 	.db #0x22	; 34
   004C 01                  121 	.db #0x01	; 1
   004D 12                  122 	.db #0x12	; 18
   004E 03                  123 	.db #0x03	; 3
   004F 02                  124 	.db #0x02	; 2
   0050 03                  125 	.db #0x03	; 3
   0051 02                  126 	.db #0x02	; 2
   0052 03                  127 	.db #0x03	; 3
   0053 62                  128 	.db #0x62	; 98	'b'
   0054 01                  129 	.db #0x01	; 1
   0055 02                  130 	.db #0x02	; 2
   0056 0C                  131 	.db #0x0C	; 12
   0057 00                  132 	.db #0x00	; 0
   0058 01                  133 	.db #0x01	; 1
   0059 32                  134 	.db #0x32	; 50	'2'
   005A 01                  135 	.db #0x01	; 1
   005B 14                  136 	.db #0x14	; 20
   005C 02                  137 	.db #0x02	; 2
   005D 03                  138 	.db #0x03	; 3
   005E 02                  139 	.db #0x02	; 2
   005F 03                  140 	.db #0x03	; 3
   0060 01                  141 	.db #0x01	; 1
   0061 32                  142 	.db #0x32	; 50	'2'
   0062 13                  143 	.db #0x13	; 19
   0063 02                  144 	.db #0x02	; 2
   0064 01                  145 	.db #0x01	; 1
   0065 12                  146 	.db #0x12	; 18
   0066 00                  147 	.db #0x00	; 0
   0067 01                  148 	.db #0x01	; 1
   0068 42                  149 	.db #0x42	; 66	'B'
   0069 01                  150 	.db #0x01	; 1
   006A 42                  151 	.db #0x42	; 66	'B'
   006B 01                  152 	.db #0x01	; 1
   006C 22                  153 	.db #0x22	; 34
   006D 43                  154 	.db #0x43	; 67	'C'
   006E 11                  155 	.db #0x11	; 17
   006F 00                  156 	.db #0x00	; 0
   0070 01                  157 	.db #0x01	; 1
   0071 72                  158 	.db #0x72	; 114	'r'
   0072 11                  159 	.db #0x11	; 17
   0073 02                  160 	.db #0x02	; 2
   0074 13                  161 	.db #0x13	; 19
   0075 02                  162 	.db #0x02	; 2
   0076 53                  163 	.db #0x53	; 83	'S'
   0077 01                  164 	.db #0x01	; 1
   0078 10                  165 	.db #0x10	; 16
   0079 01                  166 	.db #0x01	; 1
   007A 72                  167 	.db #0x72	; 114	'r'
   007B 11                  168 	.db #0x11	; 17
   007C 02                  169 	.db #0x02	; 2
   007D 13                  170 	.db #0x13	; 19
   007E 02                  171 	.db #0x02	; 2
   007F 53                  172 	.db #0x53	; 83	'S'
   0080 01                  173 	.db #0x01	; 1
   0081 10                  174 	.db #0x10	; 16
   0082 01                  175 	.db #0x01	; 1
   0083 42                  176 	.db #0x42	; 66	'B'
   0084 01                  177 	.db #0x01	; 1
   0085 42                  178 	.db #0x42	; 66	'B'
   0086 01                  179 	.db #0x01	; 1
   0087 22                  180 	.db #0x22	; 34
   0088 43                  181 	.db #0x43	; 67	'C'
   0089 11                  182 	.db #0x11	; 17
   008A 00                  183 	.db #0x00	; 0
   008B 01                  184 	.db #0x01	; 1
   008C 32                  185 	.db #0x32	; 50	'2'
   008D 01                  186 	.db #0x01	; 1
   008E 14                  187 	.db #0x14	; 20
   008F 02                  188 	.db #0x02	; 2
   0090 03                  189 	.db #0x03	; 3
   0091 02                  190 	.db #0x02	; 2
   0092 03                  191 	.db #0x03	; 3
   0093 01                  192 	.db #0x01	; 1
   0094 32                  193 	.db #0x32	; 50	'2'
   0095 13                  194 	.db #0x13	; 19
   0096 02                  195 	.db #0x02	; 2
   0097 01                  196 	.db #0x01	; 1
   0098 12                  197 	.db #0x12	; 18
   0099 1A                  198 	.db #0x1A	; 26
   009A 01                  199 	.db #0x01	; 1
   009B 22                  200 	.db #0x22	; 34
   009C 01                  201 	.db #0x01	; 1
   009D 12                  202 	.db #0x12	; 18
   009E 03                  203 	.db #0x03	; 3
   009F 02                  204 	.db #0x02	; 2
   00A0 03                  205 	.db #0x03	; 3
   00A1 01                  206 	.db #0x01	; 1
   00A2 03                  207 	.db #0x03	; 3
   00A3 62                  208 	.db #0x62	; 98	'b'
   00A4 01                  209 	.db #0x01	; 1
   00A5 02                  210 	.db #0x02	; 2
   00A6 0C                  211 	.db #0x0C	; 12
   00A7 00                  212 	.db #0x00	; 0
   00A8 1A                  213 	.db #0x1A	; 26
   00A9 01                  214 	.db #0x01	; 1
   00AA 42                  215 	.db #0x42	; 66	'B'
   00AB 03                  216 	.db #0x03	; 3
   00AC 02                  217 	.db #0x02	; 2
   00AD 03                  218 	.db #0x03	; 3
   00AE 02                  219 	.db #0x02	; 2
   00AF 03                  220 	.db #0x03	; 3
   00B0 01                  221 	.db #0x01	; 1
   00B1 52                  222 	.db #0x52	; 82	'R'
   00B2 01                  223 	.db #0x01	; 1
   00B3 12                  224 	.db #0x12	; 18
   00B4 10                  225 	.db #0x10	; 16
   00B5 01                  226 	.db #0x01	; 1
   00B6 52                  227 	.db #0x52	; 82	'R'
   00B7 03                  228 	.db #0x03	; 3
   00B8 02                  229 	.db #0x02	; 2
   00B9 03                  230 	.db #0x03	; 3
   00BA 02                  231 	.db #0x02	; 2
   00BB 03                  232 	.db #0x03	; 3
   00BC 02                  233 	.db #0x02	; 2
   00BD 1C                  234 	.db #0x1C	; 28
   00BE 32                  235 	.db #0x32	; 50	'2'
   00BF 01                  236 	.db #0x01	; 1
   00C0 02                  237 	.db #0x02	; 2
   00C1 0C                  238 	.db #0x0C	; 12
   00C2 10                  239 	.db #0x10	; 16
   00C3 01                  240 	.db #0x01	; 1
   00C4 02                  241 	.db #0x02	; 2
   00C5 2D                  242 	.db #0x2D	; 45
   00C6 02                  243 	.db #0x02	; 2
   00C7 03                  244 	.db #0x03	; 3
   00C8 11                  245 	.db #0x11	; 17
   00C9 03                  246 	.db #0x03	; 3
   00CA 12                  247 	.db #0x12	; 18
   00CB 03                  248 	.db #0x03	; 3
   00CC 01                  249 	.db #0x01	; 1
   00CD 42                  250 	.db #0x42	; 66	'B'
   00CE 01                  251 	.db #0x01	; 1
   00CF 12                  252 	.db #0x12	; 18
   00D0 00                  253 	.db #0x00	; 0
   00D1 01                  254 	.db #0x01	; 1
   00D2 02                  255 	.db #0x02	; 2
   00D3 2D                  256 	.db #0x2D	; 45
   00D4 21                  257 	.db #0x21	; 33
   00D5 00                  258 	.db #0x00	; 0
   00D6 01                  259 	.db #0x01	; 1
   00D7 03                  260 	.db #0x03	; 3
   00D8 32                  261 	.db #0x32	; 50	'2'
   00D9 1C                  262 	.db #0x1C	; 28
   00DA 32                  263 	.db #0x32	; 50	'2'
   00DB 11                  264 	.db #0x11	; 17
   00DC 00                  265 	.db #0x00	; 0
   00DD 01                  266 	.db #0x01	; 1
   00DE 1D                  267 	.db #0x1D	; 29
   00DF 11                  268 	.db #0x11	; 17
   00E0 00                  269 	.db #0x00	; 0
   00E1 2A                  270 	.db #0x2A	; 42
   00E2 01                  271 	.db #0x01	; 1
   00E3 42                  272 	.db #0x42	; 66	'B'
   00E4 01                  273 	.db #0x01	; 1
   00E5 22                  274 	.db #0x22	; 34
   00E6 11                  275 	.db #0x11	; 17
   00E7 0A                  276 	.db #0x0A	; 10
   00E8 00                  277 	.db #0x00	; 0
   00E9 01                  278 	.db #0x01	; 1
   00EA 0D                  279 	.db #0x0D	; 13
   00EB 11                  280 	.db #0x11	; 17
   00EC 30                  281 	.db #0x30	; 48	'0'
   00ED 2A                  282 	.db #0x2A	; 42
   00EE 01                  283 	.db #0x01	; 1
   00EF 22                  284 	.db #0x22	; 34
   00F0 41                  285 	.db #0x41	; 65	'A'
   00F1 2A                  286 	.db #0x2A	; 42
   00F2 00                  287 	.db #0x00	; 0
   00F3 11                  288 	.db #0x11	; 17
   00F4 70                  289 	.db #0x70	; 112	'p'
   00F5 1A                  290 	.db #0x1A	; 26
   00F6 21                  291 	.db #0x21	; 33
   00F7 6A                  292 	.db #0x6A	; 106	'j'
   00F8 D0                  293 	.db #0xD0	; 208
   00F9 8A                  294 	.db #0x8A	; 138
   00FA F0                  295 	.db #0xF0	; 240
   00FB 20                  296 	.db #0x20	; 32
   00FC 3A                  297 	.db #0x3A	; 58
   00FD F0                  298 	.db #0xF0	; 240
   00FE F0                  299 	.db #0xF0	; 240
   00FF F0                  300 	.db #0xF0	; 240
   0100 F0                  301 	.db #0xF0	; 240
   0101 F0                  302 	.db #0xF0	; 240
   0102 B0                  303 	.db #0xB0	; 176
   0103 21                  304 	.db #0x21	; 33
   0104 50                  305 	.db #0x50	; 80	'P'
   0105 21                  306 	.db #0x21	; 33
   0106 70                  307 	.db #0x70	; 112	'p'
   0107 31                  308 	.db #0x31	; 49	'1'
   0108 23                  309 	.db #0x23	; 35
   0109 01                  310 	.db #0x01	; 1
   010A 30                  311 	.db #0x30	; 48	'0'
   010B 01                  312 	.db #0x01	; 1
   010C 26                  313 	.db #0x26	; 38
   010D 01                  314 	.db #0x01	; 1
   010E 50                  315 	.db #0x50	; 80	'P'
   010F 01                  316 	.db #0x01	; 1
   0110 53                  317 	.db #0x53	; 83	'S'
   0111 01                  318 	.db #0x01	; 1
   0112 50                  319 	.db #0x50	; 80	'P'
   0113 11                  320 	.db #0x11	; 17
   0114 16                  321 	.db #0x16	; 22
   0115 01                  322 	.db #0x01	; 1
   0116 30                  323 	.db #0x30	; 48	'0'
   0117 01                  324 	.db #0x01	; 1
   0118 33                  325 	.db #0x33	; 51	'3'
   0119 21                  326 	.db #0x21	; 33
   011A 70                  327 	.db #0x70	; 112	'p'
   011B 01                  328 	.db #0x01	; 1
   011C 16                  329 	.db #0x16	; 22
   011D 01                  330 	.db #0x01	; 1
   011E 20                  331 	.db #0x20	; 32
   011F 01                  332 	.db #0x01	; 1
   0120 2F                  333 	.db #0x2F	; 47
   0121 11                  334 	.db #0x11	; 17
   0122 30                  335 	.db #0x30	; 48	'0'
   0123 41                  336 	.db #0x41	; 65	'A'
   0124 10                  337 	.db #0x10	; 16
   0125 51                  338 	.db #0x51	; 81	'Q'
   0126 00                  339 	.db #0x00	; 0
   0127 01                  340 	.db #0x01	; 1
   0128 1B                  341 	.db #0x1B	; 27
   0129 1F                  342 	.db #0x1F	; 31
   012A 41                  343 	.db #0x41	; 65	'A'
   012B 33                  344 	.db #0x33	; 51	'3'
   012C 01                  345 	.db #0x01	; 1
   012D 00                  346 	.db #0x00	; 0
   012E 01                  347 	.db #0x01	; 1
   012F 13                  348 	.db #0x13	; 19
   0130 01                  349 	.db #0x01	; 1
   0131 23                  350 	.db #0x23	; 35
   0132 01                  351 	.db #0x01	; 1
   0133 13                  352 	.db #0x13	; 19
   0134 1B                  353 	.db #0x1B	; 27
   0135 2F                  354 	.db #0x2F	; 47
   0136 01                  355 	.db #0x01	; 1
   0137 1F                  356 	.db #0x1F	; 31
   0138 01                  357 	.db #0x01	; 1
   0139 23                  358 	.db #0x23	; 35
   013A 11                  359 	.db #0x11	; 17
   013B 13                  360 	.db #0x13	; 19
   013C 02                  361 	.db #0x02	; 2
   013D 01                  362 	.db #0x01	; 1
   013E 09                  363 	.db #0x09	; 9
   013F 23                  364 	.db #0x23	; 35
   0140 01                  365 	.db #0x01	; 1
   0141 13                  366 	.db #0x13	; 19
   0142 3B                  367 	.db #0x3B	; 59
   0143 01                  368 	.db #0x01	; 1
   0144 0B                  369 	.db #0x0B	; 11
   0145 1F                  370 	.db #0x1F	; 31
   0146 21                  371 	.db #0x21	; 33
   0147 00                  372 	.db #0x00	; 0
   0148 01                  373 	.db #0x01	; 1
   0149 03                  374 	.db #0x03	; 3
   014A 12                  375 	.db #0x12	; 18
   014B 01                  376 	.db #0x01	; 1
   014C 23                  377 	.db #0x23	; 35
   014D 11                  378 	.db #0x11	; 17
   014E 23                  379 	.db #0x23	; 35
   014F 2B                  380 	.db #0x2B	; 43
   0150 01                  381 	.db #0x01	; 1
   0151 1B                  382 	.db #0x1B	; 27
   0152 0F                  383 	.db #0x0F	; 15
   0153 01                  384 	.db #0x01	; 1
   0154 20                  385 	.db #0x20	; 32
   0155 01                  386 	.db #0x01	; 1
   0156 22                  387 	.db #0x22	; 34
   0157 01                  388 	.db #0x01	; 1
   0158 09                  389 	.db #0x09	; 9
   0159 23                  390 	.db #0x23	; 35
   015A 01                  391 	.db #0x01	; 1
   015B 13                  392 	.db #0x13	; 19
   015C 3B                  393 	.db #0x3B	; 59
   015D 01                  394 	.db #0x01	; 1
   015E 2B                  395 	.db #0x2B	; 43
   015F 21                  396 	.db #0x21	; 33
   0160 10                  397 	.db #0x10	; 16
   0161 01                  398 	.db #0x01	; 1
   0162 12                  399 	.db #0x12	; 18
   0163 01                  400 	.db #0x01	; 1
   0164 23                  401 	.db #0x23	; 35
   0165 01                  402 	.db #0x01	; 1
   0166 13                  403 	.db #0x13	; 19
   0167 4B                  404 	.db #0x4B	; 75	'K'
   0168 01                  405 	.db #0x01	; 1
   0169 1B                  406 	.db #0x1B	; 27
   016A 01                  407 	.db #0x01	; 1
   016B 23                  408 	.db #0x23	; 35
   016C 01                  409 	.db #0x01	; 1
   016D 10                  410 	.db #0x10	; 16
   016E 51                  411 	.db #0x51	; 81	'Q'
   016F 00                  412 	.db #0x00	; 0
   0170 01                  413 	.db #0x01	; 1
   0171 3B                  414 	.db #0x3B	; 59
   0172 41                  415 	.db #0x41	; 65	'A'
   0173 33                  416 	.db #0x33	; 51	'3'
   0174 01                  417 	.db #0x01	; 1
   0175 10                  418 	.db #0x10	; 16
   0176 01                  419 	.db #0x01	; 1
   0177 16                  420 	.db #0x16	; 22
   0178 01                  421 	.db #0x01	; 1
   0179 20                  422 	.db #0x20	; 32
   017A 01                  423 	.db #0x01	; 1
   017B 2B                  424 	.db #0x2B	; 43
   017C 11                  425 	.db #0x11	; 17
   017D 30                  426 	.db #0x30	; 48	'0'
   017E 41                  427 	.db #0x41	; 65	'A'
   017F 00                  428 	.db #0x00	; 0
   0180 11                  429 	.db #0x11	; 17
   0181 16                  430 	.db #0x16	; 22
   0182 01                  431 	.db #0x01	; 1
   0183 30                  432 	.db #0x30	; 48	'0'
   0184 71                  433 	.db #0x71	; 113	'q'
   0185 50                  434 	.db #0x50	; 80	'P'
   0186 01                  435 	.db #0x01	; 1
   0187 26                  436 	.db #0x26	; 38
   0188 01                  437 	.db #0x01	; 1
   0189 50                  438 	.db #0x50	; 80	'P'
   018A 01                  439 	.db #0x01	; 1
   018B 56                  440 	.db #0x56	; 86	'V'
   018C 01                  441 	.db #0x01	; 1
   018D 50                  442 	.db #0x50	; 80	'P'
   018E 21                  443 	.db #0x21	; 33
   018F 60                  444 	.db #0x60	; 96
   0190 01                  445 	.db #0x01	; 1
   0191 06                  446 	.db #0x06	; 6
   0192 39                  447 	.db #0x39	; 57	'9'
   0193 16                  448 	.db #0x16	; 22
   0194 01                  449 	.db #0x01	; 1
   0195 E0                  450 	.db #0xE0	; 224
   0196 01                  451 	.db #0x01	; 1
   0197 16                  452 	.db #0x16	; 22
   0198 19                  453 	.db #0x19	; 25
   0199 26                  454 	.db #0x26	; 38
   019A 01                  455 	.db #0x01	; 1
   019B E0                  456 	.db #0xE0	; 224
   019C 01                  457 	.db #0x01	; 1
   019D 06                  458 	.db #0x06	; 6
   019E 39                  459 	.db #0x39	; 57	'9'
   019F 16                  460 	.db #0x16	; 22
   01A0 01                  461 	.db #0x01	; 1
   01A1 E0                  462 	.db #0xE0	; 224
   01A2 01                  463 	.db #0x01	; 1
   01A3 56                  464 	.db #0x56	; 86	'V'
   01A4 01                  465 	.db #0x01	; 1
   01A5 F0                  466 	.db #0xF0	; 240
   01A6 61                  467 	.db #0x61	; 97	'a'
   01A7 F0                  468 	.db #0xF0	; 240
   01A8 F0                  469 	.db #0xF0	; 240
   01A9 F0                  470 	.db #0xF0	; 240
   01AA 10                  471 	.db #0x10	; 16
   01AB 01                  472 	.db #0x01	; 1
   01AC F0                  473 	.db #0xF0	; 240
   01AD 50                  474 	.db #0x50	; 80	'P'
   01AE 01                  475 	.db #0x01	; 1
   01AF 05                  476 	.db #0x05	; 5
   01B0 01                  477 	.db #0x01	; 1
   01B1 F0                  478 	.db #0xF0	; 240
   01B2 20                  479 	.db #0x20	; 32
   01B3 01                  480 	.db #0x01	; 1
   01B4 00                  481 	.db #0x00	; 0
   01B5 01                  482 	.db #0x01	; 1
   01B6 05                  483 	.db #0x05	; 5
   01B7 01                  484 	.db #0x01	; 1
   01B8 F0                  485 	.db #0xF0	; 240
   01B9 10                  486 	.db #0x10	; 16
   01BA 01                  487 	.db #0x01	; 1
   01BB 05                  488 	.db #0x05	; 5
   01BC 01                  489 	.db #0x01	; 1
   01BD 25                  490 	.db #0x25	; 37
   01BE 01                  491 	.db #0x01	; 1
   01BF F0                  492 	.db #0xF0	; 240
   01C0 00                  493 	.db #0x00	; 0
   01C1 01                  494 	.db #0x01	; 1
   01C2 45                  495 	.db #0x45	; 69	'E'
   01C3 01                  496 	.db #0x01	; 1
   01C4 F0                  497 	.db #0xF0	; 240
   01C5 01                  498 	.db #0x01	; 1
   01C6 15                  499 	.db #0x15	; 21
   01C7 1E                  500 	.db #0x1E	; 30
   01C8 15                  501 	.db #0x15	; 21
   01C9 01                  502 	.db #0x01	; 1
   01CA F0                  503 	.db #0xF0	; 240
   01CB 01                  504 	.db #0x01	; 1
   01CC 05                  505 	.db #0x05	; 5
   01CD 3E                  506 	.db #0x3E	; 62
   01CE 15                  507 	.db #0x15	; 21
   01CF 01                  508 	.db #0x01	; 1
   01D0 D0                  509 	.db #0xD0	; 208
   01D1 01                  510 	.db #0x01	; 1
   01D2 6E                  511 	.db #0x6E	; 110	'n'
   01D3 05                  512 	.db #0x05	; 5
   01D4 01                  513 	.db #0x01	; 1
   01D5 C0                  514 	.db #0xC0	; 192
   01D6 01                  515 	.db #0x01	; 1
   01D7 7E                  516 	.db #0x7E	; 126
   01D8 05                  517 	.db #0x05	; 5
   01D9 01                  518 	.db #0x01	; 1
   01DA B0                  519 	.db #0xB0	; 176
   01DB 01                  520 	.db #0x01	; 1
   01DC 8E                  521 	.db #0x8E	; 142
   01DD 05                  522 	.db #0x05	; 5
   01DE 01                  523 	.db #0x01	; 1
   01DF B0                  524 	.db #0xB0	; 176
   01E0 01                  525 	.db #0x01	; 1
   01E1 8E                  526 	.db #0x8E	; 142
   01E2 05                  527 	.db #0x05	; 5
   01E3 01                  528 	.db #0x01	; 1
   01E4 A0                  529 	.db #0xA0	; 160
   01E5 01                  530 	.db #0x01	; 1
   01E6 2E                  531 	.db #0x2E	; 46
   01E7 15                  532 	.db #0x15	; 21
   01E8 4E                  533 	.db #0x4E	; 78	'N'
   01E9 05                  534 	.db #0x05	; 5
   01EA 01                  535 	.db #0x01	; 1
   01EB A0                  536 	.db #0xA0	; 160
   01EC 01                  537 	.db #0x01	; 1
   01ED 1E                  538 	.db #0x1E	; 30
   01EE 35                  539 	.db #0x35	; 53	'5'
   01EF 3E                  540 	.db #0x3E	; 62
   01F0 05                  541 	.db #0x05	; 5
   01F1 01                  542 	.db #0x01	; 1
   01F2 A0                  543 	.db #0xA0	; 160
   01F3 01                  544 	.db #0x01	; 1
   01F4 1E                  545 	.db #0x1E	; 30
   01F5 05                  546 	.db #0x05	; 5
   01F6 03                  547 	.db #0x03	; 3
   01F7 15                  548 	.db #0x15	; 21
   01F8 2E                  549 	.db #0x2E	; 46
   01F9 15                  550 	.db #0x15	; 21
   01FA 01                  551 	.db #0x01	; 1
   01FB A0                  552 	.db #0xA0	; 160
   01FC 01                  553 	.db #0x01	; 1
   01FD 2E                  554 	.db #0x2E	; 46
   01FE 15                  555 	.db #0x15	; 21
   01FF 3E                  556 	.db #0x3E	; 62
   0200 05                  557 	.db #0x05	; 5
   0201 01                  558 	.db #0x01	; 1
   0202 C0                  559 	.db #0xC0	; 192
   0203 01                  560 	.db #0x01	; 1
   0204 7E                  561 	.db #0x7E	; 126
   0205 05                  562 	.db #0x05	; 5
   0206 01                  563 	.db #0x01	; 1
   0207 C0                  564 	.db #0xC0	; 192
   0208 01                  565 	.db #0x01	; 1
   0209 7E                  566 	.db #0x7E	; 126
   020A 05                  567 	.db #0x05	; 5
   020B 01                  568 	.db #0x01	; 1
   020C D0                  569 	.db #0xD0	; 208
   020D 01                  570 	.db #0x01	; 1
   020E 6E                  571 	.db #0x6E	; 110	'n'
   020F 15                  572 	.db #0x15	; 21
   0210 01                  573 	.db #0x01	; 1
   0211 D0                  574 	.db #0xD0	; 208
   0212 01                  575 	.db #0x01	; 1
   0213 6E                  576 	.db #0x6E	; 110	'n'
   0214 05                  577 	.db #0x05	; 5
   0215 01                  578 	.db #0x01	; 1
   0216 E0                  579 	.db #0xE0	; 224
   0217 01                  580 	.db #0x01	; 1
   0218 4E                  581 	.db #0x4E	; 78	'N'
   0219 05                  582 	.db #0x05	; 5
   021A 01                  583 	.db #0x01	; 1
   021B F0                  584 	.db #0xF0	; 240
   021C 01                  585 	.db #0x01	; 1
   021D 0E                  586 	.db #0x0E	; 14
   021E 01                  587 	.db #0x01	; 1
   021F 1E                  588 	.db #0x1E	; 30
   0220 05                  589 	.db #0x05	; 5
   0221 01                  590 	.db #0x01	; 1
   0222 F0                  591 	.db #0xF0	; 240
   0223 10                  592 	.db #0x10	; 16
   0224 01                  593 	.db #0x01	; 1
   0225 00                  594 	.db #0x00	; 0
   0226 01                  595 	.db #0x01	; 1
   0227 05                  596 	.db #0x05	; 5
   0228 01                  597 	.db #0x01	; 1
   0229 F0                  598 	.db #0xF0	; 240
   022A 40                  599 	.db #0x40	; 64
   022B 01                  600 	.db #0x01	; 1
   022C 05                  601 	.db #0x05	; 5
   022D 01                  602 	.db #0x01	; 1
   022E F0                  603 	.db #0xF0	; 240
   022F 50                  604 	.db #0x50	; 80	'P'
   0230 01                  605 	.db #0x01	; 1
   0231 C0                  606 	.db #0xC0	; 192
   0232 52                  607 	.db #0x52	; 82	'R'
   0233 E0                  608 	.db #0xE0	; 224
   0234 62                  609 	.db #0x62	; 98	'b'
   0235 33                  610 	.db #0x33	; 51	'3'
   0236 02                  611 	.db #0x02	; 2
   0237 A0                  612 	.db #0xA0	; 160
   0238 62                  613 	.db #0x62	; 98	'b'
   0239 43                  614 	.db #0x43	; 67	'C'
   023A 12                  615 	.db #0x12	; 18
   023B 80                  616 	.db #0x80	; 128
   023C 52                  617 	.db #0x52	; 82	'R'
   023D 63                  618 	.db #0x63	; 99	'c'
   023E 22                  619 	.db #0x22	; 34
   023F 60                  620 	.db #0x60	; 96
   0240 52                  621 	.db #0x52	; 82	'R'
   0241 73                  622 	.db #0x73	; 115	's'
   0242 32                  623 	.db #0x32	; 50	'2'
   0243 40                  624 	.db #0x40	; 64
   0244 52                  625 	.db #0x52	; 82	'R'
   0245 43                  626 	.db #0x43	; 67	'C'
   0246 02                  627 	.db #0x02	; 2
   0247 23                  628 	.db #0x23	; 35
   0248 42                  629 	.db #0x42	; 66	'B'
   0249 20                  630 	.db #0x20	; 32
   024A 52                  631 	.db #0x52	; 82	'R'
   024B 33                  632 	.db #0x33	; 51	'3'
   024C 22                  633 	.db #0x22	; 34
   024D 23                  634 	.db #0x23	; 35
   024E 52                  635 	.db #0x52	; 82	'R'
   024F 10                  636 	.db #0x10	; 16
   0250 42                  637 	.db #0x42	; 66	'B'
   0251 33                  638 	.db #0x33	; 51	'3'
   0252 32                  639 	.db #0x32	; 50	'2'
   0253 23                  640 	.db #0x23	; 35
   0254 52                  641 	.db #0x52	; 82	'R'
   0255 10                  642 	.db #0x10	; 16
   0256 22                  643 	.db #0x22	; 34
   0257 43                  644 	.db #0x43	; 67	'C'
   0258 42                  645 	.db #0x42	; 66	'B'
   0259 23                  646 	.db #0x23	; 35
   025A 52                  647 	.db #0x52	; 82	'R'
   025B 00                  648 	.db #0x00	; 0
   025C 22                  649 	.db #0x22	; 34
   025D 43                  650 	.db #0x43	; 67	'C'
   025E 52                  651 	.db #0x52	; 82	'R'
   025F 23                  652 	.db #0x23	; 35
   0260 82                  653 	.db #0x82	; 130
   0261 43                  654 	.db #0x43	; 67	'C'
   0262 62                  655 	.db #0x62	; 98	'b'
   0263 23                  656 	.db #0x23	; 35
   0264 72                  657 	.db #0x72	; 114	'r'
   0265 33                  658 	.db #0x33	; 51	'3'
   0266 82                  659 	.db #0x82	; 130
   0267 23                  660 	.db #0x23	; 35
   0268 62                  661 	.db #0x62	; 98	'b'
   0269 F3                  662 	.db #0xF3	; 243
   026A F3                  663 	.db #0xF3	; 243
   026B F3                  664 	.db #0xF3	; 243
   026C F3                  665 	.db #0xF3	; 243
   026D 73                  666 	.db #0x73	; 115	's'
   026E 00                  667 	.db #0x00	; 0
   026F C2                  668 	.db #0xC2	; 194
   0270 23                  669 	.db #0x23	; 35
   0271 52                  670 	.db #0x52	; 82	'R'
   0272 10                  671 	.db #0x10	; 16
   0273 C2                  672 	.db #0xC2	; 194
   0274 23                  673 	.db #0x23	; 35
   0275 52                  674 	.db #0x52	; 82	'R'
   0276 10                  675 	.db #0x10	; 16
   0277 C2                  676 	.db #0xC2	; 194
   0278 23                  677 	.db #0x23	; 35
   0279 52                  678 	.db #0x52	; 82	'R'
   027A 20                  679 	.db #0x20	; 32
   027B F2                  680 	.db #0xF2	; 242
   027C 32                  681 	.db #0x32	; 50	'2'
   027D 40                  682 	.db #0x40	; 64
   027E F2                  683 	.db #0xF2	; 242
   027F 12                  684 	.db #0x12	; 18
   0280 60                  685 	.db #0x60	; 96
   0281 F2                  686 	.db #0xF2	; 242
   0282 80                  687 	.db #0x80	; 128
   0283 D2                  688 	.db #0xD2	; 210
   0284 A0                  689 	.db #0xA0	; 160
   0285 B2                  690 	.db #0xB2	; 178
   0286 E0                  691 	.db #0xE0	; 224
   0287 52                  692 	.db #0x52	; 82	'R'
                            693 	.area _INITIALIZER
                            694 	.area _CABS (ABS)
