                              1 ;--------------------------------------------------------
                              2 ; File Created by SDCC : free open source ANSI-C Compiler
                              3 ; Version 3.5.5 #9498 (Linux)
                              4 ;--------------------------------------------------------
                              5 	.module level1_enemies
                              6 	.optsdcc -mz80
                              7 	
                              8 ;--------------------------------------------------------
                              9 ; Public variables in this module
                             10 ;--------------------------------------------------------
                             11 	.globl _level1_enemies
                             12 ;--------------------------------------------------------
                             13 ; special function registers
                             14 ;--------------------------------------------------------
                             15 ;--------------------------------------------------------
                             16 ; ram data
                             17 ;--------------------------------------------------------
                             18 	.area _DATA
                             19 ;--------------------------------------------------------
                             20 ; ram data
                             21 ;--------------------------------------------------------
                             22 	.area _INITIALIZED
                             23 ;--------------------------------------------------------
                             24 ; absolute external ram data
                             25 ;--------------------------------------------------------
                             26 	.area _DABS (ABS)
                             27 ;--------------------------------------------------------
                             28 ; global & static initialisations
                             29 ;--------------------------------------------------------
                             30 	.area _HOME
                             31 	.area _GSINIT
                             32 	.area _GSFINAL
                             33 	.area _GSINIT
                             34 ;--------------------------------------------------------
                             35 ; Home
                             36 ;--------------------------------------------------------
                             37 	.area _HOME
                             38 	.area _HOME
                             39 ;--------------------------------------------------------
                             40 ; code
                             41 ;--------------------------------------------------------
                             42 	.area _CODE
                             43 	.area _CODE
   0000                      44 _level1_enemies:
   0000 F0                   45 	.db #0xF0	; 240
   0001 F0                   46 	.db #0xF0	; 240
   0002 F0                   47 	.db #0xF0	; 240
   0003 F0                   48 	.db #0xF0	; 240
   0004 F0                   49 	.db #0xF0	; 240
   0005 70                   50 	.db #0x70	; 112	'p'
   0006 21                   51 	.db #0x21	; 33
   0007 50                   52 	.db #0x50	; 80	'P'
   0008 21                   53 	.db #0x21	; 33
   0009 70                   54 	.db #0x70	; 112	'p'
   000A 31                   55 	.db #0x31	; 49	'1'
   000B 23                   56 	.db #0x23	; 35
   000C 01                   57 	.db #0x01	; 1
   000D 30                   58 	.db #0x30	; 48	'0'
   000E 01                   59 	.db #0x01	; 1
   000F 26                   60 	.db #0x26	; 38
   0010 01                   61 	.db #0x01	; 1
   0011 50                   62 	.db #0x50	; 80	'P'
   0012 01                   63 	.db #0x01	; 1
   0013 53                   64 	.db #0x53	; 83	'S'
   0014 01                   65 	.db #0x01	; 1
   0015 50                   66 	.db #0x50	; 80	'P'
   0016 11                   67 	.db #0x11	; 17
   0017 16                   68 	.db #0x16	; 22
   0018 01                   69 	.db #0x01	; 1
   0019 30                   70 	.db #0x30	; 48	'0'
   001A 01                   71 	.db #0x01	; 1
   001B 33                   72 	.db #0x33	; 51	'3'
   001C 21                   73 	.db #0x21	; 33
   001D 70                   74 	.db #0x70	; 112	'p'
   001E 01                   75 	.db #0x01	; 1
   001F 16                   76 	.db #0x16	; 22
   0020 01                   77 	.db #0x01	; 1
   0021 20                   78 	.db #0x20	; 32
   0022 01                   79 	.db #0x01	; 1
   0023 29                   80 	.db #0x29	; 41
   0024 11                   81 	.db #0x11	; 17
   0025 30                   82 	.db #0x30	; 48	'0'
   0026 41                   83 	.db #0x41	; 65	'A'
   0027 10                   84 	.db #0x10	; 16
   0028 51                   85 	.db #0x51	; 81	'Q'
   0029 00                   86 	.db #0x00	; 0
   002A 01                   87 	.db #0x01	; 1
   002B 1A                   88 	.db #0x1A	; 26
   002C 19                   89 	.db #0x19	; 25
   002D 41                   90 	.db #0x41	; 65	'A'
   002E 33                   91 	.db #0x33	; 51	'3'
   002F 01                   92 	.db #0x01	; 1
   0030 00                   93 	.db #0x00	; 0
   0031 01                   94 	.db #0x01	; 1
   0032 13                   95 	.db #0x13	; 19
   0033 01                   96 	.db #0x01	; 1
   0034 23                   97 	.db #0x23	; 35
   0035 01                   98 	.db #0x01	; 1
   0036 13                   99 	.db #0x13	; 19
   0037 1A                  100 	.db #0x1A	; 26
   0038 29                  101 	.db #0x29	; 41
   0039 01                  102 	.db #0x01	; 1
   003A 19                  103 	.db #0x19	; 25
   003B 01                  104 	.db #0x01	; 1
   003C 23                  105 	.db #0x23	; 35
   003D 11                  106 	.db #0x11	; 17
   003E 13                  107 	.db #0x13	; 19
   003F 02                  108 	.db #0x02	; 2
   0040 01                  109 	.db #0x01	; 1
   0041 0C                  110 	.db #0x0C	; 12
   0042 23                  111 	.db #0x23	; 35
   0043 01                  112 	.db #0x01	; 1
   0044 13                  113 	.db #0x13	; 19
   0045 3A                  114 	.db #0x3A	; 58
   0046 01                  115 	.db #0x01	; 1
   0047 0A                  116 	.db #0x0A	; 10
   0048 19                  117 	.db #0x19	; 25
   0049 21                  118 	.db #0x21	; 33
   004A 00                  119 	.db #0x00	; 0
   004B 01                  120 	.db #0x01	; 1
   004C 03                  121 	.db #0x03	; 3
   004D 12                  122 	.db #0x12	; 18
   004E 01                  123 	.db #0x01	; 1
   004F 23                  124 	.db #0x23	; 35
   0050 11                  125 	.db #0x11	; 17
   0051 23                  126 	.db #0x23	; 35
   0052 2A                  127 	.db #0x2A	; 42
   0053 01                  128 	.db #0x01	; 1
   0054 1A                  129 	.db #0x1A	; 26
   0055 09                  130 	.db #0x09	; 9
   0056 01                  131 	.db #0x01	; 1
   0057 20                  132 	.db #0x20	; 32
   0058 01                  133 	.db #0x01	; 1
   0059 22                  134 	.db #0x22	; 34
   005A 01                  135 	.db #0x01	; 1
   005B 0C                  136 	.db #0x0C	; 12
   005C 23                  137 	.db #0x23	; 35
   005D 01                  138 	.db #0x01	; 1
   005E 13                  139 	.db #0x13	; 19
   005F 3A                  140 	.db #0x3A	; 58
   0060 01                  141 	.db #0x01	; 1
   0061 2A                  142 	.db #0x2A	; 42
   0062 21                  143 	.db #0x21	; 33
   0063 10                  144 	.db #0x10	; 16
   0064 01                  145 	.db #0x01	; 1
   0065 12                  146 	.db #0x12	; 18
   0066 01                  147 	.db #0x01	; 1
   0067 23                  148 	.db #0x23	; 35
   0068 01                  149 	.db #0x01	; 1
   0069 13                  150 	.db #0x13	; 19
   006A 4A                  151 	.db #0x4A	; 74	'J'
   006B 01                  152 	.db #0x01	; 1
   006C 1A                  153 	.db #0x1A	; 26
   006D 01                  154 	.db #0x01	; 1
   006E 23                  155 	.db #0x23	; 35
   006F 01                  156 	.db #0x01	; 1
   0070 10                  157 	.db #0x10	; 16
   0071 51                  158 	.db #0x51	; 81	'Q'
   0072 00                  159 	.db #0x00	; 0
   0073 01                  160 	.db #0x01	; 1
   0074 3A                  161 	.db #0x3A	; 58
   0075 41                  162 	.db #0x41	; 65	'A'
   0076 33                  163 	.db #0x33	; 51	'3'
   0077 01                  164 	.db #0x01	; 1
   0078 10                  165 	.db #0x10	; 16
   0079 01                  166 	.db #0x01	; 1
   007A 16                  167 	.db #0x16	; 22
   007B 01                  168 	.db #0x01	; 1
   007C 20                  169 	.db #0x20	; 32
   007D 01                  170 	.db #0x01	; 1
   007E 2A                  171 	.db #0x2A	; 42
   007F 11                  172 	.db #0x11	; 17
   0080 30                  173 	.db #0x30	; 48	'0'
   0081 41                  174 	.db #0x41	; 65	'A'
   0082 00                  175 	.db #0x00	; 0
   0083 11                  176 	.db #0x11	; 17
   0084 16                  177 	.db #0x16	; 22
   0085 01                  178 	.db #0x01	; 1
   0086 30                  179 	.db #0x30	; 48	'0'
   0087 71                  180 	.db #0x71	; 113	'q'
   0088 50                  181 	.db #0x50	; 80	'P'
   0089 01                  182 	.db #0x01	; 1
   008A 26                  183 	.db #0x26	; 38
   008B 01                  184 	.db #0x01	; 1
   008C 50                  185 	.db #0x50	; 80	'P'
   008D 01                  186 	.db #0x01	; 1
   008E 56                  187 	.db #0x56	; 86	'V'
   008F 01                  188 	.db #0x01	; 1
   0090 50                  189 	.db #0x50	; 80	'P'
   0091 21                  190 	.db #0x21	; 33
   0092 60                  191 	.db #0x60	; 96
   0093 01                  192 	.db #0x01	; 1
   0094 06                  193 	.db #0x06	; 6
   0095 3C                  194 	.db #0x3C	; 60
   0096 16                  195 	.db #0x16	; 22
   0097 01                  196 	.db #0x01	; 1
   0098 E0                  197 	.db #0xE0	; 224
   0099 01                  198 	.db #0x01	; 1
   009A 16                  199 	.db #0x16	; 22
   009B 1C                  200 	.db #0x1C	; 28
   009C 26                  201 	.db #0x26	; 38
   009D 01                  202 	.db #0x01	; 1
   009E E0                  203 	.db #0xE0	; 224
   009F 01                  204 	.db #0x01	; 1
   00A0 06                  205 	.db #0x06	; 6
   00A1 3C                  206 	.db #0x3C	; 60
   00A2 16                  207 	.db #0x16	; 22
   00A3 01                  208 	.db #0x01	; 1
   00A4 E0                  209 	.db #0xE0	; 224
   00A5 01                  210 	.db #0x01	; 1
   00A6 56                  211 	.db #0x56	; 86	'V'
   00A7 01                  212 	.db #0x01	; 1
   00A8 F0                  213 	.db #0xF0	; 240
   00A9 61                  214 	.db #0x61	; 97	'a'
   00AA F0                  215 	.db #0xF0	; 240
                            216 	.area _INITIALIZER
                            217 	.area _CABS (ABS)
