                              1 ;--------------------------------------------------------
                              2 ; File Created by SDCC : free open source ANSI-C Compiler
                              3 ; Version 3.5.5 #9498 (Linux)
                              4 ;--------------------------------------------------------
                              5 	.module level2_enemies
                              6 	.optsdcc -mz80
                              7 	
                              8 ;--------------------------------------------------------
                              9 ; Public variables in this module
                             10 ;--------------------------------------------------------
                             11 	.globl _level2_enemies
                             12 ;--------------------------------------------------------
                             13 ; special function registers
                             14 ;--------------------------------------------------------
                             15 ;--------------------------------------------------------
                             16 ; ram data
                             17 ;--------------------------------------------------------
                             18 	.area _DATA
                             19 ;--------------------------------------------------------
                             20 ; ram data
                             21 ;--------------------------------------------------------
                             22 	.area _INITIALIZED
                             23 ;--------------------------------------------------------
                             24 ; absolute external ram data
                             25 ;--------------------------------------------------------
                             26 	.area _DABS (ABS)
                             27 ;--------------------------------------------------------
                             28 ; global & static initialisations
                             29 ;--------------------------------------------------------
                             30 	.area _HOME
                             31 	.area _GSINIT
                             32 	.area _GSFINAL
                             33 	.area _GSINIT
                             34 ;--------------------------------------------------------
                             35 ; Home
                             36 ;--------------------------------------------------------
                             37 	.area _HOME
                             38 	.area _HOME
                             39 ;--------------------------------------------------------
                             40 ; code
                             41 ;--------------------------------------------------------
                             42 	.area _CODE
                             43 	.area _CODE
   0000                      44 _level2_enemies:
   0000 F0                   45 	.db #0xF0	; 240
   0001 F0                   46 	.db #0xF0	; 240
   0002 F0                   47 	.db #0xF0	; 240
   0003 B0                   48 	.db #0xB0	; 176
   0004 1D                   49 	.db #0x1D	; 29
   0005 E0                   50 	.db #0xE0	; 224
   0006 2D                   51 	.db #0x2D	; 45
   0007 30                   52 	.db #0x30	; 48	'0'
   0008 1D                   53 	.db #0x1D	; 29
   0009 D0                   54 	.db #0xD0	; 208
   000A 0D                   55 	.db #0x0D	; 13
   000B 00                   56 	.db #0x00	; 0
   000C 1D                   57 	.db #0x1D	; 29
   000D 50                   58 	.db #0x50	; 80	'P'
   000E 0D                   59 	.db #0x0D	; 13
   000F F0                   60 	.db #0xF0	; 240
   0010 90                   61 	.db #0x90	; 144
   0011 2D                   62 	.db #0x2D	; 45
   0012 F0                   63 	.db #0xF0	; 240
   0013 40                   64 	.db #0x40	; 64
   0014 1D                   65 	.db #0x1D	; 29
   0015 00                   66 	.db #0x00	; 0
   0016 0D                   67 	.db #0x0D	; 13
   0017 80                   68 	.db #0x80	; 128
   0018 3D                   69 	.db #0x3D	; 61
   0019 F0                   70 	.db #0xF0	; 240
   001A 20                   71 	.db #0x20	; 32
   001B 0D                   72 	.db #0x0D	; 13
   001C 33                   73 	.db #0x33	; 51	'3'
   001D 1D                   74 	.db #0x1D	; 29
   001E 10                   75 	.db #0x10	; 16
   001F 0D                   76 	.db #0x0D	; 13
   0020 C0                   77 	.db #0xC0	; 192
   0021 0D                   78 	.db #0x0D	; 13
   0022 13                   79 	.db #0x13	; 19
   0023 1C                   80 	.db #0x1C	; 28
   0024 23                   81 	.db #0x23	; 35
   0025 1D                   82 	.db #0x1D	; 29
   0026 03                   83 	.db #0x03	; 3
   0027 0D                   84 	.db #0x0D	; 13
   0028 A0                   85 	.db #0xA0	; 160
   0029 0D                   86 	.db #0x0D	; 13
   002A 13                   87 	.db #0x13	; 19
   002B 0C                   88 	.db #0x0C	; 12
   002C 04                   89 	.db #0x04	; 4
   002D 23                   90 	.db #0x23	; 35
   002E 11                   91 	.db #0x11	; 17
   002F 13                   92 	.db #0x13	; 19
   0030 0D                   93 	.db #0x0D	; 13
   0031 A0                   94 	.db #0xA0	; 160
   0032 0D                   95 	.db #0x0D	; 13
   0033 33                   96 	.db #0x33	; 51	'3'
   0034 01                   97 	.db #0x01	; 1
   0035 23                   98 	.db #0x23	; 35
   0036 11                   99 	.db #0x11	; 17
   0037 03                  100 	.db #0x03	; 3
   0038 0D                  101 	.db #0x0D	; 13
   0039 40                  102 	.db #0x40	; 64
   003A 0D                  103 	.db #0x0D	; 13
   003B 40                  104 	.db #0x40	; 64
   003C 0D                  105 	.db #0x0D	; 13
   003D 63                  106 	.db #0x63	; 99	'c'
   003E 11                  107 	.db #0x11	; 17
   003F 13                  108 	.db #0x13	; 19
   0040 0D                  109 	.db #0x0D	; 13
   0041 30                  110 	.db #0x30	; 48	'0'
   0042 1D                  111 	.db #0x1D	; 29
   0043 40                  112 	.db #0x40	; 64
   0044 0D                  113 	.db #0x0D	; 13
   0045 13                  114 	.db #0x13	; 19
   0046 0C                  115 	.db #0x0C	; 12
   0047 04                  116 	.db #0x04	; 4
   0048 33                  117 	.db #0x33	; 51	'3'
   0049 11                  118 	.db #0x11	; 17
   004A 03                  119 	.db #0x03	; 3
   004B 0D                  120 	.db #0x0D	; 13
   004C A0                  121 	.db #0xA0	; 160
   004D 0D                  122 	.db #0x0D	; 13
   004E 23                  123 	.db #0x23	; 35
   004F 1C                  124 	.db #0x1C	; 28
   0050 13                  125 	.db #0x13	; 19
   0051 11                  126 	.db #0x11	; 17
   0052 03                  127 	.db #0x03	; 3
   0053 0D                  128 	.db #0x0D	; 13
   0054 C0                  129 	.db #0xC0	; 192
   0055 0D                  130 	.db #0x0D	; 13
   0056 43                  131 	.db #0x43	; 67	'C'
   0057 0D                  132 	.db #0x0D	; 13
   0058 13                  133 	.db #0x13	; 19
   0059 0D                  134 	.db #0x0D	; 13
   005A E0                  135 	.db #0xE0	; 224
   005B 1D                  136 	.db #0x1D	; 29
   005C 13                  137 	.db #0x13	; 19
   005D 0D                  138 	.db #0x0D	; 13
   005E 00                  139 	.db #0x00	; 0
   005F 1D                  140 	.db #0x1D	; 29
   0060 30                  141 	.db #0x30	; 48	'0'
   0061 1D                  142 	.db #0x1D	; 29
   0062 B0                  143 	.db #0xB0	; 176
   0063 1D                  144 	.db #0x1D	; 29
   0064 70                  145 	.db #0x70	; 112	'p'
   0065 1D                  146 	.db #0x1D	; 29
   0066 F0                  147 	.db #0xF0	; 240
   0067 60                  148 	.db #0x60	; 96
   0068 0D                  149 	.db #0x0D	; 13
   0069 F0                  150 	.db #0xF0	; 240
   006A 70                  151 	.db #0x70	; 112	'p'
   006B 0D                  152 	.db #0x0D	; 13
   006C 50                  153 	.db #0x50	; 80	'P'
   006D 0D                  154 	.db #0x0D	; 13
   006E 10                  155 	.db #0x10	; 16
   006F 1D                  156 	.db #0x1D	; 29
   0070 30                  157 	.db #0x30	; 48	'0'
   0071 0D                  158 	.db #0x0D	; 13
   0072 E0                  159 	.db #0xE0	; 224
   0073 3D                  160 	.db #0x3D	; 61
   0074 40                  161 	.db #0x40	; 64
   0075 1D                  162 	.db #0x1D	; 29
   0076 F0                  163 	.db #0xF0	; 240
   0077 50                  164 	.db #0x50	; 80	'P'
   0078 1D                  165 	.db #0x1D	; 29
   0079 F0                  166 	.db #0xF0	; 240
   007A F0                  167 	.db #0xF0	; 240
                            168 	.area _INITIALIZER
                            169 	.area _CABS (ABS)
