                              1 ;--------------------------------------------------------
                              2 ; File Created by SDCC : free open source ANSI-C Compiler
                              3 ; Version 3.5.5 #9498 (Linux)
                              4 ;--------------------------------------------------------
                              5 	.module level3_enemies
                              6 	.optsdcc -mz80
                              7 	
                              8 ;--------------------------------------------------------
                              9 ; Public variables in this module
                             10 ;--------------------------------------------------------
                             11 	.globl _level3_enemies
                             12 ;--------------------------------------------------------
                             13 ; special function registers
                             14 ;--------------------------------------------------------
                             15 ;--------------------------------------------------------
                             16 ; ram data
                             17 ;--------------------------------------------------------
                             18 	.area _DATA
                             19 ;--------------------------------------------------------
                             20 ; ram data
                             21 ;--------------------------------------------------------
                             22 	.area _INITIALIZED
                             23 ;--------------------------------------------------------
                             24 ; absolute external ram data
                             25 ;--------------------------------------------------------
                             26 	.area _DABS (ABS)
                             27 ;--------------------------------------------------------
                             28 ; global & static initialisations
                             29 ;--------------------------------------------------------
                             30 	.area _HOME
                             31 	.area _GSINIT
                             32 	.area _GSFINAL
                             33 	.area _GSINIT
                             34 ;--------------------------------------------------------
                             35 ; Home
                             36 ;--------------------------------------------------------
                             37 	.area _HOME
                             38 	.area _HOME
                             39 ;--------------------------------------------------------
                             40 ; code
                             41 ;--------------------------------------------------------
                             42 	.area _CODE
                             43 	.area _CODE
   0000                      44 _level3_enemies:
   0000 80                   45 	.db #0x80	; 128
   0001 52                   46 	.db #0x52	; 82	'R'
   0002 E0                   47 	.db #0xE0	; 224
   0003 B2                   48 	.db #0xB2	; 178
   0004 A0                   49 	.db #0xA0	; 160
   0005 D2                   50 	.db #0xD2	; 210
   0006 80                   51 	.db #0x80	; 128
   0007 F2                   52 	.db #0xF2	; 242
   0008 60                   53 	.db #0x60	; 96
   0009 F2                   54 	.db #0xF2	; 242
   000A 12                   55 	.db #0x12	; 18
   000B 40                   56 	.db #0x40	; 64
   000C 02                   57 	.db #0x02	; 2
   000D 23                   58 	.db #0x23	; 35
   000E E2                   59 	.db #0xE2	; 226
   000F 23                   60 	.db #0x23	; 35
   0010 00                   61 	.db #0x00	; 0
   0011 12                   62 	.db #0x12	; 18
   0012 23                   63 	.db #0x23	; 35
   0013 E2                   64 	.db #0xE2	; 226
   0014 23                   65 	.db #0x23	; 35
   0015 00                   66 	.db #0x00	; 0
   0016 12                   67 	.db #0x12	; 18
   0017 23                   68 	.db #0x23	; 35
   0018 E2                   69 	.db #0xE2	; 226
   0019 23                   70 	.db #0x23	; 35
   001A 00                   71 	.db #0x00	; 0
   001B 12                   72 	.db #0x12	; 18
   001C 23                   73 	.db #0x23	; 35
   001D E2                   74 	.db #0xE2	; 226
   001E 23                   75 	.db #0x23	; 35
   001F 12                   76 	.db #0x12	; 18
   0020 33                   77 	.db #0x33	; 51	'3'
   0021 E2                   78 	.db #0xE2	; 226
   0022 F3                   79 	.db #0xF3	; 243
   0023 F3                   80 	.db #0xF3	; 243
   0024 F3                   81 	.db #0xF3	; 243
   0025 F3                   82 	.db #0xF3	; 243
   0026 A3                   83 	.db #0xA3	; 163
   0027 F2                   84 	.db #0xF2	; 242
   0028 42                   85 	.db #0x42	; 66	'B'
   0029 23                   86 	.db #0x23	; 35
   002A F2                   87 	.db #0xF2	; 242
   002B 42                   88 	.db #0x42	; 66	'B'
   002C 23                   89 	.db #0x23	; 35
   002D 00                   90 	.db #0x00	; 0
   002E F2                   91 	.db #0xF2	; 242
   002F 32                   92 	.db #0x32	; 50	'2'
   0030 23                   93 	.db #0x23	; 35
   0031 00                   94 	.db #0x00	; 0
   0032 F2                   95 	.db #0xF2	; 242
   0033 32                   96 	.db #0x32	; 50	'2'
   0034 23                   97 	.db #0x23	; 35
   0035 00                   98 	.db #0x00	; 0
   0036 F2                   99 	.db #0xF2	; 242
   0037 32                  100 	.db #0x32	; 50	'2'
   0038 23                  101 	.db #0x23	; 35
   0039 10                  102 	.db #0x10	; 16
   003A F2                  103 	.db #0xF2	; 242
   003B 32                  104 	.db #0x32	; 50	'2'
   003C 40                  105 	.db #0x40	; 64
   003D F2                  106 	.db #0xF2	; 242
   003E 12                  107 	.db #0x12	; 18
   003F 60                  108 	.db #0x60	; 96
   0040 F2                  109 	.db #0xF2	; 242
   0041 80                  110 	.db #0x80	; 128
   0042 D2                  111 	.db #0xD2	; 210
   0043 A0                  112 	.db #0xA0	; 160
   0044 B2                  113 	.db #0xB2	; 178
   0045 E0                  114 	.db #0xE0	; 224
   0046 52                  115 	.db #0x52	; 82	'R'
   0047 F0                  116 	.db #0xF0	; 240
   0048 10                  117 	.db #0x10	; 16
   0049 52                  118 	.db #0x52	; 82	'R'
   004A E0                  119 	.db #0xE0	; 224
   004B B2                  120 	.db #0xB2	; 178
   004C A0                  121 	.db #0xA0	; 160
   004D D2                  122 	.db #0xD2	; 210
   004E 80                  123 	.db #0x80	; 128
   004F F2                  124 	.db #0xF2	; 242
   0050 60                  125 	.db #0x60	; 96
   0051 F2                  126 	.db #0xF2	; 242
   0052 12                  127 	.db #0x12	; 18
   0053 40                  128 	.db #0x40	; 64
   0054 F2                  129 	.db #0xF2	; 242
   0055 12                  130 	.db #0x12	; 18
   0056 33                  131 	.db #0x33	; 51	'3'
   0057 00                  132 	.db #0x00	; 0
   0058 33                  133 	.db #0x33	; 51	'3'
   0059 D2                  134 	.db #0xD2	; 210
   005A 43                  135 	.db #0x43	; 67	'C'
   005B 00                  136 	.db #0x00	; 0
   005C 23                  137 	.db #0x23	; 35
   005D D2                  138 	.db #0xD2	; 210
   005E 53                  139 	.db #0x53	; 83	'S'
   005F 00                  140 	.db #0x00	; 0
   0060 23                  141 	.db #0x23	; 35
   0061 C2                  142 	.db #0xC2	; 194
   0062 93                  143 	.db #0x93	; 147
   0063 C2                  144 	.db #0xC2	; 194
   0064 33                  145 	.db #0x33	; 51	'3'
   0065 02                  146 	.db #0x02	; 2
   0066 53                  147 	.db #0x53	; 83	'S'
   0067 B2                  148 	.db #0xB2	; 178
   0068 33                  149 	.db #0x33	; 51	'3'
   0069 12                  150 	.db #0x12	; 18
   006A 53                  151 	.db #0x53	; 83	'S'
   006B A2                  152 	.db #0xA2	; 162
   006C 33                  153 	.db #0x33	; 51	'3'
   006D 22                  154 	.db #0x22	; 34
   006E 53                  155 	.db #0x53	; 83	'S'
   006F 92                  156 	.db #0x92	; 146
   0070 33                  157 	.db #0x33	; 51	'3'
   0071 32                  158 	.db #0x32	; 50	'2'
   0072 53                  159 	.db #0x53	; 83	'S'
   0073 82                  160 	.db #0x82	; 130
   0074 33                  161 	.db #0x33	; 51	'3'
   0075 42                  162 	.db #0x42	; 66	'B'
   0076 63                  163 	.db #0x63	; 99	'c'
   0077 62                  164 	.db #0x62	; 98	'b'
   0078 33                  165 	.db #0x33	; 51	'3'
   0079 52                  166 	.db #0x52	; 82	'R'
   007A 23                  167 	.db #0x23	; 35
   007B 00                  168 	.db #0x00	; 0
   007C 33                  169 	.db #0x33	; 51	'3'
   007D 32                  170 	.db #0x32	; 50	'2'
   007E 43                  171 	.db #0x43	; 67	'C'
   007F 62                  172 	.db #0x62	; 98	'b'
   0080 23                  173 	.db #0x23	; 35
   0081 00                  174 	.db #0x00	; 0
   0082 B3                  175 	.db #0xB3	; 179
   0083 72                  176 	.db #0x72	; 114	'r'
   0084 23                  177 	.db #0x23	; 35
   0085 00                  178 	.db #0x00	; 0
   0086 02                  179 	.db #0x02	; 2
   0087 83                  180 	.db #0x83	; 131
   0088 92                  181 	.db #0x92	; 146
   0089 23                  182 	.db #0x23	; 35
   008A 10                  183 	.db #0x10	; 16
   008B 12                  184 	.db #0x12	; 18
   008C 43                  185 	.db #0x43	; 67	'C'
   008D B2                  186 	.db #0xB2	; 178
   008E 23                  187 	.db #0x23	; 35
   008F 20                  188 	.db #0x20	; 32
   0090 F2                  189 	.db #0xF2	; 242
   0091 12                  190 	.db #0x12	; 18
   0092 23                  191 	.db #0x23	; 35
   0093 30                  192 	.db #0x30	; 48	'0'
   0094 F2                  193 	.db #0xF2	; 242
   0095 80                  194 	.db #0x80	; 128
   0096 D2                  195 	.db #0xD2	; 210
   0097 A0                  196 	.db #0xA0	; 160
   0098 B2                  197 	.db #0xB2	; 178
   0099 E0                  198 	.db #0xE0	; 224
   009A 52                  199 	.db #0x52	; 82	'R'
   009B F0                  200 	.db #0xF0	; 240
   009C 10                  201 	.db #0x10	; 16
   009D 52                  202 	.db #0x52	; 82	'R'
   009E E0                  203 	.db #0xE0	; 224
   009F B2                  204 	.db #0xB2	; 178
   00A0 A0                  205 	.db #0xA0	; 160
   00A1 D2                  206 	.db #0xD2	; 210
   00A2 80                  207 	.db #0x80	; 128
   00A3 F2                  208 	.db #0xF2	; 242
   00A4 60                  209 	.db #0x60	; 96
   00A5 F2                  210 	.db #0xF2	; 242
   00A6 12                  211 	.db #0x12	; 18
   00A7 40                  212 	.db #0x40	; 64
   00A8 F2                  213 	.db #0xF2	; 242
   00A9 02                  214 	.db #0x02	; 2
   00AA 33                  215 	.db #0x33	; 51	'3'
   00AB 10                  216 	.db #0x10	; 16
   00AC 33                  217 	.db #0x33	; 51	'3'
   00AD E2                  218 	.db #0xE2	; 226
   00AE 23                  219 	.db #0x23	; 35
   00AF 10                  220 	.db #0x10	; 16
   00B0 23                  221 	.db #0x23	; 35
   00B1 F2                  222 	.db #0xF2	; 242
   00B2 23                  223 	.db #0x23	; 35
   00B3 10                  224 	.db #0x10	; 16
   00B4 23                  225 	.db #0x23	; 35
   00B5 F2                  226 	.db #0xF2	; 242
   00B6 63                  227 	.db #0x63	; 99	'c'
   00B7 F2                  228 	.db #0xF2	; 242
   00B8 12                  229 	.db #0x12	; 18
   00B9 53                  230 	.db #0x53	; 83	'S'
   00BA 62                  231 	.db #0x62	; 98	'b'
   00BB 23                  232 	.db #0x23	; 35
   00BC 72                  233 	.db #0x72	; 114	'r'
   00BD 53                  234 	.db #0x53	; 83	'S'
   00BE 62                  235 	.db #0x62	; 98	'b'
   00BF 23                  236 	.db #0x23	; 35
   00C0 72                  237 	.db #0x72	; 114	'r'
   00C1 53                  238 	.db #0x53	; 83	'S'
   00C2 62                  239 	.db #0x62	; 98	'b'
   00C3 23                  240 	.db #0x23	; 35
   00C4 72                  241 	.db #0x72	; 114	'r'
   00C5 53                  242 	.db #0x53	; 83	'S'
   00C6 62                  243 	.db #0x62	; 98	'b'
   00C7 23                  244 	.db #0x23	; 35
   00C8 72                  245 	.db #0x72	; 114	'r'
   00C9 53                  246 	.db #0x53	; 83	'S'
   00CA 52                  247 	.db #0x52	; 82	'R'
   00CB 33                  248 	.db #0x33	; 51	'3'
   00CC 62                  249 	.db #0x62	; 98	'b'
   00CD 73                  250 	.db #0x73	; 115	's'
   00CE 42                  251 	.db #0x42	; 66	'B'
   00CF 13                  252 	.db #0x13	; 19
   00D0 02                  253 	.db #0x02	; 2
   00D1 13                  254 	.db #0x13	; 19
   00D2 52                  255 	.db #0x52	; 82	'R'
   00D3 23                  256 	.db #0x23	; 35
   00D4 10                  257 	.db #0x10	; 16
   00D5 33                  258 	.db #0x33	; 51	'3'
   00D6 22                  259 	.db #0x22	; 34
   00D7 23                  260 	.db #0x23	; 35
   00D8 02                  261 	.db #0x02	; 2
   00D9 23                  262 	.db #0x23	; 35
   00DA 32                  263 	.db #0x32	; 50	'2'
   00DB 33                  264 	.db #0x33	; 51	'3'
   00DC 10                  265 	.db #0x10	; 16
   00DD 83                  266 	.db #0x83	; 131
   00DE 12                  267 	.db #0x12	; 18
   00DF 93                  268 	.db #0x93	; 147
   00E0 02                  269 	.db #0x02	; 2
   00E1 20                  270 	.db #0x20	; 32
   00E2 63                  271 	.db #0x63	; 99	'c'
   00E3 32                  272 	.db #0x32	; 50	'2'
   00E4 73                  273 	.db #0x73	; 115	's'
   00E5 02                  274 	.db #0x02	; 2
   00E6 40                  275 	.db #0x40	; 64
   00E7 43                  276 	.db #0x43	; 67	'C'
   00E8 52                  277 	.db #0x52	; 82	'R'
   00E9 53                  278 	.db #0x53	; 83	'S'
   00EA 02                  279 	.db #0x02	; 2
   00EB 60                  280 	.db #0x60	; 96
   00EC F2                  281 	.db #0xF2	; 242
   00ED 80                  282 	.db #0x80	; 128
   00EE D2                  283 	.db #0xD2	; 210
   00EF A0                  284 	.db #0xA0	; 160
   00F0 B2                  285 	.db #0xB2	; 178
   00F1 E0                  286 	.db #0xE0	; 224
   00F2 52                  287 	.db #0x52	; 82	'R'
   00F3 F0                  288 	.db #0xF0	; 240
   00F4 10                  289 	.db #0x10	; 16
   00F5 52                  290 	.db #0x52	; 82	'R'
   00F6 E0                  291 	.db #0xE0	; 224
   00F7 62                  292 	.db #0x62	; 98	'b'
   00F8 33                  293 	.db #0x33	; 51	'3'
   00F9 02                  294 	.db #0x02	; 2
   00FA A0                  295 	.db #0xA0	; 160
   00FB 62                  296 	.db #0x62	; 98	'b'
   00FC 43                  297 	.db #0x43	; 67	'C'
   00FD 12                  298 	.db #0x12	; 18
   00FE 80                  299 	.db #0x80	; 128
   00FF 52                  300 	.db #0x52	; 82	'R'
   0100 63                  301 	.db #0x63	; 99	'c'
   0101 22                  302 	.db #0x22	; 34
   0102 60                  303 	.db #0x60	; 96
   0103 52                  304 	.db #0x52	; 82	'R'
   0104 73                  305 	.db #0x73	; 115	's'
   0105 32                  306 	.db #0x32	; 50	'2'
   0106 40                  307 	.db #0x40	; 64
   0107 52                  308 	.db #0x52	; 82	'R'
   0108 43                  309 	.db #0x43	; 67	'C'
   0109 02                  310 	.db #0x02	; 2
   010A 23                  311 	.db #0x23	; 35
   010B 42                  312 	.db #0x42	; 66	'B'
   010C 20                  313 	.db #0x20	; 32
   010D 52                  314 	.db #0x52	; 82	'R'
   010E 33                  315 	.db #0x33	; 51	'3'
   010F 22                  316 	.db #0x22	; 34
   0110 23                  317 	.db #0x23	; 35
   0111 52                  318 	.db #0x52	; 82	'R'
   0112 10                  319 	.db #0x10	; 16
   0113 42                  320 	.db #0x42	; 66	'B'
   0114 33                  321 	.db #0x33	; 51	'3'
   0115 32                  322 	.db #0x32	; 50	'2'
   0116 23                  323 	.db #0x23	; 35
   0117 52                  324 	.db #0x52	; 82	'R'
   0118 10                  325 	.db #0x10	; 16
   0119 22                  326 	.db #0x22	; 34
   011A 43                  327 	.db #0x43	; 67	'C'
   011B 42                  328 	.db #0x42	; 66	'B'
   011C 23                  329 	.db #0x23	; 35
   011D 52                  330 	.db #0x52	; 82	'R'
   011E 00                  331 	.db #0x00	; 0
   011F 22                  332 	.db #0x22	; 34
   0120 43                  333 	.db #0x43	; 67	'C'
   0121 52                  334 	.db #0x52	; 82	'R'
   0122 23                  335 	.db #0x23	; 35
   0123 82                  336 	.db #0x82	; 130
   0124 43                  337 	.db #0x43	; 67	'C'
   0125 62                  338 	.db #0x62	; 98	'b'
   0126 23                  339 	.db #0x23	; 35
   0127 72                  340 	.db #0x72	; 114	'r'
   0128 33                  341 	.db #0x33	; 51	'3'
   0129 82                  342 	.db #0x82	; 130
   012A 23                  343 	.db #0x23	; 35
   012B 62                  344 	.db #0x62	; 98	'b'
   012C F3                  345 	.db #0xF3	; 243
   012D F3                  346 	.db #0xF3	; 243
   012E F3                  347 	.db #0xF3	; 243
   012F F3                  348 	.db #0xF3	; 243
   0130 73                  349 	.db #0x73	; 115	's'
   0131 00                  350 	.db #0x00	; 0
   0132 C2                  351 	.db #0xC2	; 194
   0133 23                  352 	.db #0x23	; 35
   0134 52                  353 	.db #0x52	; 82	'R'
   0135 10                  354 	.db #0x10	; 16
   0136 C2                  355 	.db #0xC2	; 194
   0137 23                  356 	.db #0x23	; 35
   0138 52                  357 	.db #0x52	; 82	'R'
   0139 10                  358 	.db #0x10	; 16
   013A C2                  359 	.db #0xC2	; 194
   013B 23                  360 	.db #0x23	; 35
   013C 52                  361 	.db #0x52	; 82	'R'
   013D 20                  362 	.db #0x20	; 32
   013E F2                  363 	.db #0xF2	; 242
   013F 32                  364 	.db #0x32	; 50	'2'
   0140 40                  365 	.db #0x40	; 64
   0141 F2                  366 	.db #0xF2	; 242
   0142 12                  367 	.db #0x12	; 18
   0143 60                  368 	.db #0x60	; 96
   0144 F2                  369 	.db #0xF2	; 242
   0145 80                  370 	.db #0x80	; 128
   0146 D2                  371 	.db #0xD2	; 210
   0147 A0                  372 	.db #0xA0	; 160
   0148 B2                  373 	.db #0xB2	; 178
   0149 E0                  374 	.db #0xE0	; 224
   014A 52                  375 	.db #0x52	; 82	'R'
                            376 	.area _INITIALIZER
                            377 	.area _CABS (ABS)
