                              1 ;--------------------------------------------------------
                              2 ; File Created by SDCC : free open source ANSI-C Compiler
                              3 ; Version 3.5.5 #9498 (Linux)
                              4 ;--------------------------------------------------------
                              5 	.module rat_enemy
                              6 	.optsdcc -mz80
                              7 	
                              8 ;--------------------------------------------------------
                              9 ; Public variables in this module
                             10 ;--------------------------------------------------------
                             11 	.globl _rat_enemy
                             12 ;--------------------------------------------------------
                             13 ; special function registers
                             14 ;--------------------------------------------------------
                             15 ;--------------------------------------------------------
                             16 ; ram data
                             17 ;--------------------------------------------------------
                             18 	.area _DATA
                             19 ;--------------------------------------------------------
                             20 ; ram data
                             21 ;--------------------------------------------------------
                             22 	.area _INITIALIZED
                             23 ;--------------------------------------------------------
                             24 ; absolute external ram data
                             25 ;--------------------------------------------------------
                             26 	.area _DABS (ABS)
                             27 ;--------------------------------------------------------
                             28 ; global & static initialisations
                             29 ;--------------------------------------------------------
                             30 	.area _HOME
                             31 	.area _GSINIT
                             32 	.area _GSFINAL
                             33 	.area _GSINIT
                             34 ;--------------------------------------------------------
                             35 ; Home
                             36 ;--------------------------------------------------------
                             37 	.area _HOME
                             38 	.area _HOME
                             39 ;--------------------------------------------------------
                             40 ; code
                             41 ;--------------------------------------------------------
                             42 	.area _CODE
                             43 	.area _CODE
   0000                      44 _rat_enemy:
   0000 F0                   45 	.db #0xF0	; 240
   0001 F0                   46 	.db #0xF0	; 240
   0002 F0                   47 	.db #0xF0	; 240
   0003 F0                   48 	.db #0xF0	; 240
   0004 F0                   49 	.db #0xF0	; 240
   0005 F0                   50 	.db #0xF0	; 240
   0006 F0                   51 	.db #0xF0	; 240
   0007 F0                   52 	.db #0xF0	; 240
   0008 30                   53 	.db #0x30	; 48	'0'
   0009 11                   54 	.db #0x11	; 17
   000A F0                   55 	.db #0xF0	; 240
   000B 30                   56 	.db #0x30	; 48	'0'
   000C 11                   57 	.db #0x11	; 17
   000D 12                   58 	.db #0x12	; 18
   000E 03                   59 	.db #0x03	; 3
   000F F0                   60 	.db #0xF0	; 240
   0010 10                   61 	.db #0x10	; 16
   0011 01                   62 	.db #0x01	; 1
   0012 02                   63 	.db #0x02	; 2
   0013 04                   64 	.db #0x04	; 4
   0014 12                   65 	.db #0x12	; 18
   0015 03                   66 	.db #0x03	; 3
   0016 70                   67 	.db #0x70	; 112	'p'
   0017 0F                   68 	.db #0x0F	; 15
   0018 80                   69 	.db #0x80	; 128
   0019 01                   70 	.db #0x01	; 1
   001A 32                   71 	.db #0x32	; 50	'2'
   001B 01                   72 	.db #0x01	; 1
   001C 00                   73 	.db #0x00	; 0
   001D 1F                   74 	.db #0x1F	; 31
   001E 00                   75 	.db #0x00	; 0
   001F 21                   76 	.db #0x21	; 33
   0020 00                   77 	.db #0x00	; 0
   0021 0F                   78 	.db #0x0F	; 15
   0022 80                   79 	.db #0x80	; 128
   0023 01                   80 	.db #0x01	; 1
   0024 02                   81 	.db #0x02	; 2
   0025 04                   82 	.db #0x04	; 4
   0026 22                   83 	.db #0x22	; 34
   0027 31                   84 	.db #0x31	; 49	'1'
   0028 32                   85 	.db #0x32	; 50	'2'
   0029 0F                   86 	.db #0x0F	; 15
   002A 70                   87 	.db #0x70	; 112	'p'
   002B 01                   88 	.db #0x01	; 1
   002C 62                   89 	.db #0x62	; 98	'b'
   002D 33                   90 	.db #0x33	; 51	'3'
   002E 22                   91 	.db #0x22	; 34
   002F 0F                   92 	.db #0x0F	; 15
   0030 70                   93 	.db #0x70	; 112	'p'
   0031 01                   94 	.db #0x01	; 1
   0032 0F                   95 	.db #0x0F	; 15
   0033 02                   96 	.db #0x02	; 2
   0034 01                   97 	.db #0x01	; 1
   0035 22                   98 	.db #0x22	; 34
   0036 53                   99 	.db #0x53	; 83	'S'
   0037 02                  100 	.db #0x02	; 2
   0038 01                  101 	.db #0x01	; 1
   0039 80                  102 	.db #0x80	; 128
   003A 21                  103 	.db #0x21	; 33
   003B 00                  104 	.db #0x00	; 0
   003C 01                  105 	.db #0x01	; 1
   003D 22                  106 	.db #0x22	; 34
   003E 1F                  107 	.db #0x1F	; 31
   003F 13                  108 	.db #0x13	; 19
   0040 12                  109 	.db #0x12	; 18
   0041 01                  110 	.db #0x01	; 1
   0042 D0                  111 	.db #0xD0	; 208
   0043 11                  112 	.db #0x11	; 17
   0044 62                  113 	.db #0x62	; 98	'b'
   0045 01                  114 	.db #0x01	; 1
   0046 90                  115 	.db #0x90	; 144
   0047 0F                  116 	.db #0x0F	; 15
   0048 40                  117 	.db #0x40	; 64
   0049 01                  118 	.db #0x01	; 1
   004A 62                  119 	.db #0x62	; 98	'b'
   004B 0F                  120 	.db #0x0F	; 15
   004C 70                  121 	.db #0x70	; 112	'p'
   004D 0F                  122 	.db #0x0F	; 15
   004E 60                  123 	.db #0x60	; 96
   004F 21                  124 	.db #0x21	; 33
   0050 32                  125 	.db #0x32	; 50	'2'
   0051 0F                  126 	.db #0x0F	; 15
   0052 70                  127 	.db #0x70	; 112	'p'
   0053 1F                  128 	.db #0x1F	; 31
   0054 70                  129 	.db #0x70	; 112	'p'
   0055 0F                  130 	.db #0x0F	; 15
   0056 21                  131 	.db #0x21	; 33
   0057 00                  132 	.db #0x00	; 0
   0058 0F                  133 	.db #0x0F	; 15
   0059 80                  134 	.db #0x80	; 128
   005A 2F                  135 	.db #0x2F	; 47
   005B 40                  136 	.db #0x40	; 64
   005C 2F                  137 	.db #0x2F	; 47
   005D 20                  138 	.db #0x20	; 32
   005E 0F                  139 	.db #0x0F	; 15
   005F A0                  140 	.db #0xA0	; 160
   0060 2F                  141 	.db #0x2F	; 47
   0061 10                  142 	.db #0x10	; 16
   0062 2F                  143 	.db #0x2F	; 47
   0063 F0                  144 	.db #0xF0	; 240
   0064 10                  145 	.db #0x10	; 16
   0065 3F                  146 	.db #0x3F	; 63
   0066 F0                  147 	.db #0xF0	; 240
   0067 F0                  148 	.db #0xF0	; 240
   0068 F0                  149 	.db #0xF0	; 240
   0069 F0                  150 	.db #0xF0	; 240
   006A F0                  151 	.db #0xF0	; 240
   006B F0                  152 	.db #0xF0	; 240
                            153 	.area _INITIALIZER
                            154 	.area _CABS (ABS)
