                              1 ;--------------------------------------------------------
                              2 ; File Created by SDCC : free open source ANSI-C Compiler
                              3 ; Version 3.5.5 #9498 (Linux)
                              4 ;--------------------------------------------------------
                              5 	.module 4x6_monospaced
                              6 	.optsdcc -mz80
                              7 	
                              8 ;--------------------------------------------------------
                              9 ; Public variables in this module
                             10 ;--------------------------------------------------------
                             11 	.globl _typography0_4x6_monospaced_35
                             12 	.globl _typography0_4x6_monospaced_34
                             13 	.globl _typography0_4x6_monospaced_33
                             14 	.globl _typography0_4x6_monospaced_32
                             15 	.globl _typography0_4x6_monospaced_31
                             16 	.globl _typography0_4x6_monospaced_30
                             17 	.globl _typography0_4x6_monospaced_29
                             18 	.globl _typography0_4x6_monospaced_28
                             19 	.globl _typography0_4x6_monospaced_27
                             20 	.globl _typography0_4x6_monospaced_26
                             21 	.globl _typography0_4x6_monospaced_25
                             22 	.globl _typography0_4x6_monospaced_24
                             23 	.globl _typography0_4x6_monospaced_23
                             24 	.globl _typography0_4x6_monospaced_22
                             25 	.globl _typography0_4x6_monospaced_21
                             26 	.globl _typography0_4x6_monospaced_20
                             27 	.globl _typography0_4x6_monospaced_19
                             28 	.globl _typography0_4x6_monospaced_18
                             29 	.globl _typography0_4x6_monospaced_17
                             30 	.globl _typography0_4x6_monospaced_16
                             31 	.globl _typography0_4x6_monospaced_15
                             32 	.globl _typography0_4x6_monospaced_14
                             33 	.globl _typography0_4x6_monospaced_13
                             34 	.globl _typography0_4x6_monospaced_12
                             35 	.globl _typography0_4x6_monospaced_11
                             36 	.globl _typography0_4x6_monospaced_10
                             37 	.globl _typography0_4x6_monospaced_09
                             38 	.globl _typography0_4x6_monospaced_08
                             39 	.globl _typography0_4x6_monospaced_07
                             40 	.globl _typography0_4x6_monospaced_06
                             41 	.globl _typography0_4x6_monospaced_05
                             42 	.globl _typography0_4x6_monospaced_04
                             43 	.globl _typography0_4x6_monospaced_03
                             44 	.globl _typography0_4x6_monospaced_02
                             45 	.globl _typography0_4x6_monospaced_01
                             46 	.globl _typography0_4x6_monospaced_00
                             47 	.globl _typography0_tileset
                             48 ;--------------------------------------------------------
                             49 ; special function registers
                             50 ;--------------------------------------------------------
                             51 ;--------------------------------------------------------
                             52 ; ram data
                             53 ;--------------------------------------------------------
                             54 	.area _DATA
                             55 ;--------------------------------------------------------
                             56 ; ram data
                             57 ;--------------------------------------------------------
                             58 	.area _INITIALIZED
                             59 ;--------------------------------------------------------
                             60 ; absolute external ram data
                             61 ;--------------------------------------------------------
                             62 	.area _DABS (ABS)
                             63 ;--------------------------------------------------------
                             64 ; global & static initialisations
                             65 ;--------------------------------------------------------
                             66 	.area _HOME
                             67 	.area _GSINIT
                             68 	.area _GSFINAL
                             69 	.area _GSINIT
                             70 ;--------------------------------------------------------
                             71 ; Home
                             72 ;--------------------------------------------------------
                             73 	.area _HOME
                             74 	.area _HOME
                             75 ;--------------------------------------------------------
                             76 ; code
                             77 ;--------------------------------------------------------
                             78 	.area _CODE
                             79 	.area _CODE
   0000                      80 _typography0_tileset:
   0000r48r00                81 	.dw _typography0_4x6_monospaced_00
   0002r54r00                82 	.dw _typography0_4x6_monospaced_01
   0004r60r00                83 	.dw _typography0_4x6_monospaced_02
   0006r6Cr00                84 	.dw _typography0_4x6_monospaced_03
   0008r78r00                85 	.dw _typography0_4x6_monospaced_04
   000Ar84r00                86 	.dw _typography0_4x6_monospaced_05
   000Cr90r00                87 	.dw _typography0_4x6_monospaced_06
   000Er9Cr00                88 	.dw _typography0_4x6_monospaced_07
   0010rA8r00                89 	.dw _typography0_4x6_monospaced_08
   0012rB4r00                90 	.dw _typography0_4x6_monospaced_09
   0014rC0r00                91 	.dw _typography0_4x6_monospaced_10
   0016rCCr00                92 	.dw _typography0_4x6_monospaced_11
   0018rD8r00                93 	.dw _typography0_4x6_monospaced_12
   001ArE4r00                94 	.dw _typography0_4x6_monospaced_13
   001CrF0r00                95 	.dw _typography0_4x6_monospaced_14
   001ErFCr00                96 	.dw _typography0_4x6_monospaced_15
   0020r08r01                97 	.dw _typography0_4x6_monospaced_16
   0022r14r01                98 	.dw _typography0_4x6_monospaced_17
   0024r20r01                99 	.dw _typography0_4x6_monospaced_18
   0026r2Cr01               100 	.dw _typography0_4x6_monospaced_19
   0028r38r01               101 	.dw _typography0_4x6_monospaced_20
   002Ar44r01               102 	.dw _typography0_4x6_monospaced_21
   002Cr50r01               103 	.dw _typography0_4x6_monospaced_22
   002Er5Cr01               104 	.dw _typography0_4x6_monospaced_23
   0030r68r01               105 	.dw _typography0_4x6_monospaced_24
   0032r74r01               106 	.dw _typography0_4x6_monospaced_25
   0034r80r01               107 	.dw _typography0_4x6_monospaced_26
   0036r8Cr01               108 	.dw _typography0_4x6_monospaced_27
   0038r98r01               109 	.dw _typography0_4x6_monospaced_28
   003ArA4r01               110 	.dw _typography0_4x6_monospaced_29
   003CrB0r01               111 	.dw _typography0_4x6_monospaced_30
   003ErBCr01               112 	.dw _typography0_4x6_monospaced_31
   0040rC8r01               113 	.dw _typography0_4x6_monospaced_32
   0042rD4r01               114 	.dw _typography0_4x6_monospaced_33
   0044rE0r01               115 	.dw _typography0_4x6_monospaced_34
   0046rECr01               116 	.dw _typography0_4x6_monospaced_35
   0048                     117 _typography0_4x6_monospaced_00:
   0048 40                  118 	.db #0x40	; 64
   0049 00                  119 	.db #0x00	; 0
   004A 80                  120 	.db #0x80	; 128
   004B 80                  121 	.db #0x80	; 128
   004C 80                  122 	.db #0x80	; 128
   004D 80                  123 	.db #0x80	; 128
   004E 80                  124 	.db #0x80	; 128
   004F 80                  125 	.db #0x80	; 128
   0050 C0                  126 	.db #0xC0	; 192
   0051 80                  127 	.db #0x80	; 128
   0052 80                  128 	.db #0x80	; 128
   0053 80                  129 	.db #0x80	; 128
   0054                     130 _typography0_4x6_monospaced_01:
   0054 C0                  131 	.db #0xC0	; 192
   0055 00                  132 	.db #0x00	; 0
   0056 80                  133 	.db #0x80	; 128
   0057 80                  134 	.db #0x80	; 128
   0058 C0                  135 	.db #0xC0	; 192
   0059 00                  136 	.db #0x00	; 0
   005A 80                  137 	.db #0x80	; 128
   005B 80                  138 	.db #0x80	; 128
   005C 80                  139 	.db #0x80	; 128
   005D 80                  140 	.db #0x80	; 128
   005E C0                  141 	.db #0xC0	; 192
   005F 80                  142 	.db #0x80	; 128
   0060                     143 _typography0_4x6_monospaced_02:
   0060 40                  144 	.db #0x40	; 64
   0061 00                  145 	.db #0x00	; 0
   0062 80                  146 	.db #0x80	; 128
   0063 80                  147 	.db #0x80	; 128
   0064 80                  148 	.db #0x80	; 128
   0065 00                  149 	.db #0x00	; 0
   0066 80                  150 	.db #0x80	; 128
   0067 00                  151 	.db #0x00	; 0
   0068 80                  152 	.db #0x80	; 128
   0069 80                  153 	.db #0x80	; 128
   006A 40                  154 	.db #0x40	; 64
   006B 00                  155 	.db #0x00	; 0
   006C                     156 _typography0_4x6_monospaced_03:
   006C C0                  157 	.db #0xC0	; 192
   006D 00                  158 	.db #0x00	; 0
   006E 80                  159 	.db #0x80	; 128
   006F 80                  160 	.db #0x80	; 128
   0070 80                  161 	.db #0x80	; 128
   0071 80                  162 	.db #0x80	; 128
   0072 80                  163 	.db #0x80	; 128
   0073 80                  164 	.db #0x80	; 128
   0074 80                  165 	.db #0x80	; 128
   0075 80                  166 	.db #0x80	; 128
   0076 C0                  167 	.db #0xC0	; 192
   0077 00                  168 	.db #0x00	; 0
   0078                     169 _typography0_4x6_monospaced_04:
   0078 C0                  170 	.db #0xC0	; 192
   0079 80                  171 	.db #0x80	; 128
   007A 80                  172 	.db #0x80	; 128
   007B 00                  173 	.db #0x00	; 0
   007C 80                  174 	.db #0x80	; 128
   007D 00                  175 	.db #0x00	; 0
   007E C0                  176 	.db #0xC0	; 192
   007F 00                  177 	.db #0x00	; 0
   0080 80                  178 	.db #0x80	; 128
   0081 00                  179 	.db #0x00	; 0
   0082 C0                  180 	.db #0xC0	; 192
   0083 80                  181 	.db #0x80	; 128
   0084                     182 _typography0_4x6_monospaced_05:
   0084 C0                  183 	.db #0xC0	; 192
   0085 80                  184 	.db #0x80	; 128
   0086 80                  185 	.db #0x80	; 128
   0087 00                  186 	.db #0x00	; 0
   0088 80                  187 	.db #0x80	; 128
   0089 00                  188 	.db #0x00	; 0
   008A C0                  189 	.db #0xC0	; 192
   008B 00                  190 	.db #0x00	; 0
   008C 80                  191 	.db #0x80	; 128
   008D 00                  192 	.db #0x00	; 0
   008E 80                  193 	.db #0x80	; 128
   008F 00                  194 	.db #0x00	; 0
   0090                     195 _typography0_4x6_monospaced_06:
   0090 40                  196 	.db #0x40	; 64
   0091 00                  197 	.db #0x00	; 0
   0092 80                  198 	.db #0x80	; 128
   0093 80                  199 	.db #0x80	; 128
   0094 80                  200 	.db #0x80	; 128
   0095 00                  201 	.db #0x00	; 0
   0096 80                  202 	.db #0x80	; 128
   0097 80                  203 	.db #0x80	; 128
   0098 80                  204 	.db #0x80	; 128
   0099 80                  205 	.db #0x80	; 128
   009A C0                  206 	.db #0xC0	; 192
   009B 80                  207 	.db #0x80	; 128
   009C                     208 _typography0_4x6_monospaced_07:
   009C 80                  209 	.db #0x80	; 128
   009D 80                  210 	.db #0x80	; 128
   009E 80                  211 	.db #0x80	; 128
   009F 80                  212 	.db #0x80	; 128
   00A0 80                  213 	.db #0x80	; 128
   00A1 80                  214 	.db #0x80	; 128
   00A2 C0                  215 	.db #0xC0	; 192
   00A3 80                  216 	.db #0x80	; 128
   00A4 80                  217 	.db #0x80	; 128
   00A5 80                  218 	.db #0x80	; 128
   00A6 80                  219 	.db #0x80	; 128
   00A7 80                  220 	.db #0x80	; 128
   00A8                     221 _typography0_4x6_monospaced_08:
   00A8 40                  222 	.db #0x40	; 64
   00A9 00                  223 	.db #0x00	; 0
   00AA 40                  224 	.db #0x40	; 64
   00AB 00                  225 	.db #0x00	; 0
   00AC 40                  226 	.db #0x40	; 64
   00AD 00                  227 	.db #0x00	; 0
   00AE 40                  228 	.db #0x40	; 64
   00AF 00                  229 	.db #0x00	; 0
   00B0 40                  230 	.db #0x40	; 64
   00B1 00                  231 	.db #0x00	; 0
   00B2 40                  232 	.db #0x40	; 64
   00B3 00                  233 	.db #0x00	; 0
   00B4                     234 _typography0_4x6_monospaced_09:
   00B4 C0                  235 	.db #0xC0	; 192
   00B5 80                  236 	.db #0x80	; 128
   00B6 00                  237 	.db #0x00	; 0
   00B7 80                  238 	.db #0x80	; 128
   00B8 00                  239 	.db #0x00	; 0
   00B9 80                  240 	.db #0x80	; 128
   00BA 00                  241 	.db #0x00	; 0
   00BB 80                  242 	.db #0x80	; 128
   00BC 80                  243 	.db #0x80	; 128
   00BD 80                  244 	.db #0x80	; 128
   00BE 40                  245 	.db #0x40	; 64
   00BF 00                  246 	.db #0x00	; 0
   00C0                     247 _typography0_4x6_monospaced_10:
   00C0 80                  248 	.db #0x80	; 128
   00C1 80                  249 	.db #0x80	; 128
   00C2 80                  250 	.db #0x80	; 128
   00C3 80                  251 	.db #0x80	; 128
   00C4 80                  252 	.db #0x80	; 128
   00C5 80                  253 	.db #0x80	; 128
   00C6 C0                  254 	.db #0xC0	; 192
   00C7 00                  255 	.db #0x00	; 0
   00C8 80                  256 	.db #0x80	; 128
   00C9 80                  257 	.db #0x80	; 128
   00CA 80                  258 	.db #0x80	; 128
   00CB 80                  259 	.db #0x80	; 128
   00CC                     260 _typography0_4x6_monospaced_11:
   00CC 80                  261 	.db #0x80	; 128
   00CD 00                  262 	.db #0x00	; 0
   00CE 80                  263 	.db #0x80	; 128
   00CF 00                  264 	.db #0x00	; 0
   00D0 80                  265 	.db #0x80	; 128
   00D1 00                  266 	.db #0x00	; 0
   00D2 80                  267 	.db #0x80	; 128
   00D3 00                  268 	.db #0x00	; 0
   00D4 80                  269 	.db #0x80	; 128
   00D5 00                  270 	.db #0x00	; 0
   00D6 C0                  271 	.db #0xC0	; 192
   00D7 80                  272 	.db #0x80	; 128
   00D8                     273 _typography0_4x6_monospaced_12:
   00D8 80                  274 	.db #0x80	; 128
   00D9 80                  275 	.db #0x80	; 128
   00DA C0                  276 	.db #0xC0	; 192
   00DB 80                  277 	.db #0x80	; 128
   00DC C0                  278 	.db #0xC0	; 192
   00DD 80                  279 	.db #0x80	; 128
   00DE 80                  280 	.db #0x80	; 128
   00DF 80                  281 	.db #0x80	; 128
   00E0 80                  282 	.db #0x80	; 128
   00E1 80                  283 	.db #0x80	; 128
   00E2 80                  284 	.db #0x80	; 128
   00E3 80                  285 	.db #0x80	; 128
   00E4                     286 _typography0_4x6_monospaced_13:
   00E4 80                  287 	.db #0x80	; 128
   00E5 80                  288 	.db #0x80	; 128
   00E6 80                  289 	.db #0x80	; 128
   00E7 80                  290 	.db #0x80	; 128
   00E8 C0                  291 	.db #0xC0	; 192
   00E9 80                  292 	.db #0x80	; 128
   00EA C0                  293 	.db #0xC0	; 192
   00EB 80                  294 	.db #0x80	; 128
   00EC 80                  295 	.db #0x80	; 128
   00ED 80                  296 	.db #0x80	; 128
   00EE 80                  297 	.db #0x80	; 128
   00EF 80                  298 	.db #0x80	; 128
   00F0                     299 _typography0_4x6_monospaced_14:
   00F0 40                  300 	.db #0x40	; 64
   00F1 00                  301 	.db #0x00	; 0
   00F2 80                  302 	.db #0x80	; 128
   00F3 80                  303 	.db #0x80	; 128
   00F4 80                  304 	.db #0x80	; 128
   00F5 80                  305 	.db #0x80	; 128
   00F6 80                  306 	.db #0x80	; 128
   00F7 80                  307 	.db #0x80	; 128
   00F8 80                  308 	.db #0x80	; 128
   00F9 80                  309 	.db #0x80	; 128
   00FA 40                  310 	.db #0x40	; 64
   00FB 00                  311 	.db #0x00	; 0
   00FC                     312 _typography0_4x6_monospaced_15:
   00FC C0                  313 	.db #0xC0	; 192
   00FD 00                  314 	.db #0x00	; 0
   00FE 80                  315 	.db #0x80	; 128
   00FF 80                  316 	.db #0x80	; 128
   0100 80                  317 	.db #0x80	; 128
   0101 80                  318 	.db #0x80	; 128
   0102 C0                  319 	.db #0xC0	; 192
   0103 00                  320 	.db #0x00	; 0
   0104 80                  321 	.db #0x80	; 128
   0105 00                  322 	.db #0x00	; 0
   0106 80                  323 	.db #0x80	; 128
   0107 00                  324 	.db #0x00	; 0
   0108                     325 _typography0_4x6_monospaced_16:
   0108 40                  326 	.db #0x40	; 64
   0109 00                  327 	.db #0x00	; 0
   010A 80                  328 	.db #0x80	; 128
   010B 80                  329 	.db #0x80	; 128
   010C 80                  330 	.db #0x80	; 128
   010D 80                  331 	.db #0x80	; 128
   010E 80                  332 	.db #0x80	; 128
   010F 80                  333 	.db #0x80	; 128
   0110 C0                  334 	.db #0xC0	; 192
   0111 00                  335 	.db #0x00	; 0
   0112 00                  336 	.db #0x00	; 0
   0113 80                  337 	.db #0x80	; 128
   0114                     338 _typography0_4x6_monospaced_17:
   0114 C0                  339 	.db #0xC0	; 192
   0115 00                  340 	.db #0x00	; 0
   0116 80                  341 	.db #0x80	; 128
   0117 80                  342 	.db #0x80	; 128
   0118 80                  343 	.db #0x80	; 128
   0119 80                  344 	.db #0x80	; 128
   011A C0                  345 	.db #0xC0	; 192
   011B 00                  346 	.db #0x00	; 0
   011C 80                  347 	.db #0x80	; 128
   011D 80                  348 	.db #0x80	; 128
   011E 80                  349 	.db #0x80	; 128
   011F 80                  350 	.db #0x80	; 128
   0120                     351 _typography0_4x6_monospaced_18:
   0120 40                  352 	.db #0x40	; 64
   0121 80                  353 	.db #0x80	; 128
   0122 80                  354 	.db #0x80	; 128
   0123 00                  355 	.db #0x00	; 0
   0124 80                  356 	.db #0x80	; 128
   0125 00                  357 	.db #0x00	; 0
   0126 40                  358 	.db #0x40	; 64
   0127 00                  359 	.db #0x00	; 0
   0128 00                  360 	.db #0x00	; 0
   0129 80                  361 	.db #0x80	; 128
   012A C0                  362 	.db #0xC0	; 192
   012B 00                  363 	.db #0x00	; 0
   012C                     364 _typography0_4x6_monospaced_19:
   012C C0                  365 	.db #0xC0	; 192
   012D 80                  366 	.db #0x80	; 128
   012E 40                  367 	.db #0x40	; 64
   012F 00                  368 	.db #0x00	; 0
   0130 40                  369 	.db #0x40	; 64
   0131 00                  370 	.db #0x00	; 0
   0132 40                  371 	.db #0x40	; 64
   0133 00                  372 	.db #0x00	; 0
   0134 40                  373 	.db #0x40	; 64
   0135 00                  374 	.db #0x00	; 0
   0136 40                  375 	.db #0x40	; 64
   0137 00                  376 	.db #0x00	; 0
   0138                     377 _typography0_4x6_monospaced_20:
   0138 80                  378 	.db #0x80	; 128
   0139 80                  379 	.db #0x80	; 128
   013A 80                  380 	.db #0x80	; 128
   013B 80                  381 	.db #0x80	; 128
   013C 80                  382 	.db #0x80	; 128
   013D 80                  383 	.db #0x80	; 128
   013E 80                  384 	.db #0x80	; 128
   013F 80                  385 	.db #0x80	; 128
   0140 80                  386 	.db #0x80	; 128
   0141 80                  387 	.db #0x80	; 128
   0142 40                  388 	.db #0x40	; 64
   0143 00                  389 	.db #0x00	; 0
   0144                     390 _typography0_4x6_monospaced_21:
   0144 80                  391 	.db #0x80	; 128
   0145 80                  392 	.db #0x80	; 128
   0146 80                  393 	.db #0x80	; 128
   0147 80                  394 	.db #0x80	; 128
   0148 80                  395 	.db #0x80	; 128
   0149 80                  396 	.db #0x80	; 128
   014A 80                  397 	.db #0x80	; 128
   014B 80                  398 	.db #0x80	; 128
   014C 40                  399 	.db #0x40	; 64
   014D 00                  400 	.db #0x00	; 0
   014E 40                  401 	.db #0x40	; 64
   014F 00                  402 	.db #0x00	; 0
   0150                     403 _typography0_4x6_monospaced_22:
   0150 80                  404 	.db #0x80	; 128
   0151 80                  405 	.db #0x80	; 128
   0152 80                  406 	.db #0x80	; 128
   0153 80                  407 	.db #0x80	; 128
   0154 80                  408 	.db #0x80	; 128
   0155 80                  409 	.db #0x80	; 128
   0156 80                  410 	.db #0x80	; 128
   0157 80                  411 	.db #0x80	; 128
   0158 40                  412 	.db #0x40	; 64
   0159 00                  413 	.db #0x00	; 0
   015A 80                  414 	.db #0x80	; 128
   015B 80                  415 	.db #0x80	; 128
   015C                     416 _typography0_4x6_monospaced_23:
   015C 80                  417 	.db #0x80	; 128
   015D 80                  418 	.db #0x80	; 128
   015E 80                  419 	.db #0x80	; 128
   015F 80                  420 	.db #0x80	; 128
   0160 40                  421 	.db #0x40	; 64
   0161 00                  422 	.db #0x00	; 0
   0162 40                  423 	.db #0x40	; 64
   0163 00                  424 	.db #0x00	; 0
   0164 80                  425 	.db #0x80	; 128
   0165 80                  426 	.db #0x80	; 128
   0166 80                  427 	.db #0x80	; 128
   0167 80                  428 	.db #0x80	; 128
   0168                     429 _typography0_4x6_monospaced_24:
   0168 80                  430 	.db #0x80	; 128
   0169 80                  431 	.db #0x80	; 128
   016A 80                  432 	.db #0x80	; 128
   016B 80                  433 	.db #0x80	; 128
   016C 80                  434 	.db #0x80	; 128
   016D 80                  435 	.db #0x80	; 128
   016E 40                  436 	.db #0x40	; 64
   016F 00                  437 	.db #0x00	; 0
   0170 40                  438 	.db #0x40	; 64
   0171 00                  439 	.db #0x00	; 0
   0172 40                  440 	.db #0x40	; 64
   0173 00                  441 	.db #0x00	; 0
   0174                     442 _typography0_4x6_monospaced_25:
   0174 C0                  443 	.db #0xC0	; 192
   0175 80                  444 	.db #0x80	; 128
   0176 00                  445 	.db #0x00	; 0
   0177 80                  446 	.db #0x80	; 128
   0178 40                  447 	.db #0x40	; 64
   0179 00                  448 	.db #0x00	; 0
   017A 40                  449 	.db #0x40	; 64
   017B 00                  450 	.db #0x00	; 0
   017C 80                  451 	.db #0x80	; 128
   017D 00                  452 	.db #0x00	; 0
   017E C0                  453 	.db #0xC0	; 192
   017F 80                  454 	.db #0x80	; 128
   0180                     455 _typography0_4x6_monospaced_26:
   0180 C0                  456 	.db #0xC0	; 192
   0181 80                  457 	.db #0x80	; 128
   0182 80                  458 	.db #0x80	; 128
   0183 80                  459 	.db #0x80	; 128
   0184 80                  460 	.db #0x80	; 128
   0185 80                  461 	.db #0x80	; 128
   0186 80                  462 	.db #0x80	; 128
   0187 80                  463 	.db #0x80	; 128
   0188 80                  464 	.db #0x80	; 128
   0189 80                  465 	.db #0x80	; 128
   018A C0                  466 	.db #0xC0	; 192
   018B 80                  467 	.db #0x80	; 128
   018C                     468 _typography0_4x6_monospaced_27:
   018C 40                  469 	.db #0x40	; 64
   018D 00                  470 	.db #0x00	; 0
   018E C0                  471 	.db #0xC0	; 192
   018F 00                  472 	.db #0x00	; 0
   0190 40                  473 	.db #0x40	; 64
   0191 00                  474 	.db #0x00	; 0
   0192 40                  475 	.db #0x40	; 64
   0193 00                  476 	.db #0x00	; 0
   0194 40                  477 	.db #0x40	; 64
   0195 00                  478 	.db #0x00	; 0
   0196 C0                  479 	.db #0xC0	; 192
   0197 80                  480 	.db #0x80	; 128
   0198                     481 _typography0_4x6_monospaced_28:
   0198 40                  482 	.db #0x40	; 64
   0199 00                  483 	.db #0x00	; 0
   019A 80                  484 	.db #0x80	; 128
   019B 80                  485 	.db #0x80	; 128
   019C 00                  486 	.db #0x00	; 0
   019D 80                  487 	.db #0x80	; 128
   019E 40                  488 	.db #0x40	; 64
   019F 00                  489 	.db #0x00	; 0
   01A0 80                  490 	.db #0x80	; 128
   01A1 00                  491 	.db #0x00	; 0
   01A2 C0                  492 	.db #0xC0	; 192
   01A3 80                  493 	.db #0x80	; 128
   01A4                     494 _typography0_4x6_monospaced_29:
   01A4 C0                  495 	.db #0xC0	; 192
   01A5 00                  496 	.db #0x00	; 0
   01A6 00                  497 	.db #0x00	; 0
   01A7 80                  498 	.db #0x80	; 128
   01A8 40                  499 	.db #0x40	; 64
   01A9 00                  500 	.db #0x00	; 0
   01AA 00                  501 	.db #0x00	; 0
   01AB 80                  502 	.db #0x80	; 128
   01AC 00                  503 	.db #0x00	; 0
   01AD 80                  504 	.db #0x80	; 128
   01AE C0                  505 	.db #0xC0	; 192
   01AF 00                  506 	.db #0x00	; 0
   01B0                     507 _typography0_4x6_monospaced_30:
   01B0 80                  508 	.db #0x80	; 128
   01B1 00                  509 	.db #0x00	; 0
   01B2 80                  510 	.db #0x80	; 128
   01B3 00                  511 	.db #0x00	; 0
   01B4 80                  512 	.db #0x80	; 128
   01B5 80                  513 	.db #0x80	; 128
   01B6 C0                  514 	.db #0xC0	; 192
   01B7 80                  515 	.db #0x80	; 128
   01B8 00                  516 	.db #0x00	; 0
   01B9 80                  517 	.db #0x80	; 128
   01BA 00                  518 	.db #0x00	; 0
   01BB 80                  519 	.db #0x80	; 128
   01BC                     520 _typography0_4x6_monospaced_31:
   01BC C0                  521 	.db #0xC0	; 192
   01BD 80                  522 	.db #0x80	; 128
   01BE 80                  523 	.db #0x80	; 128
   01BF 00                  524 	.db #0x00	; 0
   01C0 C0                  525 	.db #0xC0	; 192
   01C1 00                  526 	.db #0x00	; 0
   01C2 00                  527 	.db #0x00	; 0
   01C3 80                  528 	.db #0x80	; 128
   01C4 00                  529 	.db #0x00	; 0
   01C5 80                  530 	.db #0x80	; 128
   01C6 C0                  531 	.db #0xC0	; 192
   01C7 00                  532 	.db #0x00	; 0
   01C8                     533 _typography0_4x6_monospaced_32:
   01C8 40                  534 	.db #0x40	; 64
   01C9 80                  535 	.db #0x80	; 128
   01CA 80                  536 	.db #0x80	; 128
   01CB 00                  537 	.db #0x00	; 0
   01CC C0                  538 	.db #0xC0	; 192
   01CD 00                  539 	.db #0x00	; 0
   01CE 80                  540 	.db #0x80	; 128
   01CF 80                  541 	.db #0x80	; 128
   01D0 80                  542 	.db #0x80	; 128
   01D1 80                  543 	.db #0x80	; 128
   01D2 40                  544 	.db #0x40	; 64
   01D3 00                  545 	.db #0x00	; 0
   01D4                     546 _typography0_4x6_monospaced_33:
   01D4 C0                  547 	.db #0xC0	; 192
   01D5 80                  548 	.db #0x80	; 128
   01D6 00                  549 	.db #0x00	; 0
   01D7 80                  550 	.db #0x80	; 128
   01D8 40                  551 	.db #0x40	; 64
   01D9 00                  552 	.db #0x00	; 0
   01DA 40                  553 	.db #0x40	; 64
   01DB 00                  554 	.db #0x00	; 0
   01DC 80                  555 	.db #0x80	; 128
   01DD 00                  556 	.db #0x00	; 0
   01DE 80                  557 	.db #0x80	; 128
   01DF 00                  558 	.db #0x00	; 0
   01E0                     559 _typography0_4x6_monospaced_34:
   01E0 40                  560 	.db #0x40	; 64
   01E1 00                  561 	.db #0x00	; 0
   01E2 80                  562 	.db #0x80	; 128
   01E3 80                  563 	.db #0x80	; 128
   01E4 40                  564 	.db #0x40	; 64
   01E5 00                  565 	.db #0x00	; 0
   01E6 80                  566 	.db #0x80	; 128
   01E7 80                  567 	.db #0x80	; 128
   01E8 80                  568 	.db #0x80	; 128
   01E9 80                  569 	.db #0x80	; 128
   01EA 40                  570 	.db #0x40	; 64
   01EB 00                  571 	.db #0x00	; 0
   01EC                     572 _typography0_4x6_monospaced_35:
   01EC 40                  573 	.db #0x40	; 64
   01ED 00                  574 	.db #0x00	; 0
   01EE 80                  575 	.db #0x80	; 128
   01EF 80                  576 	.db #0x80	; 128
   01F0 80                  577 	.db #0x80	; 128
   01F1 80                  578 	.db #0x80	; 128
   01F2 40                  579 	.db #0x40	; 64
   01F3 80                  580 	.db #0x80	; 128
   01F4 00                  581 	.db #0x00	; 0
   01F5 80                  582 	.db #0x80	; 128
   01F6 C0                  583 	.db #0xC0	; 192
   01F7 00                  584 	.db #0x00	; 0
                            585 	.area _INITIALIZER
                            586 	.area _CABS (ABS)
