                              1 ;--------------------------------------------------------
                              2 ; File Created by SDCC : free open source ANSI-C Compiler
                              3 ; Version 3.5.5 #9498 (Linux)
                              4 ;--------------------------------------------------------
                              5 	.module compass
                              6 	.optsdcc -mz80
                              7 	
                              8 ;--------------------------------------------------------
                              9 ; Public variables in this module
                             10 ;--------------------------------------------------------
                             11 	.globl _g_tile_compass_3
                             12 	.globl _g_tile_compass_2
                             13 	.globl _g_tile_compass_1
                             14 	.globl _g_tile_compass_0
                             15 	.globl _g_tile_compass
                             16 ;--------------------------------------------------------
                             17 ; special function registers
                             18 ;--------------------------------------------------------
                             19 ;--------------------------------------------------------
                             20 ; ram data
                             21 ;--------------------------------------------------------
                             22 	.area _DATA
                             23 ;--------------------------------------------------------
                             24 ; ram data
                             25 ;--------------------------------------------------------
                             26 	.area _INITIALIZED
                             27 ;--------------------------------------------------------
                             28 ; absolute external ram data
                             29 ;--------------------------------------------------------
                             30 	.area _DABS (ABS)
                             31 ;--------------------------------------------------------
                             32 ; global & static initialisations
                             33 ;--------------------------------------------------------
                             34 	.area _HOME
                             35 	.area _GSINIT
                             36 	.area _GSFINAL
                             37 	.area _GSINIT
                             38 ;--------------------------------------------------------
                             39 ; Home
                             40 ;--------------------------------------------------------
                             41 	.area _HOME
                             42 	.area _HOME
                             43 ;--------------------------------------------------------
                             44 ; code
                             45 ;--------------------------------------------------------
                             46 	.area _CODE
                             47 	.area _CODE
   0000                      48 _g_tile_compass:
   0000r08r00                49 	.dw _g_tile_compass_0
   0002r88r00                50 	.dw _g_tile_compass_1
   0004r08r01                51 	.dw _g_tile_compass_2
   0006r88r01                52 	.dw _g_tile_compass_3
   0008                      53 _g_tile_compass_0:
   0008 33                   54 	.db #0x33	; 51	'3'
   0009 33                   55 	.db #0x33	; 51	'3'
   000A 26                   56 	.db #0x26	; 38
   000B 0C                   57 	.db #0x0C	; 12
   000C 0C                   58 	.db #0x0C	; 12
   000D 19                   59 	.db #0x19	; 25
   000E 33                   60 	.db #0x33	; 51	'3'
   000F 33                   61 	.db #0x33	; 51	'3'
   0010 33                   62 	.db #0x33	; 51	'3'
   0011 26                   63 	.db #0x26	; 38
   0012 48                   64 	.db #0x48	; 72	'H'
   0013 C0                   65 	.db #0xC0	; 192
   0014 C0                   66 	.db #0xC0	; 192
   0015 84                   67 	.db #0x84	; 132
   0016 19                   68 	.db #0x19	; 25
   0017 33                   69 	.db #0x33	; 51	'3'
   0018 33                   70 	.db #0x33	; 51	'3'
   0019 0C                   71 	.db #0x0C	; 12
   001A C0                   72 	.db #0xC0	; 192
   001B C0                   73 	.db #0xC0	; 192
   001C C0                   74 	.db #0xC0	; 192
   001D C0                   75 	.db #0xC0	; 192
   001E 0C                   76 	.db #0x0C	; 12
   001F 33                   77 	.db #0x33	; 51	'3'
   0020 26                   78 	.db #0x26	; 38
   0021 48                   79 	.db #0x48	; 72	'H'
   0022 C0                   80 	.db #0xC0	; 192
   0023 C0                   81 	.db #0xC0	; 192
   0024 C0                   82 	.db #0xC0	; 192
   0025 C0                   83 	.db #0xC0	; 192
   0026 84                   84 	.db #0x84	; 132
   0027 19                   85 	.db #0x19	; 25
   0028 26                   86 	.db #0x26	; 38
   0029 C0                   87 	.db #0xC0	; 192
   002A C0                   88 	.db #0xC0	; 192
   002B C0                   89 	.db #0xC0	; 192
   002C C0                   90 	.db #0xC0	; 192
   002D C0                   91 	.db #0xC0	; 192
   002E C0                   92 	.db #0xC0	; 192
   002F 19                   93 	.db #0x19	; 25
   0030 48                   94 	.db #0x48	; 72	'H'
   0031 C0                   95 	.db #0xC0	; 192
   0032 C0                   96 	.db #0xC0	; 192
   0033 C0                   97 	.db #0xC0	; 192
   0034 C0                   98 	.db #0xC0	; 192
   0035 C0                   99 	.db #0xC0	; 192
   0036 C0                  100 	.db #0xC0	; 192
   0037 84                  101 	.db #0x84	; 132
   0038 48                  102 	.db #0x48	; 72	'H'
   0039 C0                  103 	.db #0xC0	; 192
   003A C0                  104 	.db #0xC0	; 192
   003B C0                  105 	.db #0xC0	; 192
   003C C0                  106 	.db #0xC0	; 192
   003D C0                  107 	.db #0xC0	; 192
   003E C0                  108 	.db #0xC0	; 192
   003F 84                  109 	.db #0x84	; 132
   0040 48                  110 	.db #0x48	; 72	'H'
   0041 C0                  111 	.db #0xC0	; 192
   0042 C0                  112 	.db #0xC0	; 192
   0043 C0                  113 	.db #0xC0	; 192
   0044 CC                  114 	.db #0xCC	; 204
   0045 CC                  115 	.db #0xCC	; 204
   0046 CC                  116 	.db #0xCC	; 204
   0047 8C                  117 	.db #0x8C	; 140
   0048 48                  118 	.db #0x48	; 72	'H'
   0049 C0                  119 	.db #0xC0	; 192
   004A C0                  120 	.db #0xC0	; 192
   004B C0                  121 	.db #0xC0	; 192
   004C CC                  122 	.db #0xCC	; 204
   004D CC                  123 	.db #0xCC	; 204
   004E CC                  124 	.db #0xCC	; 204
   004F 8C                  125 	.db #0x8C	; 140
   0050 48                  126 	.db #0x48	; 72	'H'
   0051 C0                  127 	.db #0xC0	; 192
   0052 C0                  128 	.db #0xC0	; 192
   0053 C0                  129 	.db #0xC0	; 192
   0054 C0                  130 	.db #0xC0	; 192
   0055 C0                  131 	.db #0xC0	; 192
   0056 C0                  132 	.db #0xC0	; 192
   0057 84                  133 	.db #0x84	; 132
   0058 48                  134 	.db #0x48	; 72	'H'
   0059 C0                  135 	.db #0xC0	; 192
   005A C0                  136 	.db #0xC0	; 192
   005B C0                  137 	.db #0xC0	; 192
   005C C0                  138 	.db #0xC0	; 192
   005D C0                  139 	.db #0xC0	; 192
   005E C0                  140 	.db #0xC0	; 192
   005F 84                  141 	.db #0x84	; 132
   0060 26                  142 	.db #0x26	; 38
   0061 C0                  143 	.db #0xC0	; 192
   0062 C0                  144 	.db #0xC0	; 192
   0063 C0                  145 	.db #0xC0	; 192
   0064 C0                  146 	.db #0xC0	; 192
   0065 C0                  147 	.db #0xC0	; 192
   0066 C0                  148 	.db #0xC0	; 192
   0067 19                  149 	.db #0x19	; 25
   0068 26                  150 	.db #0x26	; 38
   0069 48                  151 	.db #0x48	; 72	'H'
   006A C0                  152 	.db #0xC0	; 192
   006B C0                  153 	.db #0xC0	; 192
   006C C0                  154 	.db #0xC0	; 192
   006D C0                  155 	.db #0xC0	; 192
   006E 84                  156 	.db #0x84	; 132
   006F 19                  157 	.db #0x19	; 25
   0070 33                  158 	.db #0x33	; 51	'3'
   0071 0C                  159 	.db #0x0C	; 12
   0072 C0                  160 	.db #0xC0	; 192
   0073 C0                  161 	.db #0xC0	; 192
   0074 C0                  162 	.db #0xC0	; 192
   0075 C0                  163 	.db #0xC0	; 192
   0076 0C                  164 	.db #0x0C	; 12
   0077 33                  165 	.db #0x33	; 51	'3'
   0078 33                  166 	.db #0x33	; 51	'3'
   0079 26                  167 	.db #0x26	; 38
   007A 48                  168 	.db #0x48	; 72	'H'
   007B C0                  169 	.db #0xC0	; 192
   007C C0                  170 	.db #0xC0	; 192
   007D 84                  171 	.db #0x84	; 132
   007E 19                  172 	.db #0x19	; 25
   007F 33                  173 	.db #0x33	; 51	'3'
   0080 33                  174 	.db #0x33	; 51	'3'
   0081 33                  175 	.db #0x33	; 51	'3'
   0082 26                  176 	.db #0x26	; 38
   0083 0C                  177 	.db #0x0C	; 12
   0084 0C                  178 	.db #0x0C	; 12
   0085 19                  179 	.db #0x19	; 25
   0086 33                  180 	.db #0x33	; 51	'3'
   0087 33                  181 	.db #0x33	; 51	'3'
   0088                     182 _g_tile_compass_1:
   0088 33                  183 	.db #0x33	; 51	'3'
   0089 33                  184 	.db #0x33	; 51	'3'
   008A 26                  185 	.db #0x26	; 38
   008B 0C                  186 	.db #0x0C	; 12
   008C 0C                  187 	.db #0x0C	; 12
   008D 19                  188 	.db #0x19	; 25
   008E 33                  189 	.db #0x33	; 51	'3'
   008F 33                  190 	.db #0x33	; 51	'3'
   0090 33                  191 	.db #0x33	; 51	'3'
   0091 26                  192 	.db #0x26	; 38
   0092 48                  193 	.db #0x48	; 72	'H'
   0093 C4                  194 	.db #0xC4	; 196
   0094 C8                  195 	.db #0xC8	; 200
   0095 84                  196 	.db #0x84	; 132
   0096 19                  197 	.db #0x19	; 25
   0097 33                  198 	.db #0x33	; 51	'3'
   0098 33                  199 	.db #0x33	; 51	'3'
   0099 0C                  200 	.db #0x0C	; 12
   009A C0                  201 	.db #0xC0	; 192
   009B C4                  202 	.db #0xC4	; 196
   009C C8                  203 	.db #0xC8	; 200
   009D C0                  204 	.db #0xC0	; 192
   009E 0C                  205 	.db #0x0C	; 12
   009F 33                  206 	.db #0x33	; 51	'3'
   00A0 26                  207 	.db #0x26	; 38
   00A1 48                  208 	.db #0x48	; 72	'H'
   00A2 C0                  209 	.db #0xC0	; 192
   00A3 C4                  210 	.db #0xC4	; 196
   00A4 C8                  211 	.db #0xC8	; 200
   00A5 C0                  212 	.db #0xC0	; 192
   00A6 84                  213 	.db #0x84	; 132
   00A7 19                  214 	.db #0x19	; 25
   00A8 26                  215 	.db #0x26	; 38
   00A9 C0                  216 	.db #0xC0	; 192
   00AA C0                  217 	.db #0xC0	; 192
   00AB C4                  218 	.db #0xC4	; 196
   00AC C8                  219 	.db #0xC8	; 200
   00AD C0                  220 	.db #0xC0	; 192
   00AE C0                  221 	.db #0xC0	; 192
   00AF 19                  222 	.db #0x19	; 25
   00B0 48                  223 	.db #0x48	; 72	'H'
   00B1 C0                  224 	.db #0xC0	; 192
   00B2 C0                  225 	.db #0xC0	; 192
   00B3 C4                  226 	.db #0xC4	; 196
   00B4 C8                  227 	.db #0xC8	; 200
   00B5 C0                  228 	.db #0xC0	; 192
   00B6 C0                  229 	.db #0xC0	; 192
   00B7 84                  230 	.db #0x84	; 132
   00B8 48                  231 	.db #0x48	; 72	'H'
   00B9 C0                  232 	.db #0xC0	; 192
   00BA C0                  233 	.db #0xC0	; 192
   00BB C4                  234 	.db #0xC4	; 196
   00BC C8                  235 	.db #0xC8	; 200
   00BD C0                  236 	.db #0xC0	; 192
   00BE C0                  237 	.db #0xC0	; 192
   00BF 84                  238 	.db #0x84	; 132
   00C0 48                  239 	.db #0x48	; 72	'H'
   00C1 C0                  240 	.db #0xC0	; 192
   00C2 C0                  241 	.db #0xC0	; 192
   00C3 C4                  242 	.db #0xC4	; 196
   00C4 C8                  243 	.db #0xC8	; 200
   00C5 C0                  244 	.db #0xC0	; 192
   00C6 C0                  245 	.db #0xC0	; 192
   00C7 84                  246 	.db #0x84	; 132
   00C8 48                  247 	.db #0x48	; 72	'H'
   00C9 C0                  248 	.db #0xC0	; 192
   00CA C0                  249 	.db #0xC0	; 192
   00CB C0                  250 	.db #0xC0	; 192
   00CC C0                  251 	.db #0xC0	; 192
   00CD C0                  252 	.db #0xC0	; 192
   00CE C0                  253 	.db #0xC0	; 192
   00CF 84                  254 	.db #0x84	; 132
   00D0 48                  255 	.db #0x48	; 72	'H'
   00D1 C0                  256 	.db #0xC0	; 192
   00D2 C0                  257 	.db #0xC0	; 192
   00D3 C0                  258 	.db #0xC0	; 192
   00D4 C0                  259 	.db #0xC0	; 192
   00D5 C0                  260 	.db #0xC0	; 192
   00D6 C0                  261 	.db #0xC0	; 192
   00D7 84                  262 	.db #0x84	; 132
   00D8 48                  263 	.db #0x48	; 72	'H'
   00D9 C0                  264 	.db #0xC0	; 192
   00DA C0                  265 	.db #0xC0	; 192
   00DB C0                  266 	.db #0xC0	; 192
   00DC C0                  267 	.db #0xC0	; 192
   00DD C0                  268 	.db #0xC0	; 192
   00DE C0                  269 	.db #0xC0	; 192
   00DF 84                  270 	.db #0x84	; 132
   00E0 26                  271 	.db #0x26	; 38
   00E1 C0                  272 	.db #0xC0	; 192
   00E2 C0                  273 	.db #0xC0	; 192
   00E3 C0                  274 	.db #0xC0	; 192
   00E4 C0                  275 	.db #0xC0	; 192
   00E5 C0                  276 	.db #0xC0	; 192
   00E6 C0                  277 	.db #0xC0	; 192
   00E7 19                  278 	.db #0x19	; 25
   00E8 26                  279 	.db #0x26	; 38
   00E9 48                  280 	.db #0x48	; 72	'H'
   00EA C0                  281 	.db #0xC0	; 192
   00EB C0                  282 	.db #0xC0	; 192
   00EC C0                  283 	.db #0xC0	; 192
   00ED C0                  284 	.db #0xC0	; 192
   00EE 84                  285 	.db #0x84	; 132
   00EF 19                  286 	.db #0x19	; 25
   00F0 33                  287 	.db #0x33	; 51	'3'
   00F1 0C                  288 	.db #0x0C	; 12
   00F2 C0                  289 	.db #0xC0	; 192
   00F3 C0                  290 	.db #0xC0	; 192
   00F4 C0                  291 	.db #0xC0	; 192
   00F5 C0                  292 	.db #0xC0	; 192
   00F6 0C                  293 	.db #0x0C	; 12
   00F7 33                  294 	.db #0x33	; 51	'3'
   00F8 33                  295 	.db #0x33	; 51	'3'
   00F9 26                  296 	.db #0x26	; 38
   00FA 48                  297 	.db #0x48	; 72	'H'
   00FB C0                  298 	.db #0xC0	; 192
   00FC C0                  299 	.db #0xC0	; 192
   00FD 84                  300 	.db #0x84	; 132
   00FE 19                  301 	.db #0x19	; 25
   00FF 33                  302 	.db #0x33	; 51	'3'
   0100 33                  303 	.db #0x33	; 51	'3'
   0101 33                  304 	.db #0x33	; 51	'3'
   0102 26                  305 	.db #0x26	; 38
   0103 0C                  306 	.db #0x0C	; 12
   0104 0C                  307 	.db #0x0C	; 12
   0105 19                  308 	.db #0x19	; 25
   0106 33                  309 	.db #0x33	; 51	'3'
   0107 33                  310 	.db #0x33	; 51	'3'
   0108                     311 _g_tile_compass_2:
   0108 33                  312 	.db #0x33	; 51	'3'
   0109 33                  313 	.db #0x33	; 51	'3'
   010A 26                  314 	.db #0x26	; 38
   010B 0C                  315 	.db #0x0C	; 12
   010C 0C                  316 	.db #0x0C	; 12
   010D 19                  317 	.db #0x19	; 25
   010E 33                  318 	.db #0x33	; 51	'3'
   010F 33                  319 	.db #0x33	; 51	'3'
   0110 33                  320 	.db #0x33	; 51	'3'
   0111 26                  321 	.db #0x26	; 38
   0112 48                  322 	.db #0x48	; 72	'H'
   0113 C0                  323 	.db #0xC0	; 192
   0114 C0                  324 	.db #0xC0	; 192
   0115 84                  325 	.db #0x84	; 132
   0116 19                  326 	.db #0x19	; 25
   0117 33                  327 	.db #0x33	; 51	'3'
   0118 33                  328 	.db #0x33	; 51	'3'
   0119 0C                  329 	.db #0x0C	; 12
   011A C0                  330 	.db #0xC0	; 192
   011B C0                  331 	.db #0xC0	; 192
   011C C0                  332 	.db #0xC0	; 192
   011D C0                  333 	.db #0xC0	; 192
   011E 0C                  334 	.db #0x0C	; 12
   011F 33                  335 	.db #0x33	; 51	'3'
   0120 26                  336 	.db #0x26	; 38
   0121 48                  337 	.db #0x48	; 72	'H'
   0122 C0                  338 	.db #0xC0	; 192
   0123 C0                  339 	.db #0xC0	; 192
   0124 C0                  340 	.db #0xC0	; 192
   0125 C0                  341 	.db #0xC0	; 192
   0126 84                  342 	.db #0x84	; 132
   0127 19                  343 	.db #0x19	; 25
   0128 26                  344 	.db #0x26	; 38
   0129 C0                  345 	.db #0xC0	; 192
   012A C0                  346 	.db #0xC0	; 192
   012B C0                  347 	.db #0xC0	; 192
   012C C0                  348 	.db #0xC0	; 192
   012D C0                  349 	.db #0xC0	; 192
   012E C0                  350 	.db #0xC0	; 192
   012F 19                  351 	.db #0x19	; 25
   0130 48                  352 	.db #0x48	; 72	'H'
   0131 C0                  353 	.db #0xC0	; 192
   0132 C0                  354 	.db #0xC0	; 192
   0133 C0                  355 	.db #0xC0	; 192
   0134 C0                  356 	.db #0xC0	; 192
   0135 C0                  357 	.db #0xC0	; 192
   0136 C0                  358 	.db #0xC0	; 192
   0137 84                  359 	.db #0x84	; 132
   0138 48                  360 	.db #0x48	; 72	'H'
   0139 C0                  361 	.db #0xC0	; 192
   013A C0                  362 	.db #0xC0	; 192
   013B C0                  363 	.db #0xC0	; 192
   013C C0                  364 	.db #0xC0	; 192
   013D C0                  365 	.db #0xC0	; 192
   013E C0                  366 	.db #0xC0	; 192
   013F 84                  367 	.db #0x84	; 132
   0140 4C                  368 	.db #0x4C	; 76	'L'
   0141 CC                  369 	.db #0xCC	; 204
   0142 CC                  370 	.db #0xCC	; 204
   0143 CC                  371 	.db #0xCC	; 204
   0144 C0                  372 	.db #0xC0	; 192
   0145 C0                  373 	.db #0xC0	; 192
   0146 C0                  374 	.db #0xC0	; 192
   0147 84                  375 	.db #0x84	; 132
   0148 4C                  376 	.db #0x4C	; 76	'L'
   0149 CC                  377 	.db #0xCC	; 204
   014A CC                  378 	.db #0xCC	; 204
   014B CC                  379 	.db #0xCC	; 204
   014C C0                  380 	.db #0xC0	; 192
   014D C0                  381 	.db #0xC0	; 192
   014E C0                  382 	.db #0xC0	; 192
   014F 84                  383 	.db #0x84	; 132
   0150 48                  384 	.db #0x48	; 72	'H'
   0151 C0                  385 	.db #0xC0	; 192
   0152 C0                  386 	.db #0xC0	; 192
   0153 C0                  387 	.db #0xC0	; 192
   0154 C0                  388 	.db #0xC0	; 192
   0155 C0                  389 	.db #0xC0	; 192
   0156 C0                  390 	.db #0xC0	; 192
   0157 84                  391 	.db #0x84	; 132
   0158 48                  392 	.db #0x48	; 72	'H'
   0159 C0                  393 	.db #0xC0	; 192
   015A C0                  394 	.db #0xC0	; 192
   015B C0                  395 	.db #0xC0	; 192
   015C C0                  396 	.db #0xC0	; 192
   015D C0                  397 	.db #0xC0	; 192
   015E C0                  398 	.db #0xC0	; 192
   015F 84                  399 	.db #0x84	; 132
   0160 26                  400 	.db #0x26	; 38
   0161 C0                  401 	.db #0xC0	; 192
   0162 C0                  402 	.db #0xC0	; 192
   0163 C0                  403 	.db #0xC0	; 192
   0164 C0                  404 	.db #0xC0	; 192
   0165 C0                  405 	.db #0xC0	; 192
   0166 C0                  406 	.db #0xC0	; 192
   0167 19                  407 	.db #0x19	; 25
   0168 26                  408 	.db #0x26	; 38
   0169 48                  409 	.db #0x48	; 72	'H'
   016A C0                  410 	.db #0xC0	; 192
   016B C0                  411 	.db #0xC0	; 192
   016C C0                  412 	.db #0xC0	; 192
   016D C0                  413 	.db #0xC0	; 192
   016E 84                  414 	.db #0x84	; 132
   016F 19                  415 	.db #0x19	; 25
   0170 33                  416 	.db #0x33	; 51	'3'
   0171 0C                  417 	.db #0x0C	; 12
   0172 C0                  418 	.db #0xC0	; 192
   0173 C0                  419 	.db #0xC0	; 192
   0174 C0                  420 	.db #0xC0	; 192
   0175 C0                  421 	.db #0xC0	; 192
   0176 0C                  422 	.db #0x0C	; 12
   0177 33                  423 	.db #0x33	; 51	'3'
   0178 33                  424 	.db #0x33	; 51	'3'
   0179 26                  425 	.db #0x26	; 38
   017A 48                  426 	.db #0x48	; 72	'H'
   017B C0                  427 	.db #0xC0	; 192
   017C C0                  428 	.db #0xC0	; 192
   017D 84                  429 	.db #0x84	; 132
   017E 19                  430 	.db #0x19	; 25
   017F 33                  431 	.db #0x33	; 51	'3'
   0180 33                  432 	.db #0x33	; 51	'3'
   0181 33                  433 	.db #0x33	; 51	'3'
   0182 26                  434 	.db #0x26	; 38
   0183 0C                  435 	.db #0x0C	; 12
   0184 0C                  436 	.db #0x0C	; 12
   0185 19                  437 	.db #0x19	; 25
   0186 33                  438 	.db #0x33	; 51	'3'
   0187 33                  439 	.db #0x33	; 51	'3'
   0188                     440 _g_tile_compass_3:
   0188 33                  441 	.db #0x33	; 51	'3'
   0189 33                  442 	.db #0x33	; 51	'3'
   018A 26                  443 	.db #0x26	; 38
   018B 0C                  444 	.db #0x0C	; 12
   018C 0C                  445 	.db #0x0C	; 12
   018D 19                  446 	.db #0x19	; 25
   018E 33                  447 	.db #0x33	; 51	'3'
   018F 33                  448 	.db #0x33	; 51	'3'
   0190 33                  449 	.db #0x33	; 51	'3'
   0191 26                  450 	.db #0x26	; 38
   0192 48                  451 	.db #0x48	; 72	'H'
   0193 C0                  452 	.db #0xC0	; 192
   0194 C0                  453 	.db #0xC0	; 192
   0195 84                  454 	.db #0x84	; 132
   0196 19                  455 	.db #0x19	; 25
   0197 33                  456 	.db #0x33	; 51	'3'
   0198 33                  457 	.db #0x33	; 51	'3'
   0199 0C                  458 	.db #0x0C	; 12
   019A C0                  459 	.db #0xC0	; 192
   019B C0                  460 	.db #0xC0	; 192
   019C C0                  461 	.db #0xC0	; 192
   019D C0                  462 	.db #0xC0	; 192
   019E 0C                  463 	.db #0x0C	; 12
   019F 33                  464 	.db #0x33	; 51	'3'
   01A0 26                  465 	.db #0x26	; 38
   01A1 48                  466 	.db #0x48	; 72	'H'
   01A2 C0                  467 	.db #0xC0	; 192
   01A3 C0                  468 	.db #0xC0	; 192
   01A4 C0                  469 	.db #0xC0	; 192
   01A5 C0                  470 	.db #0xC0	; 192
   01A6 84                  471 	.db #0x84	; 132
   01A7 19                  472 	.db #0x19	; 25
   01A8 26                  473 	.db #0x26	; 38
   01A9 C0                  474 	.db #0xC0	; 192
   01AA C0                  475 	.db #0xC0	; 192
   01AB C0                  476 	.db #0xC0	; 192
   01AC C0                  477 	.db #0xC0	; 192
   01AD C0                  478 	.db #0xC0	; 192
   01AE C0                  479 	.db #0xC0	; 192
   01AF 19                  480 	.db #0x19	; 25
   01B0 48                  481 	.db #0x48	; 72	'H'
   01B1 C0                  482 	.db #0xC0	; 192
   01B2 C0                  483 	.db #0xC0	; 192
   01B3 C0                  484 	.db #0xC0	; 192
   01B4 C0                  485 	.db #0xC0	; 192
   01B5 C0                  486 	.db #0xC0	; 192
   01B6 C0                  487 	.db #0xC0	; 192
   01B7 84                  488 	.db #0x84	; 132
   01B8 48                  489 	.db #0x48	; 72	'H'
   01B9 C0                  490 	.db #0xC0	; 192
   01BA C0                  491 	.db #0xC0	; 192
   01BB C0                  492 	.db #0xC0	; 192
   01BC C0                  493 	.db #0xC0	; 192
   01BD C0                  494 	.db #0xC0	; 192
   01BE C0                  495 	.db #0xC0	; 192
   01BF 84                  496 	.db #0x84	; 132
   01C0 48                  497 	.db #0x48	; 72	'H'
   01C1 C0                  498 	.db #0xC0	; 192
   01C2 C0                  499 	.db #0xC0	; 192
   01C3 C0                  500 	.db #0xC0	; 192
   01C4 C0                  501 	.db #0xC0	; 192
   01C5 C0                  502 	.db #0xC0	; 192
   01C6 C0                  503 	.db #0xC0	; 192
   01C7 84                  504 	.db #0x84	; 132
   01C8 48                  505 	.db #0x48	; 72	'H'
   01C9 C0                  506 	.db #0xC0	; 192
   01CA C0                  507 	.db #0xC0	; 192
   01CB C4                  508 	.db #0xC4	; 196
   01CC C8                  509 	.db #0xC8	; 200
   01CD C0                  510 	.db #0xC0	; 192
   01CE C0                  511 	.db #0xC0	; 192
   01CF 84                  512 	.db #0x84	; 132
   01D0 48                  513 	.db #0x48	; 72	'H'
   01D1 C0                  514 	.db #0xC0	; 192
   01D2 C0                  515 	.db #0xC0	; 192
   01D3 C4                  516 	.db #0xC4	; 196
   01D4 C8                  517 	.db #0xC8	; 200
   01D5 C0                  518 	.db #0xC0	; 192
   01D6 C0                  519 	.db #0xC0	; 192
   01D7 84                  520 	.db #0x84	; 132
   01D8 48                  521 	.db #0x48	; 72	'H'
   01D9 C0                  522 	.db #0xC0	; 192
   01DA C0                  523 	.db #0xC0	; 192
   01DB C4                  524 	.db #0xC4	; 196
   01DC C8                  525 	.db #0xC8	; 200
   01DD C0                  526 	.db #0xC0	; 192
   01DE C0                  527 	.db #0xC0	; 192
   01DF 84                  528 	.db #0x84	; 132
   01E0 26                  529 	.db #0x26	; 38
   01E1 C0                  530 	.db #0xC0	; 192
   01E2 C0                  531 	.db #0xC0	; 192
   01E3 C4                  532 	.db #0xC4	; 196
   01E4 C8                  533 	.db #0xC8	; 200
   01E5 C0                  534 	.db #0xC0	; 192
   01E6 C0                  535 	.db #0xC0	; 192
   01E7 19                  536 	.db #0x19	; 25
   01E8 26                  537 	.db #0x26	; 38
   01E9 48                  538 	.db #0x48	; 72	'H'
   01EA C0                  539 	.db #0xC0	; 192
   01EB C4                  540 	.db #0xC4	; 196
   01EC C8                  541 	.db #0xC8	; 200
   01ED C0                  542 	.db #0xC0	; 192
   01EE 84                  543 	.db #0x84	; 132
   01EF 19                  544 	.db #0x19	; 25
   01F0 33                  545 	.db #0x33	; 51	'3'
   01F1 0C                  546 	.db #0x0C	; 12
   01F2 C0                  547 	.db #0xC0	; 192
   01F3 C4                  548 	.db #0xC4	; 196
   01F4 C8                  549 	.db #0xC8	; 200
   01F5 C0                  550 	.db #0xC0	; 192
   01F6 0C                  551 	.db #0x0C	; 12
   01F7 33                  552 	.db #0x33	; 51	'3'
   01F8 33                  553 	.db #0x33	; 51	'3'
   01F9 26                  554 	.db #0x26	; 38
   01FA 48                  555 	.db #0x48	; 72	'H'
   01FB C4                  556 	.db #0xC4	; 196
   01FC C8                  557 	.db #0xC8	; 200
   01FD 84                  558 	.db #0x84	; 132
   01FE 19                  559 	.db #0x19	; 25
   01FF 33                  560 	.db #0x33	; 51	'3'
   0200 33                  561 	.db #0x33	; 51	'3'
   0201 33                  562 	.db #0x33	; 51	'3'
   0202 26                  563 	.db #0x26	; 38
   0203 0C                  564 	.db #0x0C	; 12
   0204 0C                  565 	.db #0x0C	; 12
   0205 19                  566 	.db #0x19	; 25
   0206 33                  567 	.db #0x33	; 51	'3'
   0207 33                  568 	.db #0x33	; 51	'3'
                            569 	.area _INITIALIZER
                            570 	.area _CABS (ABS)
