                              1 ;--------------------------------------------------------
                              2 ; File Created by SDCC : free open source ANSI-C Compiler
                              3 ; Version 3.5.5 #9498 (Linux)
                              4 ;--------------------------------------------------------
                              5 	.module items_tileset
                              6 	.optsdcc -mz80
                              7 	
                              8 ;--------------------------------------------------------
                              9 ; Public variables in this module
                             10 ;--------------------------------------------------------
                             11 	.globl _items_tileset
                             12 ;--------------------------------------------------------
                             13 ; special function registers
                             14 ;--------------------------------------------------------
                             15 ;--------------------------------------------------------
                             16 ; ram data
                             17 ;--------------------------------------------------------
                             18 	.area _DATA
                             19 ;--------------------------------------------------------
                             20 ; ram data
                             21 ;--------------------------------------------------------
                             22 	.area _INITIALIZED
                             23 ;--------------------------------------------------------
                             24 ; absolute external ram data
                             25 ;--------------------------------------------------------
                             26 	.area _DABS (ABS)
                             27 ;--------------------------------------------------------
                             28 ; global & static initialisations
                             29 ;--------------------------------------------------------
                             30 	.area _HOME
                             31 	.area _GSINIT
                             32 	.area _GSFINAL
                             33 	.area _GSINIT
                             34 ;--------------------------------------------------------
                             35 ; Home
                             36 ;--------------------------------------------------------
                             37 	.area _HOME
                             38 	.area _HOME
                             39 ;--------------------------------------------------------
                             40 ; code
                             41 ;--------------------------------------------------------
                             42 	.area _CODE
                             43 	.area _CODE
   0000                      44 _items_tileset:
   0000 F0                   45 	.db #0xF0	; 240
   0001 F0                   46 	.db #0xF0	; 240
   0002 F0                   47 	.db #0xF0	; 240
   0003 F0                   48 	.db #0xF0	; 240
   0004 A0                   49 	.db #0xA0	; 160
   0005 23                   50 	.db #0x23	; 35
   0006 10                   51 	.db #0x10	; 16
   0007 16                   52 	.db #0x16	; 22
   0008 00                   53 	.db #0x00	; 0
   0009 03                   54 	.db #0x03	; 3
   000A 50                   55 	.db #0x50	; 80	'P'
   000B 03                   56 	.db #0x03	; 3
   000C 16                   57 	.db #0x16	; 22
   000D 13                   58 	.db #0x13	; 19
   000E 10                   59 	.db #0x10	; 16
   000F 06                   60 	.db #0x06	; 6
   0010 00                   61 	.db #0x00	; 0
   0011 06                   62 	.db #0x06	; 6
   0012 40                   63 	.db #0x40	; 64
   0013 03                   64 	.db #0x03	; 3
   0014 16                   65 	.db #0x16	; 22
   0015 00                   66 	.db #0x00	; 0
   0016 06                   67 	.db #0x06	; 6
   0017 03                   68 	.db #0x03	; 3
   0018 10                   69 	.db #0x10	; 16
   0019 26                   70 	.db #0x26	; 38
   001A 13                   71 	.db #0x13	; 19
   001B 06                   72 	.db #0x06	; 6
   001C 03                   73 	.db #0x03	; 3
   001D 26                   74 	.db #0x26	; 38
   001E 10                   75 	.db #0x10	; 16
   001F 06                   76 	.db #0x06	; 6
   0020 03                   77 	.db #0x03	; 3
   0021 00                   78 	.db #0x00	; 0
   0022 A6                   79 	.db #0xA6	; 166
   0023 10                   80 	.db #0x10	; 16
   0024 16                   81 	.db #0x16	; 22
   0025 90                   82 	.db #0x90	; 144
   0026 26                   83 	.db #0x26	; 38
   0027 00                   84 	.db #0x00	; 0
   0028 16                   85 	.db #0x16	; 22
   0029 A0                   86 	.db #0xA0	; 160
   002A 46                   87 	.db #0x46	; 70	'F'
   002B B0                   88 	.db #0xB0	; 176
   002C 26                   89 	.db #0x26	; 38
   002D F0                   90 	.db #0xF0	; 240
   002E F0                   91 	.db #0xF0	; 240
   002F F0                   92 	.db #0xF0	; 240
   0030 F0                   93 	.db #0xF0	; 240
   0031 F0                   94 	.db #0xF0	; 240
   0032 F0                   95 	.db #0xF0	; 240
   0033 F0                   96 	.db #0xF0	; 240
   0034 F0                   97 	.db #0xF0	; 240
   0035 B0                   98 	.db #0xB0	; 176
   0036 16                   99 	.db #0x16	; 22
   0037 E0                  100 	.db #0xE0	; 224
   0038 06                  101 	.db #0x06	; 6
   0039 40                  102 	.db #0x40	; 64
   003A 93                  103 	.db #0x93	; 147
   003B 06                  104 	.db #0x06	; 6
   003C 05                  105 	.db #0x05	; 5
   003D 06                  106 	.db #0x06	; 6
   003E 05                  107 	.db #0x05	; 5
   003F 00                  108 	.db #0x00	; 0
   0040 A3                  109 	.db #0xA3	; 163
   0041 06                  110 	.db #0x06	; 6
   0042 05                  111 	.db #0x05	; 5
   0043 06                  112 	.db #0x06	; 6
   0044 05                  113 	.db #0x05	; 5
   0045 10                  114 	.db #0x10	; 16
   0046 93                  115 	.db #0x93	; 147
   0047 06                  116 	.db #0x06	; 6
   0048 05                  117 	.db #0x05	; 5
   0049 06                  118 	.db #0x06	; 6
   004A 05                  119 	.db #0x05	; 5
   004B B0                  120 	.db #0xB0	; 176
   004C 06                  121 	.db #0x06	; 6
   004D D0                  122 	.db #0xD0	; 208
   004E 16                  123 	.db #0x16	; 22
   004F F0                  124 	.db #0xF0	; 240
   0050 F0                  125 	.db #0xF0	; 240
   0051 F0                  126 	.db #0xF0	; 240
   0052 F0                  127 	.db #0xF0	; 240
   0053 F0                  128 	.db #0xF0	; 240
   0054 70                  129 	.db #0x70	; 112	'p'
   0055 11                  130 	.db #0x11	; 17
   0056 C0                  131 	.db #0xC0	; 192
   0057 01                  132 	.db #0x01	; 1
   0058 03                  133 	.db #0x03	; 3
   0059 02                  134 	.db #0x02	; 2
   005A 01                  135 	.db #0x01	; 1
   005B A0                  136 	.db #0xA0	; 160
   005C 01                  137 	.db #0x01	; 1
   005D 03                  138 	.db #0x03	; 3
   005E 12                  139 	.db #0x12	; 18
   005F 01                  140 	.db #0x01	; 1
   0060 A0                  141 	.db #0xA0	; 160
   0061 01                  142 	.db #0x01	; 1
   0062 12                  143 	.db #0x12	; 18
   0063 31                  144 	.db #0x31	; 49	'1'
   0064 90                  145 	.db #0x90	; 144
   0065 11                  146 	.db #0x11	; 17
   0066 33                  147 	.db #0x33	; 51	'3'
   0067 21                  148 	.db #0x21	; 33
   0068 50                  149 	.db #0x50	; 80	'P'
   0069 01                  150 	.db #0x01	; 1
   006A 13                  151 	.db #0x13	; 19
   006B 32                  152 	.db #0x32	; 50	'2'
   006C 23                  153 	.db #0x23	; 35
   006D 01                  154 	.db #0x01	; 1
   006E 40                  155 	.db #0x40	; 64
   006F 01                  156 	.db #0x01	; 1
   0070 03                  157 	.db #0x03	; 3
   0071 12                  158 	.db #0x12	; 18
   0072 13                  159 	.db #0x13	; 19
   0073 22                  160 	.db #0x22	; 34
   0074 03                  161 	.db #0x03	; 3
   0075 01                  162 	.db #0x01	; 1
   0076 50                  163 	.db #0x50	; 80	'P'
   0077 01                  164 	.db #0x01	; 1
   0078 12                  165 	.db #0x12	; 18
   0079 03                  166 	.db #0x03	; 3
   007A 42                  167 	.db #0x42	; 66	'B'
   007B 03                  168 	.db #0x03	; 3
   007C 01                  169 	.db #0x01	; 1
   007D 40                  170 	.db #0x40	; 64
   007E 01                  171 	.db #0x01	; 1
   007F 82                  172 	.db #0x82	; 130
   0080 01                  173 	.db #0x01	; 1
   0081 30                  174 	.db #0x30	; 48	'0'
   0082 01                  175 	.db #0x01	; 1
   0083 82                  176 	.db #0x82	; 130
   0084 01                  177 	.db #0x01	; 1
   0085 40                  178 	.db #0x40	; 64
   0086 01                  179 	.db #0x01	; 1
   0087 82                  180 	.db #0x82	; 130
   0088 01                  181 	.db #0x01	; 1
   0089 50                  182 	.db #0x50	; 80	'P'
   008A 11                  183 	.db #0x11	; 17
   008B 32                  184 	.db #0x32	; 50	'2'
   008C 21                  185 	.db #0x21	; 33
   008D 50                  186 	.db #0x50	; 80	'P'
   008E 01                  187 	.db #0x01	; 1
   008F 12                  188 	.db #0x12	; 18
   0090 31                  189 	.db #0x31	; 49	'1'
   0091 80                  190 	.db #0x80	; 128
   0092 01                  191 	.db #0x01	; 1
   0093 22                  192 	.db #0x22	; 34
   0094 01                  193 	.db #0x01	; 1
   0095 B0                  194 	.db #0xB0	; 176
   0096 01                  195 	.db #0x01	; 1
   0097 12                  196 	.db #0x12	; 18
   0098 01                  197 	.db #0x01	; 1
   0099 C0                  198 	.db #0xC0	; 192
   009A 11                  199 	.db #0x11	; 17
   009B F0                  200 	.db #0xF0	; 240
   009C F0                  201 	.db #0xF0	; 240
   009D F0                  202 	.db #0xF0	; 240
   009E 30                  203 	.db #0x30	; 48	'0'
   009F 11                  204 	.db #0x11	; 17
   00A0 C0                  205 	.db #0xC0	; 192
   00A1 01                  206 	.db #0x01	; 1
   00A2 14                  207 	.db #0x14	; 20
   00A3 01                  208 	.db #0x01	; 1
   00A4 A0                  209 	.db #0xA0	; 160
   00A5 01                  210 	.db #0x01	; 1
   00A6 34                  211 	.db #0x34	; 52	'4'
   00A7 01                  212 	.db #0x01	; 1
   00A8 30                  213 	.db #0x30	; 48	'0'
   00A9 11                  214 	.db #0x11	; 17
   00AA 20                  215 	.db #0x20	; 32
   00AB 01                  216 	.db #0x01	; 1
   00AC 03                  217 	.db #0x03	; 3
   00AD 14                  218 	.db #0x14	; 20
   00AE 03                  219 	.db #0x03	; 3
   00AF 04                  220 	.db #0x04	; 4
   00B0 01                  221 	.db #0x01	; 1
   00B1 30                  222 	.db #0x30	; 48	'0'
   00B2 01                  223 	.db #0x01	; 1
   00B3 03                  224 	.db #0x03	; 3
   00B4 21                  225 	.db #0x21	; 33
   00B5 13                  226 	.db #0x13	; 19
   00B6 34                  227 	.db #0x34	; 52	'4'
   00B7 01                  228 	.db #0x01	; 1
   00B8 30                  229 	.db #0x30	; 48	'0'
   00B9 01                  230 	.db #0x01	; 1
   00BA 53                  231 	.db #0x53	; 83	'S'
   00BB 04                  232 	.db #0x04	; 4
   00BC 03                  233 	.db #0x03	; 3
   00BD 14                  234 	.db #0x14	; 20
   00BE 01                  235 	.db #0x01	; 1
   00BF 30                  236 	.db #0x30	; 48	'0'
   00C0 01                  237 	.db #0x01	; 1
   00C1 53                  238 	.db #0x53	; 83	'S'
   00C2 34                  239 	.db #0x34	; 52	'4'
   00C3 01                  240 	.db #0x01	; 1
   00C4 30                  241 	.db #0x30	; 48	'0'
   00C5 01                  242 	.db #0x01	; 1
   00C6 03                  243 	.db #0x03	; 3
   00C7 21                  244 	.db #0x21	; 33
   00C8 13                  245 	.db #0x13	; 19
   00C9 34                  246 	.db #0x34	; 52	'4'
   00CA 01                  247 	.db #0x01	; 1
   00CB 30                  248 	.db #0x30	; 48	'0'
   00CC 11                  249 	.db #0x11	; 17
   00CD 20                  250 	.db #0x20	; 32
   00CE 01                  251 	.db #0x01	; 1
   00CF 03                  252 	.db #0x03	; 3
   00D0 14                  253 	.db #0x14	; 20
   00D1 03                  254 	.db #0x03	; 3
   00D2 04                  255 	.db #0x04	; 4
   00D3 01                  256 	.db #0x01	; 1
   00D4 90                  257 	.db #0x90	; 144
   00D5 01                  258 	.db #0x01	; 1
   00D6 34                  259 	.db #0x34	; 52	'4'
   00D7 01                  260 	.db #0x01	; 1
   00D8 A0                  261 	.db #0xA0	; 160
   00D9 01                  262 	.db #0x01	; 1
   00DA 14                  263 	.db #0x14	; 20
   00DB 01                  264 	.db #0x01	; 1
   00DC C0                  265 	.db #0xC0	; 192
   00DD 11                  266 	.db #0x11	; 17
   00DE F0                  267 	.db #0xF0	; 240
   00DF F0                  268 	.db #0xF0	; 240
   00E0 F0                  269 	.db #0xF0	; 240
   00E1 60                  270 	.db #0x60	; 96
   00E2 11                  271 	.db #0x11	; 17
   00E3 C0                  272 	.db #0xC0	; 192
   00E4 01                  273 	.db #0x01	; 1
   00E5 13                  274 	.db #0x13	; 19
   00E6 01                  275 	.db #0x01	; 1
   00E7 B0                  276 	.db #0xB0	; 176
   00E8 01                  277 	.db #0x01	; 1
   00E9 03                  278 	.db #0x03	; 3
   00EA 01                  279 	.db #0x01	; 1
   00EB 10                  280 	.db #0x10	; 16
   00EC 31                  281 	.db #0x31	; 49	'1'
   00ED 50                  282 	.db #0x50	; 80	'P'
   00EE 01                  283 	.db #0x01	; 1
   00EF 13                  284 	.db #0x13	; 19
   00F0 21                  285 	.db #0x21	; 33
   00F1 33                  286 	.db #0x33	; 51	'3'
   00F2 11                  287 	.db #0x11	; 17
   00F3 30                  288 	.db #0x30	; 48	'0'
   00F4 01                  289 	.db #0x01	; 1
   00F5 13                  290 	.db #0x13	; 19
   00F6 01                  291 	.db #0x01	; 1
   00F7 23                  292 	.db #0x23	; 35
   00F8 01                  293 	.db #0x01	; 1
   00F9 33                  294 	.db #0x33	; 51	'3'
   00FA 01                  295 	.db #0x01	; 1
   00FB 20                  296 	.db #0x20	; 32
   00FC 01                  297 	.db #0x01	; 1
   00FD 03                  298 	.db #0x03	; 3
   00FE 01                  299 	.db #0x01	; 1
   00FF 03                  300 	.db #0x03	; 3
   0100 16                  301 	.db #0x16	; 22
   0101 03                  302 	.db #0x03	; 3
   0102 01                  303 	.db #0x01	; 1
   0103 03                  304 	.db #0x03	; 3
   0104 01                  305 	.db #0x01	; 1
   0105 23                  306 	.db #0x23	; 35
   0106 01                  307 	.db #0x01	; 1
   0107 10                  308 	.db #0x10	; 16
   0108 01                  309 	.db #0x01	; 1
   0109 03                  310 	.db #0x03	; 3
   010A 01                  311 	.db #0x01	; 1
   010B 03                  312 	.db #0x03	; 3
   010C 06                  313 	.db #0x06	; 6
   010D 73                  314 	.db #0x73	; 115	's'
   010E 01                  315 	.db #0x01	; 1
   010F 10                  316 	.db #0x10	; 16
   0110 01                  317 	.db #0x01	; 1
   0111 03                  318 	.db #0x03	; 3
   0112 01                  319 	.db #0x01	; 1
   0113 33                  320 	.db #0x33	; 51	'3'
   0114 01                  321 	.db #0x01	; 1
   0115 03                  322 	.db #0x03	; 3
   0116 01                  323 	.db #0x01	; 1
   0117 23                  324 	.db #0x23	; 35
   0118 01                  325 	.db #0x01	; 1
   0119 10                  326 	.db #0x10	; 16
   011A 01                  327 	.db #0x01	; 1
   011B 03                  328 	.db #0x03	; 3
   011C 01                  329 	.db #0x01	; 1
   011D 13                  330 	.db #0x13	; 19
   011E 01                  331 	.db #0x01	; 1
   011F 23                  332 	.db #0x23	; 35
   0120 01                  333 	.db #0x01	; 1
   0121 03                  334 	.db #0x03	; 3
   0122 06                  335 	.db #0x06	; 6
   0123 03                  336 	.db #0x03	; 3
   0124 01                  337 	.db #0x01	; 1
   0125 10                  338 	.db #0x10	; 16
   0126 01                  339 	.db #0x01	; 1
   0127 13                  340 	.db #0x13	; 19
   0128 01                  341 	.db #0x01	; 1
   0129 23                  342 	.db #0x23	; 35
   012A 01                  343 	.db #0x01	; 1
   012B 03                  344 	.db #0x03	; 3
   012C 01                  345 	.db #0x01	; 1
   012D 03                  346 	.db #0x03	; 3
   012E 06                  347 	.db #0x06	; 6
   012F 03                  348 	.db #0x03	; 3
   0130 01                  349 	.db #0x01	; 1
   0131 20                  350 	.db #0x20	; 32
   0132 01                  351 	.db #0x01	; 1
   0133 03                  352 	.db #0x03	; 3
   0134 01                  353 	.db #0x01	; 1
   0135 03                  354 	.db #0x03	; 3
   0136 01                  355 	.db #0x01	; 1
   0137 43                  356 	.db #0x43	; 67	'C'
   0138 06                  357 	.db #0x06	; 6
   0139 03                  358 	.db #0x03	; 3
   013A 01                  359 	.db #0x01	; 1
   013B 30                  360 	.db #0x30	; 48	'0'
   013C 01                  361 	.db #0x01	; 1
   013D 33                  362 	.db #0x33	; 51	'3'
   013E 11                  363 	.db #0x11	; 17
   013F 33                  364 	.db #0x33	; 51	'3'
   0140 01                  365 	.db #0x01	; 1
   0141 40                  366 	.db #0x40	; 64
   0142 31                  367 	.db #0x31	; 49	'1'
   0143 10                  368 	.db #0x10	; 16
   0144 11                  369 	.db #0x11	; 17
   0145 13                  370 	.db #0x13	; 19
   0146 01                  371 	.db #0x01	; 1
   0147 C0                  372 	.db #0xC0	; 192
   0148 11                  373 	.db #0x11	; 17
   0149 F0                  374 	.db #0xF0	; 240
                            375 	.area _INITIALIZER
                            376 	.area _CABS (ABS)
