                              1 ;--------------------------------------------------------
                              2 ; File Created by SDCC : free open source ANSI-C Compiler
                              3 ; Version 3.5.5 #9498 (Linux)
                              4 ;--------------------------------------------------------
                              5 	.module menu_bg
                              6 	.optsdcc -mz80
                              7 	
                              8 ;--------------------------------------------------------
                              9 ; Public variables in this module
                             10 ;--------------------------------------------------------
                             11 	.globl _menu_bg
                             12 ;--------------------------------------------------------
                             13 ; special function registers
                             14 ;--------------------------------------------------------
                             15 ;--------------------------------------------------------
                             16 ; ram data
                             17 ;--------------------------------------------------------
                             18 	.area _DATA
                             19 ;--------------------------------------------------------
                             20 ; ram data
                             21 ;--------------------------------------------------------
                             22 	.area _INITIALIZED
                             23 ;--------------------------------------------------------
                             24 ; absolute external ram data
                             25 ;--------------------------------------------------------
                             26 	.area _DABS (ABS)
                             27 ;--------------------------------------------------------
                             28 ; global & static initialisations
                             29 ;--------------------------------------------------------
                             30 	.area _HOME
                             31 	.area _GSINIT
                             32 	.area _GSFINAL
                             33 	.area _GSINIT
                             34 ;--------------------------------------------------------
                             35 ; Home
                             36 ;--------------------------------------------------------
                             37 	.area _HOME
                             38 	.area _HOME
                             39 ;--------------------------------------------------------
                             40 ; code
                             41 ;--------------------------------------------------------
                             42 	.area _CODE
                             43 	.area _CODE
   0000                      44 _menu_bg:
   0000 F7                   45 	.db #0xF7	; 247
   0001 F7                   46 	.db #0xF7	; 247
   0002 F7                   47 	.db #0xF7	; 247
   0003 F7                   48 	.db #0xF7	; 247
   0004 F7                   49 	.db #0xF7	; 247
   0005 F7                   50 	.db #0xF7	; 247
   0006 F7                   51 	.db #0xF7	; 247
   0007 F7                   52 	.db #0xF7	; 247
   0008 F7                   53 	.db #0xF7	; 247
   0009 F7                   54 	.db #0xF7	; 247
   000A F7                   55 	.db #0xF7	; 247
   000B F7                   56 	.db #0xF7	; 247
   000C F7                   57 	.db #0xF7	; 247
   000D F7                   58 	.db #0xF7	; 247
   000E F7                   59 	.db #0xF7	; 247
   000F F7                   60 	.db #0xF7	; 247
   0010 F7                   61 	.db #0xF7	; 247
   0011 F7                   62 	.db #0xF7	; 247
   0012 F7                   63 	.db #0xF7	; 247
   0013 F7                   64 	.db #0xF7	; 247
   0014 F7                   65 	.db #0xF7	; 247
   0015 F7                   66 	.db #0xF7	; 247
   0016 F7                   67 	.db #0xF7	; 247
   0017 E7                   68 	.db #0xE7	; 231
   0018 21                   69 	.db #0x21	; 33
   0019 27                   70 	.db #0x27	; 39
   001A 21                   71 	.db #0x21	; 33
   001B 27                   72 	.db #0x27	; 39
   001C 21                   73 	.db #0x21	; 33
   001D F7                   74 	.db #0xF7	; 247
   001E F7                   75 	.db #0xF7	; 247
   001F F7                   76 	.db #0xF7	; 247
   0020 F7                   77 	.db #0xF7	; 247
   0021 07                   78 	.db #0x07	; 7
   0022 21                   79 	.db #0x21	; 33
   0023 27                   80 	.db #0x27	; 39
   0024 21                   81 	.db #0x21	; 33
   0025 27                   82 	.db #0x27	; 39
   0026 21                   83 	.db #0x21	; 33
   0027 F7                   84 	.db #0xF7	; 247
   0028 F7                   85 	.db #0xF7	; 247
   0029 F7                   86 	.db #0xF7	; 247
   002A F7                   87 	.db #0xF7	; 247
   002B 07                   88 	.db #0x07	; 7
   002C 21                   89 	.db #0x21	; 33
   002D 27                   90 	.db #0x27	; 39
   002E 21                   91 	.db #0x21	; 33
   002F 27                   92 	.db #0x27	; 39
   0030 21                   93 	.db #0x21	; 33
   0031 F7                   94 	.db #0xF7	; 247
   0032 F7                   95 	.db #0xF7	; 247
   0033 F7                   96 	.db #0xF7	; 247
   0034 F7                   97 	.db #0xF7	; 247
   0035 07                   98 	.db #0x07	; 7
   0036 F1                   99 	.db #0xF1	; 241
   0037 01                  100 	.db #0x01	; 1
   0038 F7                  101 	.db #0xF7	; 247
   0039 F7                  102 	.db #0xF7	; 247
   003A F7                  103 	.db #0xF7	; 247
   003B E7                  104 	.db #0xE7	; 231
   003C F1                  105 	.db #0xF1	; 241
   003D 01                  106 	.db #0x01	; 1
   003E F7                  107 	.db #0xF7	; 247
   003F F7                  108 	.db #0xF7	; 247
   0040 F7                  109 	.db #0xF7	; 247
   0041 E7                  110 	.db #0xE7	; 231
   0042 F1                  111 	.db #0xF1	; 241
   0043 01                  112 	.db #0x01	; 1
   0044 F7                  113 	.db #0xF7	; 247
   0045 F7                  114 	.db #0xF7	; 247
   0046 C7                  115 	.db #0xC7	; 199
   0047 21                  116 	.db #0x21	; 33
   0048 17                  117 	.db #0x17	; 23
   0049 21                  118 	.db #0x21	; 33
   004A 17                  119 	.db #0x17	; 23
   004B 21                  120 	.db #0x21	; 33
   004C 57                  121 	.db #0x57	; 87	'W'
   004D F1                  122 	.db #0xF1	; 241
   004E F7                  123 	.db #0xF7	; 247
   004F F7                  124 	.db #0xF7	; 247
   0050 C7                  125 	.db #0xC7	; 199
   0051 21                  126 	.db #0x21	; 33
   0052 17                  127 	.db #0x17	; 23
   0053 21                  128 	.db #0x21	; 33
   0054 17                  129 	.db #0x17	; 23
   0055 21                  130 	.db #0x21	; 33
   0056 57                  131 	.db #0x57	; 87	'W'
   0057 F1                  132 	.db #0xF1	; 241
   0058 F7                  133 	.db #0xF7	; 247
   0059 F7                  134 	.db #0xF7	; 247
   005A C7                  135 	.db #0xC7	; 199
   005B 21                  136 	.db #0x21	; 33
   005C 17                  137 	.db #0x17	; 23
   005D 21                  138 	.db #0x21	; 33
   005E 17                  139 	.db #0x17	; 23
   005F 21                  140 	.db #0x21	; 33
   0060 57                  141 	.db #0x57	; 87	'W'
   0061 F1                  142 	.db #0xF1	; 241
   0062 C7                  143 	.db #0xC7	; 199
   0063 41                  144 	.db #0x41	; 65	'A'
   0064 F7                  145 	.db #0xF7	; 247
   0065 A7                  146 	.db #0xA7	; 167
   0066 21                  147 	.db #0x21	; 33
   0067 17                  148 	.db #0x17	; 23
   0068 21                  149 	.db #0x21	; 33
   0069 17                  150 	.db #0x17	; 23
   006A 21                  151 	.db #0x21	; 33
   006B 67                  152 	.db #0x67	; 103	'g'
   006C E1                  153 	.db #0xE1	; 225
   006D B7                  154 	.db #0xB7	; 183
   006E 51                  155 	.db #0x51	; 81	'Q'
   006F F7                  156 	.db #0xF7	; 247
   0070 A7                  157 	.db #0xA7	; 167
   0071 C1                  158 	.db #0xC1	; 193
   0072 67                  159 	.db #0x67	; 103	'g'
   0073 C1                  160 	.db #0xC1	; 193
   0074 19                  161 	.db #0x19	; 25
   0075 A7                  162 	.db #0xA7	; 167
   0076 61                  163 	.db #0x61	; 97	'a'
   0077 F7                  164 	.db #0xF7	; 247
   0078 A7                  165 	.db #0xA7	; 167
   0079 C1                  166 	.db #0xC1	; 193
   007A 67                  167 	.db #0x67	; 103	'g'
   007B B1                  168 	.db #0xB1	; 177
   007C 29                  169 	.db #0x29	; 41
   007D 08                  170 	.db #0x08	; 8
   007E 07                  171 	.db #0x07	; 7
   007F 08                  172 	.db #0x08	; 8
   0080 07                  173 	.db #0x07	; 7
   0081 08                  174 	.db #0x08	; 8
   0082 07                  175 	.db #0x07	; 7
   0083 08                  176 	.db #0x08	; 8
   0084 07                  177 	.db #0x07	; 7
   0085 08                  178 	.db #0x08	; 8
   0086 07                  179 	.db #0x07	; 7
   0087 08                  180 	.db #0x08	; 8
   0088 07                  181 	.db #0x07	; 7
   0089 51                  182 	.db #0x51	; 81	'Q'
   008A 08                  183 	.db #0x08	; 8
   008B 07                  184 	.db #0x07	; 7
   008C 08                  185 	.db #0x08	; 8
   008D 07                  186 	.db #0x07	; 7
   008E 08                  187 	.db #0x08	; 8
   008F 07                  188 	.db #0x07	; 7
   0090 08                  189 	.db #0x08	; 8
   0091 07                  190 	.db #0x07	; 7
   0092 08                  191 	.db #0x08	; 8
   0093 07                  192 	.db #0x07	; 7
   0094 08                  193 	.db #0x08	; 8
   0095 07                  194 	.db #0x07	; 7
   0096 08                  195 	.db #0x08	; 8
   0097 07                  196 	.db #0x07	; 7
   0098 08                  197 	.db #0x08	; 8
   0099 07                  198 	.db #0x07	; 7
   009A 08                  199 	.db #0x08	; 8
   009B 07                  200 	.db #0x07	; 7
   009C 08                  201 	.db #0x08	; 8
   009D 07                  202 	.db #0x07	; 7
   009E 08                  203 	.db #0x08	; 8
   009F 07                  204 	.db #0x07	; 7
   00A0 08                  205 	.db #0x08	; 8
   00A1 07                  206 	.db #0x07	; 7
   00A2 08                  207 	.db #0x08	; 8
   00A3 07                  208 	.db #0x07	; 7
   00A4 08                  209 	.db #0x08	; 8
   00A5 C1                  210 	.db #0xC1	; 193
   00A6 08                  211 	.db #0x08	; 8
   00A7 07                  212 	.db #0x07	; 7
   00A8 08                  213 	.db #0x08	; 8
   00A9 07                  214 	.db #0x07	; 7
   00AA 08                  215 	.db #0x08	; 8
   00AB 07                  216 	.db #0x07	; 7
   00AC 08                  217 	.db #0x08	; 8
   00AD B1                  218 	.db #0xB1	; 177
   00AE 29                  219 	.db #0x29	; 41
   00AF 07                  220 	.db #0x07	; 7
   00B0 08                  221 	.db #0x08	; 8
   00B1 07                  222 	.db #0x07	; 7
   00B2 08                  223 	.db #0x08	; 8
   00B3 07                  224 	.db #0x07	; 7
   00B4 08                  225 	.db #0x08	; 8
   00B5 07                  226 	.db #0x07	; 7
   00B6 08                  227 	.db #0x08	; 8
   00B7 07                  228 	.db #0x07	; 7
   00B8 08                  229 	.db #0x08	; 8
   00B9 07                  230 	.db #0x07	; 7
   00BA 08                  231 	.db #0x08	; 8
   00BB 07                  232 	.db #0x07	; 7
   00BC 08                  233 	.db #0x08	; 8
   00BD 07                  234 	.db #0x07	; 7
   00BE 08                  235 	.db #0x08	; 8
   00BF 07                  236 	.db #0x07	; 7
   00C0 01                  237 	.db #0x01	; 1
   00C1 07                  238 	.db #0x07	; 7
   00C2 08                  239 	.db #0x08	; 8
   00C3 07                  240 	.db #0x07	; 7
   00C4 08                  241 	.db #0x08	; 8
   00C5 07                  242 	.db #0x07	; 7
   00C6 08                  243 	.db #0x08	; 8
   00C7 07                  244 	.db #0x07	; 7
   00C8 08                  245 	.db #0x08	; 8
   00C9 07                  246 	.db #0x07	; 7
   00CA 08                  247 	.db #0x08	; 8
   00CB 07                  248 	.db #0x07	; 7
   00CC 08                  249 	.db #0x08	; 8
   00CD 07                  250 	.db #0x07	; 7
   00CE 08                  251 	.db #0x08	; 8
   00CF 07                  252 	.db #0x07	; 7
   00D0 08                  253 	.db #0x08	; 8
   00D1 07                  254 	.db #0x07	; 7
   00D2 08                  255 	.db #0x08	; 8
   00D3 07                  256 	.db #0x07	; 7
   00D4 08                  257 	.db #0x08	; 8
   00D5 07                  258 	.db #0x07	; 7
   00D6 08                  259 	.db #0x08	; 8
   00D7 07                  260 	.db #0x07	; 7
   00D8 08                  261 	.db #0x08	; 8
   00D9 07                  262 	.db #0x07	; 7
   00DA 08                  263 	.db #0x08	; 8
   00DB 07                  264 	.db #0x07	; 7
   00DC C1                  265 	.db #0xC1	; 193
   00DD 07                  266 	.db #0x07	; 7
   00DE 08                  267 	.db #0x08	; 8
   00DF 07                  268 	.db #0x07	; 7
   00E0 08                  269 	.db #0x08	; 8
   00E1 07                  270 	.db #0x07	; 7
   00E2 08                  271 	.db #0x08	; 8
   00E3 07                  272 	.db #0x07	; 7
   00E4 B1                  273 	.db #0xB1	; 177
   00E5 29                  274 	.db #0x29	; 41
   00E6 08                  275 	.db #0x08	; 8
   00E7 07                  276 	.db #0x07	; 7
   00E8 08                  277 	.db #0x08	; 8
   00E9 07                  278 	.db #0x07	; 7
   00EA 08                  279 	.db #0x08	; 8
   00EB 07                  280 	.db #0x07	; 7
   00EC 08                  281 	.db #0x08	; 8
   00ED 07                  282 	.db #0x07	; 7
   00EE 08                  283 	.db #0x08	; 8
   00EF 07                  284 	.db #0x07	; 7
   00F0 08                  285 	.db #0x08	; 8
   00F1 07                  286 	.db #0x07	; 7
   00F2 08                  287 	.db #0x08	; 8
   00F3 07                  288 	.db #0x07	; 7
   00F4 08                  289 	.db #0x08	; 8
   00F5 07                  290 	.db #0x07	; 7
   00F6 08                  291 	.db #0x08	; 8
   00F7 01                  292 	.db #0x01	; 1
   00F8 08                  293 	.db #0x08	; 8
   00F9 07                  294 	.db #0x07	; 7
   00FA 08                  295 	.db #0x08	; 8
   00FB 07                  296 	.db #0x07	; 7
   00FC 08                  297 	.db #0x08	; 8
   00FD 07                  298 	.db #0x07	; 7
   00FE 08                  299 	.db #0x08	; 8
   00FF 07                  300 	.db #0x07	; 7
   0100 08                  301 	.db #0x08	; 8
   0101 07                  302 	.db #0x07	; 7
   0102 08                  303 	.db #0x08	; 8
   0103 07                  304 	.db #0x07	; 7
   0104 08                  305 	.db #0x08	; 8
   0105 07                  306 	.db #0x07	; 7
   0106 08                  307 	.db #0x08	; 8
   0107 07                  308 	.db #0x07	; 7
   0108 08                  309 	.db #0x08	; 8
   0109 07                  310 	.db #0x07	; 7
   010A 08                  311 	.db #0x08	; 8
   010B 07                  312 	.db #0x07	; 7
   010C 08                  313 	.db #0x08	; 8
   010D 07                  314 	.db #0x07	; 7
   010E 08                  315 	.db #0x08	; 8
   010F 07                  316 	.db #0x07	; 7
   0110 08                  317 	.db #0x08	; 8
   0111 07                  318 	.db #0x07	; 7
   0112 08                  319 	.db #0x08	; 8
   0113 07                  320 	.db #0x07	; 7
   0114 41                  321 	.db #0x41	; 65	'A'
   0115 09                  322 	.db #0x09	; 9
   0116 41                  323 	.db #0x41	; 65	'A'
   0117 07                  324 	.db #0x07	; 7
   0118 08                  325 	.db #0x08	; 8
   0119 07                  326 	.db #0x07	; 7
   011A 08                  327 	.db #0x08	; 8
   011B 07                  328 	.db #0x07	; 7
   011C 08                  329 	.db #0x08	; 8
   011D 07                  330 	.db #0x07	; 7
   011E 08                  331 	.db #0x08	; 8
   011F B1                  332 	.db #0xB1	; 177
   0120 29                  333 	.db #0x29	; 41
   0121 07                  334 	.db #0x07	; 7
   0122 08                  335 	.db #0x08	; 8
   0123 07                  336 	.db #0x07	; 7
   0124 08                  337 	.db #0x08	; 8
   0125 07                  338 	.db #0x07	; 7
   0126 08                  339 	.db #0x08	; 8
   0127 07                  340 	.db #0x07	; 7
   0128 08                  341 	.db #0x08	; 8
   0129 07                  342 	.db #0x07	; 7
   012A 08                  343 	.db #0x08	; 8
   012B 07                  344 	.db #0x07	; 7
   012C 08                  345 	.db #0x08	; 8
   012D 07                  346 	.db #0x07	; 7
   012E 08                  347 	.db #0x08	; 8
   012F 07                  348 	.db #0x07	; 7
   0130 08                  349 	.db #0x08	; 8
   0131 07                  350 	.db #0x07	; 7
   0132 01                  351 	.db #0x01	; 1
   0133 07                  352 	.db #0x07	; 7
   0134 08                  353 	.db #0x08	; 8
   0135 07                  354 	.db #0x07	; 7
   0136 08                  355 	.db #0x08	; 8
   0137 07                  356 	.db #0x07	; 7
   0138 08                  357 	.db #0x08	; 8
   0139 07                  358 	.db #0x07	; 7
   013A 08                  359 	.db #0x08	; 8
   013B 07                  360 	.db #0x07	; 7
   013C 08                  361 	.db #0x08	; 8
   013D 07                  362 	.db #0x07	; 7
   013E 08                  363 	.db #0x08	; 8
   013F 07                  364 	.db #0x07	; 7
   0140 08                  365 	.db #0x08	; 8
   0141 07                  366 	.db #0x07	; 7
   0142 08                  367 	.db #0x08	; 8
   0143 07                  368 	.db #0x07	; 7
   0144 08                  369 	.db #0x08	; 8
   0145 07                  370 	.db #0x07	; 7
   0146 08                  371 	.db #0x08	; 8
   0147 07                  372 	.db #0x07	; 7
   0148 08                  373 	.db #0x08	; 8
   0149 07                  374 	.db #0x07	; 7
   014A 08                  375 	.db #0x08	; 8
   014B 07                  376 	.db #0x07	; 7
   014C 08                  377 	.db #0x08	; 8
   014D 07                  378 	.db #0x07	; 7
   014E 08                  379 	.db #0x08	; 8
   014F 31                  380 	.db #0x31	; 49	'1'
   0150 29                  381 	.db #0x29	; 41
   0151 31                  382 	.db #0x31	; 49	'1'
   0152 08                  383 	.db #0x08	; 8
   0153 07                  384 	.db #0x07	; 7
   0154 08                  385 	.db #0x08	; 8
   0155 07                  386 	.db #0x07	; 7
   0156 08                  387 	.db #0x08	; 8
   0157 07                  388 	.db #0x07	; 7
   0158 08                  389 	.db #0x08	; 8
   0159 07                  390 	.db #0x07	; 7
   015A B1                  391 	.db #0xB1	; 177
   015B 29                  392 	.db #0x29	; 41
   015C F8                  393 	.db #0xF8	; 248
   015D 08                  394 	.db #0x08	; 8
   015E 01                  395 	.db #0x01	; 1
   015F F8                  396 	.db #0xF8	; 248
   0160 B8                  397 	.db #0xB8	; 184
   0161 31                  398 	.db #0x31	; 49	'1'
   0162 29                  399 	.db #0x29	; 41
   0163 31                  400 	.db #0x31	; 49	'1'
   0164 78                  401 	.db #0x78	; 120	'x'
   0165 B1                  402 	.db #0xB1	; 177
   0166 29                  403 	.db #0x29	; 41
   0167 A8                  404 	.db #0xA8	; 168
   0168 21                  405 	.db #0x21	; 33
   0169 08                  406 	.db #0x08	; 8
   016A 21                  407 	.db #0x21	; 33
   016B 08                  408 	.db #0x08	; 8
   016C 21                  409 	.db #0x21	; 33
   016D 08                  410 	.db #0x08	; 8
   016E 21                  411 	.db #0x21	; 33
   016F F8                  412 	.db #0xF8	; 248
   0170 38                  413 	.db #0x38	; 56	'8'
   0171 31                  414 	.db #0x31	; 49	'1'
   0172 29                  415 	.db #0x29	; 41
   0173 31                  416 	.db #0x31	; 49	'1'
   0174 78                  417 	.db #0x78	; 120	'x'
   0175 E1                  418 	.db #0xE1	; 225
   0176 A8                  419 	.db #0xA8	; 168
   0177 21                  420 	.db #0x21	; 33
   0178 08                  421 	.db #0x08	; 8
   0179 21                  422 	.db #0x21	; 33
   017A 08                  423 	.db #0x08	; 8
   017B 21                  424 	.db #0x21	; 33
   017C 08                  425 	.db #0x08	; 8
   017D 21                  426 	.db #0x21	; 33
   017E F8                  427 	.db #0xF8	; 248
   017F 38                  428 	.db #0x38	; 56	'8'
   0180 A1                  429 	.db #0xA1	; 161
   0181 78                  430 	.db #0x78	; 120	'x'
   0182 E1                  431 	.db #0xE1	; 225
   0183 A8                  432 	.db #0xA8	; 168
   0184 21                  433 	.db #0x21	; 33
   0185 08                  434 	.db #0x08	; 8
   0186 21                  435 	.db #0x21	; 33
   0187 08                  436 	.db #0x08	; 8
   0188 21                  437 	.db #0x21	; 33
   0189 07                  438 	.db #0x07	; 7
   018A F1                  439 	.db #0xF1	; 241
   018B F1                  440 	.db #0xF1	; 241
   018C F1                  441 	.db #0xF1	; 241
   018D 81                  442 	.db #0x81	; 129
   018E A8                  443 	.db #0xA8	; 168
   018F F1                  444 	.db #0xF1	; 241
   0190 F1                  445 	.db #0xF1	; 241
   0191 F1                  446 	.db #0xF1	; 241
   0192 F1                  447 	.db #0xF1	; 241
   0193 41                  448 	.db #0x41	; 65	'A'
   0194 A8                  449 	.db #0xA8	; 168
   0195 F1                  450 	.db #0xF1	; 241
   0196 F1                  451 	.db #0xF1	; 241
   0197 F1                  452 	.db #0xF1	; 241
   0198 F1                  453 	.db #0xF1	; 241
   0199 41                  454 	.db #0x41	; 65	'A'
   019A A8                  455 	.db #0xA8	; 168
   019B F1                  456 	.db #0xF1	; 241
   019C 11                  457 	.db #0x11	; 17
   019D 18                  458 	.db #0x18	; 24
   019E 21                  459 	.db #0x21	; 33
   019F 18                  460 	.db #0x18	; 24
   01A0 21                  461 	.db #0x21	; 33
   01A1 18                  462 	.db #0x18	; 24
   01A2 21                  463 	.db #0x21	; 33
   01A3 18                  464 	.db #0x18	; 24
   01A4 A1                  465 	.db #0xA1	; 161
   01A5 08                  466 	.db #0x08	; 8
   01A6 21                  467 	.db #0x21	; 33
   01A7 18                  468 	.db #0x18	; 24
   01A8 F1                  469 	.db #0xF1	; 241
   01A9 01                  470 	.db #0x01	; 1
   01AA A8                  471 	.db #0xA8	; 168
   01AB F1                  472 	.db #0xF1	; 241
   01AC 11                  473 	.db #0x11	; 17
   01AD 18                  474 	.db #0x18	; 24
   01AE 21                  475 	.db #0x21	; 33
   01AF 18                  476 	.db #0x18	; 24
   01B0 21                  477 	.db #0x21	; 33
   01B1 18                  478 	.db #0x18	; 24
   01B2 21                  479 	.db #0x21	; 33
   01B3 18                  480 	.db #0x18	; 24
   01B4 A1                  481 	.db #0xA1	; 161
   01B5 08                  482 	.db #0x08	; 8
   01B6 21                  483 	.db #0x21	; 33
   01B7 18                  484 	.db #0x18	; 24
   01B8 F1                  485 	.db #0xF1	; 241
   01B9 01                  486 	.db #0x01	; 1
   01BA B8                  487 	.db #0xB8	; 184
   01BB C1                  488 	.db #0xC1	; 193
   01BC 18                  489 	.db #0x18	; 24
   01BD 01                  490 	.db #0x01	; 1
   01BE 38                  491 	.db #0x38	; 56	'8'
   01BF 01                  492 	.db #0x01	; 1
   01C0 38                  493 	.db #0x38	; 56	'8'
   01C1 01                  494 	.db #0x01	; 1
   01C2 38                  495 	.db #0x38	; 56	'8'
   01C3 01                  496 	.db #0x01	; 1
   01C4 28                  497 	.db #0x28	; 40
   01C5 A1                  498 	.db #0xA1	; 161
   01C6 18                  499 	.db #0x18	; 24
   01C7 01                  500 	.db #0x01	; 1
   01C8 38                  501 	.db #0x38	; 56	'8'
   01C9 F1                  502 	.db #0xF1	; 241
   01CA B8                  503 	.db #0xB8	; 184
   01CB C1                  504 	.db #0xC1	; 193
   01CC 18                  505 	.db #0x18	; 24
   01CD 01                  506 	.db #0x01	; 1
   01CE 38                  507 	.db #0x38	; 56	'8'
   01CF 01                  508 	.db #0x01	; 1
   01D0 38                  509 	.db #0x38	; 56	'8'
   01D1 01                  510 	.db #0x01	; 1
   01D2 38                  511 	.db #0x38	; 56	'8'
   01D3 01                  512 	.db #0x01	; 1
   01D4 28                  513 	.db #0x28	; 40
   01D5 A1                  514 	.db #0xA1	; 161
   01D6 18                  515 	.db #0x18	; 24
   01D7 01                  516 	.db #0x01	; 1
   01D8 38                  517 	.db #0x38	; 56	'8'
   01D9 F1                  518 	.db #0xF1	; 241
   01DA B8                  519 	.db #0xB8	; 184
   01DB C1                  520 	.db #0xC1	; 193
   01DC 08                  521 	.db #0x08	; 8
   01DD 21                  522 	.db #0x21	; 33
   01DE 18                  523 	.db #0x18	; 24
   01DF 21                  524 	.db #0x21	; 33
   01E0 18                  525 	.db #0x18	; 24
   01E1 21                  526 	.db #0x21	; 33
   01E2 18                  527 	.db #0x18	; 24
   01E3 21                  528 	.db #0x21	; 33
   01E4 18                  529 	.db #0x18	; 24
   01E5 A1                  530 	.db #0xA1	; 161
   01E6 08                  531 	.db #0x08	; 8
   01E7 21                  532 	.db #0x21	; 33
   01E8 18                  533 	.db #0x18	; 24
   01E9 F1                  534 	.db #0xF1	; 241
   01EA 01                  535 	.db #0x01	; 1
   01EB B8                  536 	.db #0xB8	; 184
   01EC B1                  537 	.db #0xB1	; 177
   01ED 18                  538 	.db #0x18	; 24
   01EE 21                  539 	.db #0x21	; 33
   01EF 18                  540 	.db #0x18	; 24
   01F0 21                  541 	.db #0x21	; 33
   01F1 18                  542 	.db #0x18	; 24
   01F2 21                  543 	.db #0x21	; 33
   01F3 18                  544 	.db #0x18	; 24
   01F4 21                  545 	.db #0x21	; 33
   01F5 18                  546 	.db #0x18	; 24
   01F6 A1                  547 	.db #0xA1	; 161
   01F7 08                  548 	.db #0x08	; 8
   01F8 21                  549 	.db #0x21	; 33
   01F9 18                  550 	.db #0x18	; 24
   01FA F1                  551 	.db #0xF1	; 241
   01FB 01                  552 	.db #0x01	; 1
   01FC C8                  553 	.db #0xC8	; 200
   01FD F1                  554 	.db #0xF1	; 241
   01FE F1                  555 	.db #0xF1	; 241
   01FF F1                  556 	.db #0xF1	; 241
   0200 F1                  557 	.db #0xF1	; 241
   0201 21                  558 	.db #0x21	; 33
   0202 C8                  559 	.db #0xC8	; 200
   0203 F1                  560 	.db #0xF1	; 241
   0204 F1                  561 	.db #0xF1	; 241
   0205 F1                  562 	.db #0xF1	; 241
   0206 F1                  563 	.db #0xF1	; 241
   0207 21                  564 	.db #0x21	; 33
   0208 C8                  565 	.db #0xC8	; 200
   0209 F1                  566 	.db #0xF1	; 241
   020A F1                  567 	.db #0xF1	; 241
   020B F1                  568 	.db #0xF1	; 241
   020C F1                  569 	.db #0xF1	; 241
   020D 21                  570 	.db #0x21	; 33
   020E C8                  571 	.db #0xC8	; 200
   020F F1                  572 	.db #0xF1	; 241
   0210 F1                  573 	.db #0xF1	; 241
   0211 F1                  574 	.db #0xF1	; 241
   0212 F1                  575 	.db #0xF1	; 241
   0213 21                  576 	.db #0x21	; 33
   0214 C8                  577 	.db #0xC8	; 200
   0215 F1                  578 	.db #0xF1	; 241
   0216 F1                  579 	.db #0xF1	; 241
   0217 F1                  580 	.db #0xF1	; 241
   0218 F1                  581 	.db #0xF1	; 241
   0219 21                  582 	.db #0x21	; 33
   021A C8                  583 	.db #0xC8	; 200
   021B F1                  584 	.db #0xF1	; 241
   021C F1                  585 	.db #0xF1	; 241
   021D F1                  586 	.db #0xF1	; 241
   021E F1                  587 	.db #0xF1	; 241
   021F 21                  588 	.db #0x21	; 33
   0220 C8                  589 	.db #0xC8	; 200
   0221 F1                  590 	.db #0xF1	; 241
   0222 F1                  591 	.db #0xF1	; 241
   0223 F1                  592 	.db #0xF1	; 241
   0224 F1                  593 	.db #0xF1	; 241
   0225 21                  594 	.db #0x21	; 33
   0226 C8                  595 	.db #0xC8	; 200
   0227 F1                  596 	.db #0xF1	; 241
   0228 F1                  597 	.db #0xF1	; 241
   0229 F1                  598 	.db #0xF1	; 241
   022A F1                  599 	.db #0xF1	; 241
   022B 21                  600 	.db #0x21	; 33
   022C C8                  601 	.db #0xC8	; 200
   022D F1                  602 	.db #0xF1	; 241
   022E F1                  603 	.db #0xF1	; 241
   022F F1                  604 	.db #0xF1	; 241
   0230 F1                  605 	.db #0xF1	; 241
   0231 21                  606 	.db #0x21	; 33
   0232 C8                  607 	.db #0xC8	; 200
   0233 F1                  608 	.db #0xF1	; 241
   0234 F1                  609 	.db #0xF1	; 241
   0235 F1                  610 	.db #0xF1	; 241
   0236 F1                  611 	.db #0xF1	; 241
   0237 21                  612 	.db #0x21	; 33
   0238 C8                  613 	.db #0xC8	; 200
   0239 F1                  614 	.db #0xF1	; 241
   023A F1                  615 	.db #0xF1	; 241
   023B F1                  616 	.db #0xF1	; 241
   023C F1                  617 	.db #0xF1	; 241
   023D 21                  618 	.db #0x21	; 33
   023E C8                  619 	.db #0xC8	; 200
   023F F1                  620 	.db #0xF1	; 241
   0240 F1                  621 	.db #0xF1	; 241
   0241 F1                  622 	.db #0xF1	; 241
   0242 F1                  623 	.db #0xF1	; 241
   0243 21                  624 	.db #0x21	; 33
   0244 C8                  625 	.db #0xC8	; 200
   0245 F1                  626 	.db #0xF1	; 241
   0246 F1                  627 	.db #0xF1	; 241
   0247 F1                  628 	.db #0xF1	; 241
   0248 F1                  629 	.db #0xF1	; 241
   0249 21                  630 	.db #0x21	; 33
   024A C8                  631 	.db #0xC8	; 200
   024B F1                  632 	.db #0xF1	; 241
   024C F1                  633 	.db #0xF1	; 241
   024D F1                  634 	.db #0xF1	; 241
   024E F1                  635 	.db #0xF1	; 241
   024F 21                  636 	.db #0x21	; 33
   0250 0D                  637 	.db #0x0D	; 13
   0251 0C                  638 	.db #0x0C	; 12
   0252 04                  639 	.db #0x04	; 4
   0253 0D                  640 	.db #0x0D	; 13
   0254 0C                  641 	.db #0x0C	; 12
   0255 0D                  642 	.db #0x0D	; 13
   0256 0C                  643 	.db #0x0C	; 12
   0257 1D                  644 	.db #0x1D	; 29
   0258 1C                  645 	.db #0x1C	; 28
   0259 04                  646 	.db #0x04	; 4
   025A 0D                  647 	.db #0x0D	; 13
   025B 0C                  648 	.db #0x0C	; 12
   025C 14                  649 	.db #0x14	; 20
   025D 0D                  650 	.db #0x0D	; 13
   025E 0C                  651 	.db #0x0C	; 12
   025F 04                  652 	.db #0x04	; 4
   0260 0D                  653 	.db #0x0D	; 13
   0261 1C                  654 	.db #0x1C	; 28
   0262 04                  655 	.db #0x04	; 4
   0263 1D                  656 	.db #0x1D	; 29
   0264 1C                  657 	.db #0x1C	; 28
   0265 04                  658 	.db #0x04	; 4
   0266 0D                  659 	.db #0x0D	; 13
   0267 0C                  660 	.db #0x0C	; 12
   0268 14                  661 	.db #0x14	; 20
   0269 0D                  662 	.db #0x0D	; 13
   026A 0C                  663 	.db #0x0C	; 12
   026B 04                  664 	.db #0x04	; 4
   026C 0D                  665 	.db #0x0D	; 13
   026D 0C                  666 	.db #0x0C	; 12
   026E 0D                  667 	.db #0x0D	; 13
   026F 0A                  668 	.db #0x0A	; 10
   0270 1D                  669 	.db #0x1D	; 29
   0271 1C                  670 	.db #0x1C	; 28
   0272 04                  671 	.db #0x04	; 4
   0273 0D                  672 	.db #0x0D	; 13
   0274 0C                  673 	.db #0x0C	; 12
   0275 14                  674 	.db #0x14	; 20
   0276 0D                  675 	.db #0x0D	; 13
   0277 0C                  676 	.db #0x0C	; 12
   0278 04                  677 	.db #0x04	; 4
   0279 0D                  678 	.db #0x0D	; 13
   027A 0C                  679 	.db #0x0C	; 12
   027B 0D                  680 	.db #0x0D	; 13
   027C 0C                  681 	.db #0x0C	; 12
   027D 1D                  682 	.db #0x1D	; 29
   027E 1C                  683 	.db #0x1C	; 28
   027F 04                  684 	.db #0x04	; 4
   0280 0D                  685 	.db #0x0D	; 13
   0281 0C                  686 	.db #0x0C	; 12
   0282 14                  687 	.db #0x14	; 20
   0283 0D                  688 	.db #0x0D	; 13
   0284 1C                  689 	.db #0x1C	; 28
   0285 0D                  690 	.db #0x0D	; 13
   0286 0C                  691 	.db #0x0C	; 12
   0287 0D                  692 	.db #0x0D	; 13
   0288 0C                  693 	.db #0x0C	; 12
   0289 1D                  694 	.db #0x1D	; 29
   028A 2C                  695 	.db #0x2C	; 44
   028B 0D                  696 	.db #0x0D	; 13
   028C 2C                  697 	.db #0x2C	; 44
   028D 24                  698 	.db #0x24	; 36
   028E 0D                  699 	.db #0x0D	; 13
   028F 34                  700 	.db #0x34	; 52	'4'
   0290 0D                  701 	.db #0x0D	; 13
   0291 24                  702 	.db #0x24	; 36
   0292 0A                  703 	.db #0x0A	; 10
   0293 54                  704 	.db #0x54	; 84	'T'
   0294 19                  705 	.db #0x19	; 25
   0295 04                  706 	.db #0x04	; 4
   0296 0D                  707 	.db #0x0D	; 13
   0297 04                  708 	.db #0x04	; 4
   0298 0D                  709 	.db #0x0D	; 13
   0299 24                  710 	.db #0x24	; 36
   029A 0D                  711 	.db #0x0D	; 13
   029B 04                  712 	.db #0x04	; 4
   029C 0D                  713 	.db #0x0D	; 13
   029D 34                  714 	.db #0x34	; 52	'4'
   029E 0D                  715 	.db #0x0D	; 13
   029F 14                  716 	.db #0x14	; 20
   02A0 0A                  717 	.db #0x0A	; 10
   02A1 04                  718 	.db #0x04	; 4
   02A2 0D                  719 	.db #0x0D	; 13
   02A3 24                  720 	.db #0x24	; 36
   02A4 0D                  721 	.db #0x0D	; 13
   02A5 54                  722 	.db #0x54	; 84	'T'
   02A6 0D                  723 	.db #0x0D	; 13
   02A7 34                  724 	.db #0x34	; 52	'4'
   02A8 0D                  725 	.db #0x0D	; 13
   02A9 24                  726 	.db #0x24	; 36
   02AA 0D                  727 	.db #0x0D	; 13
   02AB 54                  728 	.db #0x54	; 84	'T'
   02AC 0D                  729 	.db #0x0D	; 13
   02AD 01                  730 	.db #0x01	; 1
   02AE 02                  731 	.db #0x02	; 2
   02AF 11                  732 	.db #0x11	; 17
   02B0 02                  733 	.db #0x02	; 2
   02B1 11                  734 	.db #0x11	; 17
   02B2 02                  735 	.db #0x02	; 2
   02B3 0D                  736 	.db #0x0D	; 13
   02B4 24                  737 	.db #0x24	; 36
   02B5 BD                  738 	.db #0xBD	; 189
   02B6 0A                  739 	.db #0x0A	; 10
   02B7 9D                  740 	.db #0x9D	; 157
   02B8 0B                  741 	.db #0x0B	; 11
   02B9 DD                  742 	.db #0xDD	; 221
   02BA 1A                  743 	.db #0x1A	; 26
   02BB FD                  744 	.db #0xFD	; 253
   02BC BD                  745 	.db #0xBD	; 189
   02BD 01                  746 	.db #0x01	; 1
   02BE 02                  747 	.db #0x02	; 2
   02BF 11                  748 	.db #0x11	; 17
   02C0 0A                  749 	.db #0x0A	; 10
   02C1 11                  750 	.db #0x11	; 17
   02C2 02                  751 	.db #0x02	; 2
   02C3 3D                  752 	.db #0x3D	; 61
   02C4 04                  753 	.db #0x04	; 4
   02C5 0D                  754 	.db #0x0D	; 13
   02C6 04                  755 	.db #0x04	; 4
   02C7 0D                  756 	.db #0x0D	; 13
   02C8 14                  757 	.db #0x14	; 20
   02C9 0C                  758 	.db #0x0C	; 12
   02CA 34                  759 	.db #0x34	; 52	'4'
   02CB 0D                  760 	.db #0x0D	; 13
   02CC 1A                  761 	.db #0x1A	; 26
   02CD 24                  762 	.db #0x24	; 36
   02CE 0D                  763 	.db #0x0D	; 13
   02CF 14                  764 	.db #0x14	; 20
   02D0 0B                  765 	.db #0x0B	; 11
   02D1 14                  766 	.db #0x14	; 20
   02D2 0C                  767 	.db #0x0C	; 12
   02D3 24                  768 	.db #0x24	; 36
   02D4 0D                  769 	.db #0x0D	; 13
   02D5 0C                  770 	.db #0x0C	; 12
   02D6 34                  771 	.db #0x34	; 52	'4'
   02D7 0D                  772 	.db #0x0D	; 13
   02D8 04                  773 	.db #0x04	; 4
   02D9 0A                  774 	.db #0x0A	; 10
   02DA 04                  775 	.db #0x04	; 4
   02DB 3A                  776 	.db #0x3A	; 58
   02DC 14                  777 	.db #0x14	; 20
   02DD 0D                  778 	.db #0x0D	; 13
   02DE 44                  779 	.db #0x44	; 68	'D'
   02DF 0D                  780 	.db #0x0D	; 13
   02E0 05                  781 	.db #0x05	; 5
   02E1 0D                  782 	.db #0x0D	; 13
   02E2 14                  783 	.db #0x14	; 20
   02E3 0C                  784 	.db #0x0C	; 12
   02E4 34                  785 	.db #0x34	; 52	'4'
   02E5 0D                  786 	.db #0x0D	; 13
   02E6 44                  787 	.db #0x44	; 68	'D'
   02E7 0D                  788 	.db #0x0D	; 13
   02E8 04                  789 	.db #0x04	; 4
   02E9 0D                  790 	.db #0x0D	; 13
   02EA 01                  791 	.db #0x01	; 1
   02EB 02                  792 	.db #0x02	; 2
   02EC 11                  793 	.db #0x11	; 17
   02ED 0A                  794 	.db #0x0A	; 10
   02EE 11                  795 	.db #0x11	; 17
   02EF 02                  796 	.db #0x02	; 2
   02F0 44                  797 	.db #0x44	; 68	'D'
   02F1 0D                  798 	.db #0x0D	; 13
   02F2 34                  799 	.db #0x34	; 52	'4'
   02F3 0D                  800 	.db #0x0D	; 13
   02F4 14                  801 	.db #0x14	; 20
   02F5 0A                  802 	.db #0x0A	; 10
   02F6 04                  803 	.db #0x04	; 4
   02F7 3A                  804 	.db #0x3A	; 58
   02F8 14                  805 	.db #0x14	; 20
   02F9 0D                  806 	.db #0x0D	; 13
   02FA 04                  807 	.db #0x04	; 4
   02FB 07                  808 	.db #0x07	; 7
   02FC 04                  809 	.db #0x04	; 4
   02FD 09                  810 	.db #0x09	; 9
   02FE 0D                  811 	.db #0x0D	; 13
   02FF 04                  812 	.db #0x04	; 4
   0300 05                  813 	.db #0x05	; 5
   0301 04                  814 	.db #0x04	; 4
   0302 09                  815 	.db #0x09	; 9
   0303 0D                  816 	.db #0x0D	; 13
   0304 04                  817 	.db #0x04	; 4
   0305 0B                  818 	.db #0x0B	; 11
   0306 24                  819 	.db #0x24	; 36
   0307 0D                  820 	.db #0x0D	; 13
   0308 14                  821 	.db #0x14	; 20
   0309 4A                  822 	.db #0x4A	; 74	'J'
   030A 14                  823 	.db #0x14	; 20
   030B 0D                  824 	.db #0x0D	; 13
   030C 44                  825 	.db #0x44	; 68	'D'
   030D 15                  826 	.db #0x15	; 21
   030E 24                  827 	.db #0x24	; 36
   030F 0D                  828 	.db #0x0D	; 13
   0310 34                  829 	.db #0x34	; 52	'4'
   0311 0D                  830 	.db #0x0D	; 13
   0312 44                  831 	.db #0x44	; 68	'D'
   0313 0D                  832 	.db #0x0D	; 13
   0314 04                  833 	.db #0x04	; 4
   0315 0D                  834 	.db #0x0D	; 13
   0316 01                  835 	.db #0x01	; 1
   0317 02                  836 	.db #0x02	; 2
   0318 01                  837 	.db #0x01	; 1
   0319 1A                  838 	.db #0x1A	; 26
   031A 11                  839 	.db #0x11	; 17
   031B 02                  840 	.db #0x02	; 2
   031C 34                  841 	.db #0x34	; 52	'4'
   031D 0C                  842 	.db #0x0C	; 12
   031E 14                  843 	.db #0x14	; 20
   031F 0D                  844 	.db #0x0D	; 13
   0320 1C                  845 	.db #0x1C	; 28
   0321 14                  846 	.db #0x14	; 20
   0322 1D                  847 	.db #0x1D	; 29
   0323 4A                  848 	.db #0x4A	; 74	'J'
   0324 0C                  849 	.db #0x0C	; 12
   0325 04                  850 	.db #0x04	; 4
   0326 09                  851 	.db #0x09	; 9
   0327 04                  852 	.db #0x04	; 4
   0328 07                  853 	.db #0x07	; 7
   0329 0C                  854 	.db #0x0C	; 12
   032A 0B                  855 	.db #0x0B	; 11
   032B 0C                  856 	.db #0x0C	; 12
   032C 15                  857 	.db #0x15	; 21
   032D 0D                  858 	.db #0x0D	; 13
   032E 0B                  859 	.db #0x0B	; 11
   032F 0C                  860 	.db #0x0C	; 12
   0330 04                  861 	.db #0x04	; 4
   0331 0D                  862 	.db #0x0D	; 13
   0332 14                  863 	.db #0x14	; 20
   0333 0C                  864 	.db #0x0C	; 12
   0334 14                  865 	.db #0x14	; 20
   0335 0D                  866 	.db #0x0D	; 13
   0336 4A                  867 	.db #0x4A	; 74	'J'
   0337 0D                  868 	.db #0x0D	; 13
   0338 0A                  869 	.db #0x0A	; 10
   0339 14                  870 	.db #0x14	; 20
   033A 0D                  871 	.db #0x0D	; 13
   033B 2C                  872 	.db #0x2C	; 44
   033C 25                  873 	.db #0x25	; 37
   033D 0C                  874 	.db #0x0C	; 12
   033E 05                  875 	.db #0x05	; 5
   033F 14                  876 	.db #0x14	; 20
   0340 1D                  877 	.db #0x1D	; 29
   0341 0C                  878 	.db #0x0C	; 12
   0342 04                  879 	.db #0x04	; 4
   0343 05                  880 	.db #0x05	; 5
   0344 0D                  881 	.db #0x0D	; 13
   0345 3C                  882 	.db #0x3C	; 60
   0346 04                  883 	.db #0x04	; 4
   0347 0D                  884 	.db #0x0D	; 13
   0348 01                  885 	.db #0x01	; 1
   0349 02                  886 	.db #0x02	; 2
   034A 3A                  887 	.db #0x3A	; 58
   034B 01                  888 	.db #0x01	; 1
   034C 0A                  889 	.db #0x0A	; 10
   034D 04                  890 	.db #0x04	; 4
   034E 0D                  891 	.db #0x0D	; 13
   034F 1C                  892 	.db #0x1C	; 28
   0350 94                  893 	.db #0x94	; 148
   0351 4A                  894 	.db #0x4A	; 74	'J'
   0352 04                  895 	.db #0x04	; 4
   0353 0A                  896 	.db #0x0A	; 10
   0354 09                  897 	.db #0x09	; 9
   0355 24                  898 	.db #0x24	; 36
   0356 09                  899 	.db #0x09	; 9
   0357 0D                  900 	.db #0x0D	; 13
   0358 25                  901 	.db #0x25	; 37
   0359 04                  902 	.db #0x04	; 4
   035A 05                  903 	.db #0x05	; 5
   035B 04                  904 	.db #0x04	; 4
   035C 0D                  905 	.db #0x0D	; 13
   035D 44                  906 	.db #0x44	; 68	'D'
   035E 6A                  907 	.db #0x6A	; 106	'j'
   035F 1B                  908 	.db #0x1B	; 27
   0360 04                  909 	.db #0x04	; 4
   0361 0D                  910 	.db #0x0D	; 13
   0362 14                  911 	.db #0x14	; 20
   0363 45                  912 	.db #0x45	; 69	'E'
   0364 24                  913 	.db #0x24	; 36
   0365 0A                  914 	.db #0x0A	; 10
   0366 04                  915 	.db #0x04	; 4
   0367 0D                  916 	.db #0x0D	; 13
   0368 04                  917 	.db #0x04	; 4
   0369 15                  918 	.db #0x15	; 21
   036A 44                  919 	.db #0x44	; 68	'D'
   036B 0D                  920 	.db #0x0D	; 13
   036C 01                  921 	.db #0x01	; 1
   036D 02                  922 	.db #0x02	; 2
   036E 4A                  923 	.db #0x4A	; 74	'J'
   036F 02                  924 	.db #0x02	; 2
   0370 04                  925 	.db #0x04	; 4
   0371 0D                  926 	.db #0x0D	; 13
   0372 14                  927 	.db #0x14	; 20
   0373 8D                  928 	.db #0x8D	; 141
   0374 6A                  929 	.db #0x6A	; 106	'j'
   0375 1B                  930 	.db #0x1B	; 27
   0376 3D                  931 	.db #0x3D	; 61
   0377 45                  932 	.db #0x45	; 69	'E'
   0378 2D                  933 	.db #0x2D	; 45
   0379 0A                  934 	.db #0x0A	; 10
   037A 5D                  935 	.db #0x5D	; 93
   037B 3A                  936 	.db #0x3A	; 58
   037C 0D                  937 	.db #0x0D	; 13
   037D 2B                  938 	.db #0x2B	; 43
   037E 05                  939 	.db #0x05	; 5
   037F 1D                  940 	.db #0x1D	; 29
   0380 35                  941 	.db #0x35	; 53	'5'
   0381 0D                  942 	.db #0x0D	; 13
   0382 05                  943 	.db #0x05	; 5
   0383 1D                  944 	.db #0x1D	; 29
   0384 0A                  945 	.db #0x0A	; 10
   0385 05                  946 	.db #0x05	; 5
   0386 0D                  947 	.db #0x0D	; 13
   0387 25                  948 	.db #0x25	; 37
   0388 5D                  949 	.db #0x5D	; 93
   0389 0A                  950 	.db #0x0A	; 10
   038A 02                  951 	.db #0x02	; 2
   038B 4A                  952 	.db #0x4A	; 74	'J'
   038C 02                  953 	.db #0x02	; 2
   038D 3D                  954 	.db #0x3D	; 61
   038E 14                  955 	.db #0x14	; 20
   038F 0C                  956 	.db #0x0C	; 12
   0390 34                  957 	.db #0x34	; 52	'4'
   0391 0C                  958 	.db #0x0C	; 12
   0392 24                  959 	.db #0x24	; 36
   0393 3A                  960 	.db #0x3A	; 58
   0394 04                  961 	.db #0x04	; 4
   0395 2B                  962 	.db #0x2B	; 43
   0396 05                  963 	.db #0x05	; 5
   0397 14                  964 	.db #0x14	; 20
   0398 35                  965 	.db #0x35	; 53	'5'
   0399 04                  966 	.db #0x04	; 4
   039A 05                  967 	.db #0x05	; 5
   039B 0C                  968 	.db #0x0C	; 12
   039C 1A                  969 	.db #0x1A	; 26
   039D 24                  970 	.db #0x24	; 36
   039E 0C                  971 	.db #0x0C	; 12
   039F 04                  972 	.db #0x04	; 4
   03A0 3A                  973 	.db #0x3A	; 58
   03A1 5B                  974 	.db #0x5B	; 91
   03A2 75                  975 	.db #0x75	; 117	'u'
   03A3 0A                  976 	.db #0x0A	; 10
   03A4 0C                  977 	.db #0x0C	; 12
   03A5 1A                  978 	.db #0x1A	; 26
   03A6 45                  979 	.db #0x45	; 69	'E'
   03A7 24                  980 	.db #0x24	; 36
   03A8 0C                  981 	.db #0x0C	; 12
   03A9 1B                  982 	.db #0x1B	; 27
   03AA 6A                  983 	.db #0x6A	; 106	'j'
   03AB 0C                  984 	.db #0x0C	; 12
   03AC 44                  985 	.db #0x44	; 68	'D'
   03AD 0D                  986 	.db #0x0D	; 13
   03AE 0A                  987 	.db #0x0A	; 10
   03AF 0D                  988 	.db #0x0D	; 13
   03B0 04                  989 	.db #0x04	; 4
   03B1 1D                  990 	.db #0x1D	; 29
   03B2 14                  991 	.db #0x14	; 20
   03B3 3A                  992 	.db #0x3A	; 58
   03B4 5B                  993 	.db #0x5B	; 91
   03B5 75                  994 	.db #0x75	; 117	'u'
   03B6 04                  995 	.db #0x04	; 4
   03B7 2A                  996 	.db #0x2A	; 42
   03B8 14                  997 	.db #0x14	; 20
   03B9 0D                  998 	.db #0x0D	; 13
   03BA 5A                  999 	.db #0x5A	; 90	'Z'
   03BB 3B                 1000 	.db #0x3B	; 59
   03BC 14                 1001 	.db #0x14	; 20
   03BD 0B                 1002 	.db #0x0B	; 11
   03BE 45                 1003 	.db #0x45	; 69	'E'
   03BF 3A                 1004 	.db #0x3A	; 58
   03C0 05                 1005 	.db #0x05	; 5
   03C1 0A                 1006 	.db #0x0A	; 10
   03C2 35                 1007 	.db #0x35	; 53	'5'
   03C3 14                 1008 	.db #0x14	; 20
   03C4 05                 1009 	.db #0x05	; 5
   03C5 2B                 1010 	.db #0x2B	; 43
   03C6 04                 1011 	.db #0x04	; 4
   03C7 3A                 1012 	.db #0x3A	; 58
   03C8 0B                 1013 	.db #0x0B	; 11
   03C9 04                 1014 	.db #0x04	; 4
   03CA 0D                 1015 	.db #0x0D	; 13
   03CB 24                 1016 	.db #0x24	; 36
   03CC 1D                 1017 	.db #0x1D	; 29
   03CD 0C                 1018 	.db #0x0C	; 12
   03CE 0A                 1019 	.db #0x0A	; 10
   03CF 1C                 1020 	.db #0x1C	; 28
   03D0 04                 1021 	.db #0x04	; 4
   03D1 0C                 1022 	.db #0x0C	; 12
   03D2 0D                 1023 	.db #0x0D	; 13
   03D3 5A                 1024 	.db #0x5A	; 90	'Z'
   03D4 3B                 1025 	.db #0x3B	; 59
   03D5 0C                 1026 	.db #0x0C	; 12
   03D6 1B                 1027 	.db #0x1B	; 27
   03D7 45                 1028 	.db #0x45	; 69	'E'
   03D8 0A                 1029 	.db #0x0A	; 10
   03D9 0C                 1030 	.db #0x0C	; 12
   03DA 3A                 1031 	.db #0x3A	; 58
   03DB 0D                 1032 	.db #0x0D	; 13
   03DC 1C                 1033 	.db #0x1C	; 28
   03DD 2A                 1034 	.db #0x2A	; 42
   03DE 7B                 1035 	.db #0x7B	; 123
   03DF 55                 1036 	.db #0x55	; 85	'U'
   03E0 3A                 1037 	.db #0x3A	; 58
   03E1 75                 1038 	.db #0x75	; 117	'u'
   03E2 5B                 1039 	.db #0x5B	; 91
   03E3 3A                 1040 	.db #0x3A	; 58
   03E4 0D                 1041 	.db #0x0D	; 13
   03E5 0C                 1042 	.db #0x0C	; 12
   03E6 04                 1043 	.db #0x04	; 4
   03E7 2D                 1044 	.db #0x2D	; 45
   03E8 04                 1045 	.db #0x04	; 4
   03E9 0D                 1046 	.db #0x0D	; 13
   03EA 1A                 1047 	.db #0x1A	; 26
   03EB 44                 1048 	.db #0x44	; 68	'D'
   03EC 2A                 1049 	.db #0x2A	; 42
   03ED 7B                 1050 	.db #0x7B	; 123
   03EE 45                 1051 	.db #0x45	; 69	'E'
   03EF 0A                 1052 	.db #0x0A	; 10
   03F0 05                 1053 	.db #0x05	; 5
   03F1 4A                 1054 	.db #0x4A	; 74	'J'
   03F2 04                 1055 	.db #0x04	; 4
   03F3 0D                 1056 	.db #0x0D	; 13
   03F4 04                 1057 	.db #0x04	; 4
   03F5 4A                 1058 	.db #0x4A	; 74	'J'
   03F6 05                 1059 	.db #0x05	; 5
   03F7 3B                 1060 	.db #0x3B	; 59
   03F8 55                 1061 	.db #0x55	; 85	'U'
   03F9 5A                 1062 	.db #0x5A	; 90	'Z'
   03FA 45                 1063 	.db #0x45	; 69	'E'
   03FB 0B                 1064 	.db #0x0B	; 11
   03FC 0D                 1065 	.db #0x0D	; 13
   03FD 04                 1066 	.db #0x04	; 4
   03FE 3B                 1067 	.db #0x3B	; 59
   03FF 5A                 1068 	.db #0x5A	; 90	'Z'
   0400 24                 1069 	.db #0x24	; 36
   0401 1A                 1070 	.db #0x1A	; 26
   0402 04                 1071 	.db #0x04	; 4
   0403 3A                 1072 	.db #0x3A	; 58
   0404 0D                 1073 	.db #0x0D	; 13
   0405 24                 1074 	.db #0x24	; 36
   0406 4A                 1075 	.db #0x4A	; 74	'J'
   0407 05                 1076 	.db #0x05	; 5
   0408 3B                 1077 	.db #0x3B	; 59
   0409 55                 1078 	.db #0x55	; 85	'U'
   040A 6A                 1079 	.db #0x6A	; 106	'j'
   040B 04                 1080 	.db #0x04	; 4
   040C 5A                 1081 	.db #0x5A	; 90	'Z'
   040D 15                 1082 	.db #0x15	; 21
   040E 3B                 1083 	.db #0x3B	; 59
   040F 0D                 1084 	.db #0x0D	; 13
   0410 45                 1085 	.db #0x45	; 69	'E'
   0411 4A                 1086 	.db #0x4A	; 74	'J'
   0412 65                 1087 	.db #0x65	; 101	'e'
   0413 7B                 1088 	.db #0x7B	; 123
   0414 2A                 1089 	.db #0x2A	; 42
   0415 0D                 1090 	.db #0x0D	; 13
   0416 14                 1091 	.db #0x14	; 20
   0417 1A                 1092 	.db #0x1A	; 26
   0418 04                 1093 	.db #0x04	; 4
   0419 4A                 1094 	.db #0x4A	; 74	'J'
   041A 24                 1095 	.db #0x24	; 36
   041B 4A                 1096 	.db #0x4A	; 74	'J'
   041C 15                 1097 	.db #0x15	; 21
   041D 4B                 1098 	.db #0x4B	; 75	'K'
   041E 55                 1099 	.db #0x55	; 85	'U'
   041F 6A                 1100 	.db #0x6A	; 106	'j'
   0420 04                 1101 	.db #0x04	; 4
   0421 2A                 1102 	.db #0x2A	; 42
   0422 1B                 1103 	.db #0x1B	; 27
   0423 25                 1104 	.db #0x25	; 37
   0424 0B                 1105 	.db #0x0B	; 11
   0425 05                 1106 	.db #0x05	; 5
   0426 2B                 1107 	.db #0x2B	; 43
   0427 15                 1108 	.db #0x15	; 21
   0428 0A                 1109 	.db #0x0A	; 10
   0429 05                 1110 	.db #0x05	; 5
   042A 4A                 1111 	.db #0x4A	; 74	'J'
   042B 05                 1112 	.db #0x05	; 5
   042C 0A                 1113 	.db #0x0A	; 10
   042D 55                 1114 	.db #0x55	; 85	'U'
   042E 4B                 1115 	.db #0x4B	; 75	'K'
   042F 4A                 1116 	.db #0x4A	; 74	'J'
   0430 24                 1117 	.db #0x24	; 36
   0431 1A                 1118 	.db #0x1A	; 26
   0432 0D                 1119 	.db #0x0D	; 13
   0433 4A                 1120 	.db #0x4A	; 74	'J'
   0434 04                 1121 	.db #0x04	; 4
   0435 0A                 1122 	.db #0x0A	; 10
   0436 04                 1123 	.db #0x04	; 4
   0437 2A                 1124 	.db #0x2A	; 42
   0438 1B                 1125 	.db #0x1B	; 27
   0439 25                 1126 	.db #0x25	; 37
   043A 0B                 1127 	.db #0x0B	; 11
   043B 05                 1128 	.db #0x05	; 5
   043C 2B                 1129 	.db #0x2B	; 43
   043D 35                 1130 	.db #0x35	; 53	'5'
   043E 6A                 1131 	.db #0x6A	; 106	'j'
   043F 1B                 1132 	.db #0x1B	; 27
   0440 14                 1133 	.db #0x14	; 20
   0441 1A                 1134 	.db #0x1A	; 26
   0442 45                 1135 	.db #0x45	; 69	'E'
   0443 2B                 1136 	.db #0x2B	; 43
   0444 0A                 1137 	.db #0x0A	; 10
   0445 25                 1138 	.db #0x25	; 37
   0446 6A                 1139 	.db #0x6A	; 106	'j'
   0447 55                 1140 	.db #0x55	; 85	'U'
   0448 0D                 1141 	.db #0x0D	; 13
   0449 4B                 1142 	.db #0x4B	; 75	'K'
   044A 6A                 1143 	.db #0x6A	; 106	'j'
   044B 04                 1144 	.db #0x04	; 4
   044C 8A                 1145 	.db #0x8A	; 138
   044D 1B                 1146 	.db #0x1B	; 27
   044E 0D                 1147 	.db #0x0D	; 13
   044F 0B                 1148 	.db #0x0B	; 11
   0450 1A                 1149 	.db #0x1A	; 26
   0451 45                 1150 	.db #0x45	; 69	'E'
   0452 2B                 1151 	.db #0x2B	; 43
   0453 0A                 1152 	.db #0x0A	; 10
   0454 35                 1153 	.db #0x35	; 53	'5'
   0455 0A                 1154 	.db #0x0A	; 10
   0456 05                 1155 	.db #0x05	; 5
   0457 4A                 1156 	.db #0x4A	; 74	'J'
   0458 2B                 1157 	.db #0x2B	; 43
   0459 05                 1158 	.db #0x05	; 5
   045A 1A                 1159 	.db #0x1A	; 26
   045B 35                 1160 	.db #0x35	; 53	'5'
   045C 0B                 1161 	.db #0x0B	; 11
   045D 05                 1162 	.db #0x05	; 5
   045E 0B                 1163 	.db #0x0B	; 11
   045F 05                 1164 	.db #0x05	; 5
   0460 0A                 1165 	.db #0x0A	; 10
   0461 35                 1166 	.db #0x35	; 53	'5'
   0462 5A                 1167 	.db #0x5A	; 90	'Z'
   0463 45                 1168 	.db #0x45	; 69	'E'
   0464 9B                 1169 	.db #0x9B	; 155
   0465 2A                 1170 	.db #0x2A	; 42
   0466 0D                 1171 	.db #0x0D	; 13
   0467 2A                 1172 	.db #0x2A	; 42
   0468 17                 1173 	.db #0x17	; 23
   0469 3A                 1174 	.db #0x3A	; 58
   046A 07                 1175 	.db #0x07	; 7
   046B 2B                 1176 	.db #0x2B	; 43
   046C 05                 1177 	.db #0x05	; 5
   046D 1A                 1178 	.db #0x1A	; 26
   046E 35                 1179 	.db #0x35	; 53	'5'
   046F 0B                 1180 	.db #0x0B	; 11
   0470 05                 1181 	.db #0x05	; 5
   0471 0B                 1182 	.db #0x0B	; 11
   0472 05                 1183 	.db #0x05	; 5
   0473 0A                 1184 	.db #0x0A	; 10
   0474 35                 1185 	.db #0x35	; 53	'5'
   0475 4A                 1186 	.db #0x4A	; 74	'J'
   0476 5B                 1187 	.db #0x5B	; 91
   0477 75                 1188 	.db #0x75	; 117	'u'
   0478 1B                 1189 	.db #0x1B	; 27
   0479 1A                 1190 	.db #0x1A	; 26
   047A 15                 1191 	.db #0x15	; 21
   047B 5A                 1192 	.db #0x5A	; 90	'Z'
   047C 05                 1193 	.db #0x05	; 5
   047D 0A                 1194 	.db #0x0A	; 10
   047E 45                 1195 	.db #0x45	; 69	'E'
   047F 7B                 1196 	.db #0x7B	; 123
   0480 1A                 1197 	.db #0x1A	; 26
   0481 37                 1198 	.db #0x37	; 55	'7'
   0482 1A                 1199 	.db #0x1A	; 26
   0483 07                 1200 	.db #0x07	; 7
   0484 3A                 1201 	.db #0x3A	; 58
   0485 5B                 1202 	.db #0x5B	; 91
   0486 75                 1203 	.db #0x75	; 117	'u'
   0487 1B                 1204 	.db #0x1B	; 27
   0488 1A                 1205 	.db #0x1A	; 26
   0489 25                 1206 	.db #0x25	; 37
   048A 5A                 1207 	.db #0x5A	; 90	'Z'
   048B 3B                 1208 	.db #0x3B	; 59
   048C 07                 1209 	.db #0x07	; 7
   048D 0A                 1210 	.db #0x0A	; 10
   048E 0B                 1211 	.db #0x0B	; 11
   048F 45                 1212 	.db #0x45	; 69	'E'
   0490 0A                 1213 	.db #0x0A	; 10
   0491 0B                 1214 	.db #0x0B	; 11
   0492 CA                 1215 	.db #0xCA	; 202
   0493 55                 1216 	.db #0x55	; 85	'U'
   0494 4B                 1217 	.db #0x4B	; 75	'K'
   0495 FA                 1218 	.db #0xFA	; 250
   0496 3B                 1219 	.db #0x3B	; 59
   0497 07                 1220 	.db #0x07	; 7
   0498 0A                 1221 	.db #0x0A	; 10
   0499 0B                 1222 	.db #0x0B	; 11
   049A 45                 1223 	.db #0x45	; 69	'E'
   049B 0A                 1224 	.db #0x0A	; 10
   049C 0B                 1225 	.db #0x0B	; 11
   049D 3A                 1226 	.db #0x3A	; 58
   049E 05                 1227 	.db #0x05	; 5
   049F 0A                 1228 	.db #0x0A	; 10
   04A0 05                 1229 	.db #0x05	; 5
   04A1 2A                 1230 	.db #0x2A	; 42
   04A2 7B                 1231 	.db #0x7B	; 123
   04A3 65                 1232 	.db #0x65	; 101	'e'
   04A4 CA                 1233 	.db #0xCA	; 202
   04A5 45                 1234 	.db #0x45	; 69	'E'
   04A6 07                 1235 	.db #0x07	; 7
   04A7 0B                 1236 	.db #0x0B	; 11
   04A8 05                 1237 	.db #0x05	; 5
   04A9 6B                 1238 	.db #0x6B	; 107	'k'
   04AA 0A                 1239 	.db #0x0A	; 10
   04AB 07                 1240 	.db #0x07	; 7
   04AC 4A                 1241 	.db #0x4A	; 74	'J'
   04AD 07                 1242 	.db #0x07	; 7
   04AE 2A                 1243 	.db #0x2A	; 42
   04AF 7B                 1244 	.db #0x7B	; 123
   04B0 65                 1245 	.db #0x65	; 101	'e'
   04B1 4A                 1246 	.db #0x4A	; 74	'J'
   04B2 15                 1247 	.db #0x15	; 21
   04B3 5A                 1248 	.db #0x5A	; 90	'Z'
   04B4 4B                 1249 	.db #0x4B	; 75	'K'
   04B5 55                 1250 	.db #0x55	; 85	'U'
   04B6 0A                 1251 	.db #0x0A	; 10
   04B7 05                 1252 	.db #0x05	; 5
   04B8 4A                 1253 	.db #0x4A	; 74	'J'
   04B9 05                 1254 	.db #0x05	; 5
   04BA 5A                 1255 	.db #0x5A	; 90	'Z'
   04BB 15                 1256 	.db #0x15	; 21
   04BC 0A                 1257 	.db #0x0A	; 10
   04BD 15                 1258 	.db #0x15	; 21
   04BE 1B                 1259 	.db #0x1B	; 27
   04BF 15                 1260 	.db #0x15	; 21
   04C0 6B                 1261 	.db #0x6B	; 107	'k'
   04C1 0A                 1262 	.db #0x0A	; 10
   04C2 27                 1263 	.db #0x27	; 39
   04C3 2A                 1264 	.db #0x2A	; 42
   04C4 07                 1265 	.db #0x07	; 7
   04C5 4A                 1266 	.db #0x4A	; 74	'J'
   04C6 4B                 1267 	.db #0x4B	; 75	'K'
   04C7 55                 1268 	.db #0x55	; 85	'U'
   04C8 0A                 1269 	.db #0x0A	; 10
   04C9 05                 1270 	.db #0x05	; 5
   04CA 4A                 1271 	.db #0x4A	; 74	'J'
   04CB 05                 1272 	.db #0x05	; 5
   04CC 6A                 1273 	.db #0x6A	; 106	'j'
   04CD 4B                 1274 	.db #0x4B	; 75	'K'
   04CE 07                 1275 	.db #0x07	; 7
   04CF 55                 1276 	.db #0x55	; 85	'U'
   04D0 EA                 1277 	.db #0xEA	; 234
   04D1 35                 1278 	.db #0x35	; 53	'5'
   04D2 07                 1279 	.db #0x07	; 7
   04D3 25                 1280 	.db #0x25	; 37
   04D4 0B                 1281 	.db #0x0B	; 11
   04D5 05                 1282 	.db #0x05	; 5
   04D6 1B                 1283 	.db #0x1B	; 27
   04D7 2A                 1284 	.db #0x2A	; 42
   04D8 17                 1285 	.db #0x17	; 23
   04D9 9A                 1286 	.db #0x9A	; 154
   04DA 4B                 1287 	.db #0x4B	; 75	'K'
   04DB 07                 1288 	.db #0x07	; 7
   04DC 55                 1289 	.db #0x55	; 85	'U'
   04DD 6A                 1290 	.db #0x6A	; 106	'j'
   04DE 07                 1291 	.db #0x07	; 7
   04DF 2A                 1292 	.db #0x2A	; 42
   04E0 9B                 1293 	.db #0x9B	; 155
   04E1 45                 1294 	.db #0x45	; 69	'E'
   04E2 17                 1295 	.db #0x17	; 23
   04E3 AA                 1296 	.db #0xAA	; 170
   04E4 1B                 1297 	.db #0x1B	; 27
   04E5 0A                 1298 	.db #0x0A	; 10
   04E6 15                 1299 	.db #0x15	; 21
   04E7 07                 1300 	.db #0x07	; 7
   04E8 45                 1301 	.db #0x45	; 69	'E'
   04E9 2B                 1302 	.db #0x2B	; 43
   04EA BA                 1303 	.db #0xBA	; 186
   04EB 9B                 1304 	.db #0x9B	; 155
   04EC 45                 1305 	.db #0x45	; 69	'E'
   04ED 17                 1306 	.db #0x17	; 23
   04EE 3A                 1307 	.db #0x3A	; 58
   04EF 05                 1308 	.db #0x05	; 5
   04F0 4A                 1309 	.db #0x4A	; 74	'J'
   04F1 7B                 1310 	.db #0x7B	; 123
   04F2 45                 1311 	.db #0x45	; 69	'E'
   04F3 0A                 1312 	.db #0x0A	; 10
   04F4 05                 1313 	.db #0x05	; 5
   04F5 BA                 1314 	.db #0xBA	; 186
   04F6 2B                 1315 	.db #0x2B	; 43
   04F7 15                 1316 	.db #0x15	; 21
   04F8 07                 1317 	.db #0x07	; 7
   04F9 35                 1318 	.db #0x35	; 53	'5'
   04FA 0B                 1319 	.db #0x0B	; 11
   04FB 05                 1320 	.db #0x05	; 5
   04FC 1B                 1321 	.db #0x1B	; 27
   04FD 0A                 1322 	.db #0x0A	; 10
   04FE 0B                 1323 	.db #0x0B	; 11
   04FF 17                 1324 	.db #0x17	; 23
   0500 4A                 1325 	.db #0x4A	; 74	'J'
   0501 17                 1326 	.db #0x17	; 23
   0502 1A                 1327 	.db #0x1A	; 26
   0503 7B                 1328 	.db #0x7B	; 123
   0504 45                 1329 	.db #0x45	; 69	'E'
   0505 0A                 1330 	.db #0x0A	; 10
   0506 05                 1331 	.db #0x05	; 5
   0507 5A                 1332 	.db #0x5A	; 90	'Z'
   0508 07                 1333 	.db #0x07	; 7
   0509 5A                 1334 	.db #0x5A	; 90	'Z'
   050A 4B                 1335 	.db #0x4B	; 75	'K'
   050B 55                 1336 	.db #0x55	; 85	'U'
   050C BA                 1337 	.db #0xBA	; 186
   050D 5B                 1338 	.db #0x5B	; 91
   050E 75                 1339 	.db #0x75	; 117	'u'
   050F 17                 1340 	.db #0x17	; 23
   0510 1A                 1341 	.db #0x1A	; 26
   0511 27                 1342 	.db #0x27	; 39
   0512 9A                 1343 	.db #0x9A	; 154
   0513 4B                 1344 	.db #0x4B	; 75	'K'
   0514 55                 1345 	.db #0x55	; 85	'U'
   0515 9A                 1346 	.db #0x9A	; 154
   0516 07                 1347 	.db #0x07	; 7
   0517 0A                 1348 	.db #0x0A	; 10
   0518 8B                 1349 	.db #0x8B	; 139
   0519 07                 1350 	.db #0x07	; 7
   051A 45                 1351 	.db #0x45	; 69	'E'
   051B 0B                 1352 	.db #0x0B	; 11
   051C AA                 1353 	.db #0xAA	; 170
   051D 3B                 1354 	.db #0x3B	; 59
   051E 17                 1355 	.db #0x17	; 23
   051F 0B                 1356 	.db #0x0B	; 11
   0520 45                 1357 	.db #0x45	; 69	'E'
   0521 0A                 1358 	.db #0x0A	; 10
   0522 07                 1359 	.db #0x07	; 7
   0523 3A                 1360 	.db #0x3A	; 58
   0524 07                 1361 	.db #0x07	; 7
   0525 4A                 1362 	.db #0x4A	; 74	'J'
   0526 17                 1363 	.db #0x17	; 23
   0527 0A                 1364 	.db #0x0A	; 10
   0528 8B                 1365 	.db #0x8B	; 139
   0529 07                 1366 	.db #0x07	; 7
   052A 45                 1367 	.db #0x45	; 69	'E'
   052B 0B                 1368 	.db #0x0B	; 11
   052C 5A                 1369 	.db #0x5A	; 90	'Z'
   052D 27                 1370 	.db #0x27	; 39
   052E 0A                 1371 	.db #0x0A	; 10
   052F AB                 1372 	.db #0xAB	; 171
   0530 15                 1373 	.db #0x15	; 21
   0531 0A                 1374 	.db #0x0A	; 10
   0532 15                 1375 	.db #0x15	; 21
   0533 8A                 1376 	.db #0x8A	; 138
   0534 7B                 1377 	.db #0x7B	; 123
   0535 65                 1378 	.db #0x65	; 101	'e'
   0536 4A                 1379 	.db #0x4A	; 74	'J'
   0537 27                 1380 	.db #0x27	; 39
   0538 2A                 1381 	.db #0x2A	; 42
   0539 17                 1382 	.db #0x17	; 23
   053A 0A                 1383 	.db #0x0A	; 10
   053B AB                 1384 	.db #0xAB	; 171
   053C 15                 1385 	.db #0x15	; 21
   053D 0A                 1386 	.db #0x0A	; 10
   053E 15                 1387 	.db #0x15	; 21
   053F 5A                 1388 	.db #0x5A	; 90	'Z'
   0540 27                 1389 	.db #0x27	; 39
   0541 2A                 1390 	.db #0x2A	; 42
   0542 6B                 1391 	.db #0x6B	; 107	'k'
   0543 07                 1392 	.db #0x07	; 7
   0544 35                 1393 	.db #0x35	; 53	'5'
   0545 CA                 1394 	.db #0xCA	; 202
   0546 4B                 1395 	.db #0x4B	; 75	'K'
   0547 55                 1396 	.db #0x55	; 85	'U'
   0548 0A                 1397 	.db #0x0A	; 10
   0549 05                 1398 	.db #0x05	; 5
   054A 4A                 1399 	.db #0x4A	; 74	'J'
   054B 07                 1400 	.db #0x07	; 7
   054C 4A                 1401 	.db #0x4A	; 74	'J'
   054D 17                 1402 	.db #0x17	; 23
   054E 2A                 1403 	.db #0x2A	; 42
   054F 6B                 1404 	.db #0x6B	; 107	'k'
   0550 07                 1405 	.db #0x07	; 7
   0551 35                 1406 	.db #0x35	; 53	'5'
   0552 DA                 1407 	.db #0xDA	; 218
   0553 7B                 1408 	.db #0x7B	; 123
   0554 07                 1409 	.db #0x07	; 7
   0555 15                 1410 	.db #0x15	; 21
   0556 07                 1411 	.db #0x07	; 7
   0557 CA                 1412 	.db #0xCA	; 202
   0558 4B                 1413 	.db #0x4B	; 75	'K'
   0559 07                 1414 	.db #0x07	; 7
   055A 55                 1415 	.db #0x55	; 85	'U'
   055B 6A                 1416 	.db #0x6A	; 106	'j'
   055C 07                 1417 	.db #0x07	; 7
   055D 2A                 1418 	.db #0x2A	; 42
   055E 0B                 1419 	.db #0x0B	; 11
   055F 17                 1420 	.db #0x17	; 23
   0560 2A                 1421 	.db #0x2A	; 42
   0561 7B                 1422 	.db #0x7B	; 123
   0562 07                 1423 	.db #0x07	; 7
   0563 15                 1424 	.db #0x15	; 21
   0564 07                 1425 	.db #0x07	; 7
   0565 9A                 1426 	.db #0x9A	; 154
   0566 17                 1427 	.db #0x17	; 23
   0567 7B                 1428 	.db #0x7B	; 123
   0568 27                 1429 	.db #0x27	; 39
   0569 15                 1430 	.db #0x15	; 21
   056A 37                 1431 	.db #0x37	; 55	'7'
   056B 6A                 1432 	.db #0x6A	; 106	'j'
   056C 9B                 1433 	.db #0x9B	; 155
   056D 45                 1434 	.db #0x45	; 69	'E'
   056E 17                 1435 	.db #0x17	; 23
   056F 3A                 1436 	.db #0x3A	; 58
   0570 37                 1437 	.db #0x37	; 55	'7'
   0571 1A                 1438 	.db #0x1A	; 26
   0572 27                 1439 	.db #0x27	; 39
   0573 7B                 1440 	.db #0x7B	; 123
   0574 27                 1441 	.db #0x27	; 39
   0575 15                 1442 	.db #0x15	; 21
   0576 37                 1443 	.db #0x37	; 55	'7'
   0577 4A                 1444 	.db #0x4A	; 74	'J'
   0578 77                 1445 	.db #0x77	; 119	'w'
   0579 1B                 1446 	.db #0x1B	; 27
   057A 47                 1447 	.db #0x47	; 71	'G'
   057B 15                 1448 	.db #0x15	; 21
   057C BA                 1449 	.db #0xBA	; 186
   057D 7B                 1450 	.db #0x7B	; 123
   057E 45                 1451 	.db #0x45	; 69	'E'
   057F 0A                 1452 	.db #0x0A	; 10
   0580 05                 1453 	.db #0x05	; 5
   0581 5A                 1454 	.db #0x5A	; 90	'Z'
   0582 07                 1455 	.db #0x07	; 7
   0583 3A                 1456 	.db #0x3A	; 58
   0584 67                 1457 	.db #0x67	; 103	'g'
   0585 1B                 1458 	.db #0x1B	; 27
   0586 47                 1459 	.db #0x47	; 71	'G'
   0587 15                 1460 	.db #0x15	; 21
   0588 AA                 1461 	.db #0xAA	; 170
   0589 57                 1462 	.db #0x57	; 87	'W'
   058A 1B                 1463 	.db #0x1B	; 27
   058B A7                 1464 	.db #0xA7	; 167
   058C 2A                 1465 	.db #0x2A	; 42
   058D 07                 1466 	.db #0x07	; 7
   058E 5A                 1467 	.db #0x5A	; 90	'Z'
   058F 4B                 1468 	.db #0x4B	; 75	'K'
   0590 55                 1469 	.db #0x55	; 85	'U'
   0591 9A                 1470 	.db #0x9A	; 154
   0592 07                 1471 	.db #0x07	; 7
   0593 0A                 1472 	.db #0x0A	; 10
   0594 0B                 1473 	.db #0x0B	; 11
   0595 67                 1474 	.db #0x67	; 103	'g'
   0596 1B                 1475 	.db #0x1B	; 27
   0597 47                 1476 	.db #0x47	; 71	'G'
   0598 0A                 1477 	.db #0x0A	; 10
   0599 47                 1478 	.db #0x47	; 71	'G'
   059A 2A                 1479 	.db #0x2A	; 42
   059B 87                 1480 	.db #0x87	; 135
   059C 3B                 1481 	.db #0x3B	; 59
   059D 97                 1482 	.db #0x97	; 151
   059E 2A                 1483 	.db #0x2A	; 42
   059F 27                 1484 	.db #0x27	; 39
   05A0 0A                 1485 	.db #0x0A	; 10
   05A1 8B                 1486 	.db #0x8B	; 139
   05A2 07                 1487 	.db #0x07	; 7
   05A3 45                 1488 	.db #0x45	; 69	'E'
   05A4 07                 1489 	.db #0x07	; 7
   05A5 5A                 1490 	.db #0x5A	; 90	'Z'
   05A6 27                 1491 	.db #0x27	; 39
   05A7 0A                 1492 	.db #0x0A	; 10
   05A8 0B                 1493 	.db #0x0B	; 11
   05A9 57                 1494 	.db #0x57	; 87	'W'
   05AA 3B                 1495 	.db #0x3B	; 59
   05AB 37                 1496 	.db #0x37	; 55	'7'
   05AC 0A                 1497 	.db #0x0A	; 10
   05AD 47                 1498 	.db #0x47	; 71	'G'
   05AE 2A                 1499 	.db #0x2A	; 42
   05AF 97                 1500 	.db #0x97	; 151
   05B0 0B                 1501 	.db #0x0B	; 11
   05B1 07                 1502 	.db #0x07	; 7
   05B2 0B                 1503 	.db #0x0B	; 11
   05B3 97                 1504 	.db #0x97	; 151
   05B4 3A                 1505 	.db #0x3A	; 58
   05B5 17                 1506 	.db #0x17	; 23
   05B6 0A                 1507 	.db #0x0A	; 10
   05B7 AB                 1508 	.db #0xAB	; 171
   05B8 15                 1509 	.db #0x15	; 21
   05B9 0A                 1510 	.db #0x0A	; 10
   05BA 15                 1511 	.db #0x15	; 21
   05BB 5A                 1512 	.db #0x5A	; 90	'Z'
   05BC 27                 1513 	.db #0x27	; 39
   05BD 1A                 1514 	.db #0x1A	; 26
   05BE 67                 1515 	.db #0x67	; 103	'g'
   05BF 0B                 1516 	.db #0x0B	; 11
   05C0 07                 1517 	.db #0x07	; 7
   05C1 0B                 1518 	.db #0x0B	; 11
   05C2 37                 1519 	.db #0x37	; 55	'7'
   05C3 1A                 1520 	.db #0x1A	; 26
   05C4 37                 1521 	.db #0x37	; 55	'7'
   05C5 3A                 1522 	.db #0x3A	; 58
   05C6 F7                 1523 	.db #0xF7	; 247
   05C7 07                 1524 	.db #0x07	; 7
   05C8 05                 1525 	.db #0x05	; 5
   05C9 37                 1526 	.db #0x37	; 55	'7'
   05CA 2A                 1527 	.db #0x2A	; 42
   05CB 27                 1528 	.db #0x27	; 39
   05CC 2A                 1529 	.db #0x2A	; 42
   05CD 6B                 1530 	.db #0x6B	; 107	'k'
   05CE 07                 1531 	.db #0x07	; 7
   05CF 35                 1532 	.db #0x35	; 53	'5'
   05D0 CA                 1533 	.db #0xCA	; 202
   05D1 C7                 1534 	.db #0xC7	; 199
   05D2 2A                 1535 	.db #0x2A	; 42
   05D3 37                 1536 	.db #0x37	; 55	'7'
   05D4 2A                 1537 	.db #0x2A	; 42
   05D5 F7                 1538 	.db #0xF7	; 247
   05D6 17                 1539 	.db #0x17	; 23
   05D7 05                 1540 	.db #0x05	; 5
   05D8 97                 1541 	.db #0x97	; 151
   05D9 2A                 1542 	.db #0x2A	; 42
   05DA 7B                 1543 	.db #0x7B	; 123
   05DB 07                 1544 	.db #0x07	; 7
   05DC 15                 1545 	.db #0x15	; 21
   05DD 07                 1546 	.db #0x07	; 7
   05DE 9A                 1547 	.db #0x9A	; 154
   05DF 17                 1548 	.db #0x17	; 23
   05E0 0B                 1549 	.db #0x0B	; 11
   05E1 C7                 1550 	.db #0xC7	; 199
   05E2 3A                 1551 	.db #0x3A	; 58
   05E3 F7                 1552 	.db #0xF7	; 247
   05E4 77                 1553 	.db #0x77	; 119	'w'
   05E5 15                 1554 	.db #0x15	; 21
   05E6 97                 1555 	.db #0x97	; 151
   05E7 7B                 1556 	.db #0x7B	; 123
   05E8 27                 1557 	.db #0x27	; 39
   05E9 15                 1558 	.db #0x15	; 21
   05EA 37                 1559 	.db #0x37	; 55	'7'
   05EB 4A                 1560 	.db #0x4A	; 74	'J'
   05EC F7                 1561 	.db #0xF7	; 247
   05ED 07                 1562 	.db #0x07	; 7
   05EE 5A                 1563 	.db #0x5A	; 90	'Z'
   05EF F7                 1564 	.db #0xF7	; 247
   05F0 57                 1565 	.db #0x57	; 87	'W'
   05F1 25                 1566 	.db #0x25	; 37
   05F2 D7                 1567 	.db #0xD7	; 215
   05F3 1B                 1568 	.db #0x1B	; 27
   05F4 47                 1569 	.db #0x47	; 71	'G'
   05F5 15                 1570 	.db #0x15	; 21
   05F6 AA                 1571 	.db #0xAA	; 170
   05F7 A7                 1572 	.db #0xA7	; 167
   05F8 0A                 1573 	.db #0x0A	; 10
   05F9 27                 1574 	.db #0x27	; 39
   05FA 6A                 1575 	.db #0x6A	; 106	'j'
   05FB 17                 1576 	.db #0x17	; 23
   05FC 0A                 1577 	.db #0x0A	; 10
   05FD F7                 1578 	.db #0xF7	; 247
   05FE 17                 1579 	.db #0x17	; 23
   05FF 35                 1580 	.db #0x35	; 53	'5'
   0600 C7                 1581 	.db #0xC7	; 199
   0601 1B                 1582 	.db #0x1B	; 27
   0602 A7                 1583 	.db #0xA7	; 167
   0603 2A                 1584 	.db #0x2A	; 42
   0604 F7                 1585 	.db #0xF7	; 247
   0605 BA                 1586 	.db #0xBA	; 186
   0606 F7                 1587 	.db #0xF7	; 247
   0607 17                 1588 	.db #0x17	; 23
   0608 55                 1589 	.db #0x55	; 85	'U'
   0609 A7                 1590 	.db #0xA7	; 167
   060A 3B                 1591 	.db #0x3B	; 59
   060B 97                 1592 	.db #0x97	; 151
   060C 2A                 1593 	.db #0x2A	; 42
   060D B7                 1594 	.db #0xB7	; 183
   060E 0B                 1595 	.db #0x0B	; 11
   060F 37                 1596 	.db #0x37	; 55	'7'
   0610 9A                 1597 	.db #0x9A	; 154
   0611 E7                 1598 	.db #0xE7	; 231
   0612 05                 1599 	.db #0x05	; 5
   0613 27                 1600 	.db #0x27	; 39
   0614 65                 1601 	.db #0x65	; 101	'e'
   0615 17                 1602 	.db #0x17	; 23
   0616 05                 1603 	.db #0x05	; 5
   0617 77                 1604 	.db #0x77	; 119	'w'
   0618 0B                 1605 	.db #0x0B	; 11
   0619 07                 1606 	.db #0x07	; 7
   061A 0B                 1607 	.db #0x0B	; 11
   061B 97                 1608 	.db #0x97	; 151
   061C 3A                 1609 	.db #0x3A	; 58
   061D A7                 1610 	.db #0xA7	; 167
   061E 0B                 1611 	.db #0x0B	; 11
   061F 47                 1612 	.db #0x47	; 71	'G'
   0620 7A                 1613 	.db #0x7A	; 122	'z'
   0621 37                 1614 	.db #0x37	; 55	'7'
   0622 0A                 1615 	.db #0x0A	; 10
   0623 B7                 1616 	.db #0xB7	; 183
   0624 B5                 1617 	.db #0xB5	; 181
   0625 67                 1618 	.db #0x67	; 103	'g'
   0626 0B                 1619 	.db #0x0B	; 11
   0627 D7                 1620 	.db #0xD7	; 215
   0628 2A                 1621 	.db #0x2A	; 42
   0629 B7                 1622 	.db #0xB7	; 183
   062A 1B                 1623 	.db #0x1B	; 27
   062B 27                 1624 	.db #0x27	; 39
   062C 8A                 1625 	.db #0x8A	; 138
   062D 17                 1626 	.db #0x17	; 23
   062E 1A                 1627 	.db #0x1A	; 26
   062F 07                 1628 	.db #0x07	; 7
   0630 05                 1629 	.db #0x05	; 5
   0631 B7                 1630 	.db #0xB7	; 183
   0632 95                 1631 	.db #0x95	; 149
   0633 77                 1632 	.db #0x77	; 119	'w'
   0634 0B                 1633 	.db #0x0B	; 11
   0635 F7                 1634 	.db #0xF7	; 247
   0636 B7                 1635 	.db #0xB7	; 183
   0637 2B                 1636 	.db #0x2B	; 43
   0638 FA                 1637 	.db #0xFA	; 250
   0639 07                 1638 	.db #0x07	; 7
   063A 05                 1639 	.db #0x05	; 5
   063B C7                 1640 	.db #0xC7	; 199
   063C 75                 1641 	.db #0x75	; 117	'u'
   063D 37                 1642 	.db #0x37	; 55	'7'
   063E 05                 1643 	.db #0x05	; 5
   063F 37                 1644 	.db #0x37	; 55	'7'
   0640 1B                 1645 	.db #0x1B	; 27
   0641 F7                 1646 	.db #0xF7	; 247
   0642 A7                 1647 	.db #0xA7	; 167
   0643 3B                 1648 	.db #0x3B	; 59
   0644 DA                 1649 	.db #0xDA	; 218
   0645 17                 1650 	.db #0x17	; 23
   0646 15                 1651 	.db #0x15	; 21
   0647 57                 1652 	.db #0x57	; 87	'W'
   0648 15                 1653 	.db #0x15	; 21
   0649 27                 1654 	.db #0x27	; 39
   064A 85                 1655 	.db #0x85	; 133
   064B 17                 1656 	.db #0x17	; 23
   064C 15                 1657 	.db #0x15	; 21
   064D 37                 1658 	.db #0x37	; 55	'7'
   064E 2B                 1659 	.db #0x2B	; 43
   064F F7                 1660 	.db #0xF7	; 247
   0650 97                 1661 	.db #0x97	; 151
   0651 5B                 1662 	.db #0x5B	; 91
   0652 07                 1663 	.db #0x07	; 7
   0653 9A                 1664 	.db #0x9A	; 154
   0654 27                 1665 	.db #0x27	; 39
   0655 25                 1666 	.db #0x25	; 37
   0656 67                 1667 	.db #0x67	; 103	'g'
   0657 F5                 1668 	.db #0xF5	; 245
   0658 05                 1669 	.db #0x05	; 5
   0659 37                 1670 	.db #0x37	; 55	'7'
   065A 3B                 1671 	.db #0x3B	; 59
   065B F7                 1672 	.db #0xF7	; 247
   065C 87                 1673 	.db #0x87	; 135
   065D 6B                 1674 	.db #0x6B	; 107	'k'
   065E 07                 1675 	.db #0x07	; 7
   065F 0A                 1676 	.db #0x0A	; 10
   0660 0B                 1677 	.db #0x0B	; 11
   0661 6A                 1678 	.db #0x6A	; 106	'j'
   0662 27                 1679 	.db #0x27	; 39
   0663 35                 1680 	.db #0x35	; 53	'5'
   0664 67                 1681 	.db #0x67	; 103	'g'
   0665 E5                 1682 	.db #0xE5	; 229
   0666 37                 1683 	.db #0x37	; 55	'7'
   0667 5B                 1684 	.db #0x5B	; 91
   0668 F7                 1685 	.db #0xF7	; 247
   0669 47                 1686 	.db #0x47	; 71	'G'
   066A BB                 1687 	.db #0xBB	; 187
   066B 8A                 1688 	.db #0x8A	; 138
   066C 07                 1689 	.db #0x07	; 7
   066D 55                 1690 	.db #0x55	; 85	'U'
   066E 87                 1691 	.db #0x87	; 135
   066F 95                 1692 	.db #0x95	; 149
   0670 17                 1693 	.db #0x17	; 23
   0671 0B                 1694 	.db #0x0B	; 11
   0672 27                 1695 	.db #0x27	; 39
   0673 6B                 1696 	.db #0x6B	; 107	'k'
   0674 17                 1697 	.db #0x17	; 23
   0675 0B                 1698 	.db #0x0B	; 11
   0676 F7                 1699 	.db #0xF7	; 247
   0677 17                 1700 	.db #0x17	; 23
   0678 9B                 1701 	.db #0x9B	; 155
   0679 6A                 1702 	.db #0x6A	; 106	'j'
   067A 05                 1703 	.db #0x05	; 5
   067B 2A                 1704 	.db #0x2A	; 42
   067C 65                 1705 	.db #0x65	; 101	'e'
   067D 17                 1706 	.db #0x17	; 23
   067E 05                 1707 	.db #0x05	; 5
   067F 57                 1708 	.db #0x57	; 87	'W'
   0680 85                 1709 	.db #0x85	; 133
   0681 27                 1710 	.db #0x27	; 39
   0682 BB                 1711 	.db #0xBB	; 187
   0683 F7                 1712 	.db #0xF7	; 247
   0684 37                 1713 	.db #0x37	; 55	'7'
   0685 7B                 1714 	.db #0x7B	; 123
   0686 3A                 1715 	.db #0x3A	; 58
   0687 0B                 1716 	.db #0x0B	; 11
   0688 3A                 1717 	.db #0x3A	; 58
   0689 C5                 1718 	.db #0xC5	; 197
   068A 27                 1719 	.db #0x27	; 39
   068B 0A                 1720 	.db #0x0A	; 10
   068C 07                 1721 	.db #0x07	; 7
   068D A5                 1722 	.db #0xA5	; 165
   068E 27                 1723 	.db #0x27	; 39
   068F 9B                 1724 	.db #0x9B	; 155
   0690 F7                 1725 	.db #0xF7	; 247
   0691 37                 1726 	.db #0x37	; 55	'7'
   0692 8B                 1727 	.db #0x8B	; 139
   0693 1A                 1728 	.db #0x1A	; 26
   0694 1B                 1729 	.db #0x1B	; 27
   0695 5A                 1730 	.db #0x5A	; 90	'Z'
   0696 95                 1731 	.db #0x95	; 149
   0697 17                 1732 	.db #0x17	; 23
   0698 15                 1733 	.db #0x15	; 21
   0699 07                 1734 	.db #0x07	; 7
   069A 0A                 1735 	.db #0x0A	; 10
   069B C5                 1736 	.db #0xC5	; 197
   069C 27                 1737 	.db #0x27	; 39
   069D 7B                 1738 	.db #0x7B	; 123
   069E 37                 1739 	.db #0x37	; 55	'7'
   069F 0B                 1740 	.db #0x0B	; 11
   06A0 E7                 1741 	.db #0xE7	; 231
   06A1 DB                 1742 	.db #0xDB	; 219
   06A2 6A                 1743 	.db #0x6A	; 106	'j'
   06A3 75                 1744 	.db #0x75	; 117	'u'
   06A4 27                 1745 	.db #0x27	; 39
   06A5 25                 1746 	.db #0x25	; 37
   06A6 1A                 1747 	.db #0x1A	; 26
   06A7 85                 1748 	.db #0x85	; 133
   06A8 1B                 1749 	.db #0x1B	; 27
   06A9 25                 1750 	.db #0x25	; 37
   06AA 8B                 1751 	.db #0x8B	; 139
   06AB 17                 1752 	.db #0x17	; 23
   06AC 1B                 1753 	.db #0x1B	; 27
   06AD F7                 1754 	.db #0xF7	; 247
   06AE CB                 1755 	.db #0xCB	; 203
   06AF 1A                 1756 	.db #0x1A	; 26
   06B0 15                 1757 	.db #0x15	; 21
   06B1 2A                 1758 	.db #0x2A	; 42
   06B2 85                 1759 	.db #0x85	; 133
   06B3 17                 1760 	.db #0x17	; 23
   06B4 25                 1761 	.db #0x25	; 37
   06B5 2A                 1762 	.db #0x2A	; 42
   06B6 95                 1763 	.db #0x95	; 149
   06B7 FB                 1764 	.db #0xFB	; 251
   06B8 0B                 1765 	.db #0x0B	; 11
   06B9 F7                 1766 	.db #0xF7	; 247
   06BA 07                 1767 	.db #0x07	; 7
   06BB 9B                 1768 	.db #0x9B	; 155
   06BC 4A                 1769 	.db #0x4A	; 74	'J'
   06BD F5                 1770 	.db #0xF5	; 245
   06BE 05                 1771 	.db #0x05	; 5
   06BF 07                 1772 	.db #0x07	; 7
   06C0 3A                 1773 	.db #0x3A	; 58
   06C1 95                 1774 	.db #0x95	; 149
   06C2 EB                 1775 	.db #0xEB	; 235
   06C3 F7                 1776 	.db #0xF7	; 247
   06C4 27                 1777 	.db #0x27	; 39
   06C5 8B                 1778 	.db #0x8B	; 139
   06C6 5A                 1779 	.db #0x5A	; 90	'Z'
   06C7 E5                 1780 	.db #0xE5	; 229
   06C8 07                 1781 	.db #0x07	; 7
   06C9 5A                 1782 	.db #0x5A	; 90	'Z'
   06CA 95                 1783 	.db #0x95	; 149
   06CB 17                 1784 	.db #0x17	; 23
   06CC 9B                 1785 	.db #0x9B	; 155
   06CD F7                 1786 	.db #0xF7	; 247
   06CE 27                 1787 	.db #0x27	; 39
                           1788 	.area _INITIALIZER
                           1789 	.area _CABS (ABS)
