                              1 ;--------------------------------------------------------
                              2 ; File Created by SDCC : free open source ANSI-C Compiler
                              3 ; Version 3.5.5 #9498 (Linux)
                              4 ;--------------------------------------------------------
                              5 	.module typography_4x6_monospaced
                              6 	.optsdcc -mz80
                              7 	
                              8 ;--------------------------------------------------------
                              9 ; Public variables in this module
                             10 ;--------------------------------------------------------
                             11 	.globl _typography_4x6_monospaced
                             12 ;--------------------------------------------------------
                             13 ; special function registers
                             14 ;--------------------------------------------------------
                             15 ;--------------------------------------------------------
                             16 ; ram data
                             17 ;--------------------------------------------------------
                             18 	.area _DATA
                             19 ;--------------------------------------------------------
                             20 ; ram data
                             21 ;--------------------------------------------------------
                             22 	.area _INITIALIZED
                             23 ;--------------------------------------------------------
                             24 ; absolute external ram data
                             25 ;--------------------------------------------------------
                             26 	.area _DABS (ABS)
                             27 ;--------------------------------------------------------
                             28 ; global & static initialisations
                             29 ;--------------------------------------------------------
                             30 	.area _HOME
                             31 	.area _GSINIT
                             32 	.area _GSFINAL
                             33 	.area _GSINIT
                             34 ;--------------------------------------------------------
                             35 ; Home
                             36 ;--------------------------------------------------------
                             37 	.area _HOME
                             38 	.area _HOME
                             39 ;--------------------------------------------------------
                             40 ; code
                             41 ;--------------------------------------------------------
                             42 	.area _CODE
                             43 	.area _CODE
   0000                      44 _typography_4x6_monospaced:
   0000 4C                   45 	.db #0x4C	; 76	'L'
   0001 4C                   46 	.db #0x4C	; 76	'L'
   0002 EE                   47 	.db #0xEE	; 238
   0003 4A                   48 	.db #0x4A	; 74	'J'
   0004 4E                   49 	.db #0x4E	; 78	'N'
   0005 A8                   50 	.db #0xA8	; 168
   0006 AA                   51 	.db #0xAA	; 170
   0007 4C                   52 	.db #0x4C	; 76	'L'
   0008 4C                   53 	.db #0x4C	; 76	'L'
   0009 6E                   54 	.db #0x6E	; 110	'n'
   000A AA                   55 	.db #0xAA	; 170
   000B AA                   56 	.db #0xAA	; 170
   000C AE                   57 	.db #0xAE	; 174
   000D E4                   58 	.db #0xE4	; 228
   000E 4C                   59 	.db #0x4C	; 76	'L'
   000F 8E                   60 	.db #0x8E	; 142
   0010 6E                   61 	.db #0x6E	; 110	'n'
   0011 44                   62 	.db #0x44	; 68	'D'
   0012 44                   63 	.db #0x44	; 68	'D'
   0013 00                   64 	.db #0x00	; 0
   0014 60                   65 	.db #0x60	; 96
   0015 AA                   66 	.db #0xAA	; 170
   0016 AA                   67 	.db #0xAA	; 170
   0017 88                   68 	.db #0x88	; 136
   0018 AA                   69 	.db #0xAA	; 170
   0019 42                   70 	.db #0x42	; 66	'B'
   001A A8                   71 	.db #0xA8	; 168
   001B EA                   72 	.db #0xEA	; 234
   001C AA                   73 	.db #0xAA	; 170
   001D AA                   74 	.db #0xAA	; 170
   001E 84                   75 	.db #0x84	; 132
   001F AA                   76 	.db #0xAA	; 170
   0020 AA                   77 	.db #0xAA	; 170
   0021 A2                   78 	.db #0xA2	; 162
   0022 AC                   79 	.db #0xAC	; 172
   0023 A2                   80 	.db #0xA2	; 162
   0024 88                   81 	.db #0x88	; 136
   0025 82                   82 	.db #0x82	; 130
   0026 AA                   83 	.db #0xAA	; 170
   0027 4A                   84 	.db #0x4A	; 74	'J'
   0028 00                   85 	.db #0x00	; 0
   0029 90                   86 	.db #0x90	; 144
   002A AC                   87 	.db #0xAC	; 172
   002B 8A                   88 	.db #0x8A	; 138
   002C 88                   89 	.db #0x88	; 136
   002D 8A                   90 	.db #0x8A	; 138
   002E 42                   91 	.db #0x42	; 66	'B'
   002F A8                   92 	.db #0xA8	; 168
   0030 EE                   93 	.db #0xEE	; 238
   0031 AA                   94 	.db #0xAA	; 170
   0032 AA                   95 	.db #0xAA	; 170
   0033 84                   96 	.db #0x84	; 132
   0034 AA                   97 	.db #0xAA	; 170
   0035 A4                   98 	.db #0xA4	; 164
   0036 A4                   99 	.db #0xA4	; 164
   0037 A4                  100 	.db #0xA4	; 164
   0038 24                  101 	.db #0x24	; 36
   0039 AC                  102 	.db #0xAC	; 172
   003A C4                  103 	.db #0xC4	; 196
   003B 4A                  104 	.db #0x4A	; 74	'J'
   003C 42                  105 	.db #0x42	; 66	'B'
   003D 04                  106 	.db #0x04	; 4
   003E B0                  107 	.db #0xB0	; 176
   003F AA                  108 	.db #0xAA	; 170
   0040 8A                  109 	.db #0x8A	; 138
   0041 CC                  110 	.db #0xCC	; 204
   0042 AE                  111 	.db #0xAE	; 174
   0043 42                  112 	.db #0x42	; 66	'B'
   0044 C8                  113 	.db #0xC8	; 200
   0045 AE                  114 	.db #0xAE	; 174
   0046 AC                  115 	.db #0xAC	; 172
   0047 AC                  116 	.db #0xAC	; 172
   0048 44                  117 	.db #0x44	; 68	'D'
   0049 AA                  118 	.db #0xAA	; 170
   004A A4                  119 	.db #0xA4	; 164
   004B 44                  120 	.db #0x44	; 68	'D'
   004C A4                  121 	.db #0xA4	; 164
   004D 42                  122 	.db #0x42	; 66	'B'
   004E E2                  123 	.db #0xE2	; 226
   004F A4                  124 	.db #0xA4	; 164
   0050 A6                  125 	.db #0xA6	; 166
   0051 44                  126 	.db #0x44	; 68	'D'
   0052 00                  127 	.db #0x00	; 0
   0053 D0                  128 	.db #0xD0	; 208
   0054 EA                  129 	.db #0xEA	; 234
   0055 AA                  130 	.db #0xAA	; 170
   0056 88                  131 	.db #0x88	; 136
   0057 AA                  132 	.db #0xAA	; 170
   0058 4A                  133 	.db #0x4A	; 74	'J'
   0059 A8                  134 	.db #0xA8	; 168
   005A AA                  135 	.db #0xAA	; 170
   005B A8                  136 	.db #0xA8	; 168
   005C CA                  137 	.db #0xCA	; 202
   005D 24                  138 	.db #0x24	; 36
   005E A4                  139 	.db #0xA4	; 164
   005F 4A                  140 	.db #0x4A	; 74	'J'
   0060 48                  141 	.db #0x48	; 72	'H'
   0061 A4                  142 	.db #0xA4	; 164
   0062 82                  143 	.db #0x82	; 130
   0063 22                  144 	.db #0x22	; 34
   0064 A8                  145 	.db #0xA8	; 168
   0065 A2                  146 	.db #0xA2	; 162
   0066 00                  147 	.db #0x00	; 0
   0067 00                  148 	.db #0x00	; 0
   0068 A0                  149 	.db #0xA0	; 160
   0069 AE                  150 	.db #0xAE	; 174
   006A 4C                  151 	.db #0x4C	; 76	'L'
   006B E8                  152 	.db #0xE8	; 232
   006C EA                  153 	.db #0xEA	; 234
   006D 44                  154 	.db #0x44	; 68	'D'
   006E AE                  155 	.db #0xAE	; 174
   006F AA                  156 	.db #0xAA	; 170
   0070 48                  157 	.db #0x48	; 72	'H'
   0071 2A                  158 	.db #0x2A	; 42
   0072 C4                  159 	.db #0xC4	; 196
   0073 44                  160 	.db #0x44	; 68	'D'
   0074 AA                  161 	.db #0xAA	; 170
   0075 4E                  162 	.db #0x4E	; 78	'N'
   0076 EE                  163 	.db #0xEE	; 238
   0077 EC                  164 	.db #0xEC	; 236
   0078 2C                  165 	.db #0x2C	; 44
   0079 48                  166 	.db #0x48	; 72	'H'
   007A 4C                  167 	.db #0x4C	; 76	'L'
   007B 44                  168 	.db #0x44	; 68	'D'
   007C 44                  169 	.db #0x44	; 68	'D'
   007D 70                  170 	.db #0x70	; 112	'p'
                            171 	.area _INITIALIZER
                            172 	.area _CABS (ABS)
