                              1 ;--------------------------------------------------------
                              2 ; File Created by SDCC : free open source ANSI-C Compiler
                              3 ; Version 3.5.5 #9498 (Linux)
                              4 ;--------------------------------------------------------
                              5 	.module music
                              6 	.optsdcc -mz80
                              7 	
                              8 ;--------------------------------------------------------
                              9 ; Public variables in this module
                             10 ;--------------------------------------------------------
                             11 	.globl _GameMusic
                             12 ;--------------------------------------------------------
                             13 ; special function registers
                             14 ;--------------------------------------------------------
                             15 ;--------------------------------------------------------
                             16 ; ram data
                             17 ;--------------------------------------------------------
                             18 	.area _DATA
                             19 ;--------------------------------------------------------
                             20 ; ram data
                             21 ;--------------------------------------------------------
                             22 	.area _INITIALIZED
                             23 ;--------------------------------------------------------
                             24 ; absolute external ram data
                             25 ;--------------------------------------------------------
                             26 	.area _DABS (ABS)
                             27 ;--------------------------------------------------------
                             28 ; global & static initialisations
                             29 ;--------------------------------------------------------
                             30 	.area _HOME
                             31 	.area _GSINIT
                             32 	.area _GSFINAL
                             33 	.area _GSINIT
                             34 ;--------------------------------------------------------
                             35 ; Home
                             36 ;--------------------------------------------------------
                             37 	.area _HOME
                             38 	.area _HOME
                             39 ;--------------------------------------------------------
                             40 ; code
                             41 ;--------------------------------------------------------
                             42 	.area _CODE
                             43 	.area _CODE
                             44 	.area _INITIALIZER
                             45 	.area _CABS (ABS)
   0040                      46 	.org 0x0040
   0040                      47 _GameMusic:
   0040 41                   48 	.db #0x41	; 65	'A'
   0041 54                   49 	.db #0x54	; 84	'T'
   0042 31                   50 	.db #0x31	; 49	'1'
   0043 30                   51 	.db #0x30	; 48	'0'
   0044 01                   52 	.db #0x01	; 1
   0045 40                   53 	.db #0x40	; 64
   0046 42                   54 	.db #0x42	; 66	'B'
   0047 0F                   55 	.db #0x0F	; 15
   0048 02                   56 	.db #0x02	; 2
   0049 06                   57 	.db #0x06	; 6
   004A 29                   58 	.db #0x29	; 41
   004B 00                   59 	.db #0x00	; 0
   004C 52                   60 	.db #0x52	; 82	'R'
   004D 00                   61 	.db #0x00	; 0
   004E 5B                   62 	.db #0x5B	; 91
   004F 00                   63 	.db #0x00	; 0
   0050 6F                   64 	.db #0x6F	; 111	'o'
   0051 00                   65 	.db #0x00	; 0
   0052 00                   66 	.db #0x00	; 0
   0053 00                   67 	.db #0x00	; 0
   0054 00                   68 	.db #0x00	; 0
   0055 00                   69 	.db #0x00	; 0
   0056 00                   70 	.db #0x00	; 0
   0057 00                   71 	.db #0x00	; 0
   0058 0D                   72 	.db #0x0D	; 13
   0059 54                   73 	.db #0x54	; 84	'T'
   005A 00                   74 	.db #0x00	; 0
   005B 01                   75 	.db #0x01	; 1
   005C 00                   76 	.db #0x00	; 0
   005D 3C                   77 	.db #0x3C	; 60
   005E 38                   78 	.db #0x38	; 56	'8'
   005F 34                   79 	.db #0x34	; 52	'4'
   0060 30                   80 	.db #0x30	; 48	'0'
   0061 2C                   81 	.db #0x2C	; 44
   0062 28                   82 	.db #0x28	; 40
   0063 24                   83 	.db #0x24	; 36
   0064 20                   84 	.db #0x20	; 32
   0065 1C                   85 	.db #0x1C	; 28
   0066 18                   86 	.db #0x18	; 24
   0067 14                   87 	.db #0x14	; 20
   0068 10                   88 	.db #0x10	; 16
   0069 0C                   89 	.db #0x0C	; 12
   006A 08                   90 	.db #0x08	; 8
   006B 04                   91 	.db #0x04	; 4
   006C 0D                   92 	.db #0x0D	; 13
   006D 54                   93 	.db #0x54	; 84	'T'
   006E 00                   94 	.db #0x00	; 0
   006F 05                   95 	.db #0x05	; 5
   0070 00                   96 	.db #0x00	; 0
   0071 3C                   97 	.db #0x3C	; 60
   0072 0D                   98 	.db #0x0D	; 13
   0073 71                   99 	.db #0x71	; 113	'q'
   0074 00                  100 	.db #0x00	; 0
   0075 40                  101 	.db #0x40	; 64
   0076 00                  102 	.db #0x00	; 0
   0077 00                  103 	.db #0x00	; 0
   0078 00                  104 	.db #0x00	; 0
   0079 85                  105 	.db #0x85	; 133
   007A 00                  106 	.db #0x00	; 0
   007B 00                  107 	.db #0x00	; 0
   007C 86                  108 	.db #0x86	; 134
   007D 00                  109 	.db #0x00	; 0
   007E C5                  110 	.db #0xC5	; 197
   007F 00                  111 	.db #0x00	; 0
   0080 09                  112 	.db #0x09	; 9
   0081 01                  113 	.db #0x01	; 1
   0082 01                  114 	.db #0x01	; 1
   0083 7B                  115 	.db #0x7B	; 123
   0084 00                  116 	.db #0x00	; 0
   0085 00                  117 	.db #0x00	; 0
   0086 84                  118 	.db #0x84	; 132
   0087 ED                  119 	.db #0xED	; 237
   0088 00                  120 	.db #0x00	; 0
   0089 00                  121 	.db #0x00	; 0
   008A 01                  122 	.db #0x01	; 1
   008B 06                  123 	.db #0x06	; 6
   008C 84                  124 	.db #0x84	; 132
   008D 40                  125 	.db #0x40	; 64
   008E 02                  126 	.db #0x02	; 2
   008F 84                  127 	.db #0x84	; 132
   0090 40                  128 	.db #0x40	; 64
   0091 02                  129 	.db #0x02	; 2
   0092 84                  130 	.db #0x84	; 132
   0093 40                  131 	.db #0x40	; 64
   0094 06                  132 	.db #0x06	; 6
   0095 84                  133 	.db #0x84	; 132
   0096 40                  134 	.db #0x40	; 64
   0097 06                  135 	.db #0x06	; 6
   0098 84                  136 	.db #0x84	; 132
   0099 40                  137 	.db #0x40	; 64
   009A 06                  138 	.db #0x06	; 6
   009B 84                  139 	.db #0x84	; 132
   009C 40                  140 	.db #0x40	; 64
   009D 02                  141 	.db #0x02	; 2
   009E 84                  142 	.db #0x84	; 132
   009F 40                  143 	.db #0x40	; 64
   00A0 02                  144 	.db #0x02	; 2
   00A1 84                  145 	.db #0x84	; 132
   00A2 40                  146 	.db #0x40	; 64
   00A3 06                  147 	.db #0x06	; 6
   00A4 80                  148 	.db #0x80	; 128
   00A5 40                  149 	.db #0x40	; 64
   00A6 06                  150 	.db #0x06	; 6
   00A7 7C                  151 	.db #0x7C	; 124
   00A8 40                  152 	.db #0x40	; 64
   00A9 06                  153 	.db #0x06	; 6
   00AA 7C                  154 	.db #0x7C	; 124
   00AB 40                  155 	.db #0x40	; 64
   00AC 02                  156 	.db #0x02	; 2
   00AD 7C                  157 	.db #0x7C	; 124
   00AE 40                  158 	.db #0x40	; 64
   00AF 02                  159 	.db #0x02	; 2
   00B0 7C                  160 	.db #0x7C	; 124
   00B1 40                  161 	.db #0x40	; 64
   00B2 06                  162 	.db #0x06	; 6
   00B3 7C                  163 	.db #0x7C	; 124
   00B4 40                  164 	.db #0x40	; 64
   00B5 06                  165 	.db #0x06	; 6
   00B6 80                  166 	.db #0x80	; 128
   00B7 40                  167 	.db #0x40	; 64
   00B8 06                  168 	.db #0x06	; 6
   00B9 80                  169 	.db #0x80	; 128
   00BA 40                  170 	.db #0x40	; 64
   00BB 02                  171 	.db #0x02	; 2
   00BC 80                  172 	.db #0x80	; 128
   00BD 40                  173 	.db #0x40	; 64
   00BE 02                  174 	.db #0x02	; 2
   00BF 80                  175 	.db #0x80	; 128
   00C0 40                  176 	.db #0x40	; 64
   00C1 06                  177 	.db #0x06	; 6
   00C2 80                  178 	.db #0x80	; 128
   00C3 40                  179 	.db #0x40	; 64
   00C4 00                  180 	.db #0x00	; 0
   00C5 B4                  181 	.db #0xB4	; 180
   00C6 F1                  182 	.db #0xF1	; 241
   00C7 00                  183 	.db #0x00	; 0
   00C8 00                  184 	.db #0x00	; 0
   00C9 02                  185 	.db #0x02	; 2
   00CA 02                  186 	.db #0x02	; 2
   00CB AA                  187 	.db #0xAA	; 170
   00CC 40                  188 	.db #0x40	; 64
   00CD 02                  189 	.db #0x02	; 2
   00CE B4                  190 	.db #0xB4	; 180
   00CF 40                  191 	.db #0x40	; 64
   00D0 02                  192 	.db #0x02	; 2
   00D1 B8                  193 	.db #0xB8	; 184
   00D2 40                  194 	.db #0x40	; 64
   00D3 02                  195 	.db #0x02	; 2
   00D4 BA                  196 	.db #0xBA	; 186
   00D5 40                  197 	.db #0x40	; 64
   00D6 16                  198 	.db #0x16	; 22
   00D7 BA                  199 	.db #0xBA	; 186
   00D8 40                  200 	.db #0x40	; 64
   00D9 02                  201 	.db #0x02	; 2
   00DA BE                  202 	.db #0xBE	; 190
   00DB 40                  203 	.db #0x40	; 64
   00DC 02                  204 	.db #0x02	; 2
   00DD BA                  205 	.db #0xBA	; 186
   00DE 40                  206 	.db #0x40	; 64
   00DF 02                  207 	.db #0x02	; 2
   00E0 B8                  208 	.db #0xB8	; 184
   00E1 40                  209 	.db #0x40	; 64
   00E2 02                  210 	.db #0x02	; 2
   00E3 B4                  211 	.db #0xB4	; 180
   00E4 40                  212 	.db #0x40	; 64
   00E5 02                  213 	.db #0x02	; 2
   00E6 AA                  214 	.db #0xAA	; 170
   00E7 5F                  215 	.db #0x5F	; 95
   00E8 AA                  216 	.db #0xAA	; 170
   00E9 40                  217 	.db #0x40	; 64
   00EA AC                  218 	.db #0xAC	; 172
   00EB 51                  219 	.db #0x51	; 81	'Q'
   00EC 02                  220 	.db #0x02	; 2
   00ED 63                  221 	.db #0x63	; 99	'c'
   00EE 02                  222 	.db #0x02	; 2
   00EF 6D                  223 	.db #0x6D	; 109	'm'
   00F0 02                  224 	.db #0x02	; 2
   00F1 71                  225 	.db #0x71	; 113	'q'
   00F2 02                  226 	.db #0x02	; 2
   00F3 75                  227 	.db #0x75	; 117	'u'
   00F4 0C                  228 	.db #0x0C	; 12
   00F5 AC                  229 	.db #0xAC	; 172
   00F6 5F                  230 	.db #0x5F	; 95
   00F7 08                  231 	.db #0x08	; 8
   00F8 B0                  232 	.db #0xB0	; 176
   00F9 51                  233 	.db #0x51	; 81	'Q'
   00FA 02                  234 	.db #0x02	; 2
   00FB BA                  235 	.db #0xBA	; 186
   00FC 40                  236 	.db #0x40	; 64
   00FD 02                  237 	.db #0x02	; 2
   00FE B8                  238 	.db #0xB8	; 184
   00FF 40                  239 	.db #0x40	; 64
   0100 02                  240 	.db #0x02	; 2
   0101 B4                  241 	.db #0xB4	; 180
   0102 40                  242 	.db #0x40	; 64
   0103 02                  243 	.db #0x02	; 2
   0104 B0                  244 	.db #0xB0	; 176
   0105 40                  245 	.db #0x40	; 64
   0106 B0                  246 	.db #0xB0	; 176
   0107 5F                  247 	.db #0x5F	; 95
   0108 00                  248 	.db #0x00	; 0
   0109 42                  249 	.db #0x42	; 66	'B'
   010A 80                  250 	.db #0x80	; 128
   010B 00                  251 	.db #0x00	; 0
   010C 00                  252 	.db #0x00	; 0
   010D 00                  253 	.db #0x00	; 0
