                              1 ;--------------------------------------------------------
                              2 ; File Created by SDCC : free open source ANSI-C Compiler
                              3 ; Version 3.5.5 #9498 (Linux)
                              4 ;--------------------------------------------------------
                              5 	.module Enemy_Rat
                              6 	.optsdcc -mz80
                              7 	
                              8 ;--------------------------------------------------------
                              9 ; Public variables in this module
                             10 ;--------------------------------------------------------
                             11 	.globl _g_tile_Enemy_Rat
                             12 ;--------------------------------------------------------
                             13 ; special function registers
                             14 ;--------------------------------------------------------
                             15 ;--------------------------------------------------------
                             16 ; ram data
                             17 ;--------------------------------------------------------
                             18 	.area _DATA
                             19 ;--------------------------------------------------------
                             20 ; ram data
                             21 ;--------------------------------------------------------
                             22 	.area _INITIALIZED
                             23 ;--------------------------------------------------------
                             24 ; absolute external ram data
                             25 ;--------------------------------------------------------
                             26 	.area _DABS (ABS)
                             27 ;--------------------------------------------------------
                             28 ; global & static initialisations
                             29 ;--------------------------------------------------------
                             30 	.area _HOME
                             31 	.area _GSINIT
                             32 	.area _GSFINAL
                             33 	.area _GSINIT
                             34 ;--------------------------------------------------------
                             35 ; Home
                             36 ;--------------------------------------------------------
                             37 	.area _HOME
                             38 	.area _HOME
                             39 ;--------------------------------------------------------
                             40 ; code
                             41 ;--------------------------------------------------------
                             42 	.area _CODE
                             43 	.area _CODE
   0000                      44 _g_tile_Enemy_Rat:
   0000 45                   45 	.db #0x45	; 69	'E'
   0001 8A                   46 	.db #0x8A	; 138
   0002 00                   47 	.db #0x00	; 0
   0003 00                   48 	.db #0x00	; 0
   0004 00                   49 	.db #0x00	; 0
   0005 00                   50 	.db #0x00	; 0
   0006 00                   51 	.db #0x00	; 0
   0007 15                   52 	.db #0x15	; 21
   0008 00                   53 	.db #0x00	; 0
   0009 00                   54 	.db #0x00	; 0
   000A 40                   55 	.db #0x40	; 64
   000B 8A                   56 	.db #0x8A	; 138
   000C 40                   57 	.db #0x40	; 64
   000D 4D                   58 	.db #0x4D	; 77	'M'
   000E 8A                   59 	.db #0x8A	; 138
   000F 00                   60 	.db #0x00	; 0
   0010 45                   61 	.db #0x45	; 69	'E'
   0011 CF                   62 	.db #0xCF	; 207
   0012 CF                   63 	.db #0xCF	; 207
   0013 9F                   64 	.db #0x9F	; 159
   0014 2A                   65 	.db #0x2A	; 42
   0015 40                   66 	.db #0x40	; 64
   0016 84                   67 	.db #0x84	; 132
   0017 8A                   68 	.db #0x8A	; 138
   0018 00                   69 	.db #0x00	; 0
   0019 95                   70 	.db #0x95	; 149
   001A 4D                   71 	.db #0x4D	; 77	'M'
   001B 8A                   72 	.db #0x8A	; 138
   001C 84                   73 	.db #0x84	; 132
   001D 0C                   74 	.db #0x0C	; 12
   001E 0C                   75 	.db #0x0C	; 12
   001F 4D                   76 	.db #0x4D	; 77	'M'
   0020 6A                   77 	.db #0x6A	; 106	'j'
   0021 84                   78 	.db #0x84	; 132
   0022 6F                   79 	.db #0x6F	; 111	'o'
   0023 00                   80 	.db #0x00	; 0
   0024 00                   81 	.db #0x00	; 0
   0025 95                   82 	.db #0x95	; 149
   0026 2E                   83 	.db #0x2E	; 46
   0027 48                   84 	.db #0x48	; 72	'H'
   0028 0C                   85 	.db #0x0C	; 12
   0029 0C                   86 	.db #0x0C	; 12
   002A 0C                   87 	.db #0x0C	; 12
   002B 0C                   88 	.db #0x0C	; 12
   002C 84                   89 	.db #0x84	; 132
   002D 1D                   90 	.db #0x1D	; 29
   002E 6F                   91 	.db #0x6F	; 111	'o'
   002F 00                   92 	.db #0x00	; 0
   0030 00                   93 	.db #0x00	; 0
   0031 40                   94 	.db #0x40	; 64
   0032 3F                   95 	.db #0x3F	; 63
   0033 0C                   96 	.db #0x0C	; 12
   0034 0C                   97 	.db #0x0C	; 12
   0035 0C                   98 	.db #0x0C	; 12
   0036 0C                   99 	.db #0x0C	; 12
   0037 0C                  100 	.db #0x0C	; 12
   0038 0C                  101 	.db #0x0C	; 12
   0039 3F                  102 	.db #0x3F	; 63
   003A 8A                  103 	.db #0x8A	; 138
   003B 00                  104 	.db #0x00	; 0
   003C 00                  105 	.db #0x00	; 0
   003D 40                  106 	.db #0x40	; 64
   003E 3F                  107 	.db #0x3F	; 63
   003F 0C                  108 	.db #0x0C	; 12
   0040 0C                  109 	.db #0x0C	; 12
   0041 0C                  110 	.db #0x0C	; 12
   0042 0C                  111 	.db #0x0C	; 12
   0043 0C                  112 	.db #0x0C	; 12
   0044 0C                  113 	.db #0x0C	; 12
   0045 3F                  114 	.db #0x3F	; 63
   0046 8A                  115 	.db #0x8A	; 138
   0047 00                  116 	.db #0x00	; 0
   0048 00                  117 	.db #0x00	; 0
   0049 00                  118 	.db #0x00	; 0
   004A 95                  119 	.db #0x95	; 149
   004B 0C                  120 	.db #0x0C	; 12
   004C C0                  121 	.db #0xC0	; 192
   004D 0C                  122 	.db #0x0C	; 12
   004E 0C                  123 	.db #0x0C	; 12
   004F C0                  124 	.db #0xC0	; 192
   0050 0C                  125 	.db #0x0C	; 12
   0051 6F                  126 	.db #0x6F	; 111	'o'
   0052 00                  127 	.db #0x00	; 0
   0053 00                  128 	.db #0x00	; 0
   0054 00                  129 	.db #0x00	; 0
   0055 00                  130 	.db #0x00	; 0
   0056 84                  131 	.db #0x84	; 132
   0057 0C                  132 	.db #0x0C	; 12
   0058 18                  133 	.db #0x18	; 24
   0059 84                  134 	.db #0x84	; 132
   005A 48                  135 	.db #0x48	; 72	'H'
   005B 24                  136 	.db #0x24	; 36
   005C 0C                  137 	.db #0x0C	; 12
   005D 4D                  138 	.db #0x4D	; 77	'M'
   005E 2A                  139 	.db #0x2A	; 42
   005F 00                  140 	.db #0x00	; 0
   0060 00                  141 	.db #0x00	; 0
   0061 00                  142 	.db #0x00	; 0
   0062 C4                  143 	.db #0xC4	; 196
   0063 0C                  144 	.db #0x0C	; 12
   0064 18                  145 	.db #0x18	; 24
   0065 0C                  146 	.db #0x0C	; 12
   0066 0C                  147 	.db #0x0C	; 12
   0067 24                  148 	.db #0x24	; 36
   0068 0C                  149 	.db #0x0C	; 12
   0069 CD                  150 	.db #0xCD	; 205
   006A 3F                  151 	.db #0x3F	; 63
   006B 00                  152 	.db #0x00	; 0
   006C 00                  153 	.db #0x00	; 0
   006D 00                  154 	.db #0x00	; 0
   006E 40                  155 	.db #0x40	; 64
   006F CC                  156 	.db #0xCC	; 204
   0070 8C                  157 	.db #0x8C	; 140
   0071 0C                  158 	.db #0x0C	; 12
   0072 0C                  159 	.db #0x0C	; 12
   0073 4C                  160 	.db #0x4C	; 76	'L'
   0074 CC                  161 	.db #0xCC	; 204
   0075 80                  162 	.db #0x80	; 128
   0076 3F                  163 	.db #0x3F	; 63
   0077 00                  164 	.db #0x00	; 0
   0078 00                  165 	.db #0x00	; 0
   0079 40                  166 	.db #0x40	; 64
   007A C0                  167 	.db #0xC0	; 192
   007B 0C                  168 	.db #0x0C	; 12
   007C 4C                  169 	.db #0x4C	; 76	'L'
   007D 48                  170 	.db #0x48	; 72	'H'
   007E 84                  171 	.db #0x84	; 132
   007F 8C                  172 	.db #0x8C	; 140
   0080 0C                  173 	.db #0x0C	; 12
   0081 C0                  174 	.db #0xC0	; 192
   0082 95                  175 	.db #0x95	; 149
   0083 00                  176 	.db #0x00	; 0
   0084 00                  177 	.db #0x00	; 0
   0085 84                  178 	.db #0x84	; 132
   0086 CC                  179 	.db #0xCC	; 204
   0087 CC                  180 	.db #0xCC	; 204
   0088 8C                  181 	.db #0x8C	; 140
   0089 48                  182 	.db #0x48	; 72	'H'
   008A 84                  183 	.db #0x84	; 132
   008B 4C                  184 	.db #0x4C	; 76	'L'
   008C CC                  185 	.db #0xCC	; 204
   008D CC                  186 	.db #0xCC	; 204
   008E 48                  187 	.db #0x48	; 72	'H'
   008F 00                  188 	.db #0x00	; 0
   0090 40                  189 	.db #0x40	; 64
   0091 0C                  190 	.db #0x0C	; 12
   0092 0C                  191 	.db #0x0C	; 12
   0093 0C                  192 	.db #0x0C	; 12
   0094 4C                  193 	.db #0x4C	; 76	'L'
   0095 0C                  194 	.db #0x0C	; 12
   0096 0C                  195 	.db #0x0C	; 12
   0097 C8                  196 	.db #0xC8	; 200
   0098 0C                  197 	.db #0x0C	; 12
   0099 0C                  198 	.db #0x0C	; 12
   009A 0C                  199 	.db #0x0C	; 12
   009B 8A                  200 	.db #0x8A	; 138
   009C 40                  201 	.db #0x40	; 64
   009D 0C                  202 	.db #0x0C	; 12
   009E 0C                  203 	.db #0x0C	; 12
   009F CC                  204 	.db #0xCC	; 204
   00A0 C8                  205 	.db #0xC8	; 200
   00A1 C4                  206 	.db #0xC4	; 196
   00A2 C8                  207 	.db #0xC8	; 200
   00A3 C4                  208 	.db #0xC4	; 196
   00A4 CC                  209 	.db #0xCC	; 204
   00A5 0C                  210 	.db #0x0C	; 12
   00A6 0C                  211 	.db #0x0C	; 12
   00A7 8A                  212 	.db #0x8A	; 138
   00A8 40                  213 	.db #0x40	; 64
   00A9 0C                  214 	.db #0x0C	; 12
   00AA 4C                  215 	.db #0x4C	; 76	'L'
   00AB 48                  216 	.db #0x48	; 72	'H'
   00AC 0C                  217 	.db #0x0C	; 12
   00AD 4C                  218 	.db #0x4C	; 76	'L'
   00AE 8C                  219 	.db #0x8C	; 140
   00AF 0C                  220 	.db #0x0C	; 12
   00B0 84                  221 	.db #0x84	; 132
   00B1 8C                  222 	.db #0x8C	; 140
   00B2 0C                  223 	.db #0x0C	; 12
   00B3 8A                  224 	.db #0x8A	; 138
   00B4 00                  225 	.db #0x00	; 0
   00B5 84                  226 	.db #0x84	; 132
   00B6 48                  227 	.db #0x48	; 72	'H'
   00B7 84                  228 	.db #0x84	; 132
   00B8 0C                  229 	.db #0x0C	; 12
   00B9 0C                  230 	.db #0x0C	; 12
   00BA 0C                  231 	.db #0x0C	; 12
   00BB 0C                  232 	.db #0x0C	; 12
   00BC 48                  233 	.db #0x48	; 72	'H'
   00BD 84                  234 	.db #0x84	; 132
   00BE 4D                  235 	.db #0x4D	; 77	'M'
   00BF 2A                  236 	.db #0x2A	; 42
   00C0 00                  237 	.db #0x00	; 0
   00C1 C0                  238 	.db #0xC0	; 192
   00C2 84                  239 	.db #0x84	; 132
   00C3 84                  240 	.db #0x84	; 132
   00C4 0C                  241 	.db #0x0C	; 12
   00C5 4C                  242 	.db #0x4C	; 76	'L'
   00C6 8C                  243 	.db #0x8C	; 140
   00C7 0C                  244 	.db #0x0C	; 12
   00C8 48                  245 	.db #0x48	; 72	'H'
   00C9 48                  246 	.db #0x48	; 72	'H'
   00CA C5                  247 	.db #0xC5	; 197
   00CB 3F                  248 	.db #0x3F	; 63
   00CC 00                  249 	.db #0x00	; 0
   00CD 84                  250 	.db #0x84	; 132
   00CE 84                  251 	.db #0x84	; 132
   00CF 0C                  252 	.db #0x0C	; 12
   00D0 0C                  253 	.db #0x0C	; 12
   00D1 CC                  254 	.db #0xCC	; 204
   00D2 CC                  255 	.db #0xCC	; 204
   00D3 0C                  256 	.db #0x0C	; 12
   00D4 0C                  257 	.db #0x0C	; 12
   00D5 48                  258 	.db #0x48	; 72	'H'
   00D6 4D                  259 	.db #0x4D	; 77	'M'
   00D7 3F                  260 	.db #0x3F	; 63
   00D8 00                  261 	.db #0x00	; 0
   00D9 84                  262 	.db #0x84	; 132
   00DA 0C                  263 	.db #0x0C	; 12
   00DB 0C                  264 	.db #0x0C	; 12
   00DC 4C                  265 	.db #0x4C	; 76	'L'
   00DD CC                  266 	.db #0xCC	; 204
   00DE CC                  267 	.db #0xCC	; 204
   00DF 8C                  268 	.db #0x8C	; 140
   00E0 0C                  269 	.db #0x0C	; 12
   00E1 0C                  270 	.db #0x0C	; 12
   00E2 4D                  271 	.db #0x4D	; 77	'M'
   00E3 3F                  272 	.db #0x3F	; 63
   00E4 00                  273 	.db #0x00	; 0
   00E5 84                  274 	.db #0x84	; 132
   00E6 0C                  275 	.db #0x0C	; 12
   00E7 0C                  276 	.db #0x0C	; 12
   00E8 4C                  277 	.db #0x4C	; 76	'L'
   00E9 CC                  278 	.db #0xCC	; 204
   00EA CC                  279 	.db #0xCC	; 204
   00EB 8C                  280 	.db #0x8C	; 140
   00EC 0C                  281 	.db #0x0C	; 12
   00ED 0C                  282 	.db #0x0C	; 12
   00EE 4D                  283 	.db #0x4D	; 77	'M'
   00EF 3F                  284 	.db #0x3F	; 63
   00F0 00                  285 	.db #0x00	; 0
   00F1 40                  286 	.db #0x40	; 64
   00F2 0C                  287 	.db #0x0C	; 12
   00F3 0C                  288 	.db #0x0C	; 12
   00F4 0C                  289 	.db #0x0C	; 12
   00F5 CC                  290 	.db #0xCC	; 204
   00F6 CC                  291 	.db #0xCC	; 204
   00F7 0C                  292 	.db #0x0C	; 12
   00F8 0C                  293 	.db #0x0C	; 12
   00F9 0C                  294 	.db #0x0C	; 12
   00FA 9F                  295 	.db #0x9F	; 159
   00FB 3F                  296 	.db #0x3F	; 63
   00FC 00                  297 	.db #0x00	; 0
   00FD 00                  298 	.db #0x00	; 0
   00FE 84                  299 	.db #0x84	; 132
   00FF CF                  300 	.db #0xCF	; 207
   0100 8E                  301 	.db #0x8E	; 142
   0101 CC                  302 	.db #0xCC	; 204
   0102 CC                  303 	.db #0xCC	; 204
   0103 4D                  304 	.db #0x4D	; 77	'M'
   0104 CF                  305 	.db #0xCF	; 207
   0105 4D                  306 	.db #0x4D	; 77	'M'
   0106 3F                  307 	.db #0x3F	; 63
   0107 2A                  308 	.db #0x2A	; 42
   0108 00                  309 	.db #0x00	; 0
   0109 00                  310 	.db #0x00	; 0
   010A 40                  311 	.db #0x40	; 64
   010B 0C                  312 	.db #0x0C	; 12
   010C 4D                  313 	.db #0x4D	; 77	'M'
   010D C0                  314 	.db #0xC0	; 192
   010E C0                  315 	.db #0xC0	; 192
   010F 84                  316 	.db #0x84	; 132
   0110 0C                  317 	.db #0x0C	; 12
   0111 9F                  318 	.db #0x9F	; 159
   0112 3F                  319 	.db #0x3F	; 63
   0113 00                  320 	.db #0x00	; 0
   0114 00                  321 	.db #0x00	; 0
   0115 00                  322 	.db #0x00	; 0
   0116 40                  323 	.db #0x40	; 64
   0117 0C                  324 	.db #0x0C	; 12
   0118 4D                  325 	.db #0x4D	; 77	'M'
   0119 00                  326 	.db #0x00	; 0
   011A 00                  327 	.db #0x00	; 0
   011B 84                  328 	.db #0x84	; 132
   011C 0C                  329 	.db #0x0C	; 12
   011D 8A                  330 	.db #0x8A	; 138
   011E 00                  331 	.db #0x00	; 0
   011F 00                  332 	.db #0x00	; 0
                            333 	.area _INITIALIZER
                            334 	.area _CABS (ABS)
