                              1 ;--------------------------------------------------------
                              2 ; File Created by SDCC : free open source ANSI-C Compiler
                              3 ; Version 3.5.5 #9498 (Linux)
                              4 ;--------------------------------------------------------
                              5 	.module level3_walls
                              6 	.optsdcc -mz80
                              7 	
                              8 ;--------------------------------------------------------
                              9 ; Public variables in this module
                             10 ;--------------------------------------------------------
                             11 	.globl _level3_walls
                             12 ;--------------------------------------------------------
                             13 ; special function registers
                             14 ;--------------------------------------------------------
                             15 ;--------------------------------------------------------
                             16 ; ram data
                             17 ;--------------------------------------------------------
                             18 	.area _DATA
                             19 ;--------------------------------------------------------
                             20 ; ram data
                             21 ;--------------------------------------------------------
                             22 	.area _INITIALIZED
                             23 ;--------------------------------------------------------
                             24 ; absolute external ram data
                             25 ;--------------------------------------------------------
                             26 	.area _DABS (ABS)
                             27 ;--------------------------------------------------------
                             28 ; global & static initialisations
                             29 ;--------------------------------------------------------
                             30 	.area _HOME
                             31 	.area _GSINIT
                             32 	.area _GSFINAL
                             33 	.area _GSINIT
                             34 ;--------------------------------------------------------
                             35 ; Home
                             36 ;--------------------------------------------------------
                             37 	.area _HOME
                             38 	.area _HOME
                             39 ;--------------------------------------------------------
                             40 ; code
                             41 ;--------------------------------------------------------
                             42 	.area _CODE
                             43 	.area _CODE
   0000                      44 _level3_walls:
   0000 01                   45 	.db #0x01	; 1
   0001 03                   46 	.db #0x03	; 3
   0002 32                   47 	.db #0x32	; 50	'2'
   0003 01                   48 	.db #0x01	; 1
   0004 03                   49 	.db #0x03	; 3
   0005 32                   50 	.db #0x32	; 50	'2'
   0006 01                   51 	.db #0x01	; 1
   0007 03                   52 	.db #0x03	; 3
   0008 32                   53 	.db #0x32	; 50	'2'
   0009 01                   54 	.db #0x01	; 1
   000A 03                   55 	.db #0x03	; 3
   000B 32                   56 	.db #0x32	; 50	'2'
   000C 01                   57 	.db #0x01	; 1
   000D 03                   58 	.db #0x03	; 3
   000E 42                   59 	.db #0x42	; 66	'B'
   000F 11                   60 	.db #0x11	; 17
   0010 03                   61 	.db #0x03	; 3
   0011 32                   62 	.db #0x32	; 50	'2'
   0012 01                   63 	.db #0x01	; 1
   0013 03                   64 	.db #0x03	; 3
   0014 32                   65 	.db #0x32	; 50	'2'
   0015 F1                   66 	.db #0xF1	; 241
   0016 41                   67 	.db #0x41	; 65	'A'
   0017 42                   68 	.db #0x42	; 66	'B'
   0018 01                   69 	.db #0x01	; 1
   0019 03                   70 	.db #0x03	; 3
   001A 02                   71 	.db #0x02	; 2
   001B 31                   72 	.db #0x31	; 49	'1'
   001C FA                   73 	.db #0xFA	; 250
   001D 2A                   74 	.db #0x2A	; 42
   001E 01                   75 	.db #0x01	; 1
   001F 32                   76 	.db #0x32	; 50	'2'
   0020 03                   77 	.db #0x03	; 3
   0021 21                   78 	.db #0x21	; 33
   0022 3A                   79 	.db #0x3A	; 58
   0023 96                   80 	.db #0x96	; 150
   0024 09                   81 	.db #0x09	; 9
   0025 56                   82 	.db #0x56	; 86	'V'
   0026 1A                   83 	.db #0x1A	; 26
   0027 01                   84 	.db #0x01	; 1
   0028 22                   85 	.db #0x22	; 34
   0029 03                   86 	.db #0x03	; 3
   002A 11                   87 	.db #0x11	; 17
   002B 1A                   88 	.db #0x1A	; 26
   002C 06                   89 	.db #0x06	; 6
   002D 09                   90 	.db #0x09	; 9
   002E B6                   91 	.db #0xB6	; 182
   002F 09                   92 	.db #0x09	; 9
   0030 66                   93 	.db #0x66	; 102	'f'
   0031 0A                   94 	.db #0x0A	; 10
   0032 41                   95 	.db #0x41	; 65	'A'
   0033 1A                   96 	.db #0x1A	; 26
   0034 06                   97 	.db #0x06	; 6
   0035 09                   98 	.db #0x09	; 9
   0036 06                   99 	.db #0x06	; 6
   0037 09                  100 	.db #0x09	; 9
   0038 06                  101 	.db #0x06	; 6
   0039 09                  102 	.db #0x09	; 9
   003A 76                  103 	.db #0x76	; 118	'v'
   003B 09                  104 	.db #0x09	; 9
   003C 06                  105 	.db #0x06	; 6
   003D 09                  106 	.db #0x09	; 9
   003E 06                  107 	.db #0x06	; 6
   003F 09                  108 	.db #0x09	; 9
   0040 46                  109 	.db #0x46	; 70	'F'
   0041 0A                  110 	.db #0x0A	; 10
   0042 01                  111 	.db #0x01	; 1
   0043 12                  112 	.db #0x12	; 18
   0044 01                  113 	.db #0x01	; 1
   0045 0A                  114 	.db #0x0A	; 10
   0046 36                  115 	.db #0x36	; 54	'6'
   0047 29                  116 	.db #0x29	; 41
   0048 96                  117 	.db #0x96	; 150
   0049 29                  118 	.db #0x29	; 41
   004A 66                  119 	.db #0x66	; 102	'f'
   004B 01                  120 	.db #0x01	; 1
   004C 02                  121 	.db #0x02	; 2
   004D 01                  122 	.db #0x01	; 1
   004E 0A                  123 	.db #0x0A	; 10
   004F 56                  124 	.db #0x56	; 86	'V'
   0050 09                  125 	.db #0x09	; 9
   0051 B6                  126 	.db #0xB6	; 182
   0052 09                  127 	.db #0x09	; 9
   0053 76                  128 	.db #0x76	; 118	'v'
   0054 01                  129 	.db #0x01	; 1
   0055 02                  130 	.db #0x02	; 2
   0056 01                  131 	.db #0x01	; 1
   0057 0A                  132 	.db #0x0A	; 10
   0058 16                  133 	.db #0x16	; 22
   0059 19                  134 	.db #0x19	; 25
   005A 16                  135 	.db #0x16	; 22
   005B 09                  136 	.db #0x09	; 9
   005C 16                  137 	.db #0x16	; 22
   005D 19                  138 	.db #0x19	; 25
   005E 36                  139 	.db #0x36	; 54	'6'
   005F 19                  140 	.db #0x19	; 25
   0060 16                  141 	.db #0x16	; 22
   0061 09                  142 	.db #0x09	; 9
   0062 16                  143 	.db #0x16	; 22
   0063 19                  144 	.db #0x19	; 25
   0064 36                  145 	.db #0x36	; 54	'6'
   0065 11                  146 	.db #0x11	; 17
   0066 0A                  147 	.db #0x0A	; 10
   0067 16                  148 	.db #0x16	; 22
   0068 09                  149 	.db #0x09	; 9
   0069 16                  150 	.db #0x16	; 22
   006A 09                  151 	.db #0x09	; 9
   006B 06                  152 	.db #0x06	; 6
   006C 09                  153 	.db #0x09	; 9
   006D 06                  154 	.db #0x06	; 6
   006E 09                  155 	.db #0x09	; 9
   006F 16                  156 	.db #0x16	; 22
   0070 09                  157 	.db #0x09	; 9
   0071 16                  158 	.db #0x16	; 22
   0072 09                  159 	.db #0x09	; 9
   0073 16                  160 	.db #0x16	; 22
   0074 09                  161 	.db #0x09	; 9
   0075 06                  162 	.db #0x06	; 6
   0076 09                  163 	.db #0x09	; 9
   0077 06                  164 	.db #0x06	; 6
   0078 09                  165 	.db #0x09	; 9
   0079 16                  166 	.db #0x16	; 22
   007A 09                  167 	.db #0x09	; 9
   007B 26                  168 	.db #0x26	; 38
   007C 11                  169 	.db #0x11	; 17
   007D 0A                  170 	.db #0x0A	; 10
   007E 16                  171 	.db #0x16	; 22
   007F 09                  172 	.db #0x09	; 9
   0080 36                  173 	.db #0x36	; 54	'6'
   0081 09                  174 	.db #0x09	; 9
   0082 36                  175 	.db #0x36	; 54	'6'
   0083 09                  176 	.db #0x09	; 9
   0084 16                  177 	.db #0x16	; 22
   0085 09                  178 	.db #0x09	; 9
   0086 36                  179 	.db #0x36	; 54	'6'
   0087 09                  180 	.db #0x09	; 9
   0088 36                  181 	.db #0x36	; 54	'6'
   0089 09                  182 	.db #0x09	; 9
   008A 26                  183 	.db #0x26	; 38
   008B 11                  184 	.db #0x11	; 17
   008C 0A                  185 	.db #0x0A	; 10
   008D 26                  186 	.db #0x26	; 38
   008E 09                  187 	.db #0x09	; 9
   008F 16                  188 	.db #0x16	; 22
   0090 09                  189 	.db #0x09	; 9
   0091 06                  190 	.db #0x06	; 6
   0092 09                  191 	.db #0x09	; 9
   0093 16                  192 	.db #0x16	; 22
   0094 09                  193 	.db #0x09	; 9
   0095 36                  194 	.db #0x36	; 54	'6'
   0096 09                  195 	.db #0x09	; 9
   0097 16                  196 	.db #0x16	; 22
   0098 09                  197 	.db #0x09	; 9
   0099 06                  198 	.db #0x06	; 6
   009A 09                  199 	.db #0x09	; 9
   009B 16                  200 	.db #0x16	; 22
   009C 09                  201 	.db #0x09	; 9
   009D 36                  202 	.db #0x36	; 54	'6'
   009E 01                  203 	.db #0x01	; 1
   009F 0A                  204 	.db #0x0A	; 10
   00A0 46                  205 	.db #0x46	; 70	'F'
   00A1 19                  206 	.db #0x19	; 25
   00A2 26                  207 	.db #0x26	; 38
   00A3 19                  208 	.db #0x19	; 25
   00A4 56                  209 	.db #0x56	; 86	'V'
   00A5 19                  210 	.db #0x19	; 25
   00A6 26                  211 	.db #0x26	; 38
   00A7 19                  212 	.db #0x19	; 25
   00A8 46                  213 	.db #0x46	; 70	'F'
   00A9 01                  214 	.db #0x01	; 1
   00AA 0A                  215 	.db #0x0A	; 10
   00AB F6                  216 	.db #0xF6	; 246
   00AC D6                  217 	.db #0xD6	; 214
   00AD 01                  218 	.db #0x01	; 1
   00AE 0A                  219 	.db #0x0A	; 10
   00AF F6                  220 	.db #0xF6	; 246
   00B0 D6                  221 	.db #0xD6	; 214
   00B1 01                  222 	.db #0x01	; 1
   00B2 0A                  223 	.db #0x0A	; 10
   00B3 F6                  224 	.db #0xF6	; 246
   00B4 D6                  225 	.db #0xD6	; 214
   00B5 01                  226 	.db #0x01	; 1
   00B6 0A                  227 	.db #0x0A	; 10
   00B7 F6                  228 	.db #0xF6	; 246
   00B8 D6                  229 	.db #0xD6	; 214
   00B9 01                  230 	.db #0x01	; 1
   00BA 0A                  231 	.db #0x0A	; 10
   00BB F6                  232 	.db #0xF6	; 246
   00BC D6                  233 	.db #0xD6	; 214
   00BD 01                  234 	.db #0x01	; 1
   00BE 0A                  235 	.db #0x0A	; 10
   00BF F6                  236 	.db #0xF6	; 246
   00C0 D6                  237 	.db #0xD6	; 214
   00C1 01                  238 	.db #0x01	; 1
   00C2 0A                  239 	.db #0x0A	; 10
   00C3 46                  240 	.db #0x46	; 70	'F'
   00C4 19                  241 	.db #0x19	; 25
   00C5 26                  242 	.db #0x26	; 38
   00C6 19                  243 	.db #0x19	; 25
   00C7 56                  244 	.db #0x56	; 86	'V'
   00C8 19                  245 	.db #0x19	; 25
   00C9 26                  246 	.db #0x26	; 38
   00CA 19                  247 	.db #0x19	; 25
   00CB 46                  248 	.db #0x46	; 70	'F'
   00CC 11                  249 	.db #0x11	; 17
   00CD 0A                  250 	.db #0x0A	; 10
   00CE 26                  251 	.db #0x26	; 38
   00CF 09                  252 	.db #0x09	; 9
   00D0 16                  253 	.db #0x16	; 22
   00D1 09                  254 	.db #0x09	; 9
   00D2 06                  255 	.db #0x06	; 6
   00D3 09                  256 	.db #0x09	; 9
   00D4 16                  257 	.db #0x16	; 22
   00D5 09                  258 	.db #0x09	; 9
   00D6 36                  259 	.db #0x36	; 54	'6'
   00D7 09                  260 	.db #0x09	; 9
   00D8 16                  261 	.db #0x16	; 22
   00D9 09                  262 	.db #0x09	; 9
   00DA 06                  263 	.db #0x06	; 6
   00DB 09                  264 	.db #0x09	; 9
   00DC 16                  265 	.db #0x16	; 22
   00DD 09                  266 	.db #0x09	; 9
   00DE 36                  267 	.db #0x36	; 54	'6'
   00DF 11                  268 	.db #0x11	; 17
   00E0 0A                  269 	.db #0x0A	; 10
   00E1 16                  270 	.db #0x16	; 22
   00E2 09                  271 	.db #0x09	; 9
   00E3 36                  272 	.db #0x36	; 54	'6'
   00E4 09                  273 	.db #0x09	; 9
   00E5 36                  274 	.db #0x36	; 54	'6'
   00E6 09                  275 	.db #0x09	; 9
   00E7 16                  276 	.db #0x16	; 22
   00E8 09                  277 	.db #0x09	; 9
   00E9 36                  278 	.db #0x36	; 54	'6'
   00EA 09                  279 	.db #0x09	; 9
   00EB 36                  280 	.db #0x36	; 54	'6'
   00EC 09                  281 	.db #0x09	; 9
   00ED 26                  282 	.db #0x26	; 38
   00EE 11                  283 	.db #0x11	; 17
   00EF 0A                  284 	.db #0x0A	; 10
   00F0 16                  285 	.db #0x16	; 22
   00F1 09                  286 	.db #0x09	; 9
   00F2 16                  287 	.db #0x16	; 22
   00F3 09                  288 	.db #0x09	; 9
   00F4 06                  289 	.db #0x06	; 6
   00F5 09                  290 	.db #0x09	; 9
   00F6 06                  291 	.db #0x06	; 6
   00F7 09                  292 	.db #0x09	; 9
   00F8 16                  293 	.db #0x16	; 22
   00F9 09                  294 	.db #0x09	; 9
   00FA 16                  295 	.db #0x16	; 22
   00FB 09                  296 	.db #0x09	; 9
   00FC 16                  297 	.db #0x16	; 22
   00FD 09                  298 	.db #0x09	; 9
   00FE 06                  299 	.db #0x06	; 6
   00FF 09                  300 	.db #0x09	; 9
   0100 06                  301 	.db #0x06	; 6
   0101 09                  302 	.db #0x09	; 9
   0102 16                  303 	.db #0x16	; 22
   0103 09                  304 	.db #0x09	; 9
   0104 26                  305 	.db #0x26	; 38
   0105 01                  306 	.db #0x01	; 1
   0106 02                  307 	.db #0x02	; 2
   0107 01                  308 	.db #0x01	; 1
   0108 0A                  309 	.db #0x0A	; 10
   0109 16                  310 	.db #0x16	; 22
   010A 19                  311 	.db #0x19	; 25
   010B 16                  312 	.db #0x16	; 22
   010C 09                  313 	.db #0x09	; 9
   010D 16                  314 	.db #0x16	; 22
   010E 19                  315 	.db #0x19	; 25
   010F 36                  316 	.db #0x36	; 54	'6'
   0110 19                  317 	.db #0x19	; 25
   0111 16                  318 	.db #0x16	; 22
   0112 09                  319 	.db #0x09	; 9
   0113 16                  320 	.db #0x16	; 22
   0114 19                  321 	.db #0x19	; 25
   0115 36                  322 	.db #0x36	; 54	'6'
   0116 01                  323 	.db #0x01	; 1
   0117 02                  324 	.db #0x02	; 2
   0118 01                  325 	.db #0x01	; 1
   0119 0A                  326 	.db #0x0A	; 10
   011A 56                  327 	.db #0x56	; 86	'V'
   011B 09                  328 	.db #0x09	; 9
   011C B6                  329 	.db #0xB6	; 182
   011D 09                  330 	.db #0x09	; 9
   011E 76                  331 	.db #0x76	; 118	'v'
   011F 01                  332 	.db #0x01	; 1
   0120 12                  333 	.db #0x12	; 18
   0121 01                  334 	.db #0x01	; 1
   0122 0A                  335 	.db #0x0A	; 10
   0123 36                  336 	.db #0x36	; 54	'6'
   0124 29                  337 	.db #0x29	; 41
   0125 96                  338 	.db #0x96	; 150
   0126 29                  339 	.db #0x29	; 41
   0127 66                  340 	.db #0x66	; 102	'f'
   0128 01                  341 	.db #0x01	; 1
   0129 22                  342 	.db #0x22	; 34
   012A 01                  343 	.db #0x01	; 1
   012B 1A                  344 	.db #0x1A	; 26
   012C 06                  345 	.db #0x06	; 6
   012D 09                  346 	.db #0x09	; 9
   012E 06                  347 	.db #0x06	; 6
   012F 09                  348 	.db #0x09	; 9
   0130 06                  349 	.db #0x06	; 6
   0131 09                  350 	.db #0x09	; 9
   0132 26                  351 	.db #0x26	; 38
   0133 21                  352 	.db #0x21	; 33
   0134 16                  353 	.db #0x16	; 22
   0135 09                  354 	.db #0x09	; 9
   0136 06                  355 	.db #0x06	; 6
   0137 09                  356 	.db #0x09	; 9
   0138 06                  357 	.db #0x06	; 6
   0139 09                  358 	.db #0x09	; 9
   013A 46                  359 	.db #0x46	; 70	'F'
   013B 0A                  360 	.db #0x0A	; 10
   013C 61                  361 	.db #0x61	; 97	'a'
   013D 1A                  362 	.db #0x1A	; 26
   013E 06                  363 	.db #0x06	; 6
   013F 09                  364 	.db #0x09	; 9
   0140 36                  365 	.db #0x36	; 54	'6'
   0141 41                  366 	.db #0x41	; 65	'A'
   0142 26                  367 	.db #0x26	; 38
   0143 09                  368 	.db #0x09	; 9
   0144 66                  369 	.db #0x66	; 102	'f'
   0145 0A                  370 	.db #0x0A	; 10
   0146 01                  371 	.db #0x01	; 1
   0147 23                  372 	.db #0x23	; 35
   0148 12                  373 	.db #0x12	; 18
   0149 21                  374 	.db #0x21	; 33
   014A 3A                  375 	.db #0x3A	; 58
   014B 96                  376 	.db #0x96	; 150
   014C 09                  377 	.db #0x09	; 9
   014D 56                  378 	.db #0x56	; 86	'V'
   014E 1A                  379 	.db #0x1A	; 26
   014F 01                  380 	.db #0x01	; 1
   0150 03                  381 	.db #0x03	; 3
   0151 32                  382 	.db #0x32	; 50	'2'
   0152 01                  383 	.db #0x01	; 1
   0153 13                  384 	.db #0x13	; 19
   0154 31                  385 	.db #0x31	; 49	'1'
   0155 FA                  386 	.db #0xFA	; 250
   0156 2A                  387 	.db #0x2A	; 42
   0157 01                  388 	.db #0x01	; 1
   0158 03                  389 	.db #0x03	; 3
   0159 32                  390 	.db #0x32	; 50	'2'
   015A 01                  391 	.db #0x01	; 1
   015B 03                  392 	.db #0x03	; 3
   015C 32                  393 	.db #0x32	; 50	'2'
   015D F1                  394 	.db #0xF1	; 241
   015E 41                  395 	.db #0x41	; 65	'A'
   015F 03                  396 	.db #0x03	; 3
   0160 32                  397 	.db #0x32	; 50	'2'
   0161 01                  398 	.db #0x01	; 1
   0162 03                  399 	.db #0x03	; 3
   0163 32                  400 	.db #0x32	; 50	'2'
   0164 01                  401 	.db #0x01	; 1
   0165 03                  402 	.db #0x03	; 3
   0166 32                  403 	.db #0x32	; 50	'2'
   0167 01                  404 	.db #0x01	; 1
   0168 03                  405 	.db #0x03	; 3
   0169 32                  406 	.db #0x32	; 50	'2'
   016A 01                  407 	.db #0x01	; 1
   016B 03                  408 	.db #0x03	; 3
   016C 42                  409 	.db #0x42	; 66	'B'
   016D 11                  410 	.db #0x11	; 17
   016E 03                  411 	.db #0x03	; 3
   016F 32                  412 	.db #0x32	; 50	'2'
   0170 01                  413 	.db #0x01	; 1
   0171 03                  414 	.db #0x03	; 3
   0172 32                  415 	.db #0x32	; 50	'2'
   0173 01                  416 	.db #0x01	; 1
   0174 03                  417 	.db #0x03	; 3
   0175 32                  418 	.db #0x32	; 50	'2'
   0176 01                  419 	.db #0x01	; 1
   0177 03                  420 	.db #0x03	; 3
   0178 32                  421 	.db #0x32	; 50	'2'
   0179 01                  422 	.db #0x01	; 1
   017A 03                  423 	.db #0x03	; 3
   017B 42                  424 	.db #0x42	; 66	'B'
   017C 11                  425 	.db #0x11	; 17
   017D 03                  426 	.db #0x03	; 3
   017E 32                  427 	.db #0x32	; 50	'2'
   017F 01                  428 	.db #0x01	; 1
   0180 03                  429 	.db #0x03	; 3
   0181 32                  430 	.db #0x32	; 50	'2'
   0182 01                  431 	.db #0x01	; 1
   0183 42                  432 	.db #0x42	; 66	'B'
   0184 01                  433 	.db #0x01	; 1
   0185 03                  434 	.db #0x03	; 3
   0186 32                  435 	.db #0x32	; 50	'2'
   0187 01                  436 	.db #0x01	; 1
   0188 03                  437 	.db #0x03	; 3
   0189 42                  438 	.db #0x42	; 66	'B'
   018A 11                  439 	.db #0x11	; 17
   018B 42                  440 	.db #0x42	; 66	'B'
   018C 01                  441 	.db #0x01	; 1
   018D 42                  442 	.db #0x42	; 66	'B'
   018E 01                  443 	.db #0x01	; 1
   018F 42                  444 	.db #0x42	; 66	'B'
   0190 01                  445 	.db #0x01	; 1
   0191 03                  446 	.db #0x03	; 3
   0192 32                  447 	.db #0x32	; 50	'2'
   0193 01                  448 	.db #0x01	; 1
   0194 03                  449 	.db #0x03	; 3
   0195 42                  450 	.db #0x42	; 66	'B'
   0196 11                  451 	.db #0x11	; 17
   0197 32                  452 	.db #0x32	; 50	'2'
   0198 03                  453 	.db #0x03	; 3
   0199 01                  454 	.db #0x01	; 1
   019A 42                  455 	.db #0x42	; 66	'B'
   019B 01                  456 	.db #0x01	; 1
   019C 42                  457 	.db #0x42	; 66	'B'
   019D 01                  458 	.db #0x01	; 1
   019E 42                  459 	.db #0x42	; 66	'B'
   019F 01                  460 	.db #0x01	; 1
   01A0 03                  461 	.db #0x03	; 3
   01A1 42                  462 	.db #0x42	; 66	'B'
   01A2 11                  463 	.db #0x11	; 17
   01A3 22                  464 	.db #0x22	; 34
   01A4 13                  465 	.db #0x13	; 19
   01A5 01                  466 	.db #0x01	; 1
   01A6 42                  467 	.db #0x42	; 66	'B'
   01A7 01                  468 	.db #0x01	; 1
   01A8 42                  469 	.db #0x42	; 66	'B'
   01A9 01                  470 	.db #0x01	; 1
   01AA 42                  471 	.db #0x42	; 66	'B'
   01AB 01                  472 	.db #0x01	; 1
   01AC 03                  473 	.db #0x03	; 3
   01AD 42                  474 	.db #0x42	; 66	'B'
   01AE 71                  475 	.db #0x71	; 113	'q'
   01AF 32                  476 	.db #0x32	; 50	'2'
   01B0 03                  477 	.db #0x03	; 3
   01B1 61                  478 	.db #0x61	; 97	'a'
   01B2 42                  479 	.db #0x42	; 66	'B'
   01B3 01                  480 	.db #0x01	; 1
   01B4 03                  481 	.db #0x03	; 3
   01B5 42                  482 	.db #0x42	; 66	'B'
   01B6 11                  483 	.db #0x11	; 17
   01B7 23                  484 	.db #0x23	; 35
   01B8 12                  485 	.db #0x12	; 18
   01B9 01                  486 	.db #0x01	; 1
   01BA 22                  487 	.db #0x22	; 34
   01BB 13                  488 	.db #0x13	; 19
   01BC 01                  489 	.db #0x01	; 1
   01BD 13                  490 	.db #0x13	; 19
   01BE 22                  491 	.db #0x22	; 34
   01BF 01                  492 	.db #0x01	; 1
   01C0 32                  493 	.db #0x32	; 50	'2'
   01C1 03                  494 	.db #0x03	; 3
   01C2 01                  495 	.db #0x01	; 1
   01C3 52                  496 	.db #0x52	; 82	'R'
   01C4 11                  497 	.db #0x11	; 17
   01C5 03                  498 	.db #0x03	; 3
   01C6 32                  499 	.db #0x32	; 50	'2'
   01C7 61                  500 	.db #0x61	; 97	'a'
   01C8 03                  501 	.db #0x03	; 3
   01C9 32                  502 	.db #0x32	; 50	'2'
   01CA 61                  503 	.db #0x61	; 97	'a'
   01CB 52                  504 	.db #0x52	; 82	'R'
   01CC 11                  505 	.db #0x11	; 17
   01CD 03                  506 	.db #0x03	; 3
   01CE 32                  507 	.db #0x32	; 50	'2'
   01CF 01                  508 	.db #0x01	; 1
   01D0 13                  509 	.db #0x13	; 19
   01D1 22                  510 	.db #0x22	; 34
   01D2 01                  511 	.db #0x01	; 1
   01D3 03                  512 	.db #0x03	; 3
   01D4 32                  513 	.db #0x32	; 50	'2'
   01D5 01                  514 	.db #0x01	; 1
   01D6 13                  515 	.db #0x13	; 19
   01D7 22                  516 	.db #0x22	; 34
   01D8 01                  517 	.db #0x01	; 1
   01D9 52                  518 	.db #0x52	; 82	'R'
   01DA 11                  519 	.db #0x11	; 17
   01DB 03                  520 	.db #0x03	; 3
   01DC 32                  521 	.db #0x32	; 50	'2'
   01DD 01                  522 	.db #0x01	; 1
   01DE 03                  523 	.db #0x03	; 3
   01DF 32                  524 	.db #0x32	; 50	'2'
   01E0 01                  525 	.db #0x01	; 1
   01E1 03                  526 	.db #0x03	; 3
   01E2 32                  527 	.db #0x32	; 50	'2'
   01E3 01                  528 	.db #0x01	; 1
   01E4 03                  529 	.db #0x03	; 3
   01E5 32                  530 	.db #0x32	; 50	'2'
   01E6 01                  531 	.db #0x01	; 1
   01E7 42                  532 	.db #0x42	; 66	'B'
   01E8 03                  533 	.db #0x03	; 3
   01E9 11                  534 	.db #0x11	; 17
   01EA 03                  535 	.db #0x03	; 3
   01EB 32                  536 	.db #0x32	; 50	'2'
   01EC 01                  537 	.db #0x01	; 1
   01ED 03                  538 	.db #0x03	; 3
   01EE 32                  539 	.db #0x32	; 50	'2'
   01EF 01                  540 	.db #0x01	; 1
   01F0 03                  541 	.db #0x03	; 3
   01F1 32                  542 	.db #0x32	; 50	'2'
   01F2 01                  543 	.db #0x01	; 1
   01F3 03                  544 	.db #0x03	; 3
   01F4 32                  545 	.db #0x32	; 50	'2'
   01F5 01                  546 	.db #0x01	; 1
   01F6 22                  547 	.db #0x22	; 34
   01F7 23                  548 	.db #0x23	; 35
   01F8 11                  549 	.db #0x11	; 17
   01F9 03                  550 	.db #0x03	; 3
   01FA 32                  551 	.db #0x32	; 50	'2'
   01FB 01                  552 	.db #0x01	; 1
   01FC 03                  553 	.db #0x03	; 3
   01FD 32                  554 	.db #0x32	; 50	'2'
   01FE 01                  555 	.db #0x01	; 1
   01FF 42                  556 	.db #0x42	; 66	'B'
   0200 01                  557 	.db #0x01	; 1
   0201 03                  558 	.db #0x03	; 3
   0202 32                  559 	.db #0x32	; 50	'2'
   0203 81                  560 	.db #0x81	; 129
   0204 03                  561 	.db #0x03	; 3
   0205 32                  562 	.db #0x32	; 50	'2'
   0206 01                  563 	.db #0x01	; 1
   0207 03                  564 	.db #0x03	; 3
   0208 32                  565 	.db #0x32	; 50	'2'
   0209 01                  566 	.db #0x01	; 1
   020A 42                  567 	.db #0x42	; 66	'B'
   020B 01                  568 	.db #0x01	; 1
   020C 03                  569 	.db #0x03	; 3
   020D 32                  570 	.db #0x32	; 50	'2'
   020E 01                  571 	.db #0x01	; 1
   020F 33                  572 	.db #0x33	; 51	'3'
   0210 12                  573 	.db #0x12	; 18
   0211 11                  574 	.db #0x11	; 17
   0212 03                  575 	.db #0x03	; 3
   0213 32                  576 	.db #0x32	; 50	'2'
   0214 01                  577 	.db #0x01	; 1
   0215 03                  578 	.db #0x03	; 3
   0216 32                  579 	.db #0x32	; 50	'2'
   0217 01                  580 	.db #0x01	; 1
   0218 42                  581 	.db #0x42	; 66	'B'
   0219 01                  582 	.db #0x01	; 1
   021A 42                  583 	.db #0x42	; 66	'B'
   021B 01                  584 	.db #0x01	; 1
   021C 13                  585 	.db #0x13	; 19
   021D 32                  586 	.db #0x32	; 50	'2'
   021E 11                  587 	.db #0x11	; 17
   021F 42                  588 	.db #0x42	; 66	'B'
   0220 01                  589 	.db #0x01	; 1
   0221 42                  590 	.db #0x42	; 66	'B'
   0222 01                  591 	.db #0x01	; 1
   0223 32                  592 	.db #0x32	; 50	'2'
   0224 03                  593 	.db #0x03	; 3
   0225 01                  594 	.db #0x01	; 1
   0226 42                  595 	.db #0x42	; 66	'B'
   0227 01                  596 	.db #0x01	; 1
   0228 03                  597 	.db #0x03	; 3
   0229 42                  598 	.db #0x42	; 66	'B'
   022A 11                  599 	.db #0x11	; 17
   022B 42                  600 	.db #0x42	; 66	'B'
   022C 01                  601 	.db #0x01	; 1
   022D 42                  602 	.db #0x42	; 66	'B'
   022E 01                  603 	.db #0x01	; 1
   022F 22                  604 	.db #0x22	; 34
   0230 13                  605 	.db #0x13	; 19
   0231 01                  606 	.db #0x01	; 1
   0232 42                  607 	.db #0x42	; 66	'B'
   0233 01                  608 	.db #0x01	; 1
   0234 03                  609 	.db #0x03	; 3
   0235 42                  610 	.db #0x42	; 66	'B'
   0236 71                  611 	.db #0x71	; 113	'q'
   0237 42                  612 	.db #0x42	; 66	'B'
   0238 61                  613 	.db #0x61	; 97	'a'
   0239 42                  614 	.db #0x42	; 66	'B'
   023A 01                  615 	.db #0x01	; 1
   023B 03                  616 	.db #0x03	; 3
   023C 42                  617 	.db #0x42	; 66	'B'
   023D 11                  618 	.db #0x11	; 17
   023E 13                  619 	.db #0x13	; 19
   023F 22                  620 	.db #0x22	; 34
   0240 01                  621 	.db #0x01	; 1
   0241 42                  622 	.db #0x42	; 66	'B'
   0242 01                  623 	.db #0x01	; 1
   0243 23                  624 	.db #0x23	; 35
   0244 12                  625 	.db #0x12	; 18
   0245 01                  626 	.db #0x01	; 1
   0246 32                  627 	.db #0x32	; 50	'2'
   0247 03                  628 	.db #0x03	; 3
   0248 01                  629 	.db #0x01	; 1
   0249 03                  630 	.db #0x03	; 3
   024A 42                  631 	.db #0x42	; 66	'B'
   024B 11                  632 	.db #0x11	; 17
   024C 03                  633 	.db #0x03	; 3
   024D 32                  634 	.db #0x32	; 50	'2'
   024E 01                  635 	.db #0x01	; 1
   024F 42                  636 	.db #0x42	; 66	'B'
   0250 01                  637 	.db #0x01	; 1
   0251 03                  638 	.db #0x03	; 3
   0252 32                  639 	.db #0x32	; 50	'2'
   0253 01                  640 	.db #0x01	; 1
   0254 22                  641 	.db #0x22	; 34
   0255 13                  642 	.db #0x13	; 19
   0256 01                  643 	.db #0x01	; 1
   0257 03                  644 	.db #0x03	; 3
   0258 42                  645 	.db #0x42	; 66	'B'
   0259 11                  646 	.db #0x11	; 17
   025A 03                  647 	.db #0x03	; 3
   025B 32                  648 	.db #0x32	; 50	'2'
   025C 61                  649 	.db #0x61	; 97	'a'
   025D 03                  650 	.db #0x03	; 3
   025E 32                  651 	.db #0x32	; 50	'2'
   025F 61                  652 	.db #0x61	; 97	'a'
   0260 03                  653 	.db #0x03	; 3
   0261 42                  654 	.db #0x42	; 66	'B'
   0262 11                  655 	.db #0x11	; 17
   0263 03                  656 	.db #0x03	; 3
   0264 32                  657 	.db #0x32	; 50	'2'
   0265 01                  658 	.db #0x01	; 1
   0266 23                  659 	.db #0x23	; 35
   0267 12                  660 	.db #0x12	; 18
   0268 01                  661 	.db #0x01	; 1
   0269 03                  662 	.db #0x03	; 3
   026A 32                  663 	.db #0x32	; 50	'2'
   026B 01                  664 	.db #0x01	; 1
   026C 13                  665 	.db #0x13	; 19
   026D 22                  666 	.db #0x22	; 34
   026E 01                  667 	.db #0x01	; 1
   026F 03                  668 	.db #0x03	; 3
   0270 42                  669 	.db #0x42	; 66	'B'
   0271 11                  670 	.db #0x11	; 17
   0272 03                  671 	.db #0x03	; 3
   0273 32                  672 	.db #0x32	; 50	'2'
   0274 01                  673 	.db #0x01	; 1
   0275 03                  674 	.db #0x03	; 3
   0276 32                  675 	.db #0x32	; 50	'2'
   0277 01                  676 	.db #0x01	; 1
   0278 03                  677 	.db #0x03	; 3
   0279 32                  678 	.db #0x32	; 50	'2'
   027A 01                  679 	.db #0x01	; 1
   027B 03                  680 	.db #0x03	; 3
   027C 32                  681 	.db #0x32	; 50	'2'
   027D 01                  682 	.db #0x01	; 1
   027E 03                  683 	.db #0x03	; 3
   027F 42                  684 	.db #0x42	; 66	'B'
   0280 11                  685 	.db #0x11	; 17
   0281 03                  686 	.db #0x03	; 3
   0282 32                  687 	.db #0x32	; 50	'2'
   0283 01                  688 	.db #0x01	; 1
   0284 03                  689 	.db #0x03	; 3
   0285 32                  690 	.db #0x32	; 50	'2'
   0286 01                  691 	.db #0x01	; 1
   0287 42                  692 	.db #0x42	; 66	'B'
   0288 01                  693 	.db #0x01	; 1
   0289 42                  694 	.db #0x42	; 66	'B'
   028A 01                  695 	.db #0x01	; 1
   028B 03                  696 	.db #0x03	; 3
   028C 42                  697 	.db #0x42	; 66	'B'
   028D 11                  698 	.db #0x11	; 17
   028E 03                  699 	.db #0x03	; 3
   028F 32                  700 	.db #0x32	; 50	'2'
   0290 01                  701 	.db #0x01	; 1
   0291 03                  702 	.db #0x03	; 3
   0292 32                  703 	.db #0x32	; 50	'2'
   0293 01                  704 	.db #0x01	; 1
   0294 42                  705 	.db #0x42	; 66	'B'
   0295 01                  706 	.db #0x01	; 1
   0296 42                  707 	.db #0x42	; 66	'B'
   0297 01                  708 	.db #0x01	; 1
   0298 52                  709 	.db #0x52	; 82	'R'
   0299 11                  710 	.db #0x11	; 17
   029A 42                  711 	.db #0x42	; 66	'B'
   029B 01                  712 	.db #0x01	; 1
   029C 03                  713 	.db #0x03	; 3
   029D 32                  714 	.db #0x32	; 50	'2'
   029E 01                  715 	.db #0x01	; 1
   029F 42                  716 	.db #0x42	; 66	'B'
   02A0 01                  717 	.db #0x01	; 1
   02A1 42                  718 	.db #0x42	; 66	'B'
   02A2 01                  719 	.db #0x01	; 1
   02A3 52                  720 	.db #0x52	; 82	'R'
   02A4 11                  721 	.db #0x11	; 17
   02A5 32                  722 	.db #0x32	; 50	'2'
   02A6 03                  723 	.db #0x03	; 3
   02A7 01                  724 	.db #0x01	; 1
   02A8 42                  725 	.db #0x42	; 66	'B'
   02A9 01                  726 	.db #0x01	; 1
   02AA 32                  727 	.db #0x32	; 50	'2'
   02AB 03                  728 	.db #0x03	; 3
   02AC 01                  729 	.db #0x01	; 1
   02AD 42                  730 	.db #0x42	; 66	'B'
   02AE 01                  731 	.db #0x01	; 1
   02AF 52                  732 	.db #0x52	; 82	'R'
   02B0 11                  733 	.db #0x11	; 17
   02B1 22                  734 	.db #0x22	; 34
   02B2 13                  735 	.db #0x13	; 19
   02B3 01                  736 	.db #0x01	; 1
   02B4 42                  737 	.db #0x42	; 66	'B'
   02B5 61                  738 	.db #0x61	; 97	'a'
   02B6 42                  739 	.db #0x42	; 66	'B'
   02B7 01                  740 	.db #0x01	; 1
   02B8 42                  741 	.db #0x42	; 66	'B'
   02B9 03                  742 	.db #0x03	; 3
   02BA 71                  743 	.db #0x71	; 113	'q'
   02BB 42                  744 	.db #0x42	; 66	'B'
   02BC 01                  745 	.db #0x01	; 1
   02BD 13                  746 	.db #0x13	; 19
   02BE 22                  747 	.db #0x22	; 34
   02BF 01                  748 	.db #0x01	; 1
   02C0 32                  749 	.db #0x32	; 50	'2'
   02C1 03                  750 	.db #0x03	; 3
   02C2 01                  751 	.db #0x01	; 1
   02C3 22                  752 	.db #0x22	; 34
   02C4 23                  753 	.db #0x23	; 35
   02C5 11                  754 	.db #0x11	; 17
   02C6 23                  755 	.db #0x23	; 35
   02C7 12                  756 	.db #0x12	; 18
   02C8 01                  757 	.db #0x01	; 1
   02C9 42                  758 	.db #0x42	; 66	'B'
   02CA 01                  759 	.db #0x01	; 1
   02CB 03                  760 	.db #0x03	; 3
   02CC 32                  761 	.db #0x32	; 50	'2'
   02CD 01                  762 	.db #0x01	; 1
   02CE 22                  763 	.db #0x22	; 34
   02CF 13                  764 	.db #0x13	; 19
   02D0 81                  765 	.db #0x81	; 129
   02D1 03                  766 	.db #0x03	; 3
   02D2 32                  767 	.db #0x32	; 50	'2'
   02D3 01                  768 	.db #0x01	; 1
   02D4 42                  769 	.db #0x42	; 66	'B'
   02D5 01                  770 	.db #0x01	; 1
   02D6 03                  771 	.db #0x03	; 3
   02D7 32                  772 	.db #0x32	; 50	'2'
   02D8 61                  773 	.db #0x61	; 97	'a'
   02D9 23                  774 	.db #0x23	; 35
   02DA 22                  775 	.db #0x22	; 34
   02DB 11                  776 	.db #0x11	; 17
   02DC 03                  777 	.db #0x03	; 3
   02DD 32                  778 	.db #0x32	; 50	'2'
   02DE 61                  779 	.db #0x61	; 97	'a'
   02DF 03                  780 	.db #0x03	; 3
   02E0 32                  781 	.db #0x32	; 50	'2'
   02E1 01                  782 	.db #0x01	; 1
   02E2 13                  783 	.db #0x13	; 19
   02E3 22                  784 	.db #0x22	; 34
   02E4 01                  785 	.db #0x01	; 1
   02E5 13                  786 	.db #0x13	; 19
   02E6 32                  787 	.db #0x32	; 50	'2'
   02E7 11                  788 	.db #0x11	; 17
   02E8 03                  789 	.db #0x03	; 3
   02E9 32                  790 	.db #0x32	; 50	'2'
   02EA 01                  791 	.db #0x01	; 1
   02EB 13                  792 	.db #0x13	; 19
   02EC 22                  793 	.db #0x22	; 34
   02ED 01                  794 	.db #0x01	; 1
   02EE 03                  795 	.db #0x03	; 3
   02EF 32                  796 	.db #0x32	; 50	'2'
   02F0 01                  797 	.db #0x01	; 1
   02F1 03                  798 	.db #0x03	; 3
   02F2 32                  799 	.db #0x32	; 50	'2'
   02F3 01                  800 	.db #0x01	; 1
   02F4 03                  801 	.db #0x03	; 3
   02F5 42                  802 	.db #0x42	; 66	'B'
   02F6 11                  803 	.db #0x11	; 17
   02F7 03                  804 	.db #0x03	; 3
   02F8 32                  805 	.db #0x32	; 50	'2'
   02F9 01                  806 	.db #0x01	; 1
   02FA 03                  807 	.db #0x03	; 3
   02FB 32                  808 	.db #0x32	; 50	'2'
   02FC 01                  809 	.db #0x01	; 1
   02FD 03                  810 	.db #0x03	; 3
   02FE 32                  811 	.db #0x32	; 50	'2'
   02FF 01                  812 	.db #0x01	; 1
   0300 03                  813 	.db #0x03	; 3
   0301 32                  814 	.db #0x32	; 50	'2'
   0302 01                  815 	.db #0x01	; 1
   0303 03                  816 	.db #0x03	; 3
   0304 42                  817 	.db #0x42	; 66	'B'
   0305 11                  818 	.db #0x11	; 17
   0306 03                  819 	.db #0x03	; 3
   0307 32                  820 	.db #0x32	; 50	'2'
   0308 01                  821 	.db #0x01	; 1
   0309 42                  822 	.db #0x42	; 66	'B'
   030A 01                  823 	.db #0x01	; 1
   030B 42                  824 	.db #0x42	; 66	'B'
   030C 01                  825 	.db #0x01	; 1
   030D 03                  826 	.db #0x03	; 3
   030E 32                  827 	.db #0x32	; 50	'2'
   030F 01                  828 	.db #0x01	; 1
   0310 03                  829 	.db #0x03	; 3
   0311 42                  830 	.db #0x42	; 66	'B'
   0312 11                  831 	.db #0x11	; 17
   0313 52                  832 	.db #0x52	; 82	'R'
   0314 F9                  833 	.db #0xF9	; 249
   0315 29                  834 	.db #0x29	; 41
   0316 42                  835 	.db #0x42	; 66	'B'
   0317 11                  836 	.db #0x11	; 17
   0318 52                  837 	.db #0x52	; 82	'R'
   0319 09                  838 	.db #0x09	; 9
   031A 54                  839 	.db #0x54	; 84	'T'
   031B 22                  840 	.db #0x22	; 34
   031C 74                  841 	.db #0x74	; 116	't'
   031D 09                  842 	.db #0x09	; 9
   031E 42                  843 	.db #0x42	; 66	'B'
   031F 11                  844 	.db #0x11	; 17
   0320 22                  845 	.db #0x22	; 34
   0321 13                  846 	.db #0x13	; 19
   0322 01                  847 	.db #0x01	; 1
   0323 09                  848 	.db #0x09	; 9
   0324 54                  849 	.db #0x54	; 84	'T'
   0325 22                  850 	.db #0x22	; 34
   0326 74                  851 	.db #0x74	; 116	't'
   0327 09                  852 	.db #0x09	; 9
   0328 42                  853 	.db #0x42	; 66	'B'
   0329 51                  854 	.db #0x51	; 81	'Q'
   032A 12                  855 	.db #0x12	; 18
   032B 09                  856 	.db #0x09	; 9
   032C 54                  857 	.db #0x54	; 84	'T'
   032D 22                  858 	.db #0x22	; 34
   032E 74                  859 	.db #0x74	; 116	't'
   032F 09                  860 	.db #0x09	; 9
   0330 42                  861 	.db #0x42	; 66	'B'
   0331 11                  862 	.db #0x11	; 17
   0332 23                  863 	.db #0x23	; 35
   0333 22                  864 	.db #0x22	; 34
   0334 09                  865 	.db #0x09	; 9
   0335 54                  866 	.db #0x54	; 84	'T'
   0336 22                  867 	.db #0x22	; 34
   0337 74                  868 	.db #0x74	; 116	't'
   0338 09                  869 	.db #0x09	; 9
   0339 42                  870 	.db #0x42	; 66	'B'
   033A 11                  871 	.db #0x11	; 17
   033B 03                  872 	.db #0x03	; 3
   033C 42                  873 	.db #0x42	; 66	'B'
   033D 09                  874 	.db #0x09	; 9
   033E F2                  875 	.db #0xF2	; 242
   033F 02                  876 	.db #0x02	; 2
   0340 09                  877 	.db #0x09	; 9
   0341 42                  878 	.db #0x42	; 66	'B'
   0342 11                  879 	.db #0x11	; 17
   0343 03                  880 	.db #0x03	; 3
   0344 32                  881 	.db #0x32	; 50	'2'
   0345 01                  882 	.db #0x01	; 1
   0346 09                  883 	.db #0x09	; 9
   0347 F2                  884 	.db #0xF2	; 242
   0348 02                  885 	.db #0x02	; 2
   0349 09                  886 	.db #0x09	; 9
   034A 42                  887 	.db #0x42	; 66	'B'
   034B 11                  888 	.db #0x11	; 17
   034C 03                  889 	.db #0x03	; 3
   034D 42                  890 	.db #0x42	; 66	'B'
   034E 09                  891 	.db #0x09	; 9
   034F F2                  892 	.db #0xF2	; 242
   0350 02                  893 	.db #0x02	; 2
   0351 09                  894 	.db #0x09	; 9
   0352 32                  895 	.db #0x32	; 50	'2'
   0353 03                  896 	.db #0x03	; 3
   0354 11                  897 	.db #0x11	; 17
   0355 03                  898 	.db #0x03	; 3
   0356 42                  899 	.db #0x42	; 66	'B'
   0357 09                  900 	.db #0x09	; 9
   0358 54                  901 	.db #0x54	; 84	'T'
   0359 22                  902 	.db #0x22	; 34
   035A 74                  903 	.db #0x74	; 116	't'
   035B 09                  904 	.db #0x09	; 9
   035C 12                  905 	.db #0x12	; 18
   035D 23                  906 	.db #0x23	; 35
   035E 11                  907 	.db #0x11	; 17
   035F 03                  908 	.db #0x03	; 3
   0360 42                  909 	.db #0x42	; 66	'B'
   0361 09                  910 	.db #0x09	; 9
   0362 54                  911 	.db #0x54	; 84	'T'
   0363 22                  912 	.db #0x22	; 34
   0364 74                  913 	.db #0x74	; 116	't'
   0365 09                  914 	.db #0x09	; 9
   0366 61                  915 	.db #0x61	; 97	'a'
   0367 03                  916 	.db #0x03	; 3
   0368 32                  917 	.db #0x32	; 50	'2'
   0369 01                  918 	.db #0x01	; 1
   036A 09                  919 	.db #0x09	; 9
   036B 54                  920 	.db #0x54	; 84	'T'
   036C 22                  921 	.db #0x22	; 34
   036D 74                  922 	.db #0x74	; 116	't'
   036E 09                  923 	.db #0x09	; 9
   036F 23                  924 	.db #0x23	; 35
   0370 12                  925 	.db #0x12	; 18
   0371 11                  926 	.db #0x11	; 17
   0372 03                  927 	.db #0x03	; 3
   0373 42                  928 	.db #0x42	; 66	'B'
   0374 09                  929 	.db #0x09	; 9
   0375 54                  930 	.db #0x54	; 84	'T'
   0376 22                  931 	.db #0x22	; 34
   0377 74                  932 	.db #0x74	; 116	't'
   0378 09                  933 	.db #0x09	; 9
   0379 03                  934 	.db #0x03	; 3
   037A 32                  935 	.db #0x32	; 50	'2'
   037B 11                  936 	.db #0x11	; 17
   037C 52                  937 	.db #0x52	; 82	'R'
   037D F9                  938 	.db #0xF9	; 249
   037E 29                  939 	.db #0x29	; 41
   037F 42                  940 	.db #0x42	; 66	'B'
   0380 11                  941 	.db #0x11	; 17
   0381 42                  942 	.db #0x42	; 66	'B'
   0382 01                  943 	.db #0x01	; 1
   0383 42                  944 	.db #0x42	; 66	'B'
   0384 01                  945 	.db #0x01	; 1
   0385 42                  946 	.db #0x42	; 66	'B'
   0386 01                  947 	.db #0x01	; 1
   0387 42                  948 	.db #0x42	; 66	'B'
   0388 01                  949 	.db #0x01	; 1
   0389 03                  950 	.db #0x03	; 3
   038A 42                  951 	.db #0x42	; 66	'B'
   038B 71                  952 	.db #0x71	; 113	'q'
   038C 42                  953 	.db #0x42	; 66	'B'
   038D 61                  954 	.db #0x61	; 97	'a'
   038E 42                  955 	.db #0x42	; 66	'B'
   038F 01                  956 	.db #0x01	; 1
   0390 03                  957 	.db #0x03	; 3
   0391 42                  958 	.db #0x42	; 66	'B'
   0392 11                  959 	.db #0x11	; 17
   0393 13                  960 	.db #0x13	; 19
   0394 F2                  961 	.db #0xF2	; 242
   0395 B2                  962 	.db #0xB2	; 178
   0396 11                  963 	.db #0x11	; 17
   0397 03                  964 	.db #0x03	; 3
   0398 32                  965 	.db #0x32	; 50	'2'
   0399 F9                  966 	.db #0xF9	; 249
   039A 19                  967 	.db #0x19	; 25
   039B 02                  968 	.db #0x02	; 2
   039C 03                  969 	.db #0x03	; 3
   039D 42                  970 	.db #0x42	; 66	'B'
   039E 11                  971 	.db #0x11	; 17
   039F 03                  972 	.db #0x03	; 3
   03A0 32                  973 	.db #0x32	; 50	'2'
   03A1 09                  974 	.db #0x09	; 9
   03A2 04                  975 	.db #0x04	; 4
   03A3 A9                  976 	.db #0xA9	; 169
   03A4 04                  977 	.db #0x04	; 4
   03A5 29                  978 	.db #0x29	; 41
   03A6 02                  979 	.db #0x02	; 2
   03A7 01                  980 	.db #0x01	; 1
   03A8 03                  981 	.db #0x03	; 3
   03A9 42                  982 	.db #0x42	; 66	'B'
   03AA 11                  983 	.db #0x11	; 17
   03AB 03                  984 	.db #0x03	; 3
   03AC 32                  985 	.db #0x32	; 50	'2'
   03AD 89                  986 	.db #0x89	; 137
   03AE 14                  987 	.db #0x14	; 20
   03AF 49                  988 	.db #0x49	; 73	'I'
   03B0 12                  989 	.db #0x12	; 18
   03B1 01                  990 	.db #0x01	; 1
   03B2 03                  991 	.db #0x03	; 3
   03B3 42                  992 	.db #0x42	; 66	'B'
   03B4 11                  993 	.db #0x11	; 17
   03B5 03                  994 	.db #0x03	; 3
   03B6 32                  995 	.db #0x32	; 50	'2'
   03B7 19                  996 	.db #0x19	; 25
   03B8 14                  997 	.db #0x14	; 20
   03B9 29                  998 	.db #0x29	; 41
   03BA 34                  999 	.db #0x34	; 52	'4'
   03BB 39                 1000 	.db #0x39	; 57	'9'
   03BC 22                 1001 	.db #0x22	; 34
   03BD 01                 1002 	.db #0x01	; 1
   03BE 03                 1003 	.db #0x03	; 3
   03BF 42                 1004 	.db #0x42	; 66	'B'
   03C0 11                 1005 	.db #0x11	; 17
   03C1 03                 1006 	.db #0x03	; 3
   03C2 32                 1007 	.db #0x32	; 50	'2'
   03C3 29                 1008 	.db #0x29	; 41
   03C4 74                 1009 	.db #0x74	; 116	't'
   03C5 29                 1010 	.db #0x29	; 41
   03C6 32                 1011 	.db #0x32	; 50	'2'
   03C7 01                 1012 	.db #0x01	; 1
   03C8 03                 1013 	.db #0x03	; 3
   03C9 42                 1014 	.db #0x42	; 66	'B'
   03CA 11                 1015 	.db #0x11	; 17
   03CB 03                 1016 	.db #0x03	; 3
   03CC 32                 1017 	.db #0x32	; 50	'2'
   03CD 19                 1018 	.db #0x19	; 25
   03CE 84                 1019 	.db #0x84	; 132
   03CF 19                 1020 	.db #0x19	; 25
   03D0 42                 1021 	.db #0x42	; 66	'B'
   03D1 01                 1022 	.db #0x01	; 1
   03D2 52                 1023 	.db #0x52	; 82	'R'
   03D3 11                 1024 	.db #0x11	; 17
   03D4 42                 1025 	.db #0x42	; 66	'B'
   03D5 29                 1026 	.db #0x29	; 41
   03D6 74                 1027 	.db #0x74	; 116	't'
   03D7 29                 1028 	.db #0x29	; 41
   03D8 32                 1029 	.db #0x32	; 50	'2'
   03D9 01                 1030 	.db #0x01	; 1
   03DA 52                 1031 	.db #0x52	; 82	'R'
   03DB 11                 1032 	.db #0x11	; 17
   03DC 42                 1033 	.db #0x42	; 66	'B'
   03DD 19                 1034 	.db #0x19	; 25
   03DE 14                 1035 	.db #0x14	; 20
   03DF 29                 1036 	.db #0x29	; 41
   03E0 34                 1037 	.db #0x34	; 52	'4'
   03E1 39                 1038 	.db #0x39	; 57	'9'
   03E2 22                 1039 	.db #0x22	; 34
   03E3 01                 1040 	.db #0x01	; 1
   03E4 52                 1041 	.db #0x52	; 82	'R'
   03E5 11                 1042 	.db #0x11	; 17
   03E6 42                 1043 	.db #0x42	; 66	'B'
   03E7 89                 1044 	.db #0x89	; 137
   03E8 14                 1045 	.db #0x14	; 20
   03E9 49                 1046 	.db #0x49	; 73	'I'
   03EA 12                 1047 	.db #0x12	; 18
   03EB 01                 1048 	.db #0x01	; 1
   03EC 42                 1049 	.db #0x42	; 66	'B'
   03ED 03                 1050 	.db #0x03	; 3
   03EE 51                 1051 	.db #0x51	; 81	'Q'
   03EF 02                 1052 	.db #0x02	; 2
   03F0 09                 1053 	.db #0x09	; 9
   03F1 04                 1054 	.db #0x04	; 4
   03F2 A9                 1055 	.db #0xA9	; 169
   03F3 04                 1056 	.db #0x04	; 4
   03F4 29                 1057 	.db #0x29	; 41
   03F5 02                 1058 	.db #0x02	; 2
   03F6 01                 1059 	.db #0x01	; 1
   03F7 22                 1060 	.db #0x22	; 34
   03F8 23                 1061 	.db #0x23	; 35
   03F9 11                 1062 	.db #0x11	; 17
   03FA 23                 1063 	.db #0x23	; 35
   03FB 12                 1064 	.db #0x12	; 18
   03FC F9                 1065 	.db #0xF9	; 249
   03FD 19                 1066 	.db #0x19	; 25
   03FE 02                 1067 	.db #0x02	; 2
   03FF 71                 1068 	.db #0x71	; 113	'q'
   0400 03                 1069 	.db #0x03	; 3
   0401 F2                 1070 	.db #0xF2	; 242
   0402 72                 1071 	.db #0x72	; 114	'r'
   0403 13                 1072 	.db #0x13	; 19
   0404 22                 1073 	.db #0x22	; 34
   0405 11                 1074 	.db #0x11	; 17
   0406 03                 1075 	.db #0x03	; 3
   0407 32                 1076 	.db #0x32	; 50	'2'
   0408 61                 1077 	.db #0x61	; 97	'a'
   0409 03                 1078 	.db #0x03	; 3
   040A 32                 1079 	.db #0x32	; 50	'2'
   040B 01                 1080 	.db #0x01	; 1
   040C 13                 1081 	.db #0x13	; 19
   040D 22                 1082 	.db #0x22	; 34
   040E 01                 1083 	.db #0x01	; 1
   040F 13                 1084 	.db #0x13	; 19
   0410 32                 1085 	.db #0x32	; 50	'2'
   0411 11                 1086 	.db #0x11	; 17
   0412 03                 1087 	.db #0x03	; 3
   0413 32                 1088 	.db #0x32	; 50	'2'
   0414 01                 1089 	.db #0x01	; 1
   0415 13                 1090 	.db #0x13	; 19
   0416 22                 1091 	.db #0x22	; 34
   0417 01                 1092 	.db #0x01	; 1
   0418 03                 1093 	.db #0x03	; 3
   0419 32                 1094 	.db #0x32	; 50	'2'
   041A 01                 1095 	.db #0x01	; 1
   041B 03                 1096 	.db #0x03	; 3
   041C 32                 1097 	.db #0x32	; 50	'2'
   041D 01                 1098 	.db #0x01	; 1
   041E 03                 1099 	.db #0x03	; 3
   041F 42                 1100 	.db #0x42	; 66	'B'
   0420 11                 1101 	.db #0x11	; 17
   0421 03                 1102 	.db #0x03	; 3
   0422 32                 1103 	.db #0x32	; 50	'2'
   0423 01                 1104 	.db #0x01	; 1
   0424 03                 1105 	.db #0x03	; 3
   0425 32                 1106 	.db #0x32	; 50	'2'
   0426 01                 1107 	.db #0x01	; 1
   0427 03                 1108 	.db #0x03	; 3
   0428 32                 1109 	.db #0x32	; 50	'2'
   0429 01                 1110 	.db #0x01	; 1
   042A 03                 1111 	.db #0x03	; 3
   042B 32                 1112 	.db #0x32	; 50	'2'
   042C 01                 1113 	.db #0x01	; 1
   042D 03                 1114 	.db #0x03	; 3
   042E 42                 1115 	.db #0x42	; 66	'B'
   042F 11                 1116 	.db #0x11	; 17
   0430 03                 1117 	.db #0x03	; 3
   0431 32                 1118 	.db #0x32	; 50	'2'
   0432 01                 1119 	.db #0x01	; 1
   0433 03                 1120 	.db #0x03	; 3
   0434 12                 1121 	.db #0x12	; 18
   0435 09                 1122 	.db #0x09	; 9
   0436 02                 1123 	.db #0x02	; 2
   0437 01                 1124 	.db #0x01	; 1
   0438 03                 1125 	.db #0x03	; 3
   0439 32                 1126 	.db #0x32	; 50	'2'
   043A 01                 1127 	.db #0x01	; 1
   043B 03                 1128 	.db #0x03	; 3
   043C 32                 1129 	.db #0x32	; 50	'2'
   043D 01                 1130 	.db #0x01	; 1
   043E 03                 1131 	.db #0x03	; 3
   043F 42                 1132 	.db #0x42	; 66	'B'
   0440 11                 1133 	.db #0x11	; 17
   0441 42                 1134 	.db #0x42	; 66	'B'
   0442 01                 1135 	.db #0x01	; 1
   0443 12                 1136 	.db #0x12	; 18
   0444 19                 1137 	.db #0x19	; 25
   0445 02                 1138 	.db #0x02	; 2
   0446 01                 1139 	.db #0x01	; 1
   0447 42                 1140 	.db #0x42	; 66	'B'
   0448 01                 1141 	.db #0x01	; 1
   0449 42                 1142 	.db #0x42	; 66	'B'
   044A 01                 1143 	.db #0x01	; 1
   044B 52                 1144 	.db #0x52	; 82	'R'
   044C 11                 1145 	.db #0x11	; 17
   044D 32                 1146 	.db #0x32	; 50	'2'
   044E 04                 1147 	.db #0x04	; 4
   044F 49                 1148 	.db #0x49	; 73	'I'
   0450 E3                 1149 	.db #0xE3	; 227
   0451 42                 1150 	.db #0x42	; 66	'B'
   0452 11                 1151 	.db #0x11	; 17
   0453 22                 1152 	.db #0x22	; 34
   0454 03                 1153 	.db #0x03	; 3
   0455 04                 1154 	.db #0x04	; 4
   0456 49                 1155 	.db #0x49	; 73	'I'
   0457 F3                 1156 	.db #0xF3	; 243
   0458 32                 1157 	.db #0x32	; 50	'2'
   0459 71                 1158 	.db #0x71	; 113	'q'
   045A 12                 1159 	.db #0x12	; 18
   045B 19                 1160 	.db #0x19	; 25
   045C 02                 1161 	.db #0x02	; 2
   045D 61                 1162 	.db #0x61	; 97	'a'
   045E 42                 1163 	.db #0x42	; 66	'B'
   045F 01                 1164 	.db #0x01	; 1
   0460 52                 1165 	.db #0x52	; 82	'R'
   0461 11                 1166 	.db #0x11	; 17
   0462 23                 1167 	.db #0x23	; 35
   0463 12                 1168 	.db #0x12	; 18
   0464 01                 1169 	.db #0x01	; 1
   0465 22                 1170 	.db #0x22	; 34
   0466 09                 1171 	.db #0x09	; 9
   0467 02                 1172 	.db #0x02	; 2
   0468 01                 1173 	.db #0x01	; 1
   0469 13                 1174 	.db #0x13	; 19
   046A 22                 1175 	.db #0x22	; 34
   046B 01                 1176 	.db #0x01	; 1
   046C 32                 1177 	.db #0x32	; 50	'2'
   046D 03                 1178 	.db #0x03	; 3
   046E 01                 1179 	.db #0x01	; 1
   046F 52                 1180 	.db #0x52	; 82	'R'
   0470 11                 1181 	.db #0x11	; 17
   0471 03                 1182 	.db #0x03	; 3
   0472 32                 1183 	.db #0x32	; 50	'2'
   0473 61                 1184 	.db #0x61	; 97	'a'
   0474 03                 1185 	.db #0x03	; 3
   0475 32                 1186 	.db #0x32	; 50	'2'
   0476 61                 1187 	.db #0x61	; 97	'a'
   0477 52                 1188 	.db #0x52	; 82	'R'
   0478 11                 1189 	.db #0x11	; 17
   0479 03                 1190 	.db #0x03	; 3
   047A 32                 1191 	.db #0x32	; 50	'2'
   047B 01                 1192 	.db #0x01	; 1
   047C 13                 1193 	.db #0x13	; 19
   047D 22                 1194 	.db #0x22	; 34
   047E 01                 1195 	.db #0x01	; 1
   047F 03                 1196 	.db #0x03	; 3
   0480 32                 1197 	.db #0x32	; 50	'2'
   0481 01                 1198 	.db #0x01	; 1
   0482 13                 1199 	.db #0x13	; 19
   0483 22                 1200 	.db #0x22	; 34
   0484 01                 1201 	.db #0x01	; 1
   0485 52                 1202 	.db #0x52	; 82	'R'
   0486 11                 1203 	.db #0x11	; 17
   0487 03                 1204 	.db #0x03	; 3
   0488 32                 1205 	.db #0x32	; 50	'2'
   0489 01                 1206 	.db #0x01	; 1
   048A 03                 1207 	.db #0x03	; 3
   048B 32                 1208 	.db #0x32	; 50	'2'
   048C 01                 1209 	.db #0x01	; 1
   048D 03                 1210 	.db #0x03	; 3
   048E 32                 1211 	.db #0x32	; 50	'2'
   048F 01                 1212 	.db #0x01	; 1
   0490 03                 1213 	.db #0x03	; 3
   0491 32                 1214 	.db #0x32	; 50	'2'
   0492 01                 1215 	.db #0x01	; 1
   0493 42                 1216 	.db #0x42	; 66	'B'
   0494 03                 1217 	.db #0x03	; 3
   0495 11                 1218 	.db #0x11	; 17
   0496 03                 1219 	.db #0x03	; 3
   0497 32                 1220 	.db #0x32	; 50	'2'
   0498 01                 1221 	.db #0x01	; 1
   0499 03                 1222 	.db #0x03	; 3
   049A 32                 1223 	.db #0x32	; 50	'2'
   049B 01                 1224 	.db #0x01	; 1
   049C 03                 1225 	.db #0x03	; 3
   049D 32                 1226 	.db #0x32	; 50	'2'
   049E 01                 1227 	.db #0x01	; 1
   049F 03                 1228 	.db #0x03	; 3
   04A0 32                 1229 	.db #0x32	; 50	'2'
   04A1 01                 1230 	.db #0x01	; 1
   04A2 22                 1231 	.db #0x22	; 34
   04A3 23                 1232 	.db #0x23	; 35
   04A4 11                 1233 	.db #0x11	; 17
   04A5 03                 1234 	.db #0x03	; 3
   04A6 32                 1235 	.db #0x32	; 50	'2'
   04A7 01                 1236 	.db #0x01	; 1
   04A8 03                 1237 	.db #0x03	; 3
   04A9 32                 1238 	.db #0x32	; 50	'2'
   04AA 01                 1239 	.db #0x01	; 1
   04AB 42                 1240 	.db #0x42	; 66	'B'
   04AC 01                 1241 	.db #0x01	; 1
   04AD 03                 1242 	.db #0x03	; 3
   04AE 32                 1243 	.db #0x32	; 50	'2'
   04AF 81                 1244 	.db #0x81	; 129
   04B0 03                 1245 	.db #0x03	; 3
   04B1 32                 1246 	.db #0x32	; 50	'2'
   04B2 01                 1247 	.db #0x01	; 1
   04B3 03                 1248 	.db #0x03	; 3
   04B4 32                 1249 	.db #0x32	; 50	'2'
   04B5 01                 1250 	.db #0x01	; 1
   04B6 42                 1251 	.db #0x42	; 66	'B'
   04B7 01                 1252 	.db #0x01	; 1
   04B8 03                 1253 	.db #0x03	; 3
   04B9 32                 1254 	.db #0x32	; 50	'2'
   04BA 01                 1255 	.db #0x01	; 1
   04BB 33                 1256 	.db #0x33	; 51	'3'
   04BC 12                 1257 	.db #0x12	; 18
   04BD 11                 1258 	.db #0x11	; 17
   04BE 03                 1259 	.db #0x03	; 3
   04BF 32                 1260 	.db #0x32	; 50	'2'
   04C0 01                 1261 	.db #0x01	; 1
   04C1 03                 1262 	.db #0x03	; 3
   04C2 32                 1263 	.db #0x32	; 50	'2'
   04C3 01                 1264 	.db #0x01	; 1
   04C4 42                 1265 	.db #0x42	; 66	'B'
   04C5 01                 1266 	.db #0x01	; 1
   04C6 42                 1267 	.db #0x42	; 66	'B'
   04C7 01                 1268 	.db #0x01	; 1
   04C8 13                 1269 	.db #0x13	; 19
   04C9 32                 1270 	.db #0x32	; 50	'2'
   04CA 11                 1271 	.db #0x11	; 17
   04CB 42                 1272 	.db #0x42	; 66	'B'
   04CC 01                 1273 	.db #0x01	; 1
   04CD 42                 1274 	.db #0x42	; 66	'B'
   04CE 01                 1275 	.db #0x01	; 1
   04CF 32                 1276 	.db #0x32	; 50	'2'
   04D0 03                 1277 	.db #0x03	; 3
   04D1 01                 1278 	.db #0x01	; 1
   04D2 42                 1279 	.db #0x42	; 66	'B'
   04D3 01                 1280 	.db #0x01	; 1
   04D4 03                 1281 	.db #0x03	; 3
   04D5 42                 1282 	.db #0x42	; 66	'B'
   04D6 11                 1283 	.db #0x11	; 17
   04D7 42                 1284 	.db #0x42	; 66	'B'
   04D8 01                 1285 	.db #0x01	; 1
   04D9 42                 1286 	.db #0x42	; 66	'B'
   04DA 01                 1287 	.db #0x01	; 1
   04DB 22                 1288 	.db #0x22	; 34
   04DC 13                 1289 	.db #0x13	; 19
   04DD 01                 1290 	.db #0x01	; 1
   04DE 42                 1291 	.db #0x42	; 66	'B'
   04DF 01                 1292 	.db #0x01	; 1
   04E0 03                 1293 	.db #0x03	; 3
   04E1 42                 1294 	.db #0x42	; 66	'B'
   04E2 71                 1295 	.db #0x71	; 113	'q'
   04E3 42                 1296 	.db #0x42	; 66	'B'
   04E4 61                 1297 	.db #0x61	; 97	'a'
   04E5 42                 1298 	.db #0x42	; 66	'B'
   04E6 01                 1299 	.db #0x01	; 1
   04E7 03                 1300 	.db #0x03	; 3
   04E8 42                 1301 	.db #0x42	; 66	'B'
   04E9 11                 1302 	.db #0x11	; 17
   04EA 13                 1303 	.db #0x13	; 19
   04EB 22                 1304 	.db #0x22	; 34
   04EC 01                 1305 	.db #0x01	; 1
   04ED 42                 1306 	.db #0x42	; 66	'B'
   04EE 01                 1307 	.db #0x01	; 1
   04EF 23                 1308 	.db #0x23	; 35
   04F0 12                 1309 	.db #0x12	; 18
   04F1 01                 1310 	.db #0x01	; 1
   04F2 32                 1311 	.db #0x32	; 50	'2'
   04F3 03                 1312 	.db #0x03	; 3
   04F4 01                 1313 	.db #0x01	; 1
   04F5 03                 1314 	.db #0x03	; 3
   04F6 42                 1315 	.db #0x42	; 66	'B'
   04F7 11                 1316 	.db #0x11	; 17
   04F8 03                 1317 	.db #0x03	; 3
   04F9 32                 1318 	.db #0x32	; 50	'2'
   04FA 01                 1319 	.db #0x01	; 1
   04FB 42                 1320 	.db #0x42	; 66	'B'
   04FC 01                 1321 	.db #0x01	; 1
   04FD 03                 1322 	.db #0x03	; 3
   04FE 32                 1323 	.db #0x32	; 50	'2'
   04FF 01                 1324 	.db #0x01	; 1
   0500 22                 1325 	.db #0x22	; 34
   0501 13                 1326 	.db #0x13	; 19
   0502 01                 1327 	.db #0x01	; 1
   0503 03                 1328 	.db #0x03	; 3
   0504 42                 1329 	.db #0x42	; 66	'B'
   0505 11                 1330 	.db #0x11	; 17
   0506 03                 1331 	.db #0x03	; 3
   0507 32                 1332 	.db #0x32	; 50	'2'
   0508 61                 1333 	.db #0x61	; 97	'a'
   0509 03                 1334 	.db #0x03	; 3
   050A 32                 1335 	.db #0x32	; 50	'2'
   050B 61                 1336 	.db #0x61	; 97	'a'
   050C 03                 1337 	.db #0x03	; 3
   050D 42                 1338 	.db #0x42	; 66	'B'
   050E 11                 1339 	.db #0x11	; 17
   050F 03                 1340 	.db #0x03	; 3
   0510 32                 1341 	.db #0x32	; 50	'2'
   0511 01                 1342 	.db #0x01	; 1
   0512 23                 1343 	.db #0x23	; 35
   0513 12                 1344 	.db #0x12	; 18
   0514 01                 1345 	.db #0x01	; 1
   0515 03                 1346 	.db #0x03	; 3
   0516 32                 1347 	.db #0x32	; 50	'2'
   0517 01                 1348 	.db #0x01	; 1
   0518 13                 1349 	.db #0x13	; 19
   0519 22                 1350 	.db #0x22	; 34
   051A 01                 1351 	.db #0x01	; 1
   051B 03                 1352 	.db #0x03	; 3
   051C 42                 1353 	.db #0x42	; 66	'B'
   051D 11                 1354 	.db #0x11	; 17
   051E 03                 1355 	.db #0x03	; 3
   051F 32                 1356 	.db #0x32	; 50	'2'
   0520 01                 1357 	.db #0x01	; 1
   0521 03                 1358 	.db #0x03	; 3
   0522 32                 1359 	.db #0x32	; 50	'2'
   0523 01                 1360 	.db #0x01	; 1
   0524 03                 1361 	.db #0x03	; 3
   0525 32                 1362 	.db #0x32	; 50	'2'
   0526 01                 1363 	.db #0x01	; 1
   0527 03                 1364 	.db #0x03	; 3
   0528 32                 1365 	.db #0x32	; 50	'2'
   0529 01                 1366 	.db #0x01	; 1
   052A 03                 1367 	.db #0x03	; 3
   052B 42                 1368 	.db #0x42	; 66	'B'
   052C 11                 1369 	.db #0x11	; 17
   052D 03                 1370 	.db #0x03	; 3
   052E 32                 1371 	.db #0x32	; 50	'2'
   052F 01                 1372 	.db #0x01	; 1
   0530 03                 1373 	.db #0x03	; 3
   0531 32                 1374 	.db #0x32	; 50	'2'
   0532 01                 1375 	.db #0x01	; 1
   0533 42                 1376 	.db #0x42	; 66	'B'
   0534 01                 1377 	.db #0x01	; 1
   0535 42                 1378 	.db #0x42	; 66	'B'
   0536 01                 1379 	.db #0x01	; 1
   0537 03                 1380 	.db #0x03	; 3
   0538 42                 1381 	.db #0x42	; 66	'B'
   0539 11                 1382 	.db #0x11	; 17
   053A 03                 1383 	.db #0x03	; 3
   053B 32                 1384 	.db #0x32	; 50	'2'
   053C 01                 1385 	.db #0x01	; 1
   053D 03                 1386 	.db #0x03	; 3
   053E 32                 1387 	.db #0x32	; 50	'2'
   053F 01                 1388 	.db #0x01	; 1
   0540 42                 1389 	.db #0x42	; 66	'B'
   0541 01                 1390 	.db #0x01	; 1
   0542 42                 1391 	.db #0x42	; 66	'B'
   0543 01                 1392 	.db #0x01	; 1
   0544 52                 1393 	.db #0x52	; 82	'R'
   0545 11                 1394 	.db #0x11	; 17
   0546 42                 1395 	.db #0x42	; 66	'B'
   0547 01                 1396 	.db #0x01	; 1
   0548 03                 1397 	.db #0x03	; 3
   0549 32                 1398 	.db #0x32	; 50	'2'
   054A 01                 1399 	.db #0x01	; 1
   054B 42                 1400 	.db #0x42	; 66	'B'
   054C 01                 1401 	.db #0x01	; 1
   054D 42                 1402 	.db #0x42	; 66	'B'
   054E 01                 1403 	.db #0x01	; 1
   054F 52                 1404 	.db #0x52	; 82	'R'
   0550 11                 1405 	.db #0x11	; 17
   0551 32                 1406 	.db #0x32	; 50	'2'
   0552 03                 1407 	.db #0x03	; 3
   0553 01                 1408 	.db #0x01	; 1
   0554 22                 1409 	.db #0x22	; 34
   0555 09                 1410 	.db #0x09	; 9
   0556 02                 1411 	.db #0x02	; 2
   0557 01                 1412 	.db #0x01	; 1
   0558 32                 1413 	.db #0x32	; 50	'2'
   0559 03                 1414 	.db #0x03	; 3
   055A 01                 1415 	.db #0x01	; 1
   055B 42                 1416 	.db #0x42	; 66	'B'
   055C 01                 1417 	.db #0x01	; 1
   055D 52                 1418 	.db #0x52	; 82	'R'
   055E 11                 1419 	.db #0x11	; 17
   055F 22                 1420 	.db #0x22	; 34
   0560 13                 1421 	.db #0x13	; 19
   0561 01                 1422 	.db #0x01	; 1
   0562 12                 1423 	.db #0x12	; 18
   0563 19                 1424 	.db #0x19	; 25
   0564 02                 1425 	.db #0x02	; 2
   0565 61                 1426 	.db #0x61	; 97	'a'
   0566 42                 1427 	.db #0x42	; 66	'B'
   0567 01                 1428 	.db #0x01	; 1
   0568 42                 1429 	.db #0x42	; 66	'B'
   0569 03                 1430 	.db #0x03	; 3
   056A 51                 1431 	.db #0x51	; 81	'Q'
   056B 04                 1432 	.db #0x04	; 4
   056C 49                 1433 	.db #0x49	; 73	'I'
   056D F3                 1434 	.db #0xF3	; 243
   056E 02                 1435 	.db #0x02	; 2
   056F 23                 1436 	.db #0x23	; 35
   0570 11                 1437 	.db #0x11	; 17
   0571 23                 1438 	.db #0x23	; 35
   0572 02                 1439 	.db #0x02	; 2
   0573 04                 1440 	.db #0x04	; 4
   0574 49                 1441 	.db #0x49	; 73	'I'
   0575 E3                 1442 	.db #0xE3	; 227
   0576 61                 1443 	.db #0x61	; 97	'a'
   0577 03                 1444 	.db #0x03	; 3
   0578 32                 1445 	.db #0x32	; 50	'2'
   0579 01                 1446 	.db #0x01	; 1
   057A 12                 1447 	.db #0x12	; 18
   057B 19                 1448 	.db #0x19	; 25
   057C 02                 1449 	.db #0x02	; 2
   057D 01                 1450 	.db #0x01	; 1
   057E 42                 1451 	.db #0x42	; 66	'B'
   057F 61                 1452 	.db #0x61	; 97	'a'
   0580 52                 1453 	.db #0x52	; 82	'R'
   0581 11                 1454 	.db #0x11	; 17
   0582 03                 1455 	.db #0x03	; 3
   0583 32                 1456 	.db #0x32	; 50	'2'
   0584 31                 1457 	.db #0x31	; 49	'1'
   0585 09                 1458 	.db #0x09	; 9
   0586 11                 1459 	.db #0x11	; 17
   0587 42                 1460 	.db #0x42	; 66	'B'
   0588 01                 1461 	.db #0x01	; 1
   0589 13                 1462 	.db #0x13	; 19
   058A 22                 1463 	.db #0x22	; 34
   058B 01                 1464 	.db #0x01	; 1
   058C 52                 1465 	.db #0x52	; 82	'R'
   058D 11                 1466 	.db #0x11	; 17
   058E 03                 1467 	.db #0x03	; 3
   058F 32                 1468 	.db #0x32	; 50	'2'
   0590 01                 1469 	.db #0x01	; 1
   0591 13                 1470 	.db #0x13	; 19
   0592 22                 1471 	.db #0x22	; 34
   0593 01                 1472 	.db #0x01	; 1
   0594 42                 1473 	.db #0x42	; 66	'B'
   0595 01                 1474 	.db #0x01	; 1
   0596 03                 1475 	.db #0x03	; 3
   0597 32                 1476 	.db #0x32	; 50	'2'
   0598 01                 1477 	.db #0x01	; 1
   0599 52                 1478 	.db #0x52	; 82	'R'
   059A 11                 1479 	.db #0x11	; 17
   059B 03                 1480 	.db #0x03	; 3
   059C 32                 1481 	.db #0x32	; 50	'2'
   059D 01                 1482 	.db #0x01	; 1
   059E 03                 1483 	.db #0x03	; 3
   059F 32                 1484 	.db #0x32	; 50	'2'
   05A0 01                 1485 	.db #0x01	; 1
   05A1 42                 1486 	.db #0x42	; 66	'B'
   05A2 01                 1487 	.db #0x01	; 1
   05A3 03                 1488 	.db #0x03	; 3
   05A4 32                 1489 	.db #0x32	; 50	'2'
   05A5 01                 1490 	.db #0x01	; 1
   05A6 03                 1491 	.db #0x03	; 3
   05A7 42                 1492 	.db #0x42	; 66	'B'
   05A8 11                 1493 	.db #0x11	; 17
   05A9 03                 1494 	.db #0x03	; 3
   05AA 32                 1495 	.db #0x32	; 50	'2'
   05AB 01                 1496 	.db #0x01	; 1
   05AC 03                 1497 	.db #0x03	; 3
   05AD 32                 1498 	.db #0x32	; 50	'2'
   05AE 01                 1499 	.db #0x01	; 1
   05AF 42                 1500 	.db #0x42	; 66	'B'
   05B0 01                 1501 	.db #0x01	; 1
   05B1 03                 1502 	.db #0x03	; 3
   05B2 32                 1503 	.db #0x32	; 50	'2'
   05B3 01                 1504 	.db #0x01	; 1
   05B4 03                 1505 	.db #0x03	; 3
   05B5 42                 1506 	.db #0x42	; 66	'B'
   05B6 11                 1507 	.db #0x11	; 17
   05B7 42                 1508 	.db #0x42	; 66	'B'
   05B8 01                 1509 	.db #0x01	; 1
   05B9 03                 1510 	.db #0x03	; 3
   05BA 32                 1511 	.db #0x32	; 50	'2'
   05BB 01                 1512 	.db #0x01	; 1
   05BC 42                 1513 	.db #0x42	; 66	'B'
   05BD 01                 1514 	.db #0x01	; 1
   05BE 03                 1515 	.db #0x03	; 3
   05BF 32                 1516 	.db #0x32	; 50	'2'
   05C0 01                 1517 	.db #0x01	; 1
   05C1 03                 1518 	.db #0x03	; 3
   05C2 42                 1519 	.db #0x42	; 66	'B'
   05C3 11                 1520 	.db #0x11	; 17
   05C4 32                 1521 	.db #0x32	; 50	'2'
   05C5 03                 1522 	.db #0x03	; 3
   05C6 01                 1523 	.db #0x01	; 1
   05C7 42                 1524 	.db #0x42	; 66	'B'
   05C8 01                 1525 	.db #0x01	; 1
   05C9 42                 1526 	.db #0x42	; 66	'B'
   05CA 01                 1527 	.db #0x01	; 1
   05CB 42                 1528 	.db #0x42	; 66	'B'
   05CC 01                 1529 	.db #0x01	; 1
   05CD 03                 1530 	.db #0x03	; 3
   05CE 42                 1531 	.db #0x42	; 66	'B'
   05CF 11                 1532 	.db #0x11	; 17
   05D0 22                 1533 	.db #0x22	; 34
   05D1 13                 1534 	.db #0x13	; 19
   05D2 01                 1535 	.db #0x01	; 1
   05D3 42                 1536 	.db #0x42	; 66	'B'
   05D4 01                 1537 	.db #0x01	; 1
   05D5 42                 1538 	.db #0x42	; 66	'B'
   05D6 01                 1539 	.db #0x01	; 1
   05D7 42                 1540 	.db #0x42	; 66	'B'
   05D8 01                 1541 	.db #0x01	; 1
   05D9 03                 1542 	.db #0x03	; 3
   05DA 42                 1543 	.db #0x42	; 66	'B'
   05DB 71                 1544 	.db #0x71	; 113	'q'
   05DC 32                 1545 	.db #0x32	; 50	'2'
   05DD 03                 1546 	.db #0x03	; 3
   05DE 61                 1547 	.db #0x61	; 97	'a'
   05DF 42                 1548 	.db #0x42	; 66	'B'
   05E0 01                 1549 	.db #0x01	; 1
   05E1 03                 1550 	.db #0x03	; 3
   05E2 42                 1551 	.db #0x42	; 66	'B'
   05E3 11                 1552 	.db #0x11	; 17
   05E4 23                 1553 	.db #0x23	; 35
   05E5 12                 1554 	.db #0x12	; 18
   05E6 01                 1555 	.db #0x01	; 1
   05E7 22                 1556 	.db #0x22	; 34
   05E8 13                 1557 	.db #0x13	; 19
   05E9 01                 1558 	.db #0x01	; 1
   05EA 13                 1559 	.db #0x13	; 19
   05EB 22                 1560 	.db #0x22	; 34
   05EC 01                 1561 	.db #0x01	; 1
   05ED 02                 1562 	.db #0x02	; 2
   05EE 09                 1563 	.db #0x09	; 9
   05EF 12                 1564 	.db #0x12	; 18
   05F0 03                 1565 	.db #0x03	; 3
   05F1 01                 1566 	.db #0x01	; 1
   05F2 52                 1567 	.db #0x52	; 82	'R'
   05F3 11                 1568 	.db #0x11	; 17
   05F4 03                 1569 	.db #0x03	; 3
   05F5 32                 1570 	.db #0x32	; 50	'2'
   05F6 61                 1571 	.db #0x61	; 97	'a'
   05F7 42                 1572 	.db #0x42	; 66	'B'
   05F8 01                 1573 	.db #0x01	; 1
   05F9 29                 1574 	.db #0x29	; 41
   05FA 21                 1575 	.db #0x21	; 33
   05FB 52                 1576 	.db #0x52	; 82	'R'
   05FC 11                 1577 	.db #0x11	; 17
   05FD 03                 1578 	.db #0x03	; 3
   05FE 32                 1579 	.db #0x32	; 50	'2'
   05FF 01                 1580 	.db #0x01	; 1
   0600 42                 1581 	.db #0x42	; 66	'B'
   0601 99                 1582 	.db #0x99	; 153
   0602 12                 1583 	.db #0x12	; 18
   0603 01                 1584 	.db #0x01	; 1
   0604 52                 1585 	.db #0x52	; 82	'R'
   0605 11                 1586 	.db #0x11	; 17
   0606 03                 1587 	.db #0x03	; 3
   0607 32                 1588 	.db #0x32	; 50	'2'
   0608 01                 1589 	.db #0x01	; 1
   0609 02                 1590 	.db #0x02	; 2
   060A 49                 1591 	.db #0x49	; 73	'I'
   060B 60                 1592 	.db #0x60	; 96
   060C 19                 1593 	.db #0x19	; 25
   060D 12                 1594 	.db #0x12	; 18
   060E 01                 1595 	.db #0x01	; 1
   060F 42                 1596 	.db #0x42	; 66	'B'
   0610 03                 1597 	.db #0x03	; 3
   0611 11                 1598 	.db #0x11	; 17
   0612 03                 1599 	.db #0x03	; 3
   0613 32                 1600 	.db #0x32	; 50	'2'
   0614 29                 1601 	.db #0x29	; 41
   0615 A0                 1602 	.db #0xA0	; 160
   0616 19                 1603 	.db #0x19	; 25
   0617 12                 1604 	.db #0x12	; 18
   0618 01                 1605 	.db #0x01	; 1
   0619 22                 1606 	.db #0x22	; 34
   061A 23                 1607 	.db #0x23	; 35
   061B 11                 1608 	.db #0x11	; 17
   061C 03                 1609 	.db #0x03	; 3
   061D 12                 1610 	.db #0x12	; 18
   061E 19                 1611 	.db #0x19	; 25
   061F D0                 1612 	.db #0xD0	; 208
   0620 19                 1613 	.db #0x19	; 25
   0621 12                 1614 	.db #0x12	; 18
   0622 81                 1615 	.db #0x81	; 129
   0623 12                 1616 	.db #0x12	; 18
   0624 19                 1617 	.db #0x19	; 25
   0625 E0                 1618 	.db #0xE0	; 224
   0626 19                 1619 	.db #0x19	; 25
   0627 12                 1620 	.db #0x12	; 18
   0628 01                 1621 	.db #0x01	; 1
   0629 33                 1622 	.db #0x33	; 51	'3'
   062A 12                 1623 	.db #0x12	; 18
   062B 11                 1624 	.db #0x11	; 17
   062C 12                 1625 	.db #0x12	; 18
   062D 09                 1626 	.db #0x09	; 9
   062E F0                 1627 	.db #0xF0	; 240
   062F 19                 1628 	.db #0x19	; 25
   0630 12                 1629 	.db #0x12	; 18
   0631 01                 1630 	.db #0x01	; 1
   0632 13                 1631 	.db #0x13	; 19
   0633 32                 1632 	.db #0x32	; 50	'2'
   0634 11                 1633 	.db #0x11	; 17
   0635 02                 1634 	.db #0x02	; 2
   0636 09                 1635 	.db #0x09	; 9
   0637 F0                 1636 	.db #0xF0	; 240
   0638 00                 1637 	.db #0x00	; 0
   0639 19                 1638 	.db #0x19	; 25
   063A 12                 1639 	.db #0x12	; 18
   063B 01                 1640 	.db #0x01	; 1
   063C 03                 1641 	.db #0x03	; 3
   063D 42                 1642 	.db #0x42	; 66	'B'
   063E 11                 1643 	.db #0x11	; 17
   063F 02                 1644 	.db #0x02	; 2
   0640 09                 1645 	.db #0x09	; 9
   0641 F0                 1646 	.db #0xF0	; 240
   0642 00                 1647 	.db #0x00	; 0
   0643 19                 1648 	.db #0x19	; 25
   0644 12                 1649 	.db #0x12	; 18
   0645 01                 1650 	.db #0x01	; 1
   0646 03                 1651 	.db #0x03	; 3
   0647 42                 1652 	.db #0x42	; 66	'B'
   0648 21                 1653 	.db #0x21	; 33
   0649 09                 1654 	.db #0x09	; 9
   064A F0                 1655 	.db #0xF0	; 240
   064B 00                 1656 	.db #0x00	; 0
   064C 19                 1657 	.db #0x19	; 25
   064D 12                 1658 	.db #0x12	; 18
   064E 01                 1659 	.db #0x01	; 1
   064F 03                 1660 	.db #0x03	; 3
   0650 42                 1661 	.db #0x42	; 66	'B'
   0651 11                 1662 	.db #0x11	; 17
   0652 03                 1663 	.db #0x03	; 3
   0653 09                 1664 	.db #0x09	; 9
   0654 F0                 1665 	.db #0xF0	; 240
   0655 00                 1666 	.db #0x00	; 0
   0656 19                 1667 	.db #0x19	; 25
   0657 02                 1668 	.db #0x02	; 2
   0658 03                 1669 	.db #0x03	; 3
   0659 01                 1670 	.db #0x01	; 1
   065A 03                 1671 	.db #0x03	; 3
   065B 42                 1672 	.db #0x42	; 66	'B'
   065C 11                 1673 	.db #0x11	; 17
   065D 03                 1674 	.db #0x03	; 3
   065E 02                 1675 	.db #0x02	; 2
   065F 09                 1676 	.db #0x09	; 9
   0660 F0                 1677 	.db #0xF0	; 240
   0661 19                 1678 	.db #0x19	; 25
   0662 13                 1679 	.db #0x13	; 19
   0663 01                 1680 	.db #0x01	; 1
   0664 03                 1681 	.db #0x03	; 3
   0665 42                 1682 	.db #0x42	; 66	'B'
   0666 11                 1683 	.db #0x11	; 17
   0667 03                 1684 	.db #0x03	; 3
   0668 02                 1685 	.db #0x02	; 2
   0669 19                 1686 	.db #0x19	; 25
   066A E0                 1687 	.db #0xE0	; 224
   066B 19                 1688 	.db #0x19	; 25
   066C 21                 1689 	.db #0x21	; 33
   066D 03                 1690 	.db #0x03	; 3
   066E 42                 1691 	.db #0x42	; 66	'B'
   066F 11                 1692 	.db #0x11	; 17
   0670 03                 1693 	.db #0x03	; 3
   0671 12                 1694 	.db #0x12	; 18
   0672 19                 1695 	.db #0x19	; 25
   0673 D0                 1696 	.db #0xD0	; 208
   0674 19                 1697 	.db #0x19	; 25
   0675 12                 1698 	.db #0x12	; 18
   0676 01                 1699 	.db #0x01	; 1
   0677 03                 1700 	.db #0x03	; 3
   0678 42                 1701 	.db #0x42	; 66	'B'
   0679 11                 1702 	.db #0x11	; 17
   067A 03                 1703 	.db #0x03	; 3
   067B 32                 1704 	.db #0x32	; 50	'2'
   067C 29                 1705 	.db #0x29	; 41
   067D A0                 1706 	.db #0xA0	; 160
   067E 19                 1707 	.db #0x19	; 25
   067F 12                 1708 	.db #0x12	; 18
   0680 01                 1709 	.db #0x01	; 1
   0681 03                 1710 	.db #0x03	; 3
   0682 42                 1711 	.db #0x42	; 66	'B'
   0683 11                 1712 	.db #0x11	; 17
   0684 03                 1713 	.db #0x03	; 3
   0685 32                 1714 	.db #0x32	; 50	'2'
   0686 01                 1715 	.db #0x01	; 1
   0687 02                 1716 	.db #0x02	; 2
   0688 49                 1717 	.db #0x49	; 73	'I'
   0689 60                 1718 	.db #0x60	; 96
   068A 19                 1719 	.db #0x19	; 25
   068B 12                 1720 	.db #0x12	; 18
   068C 01                 1721 	.db #0x01	; 1
   068D 03                 1722 	.db #0x03	; 3
   068E 42                 1723 	.db #0x42	; 66	'B'
   068F 11                 1724 	.db #0x11	; 17
   0690 03                 1725 	.db #0x03	; 3
   0691 32                 1726 	.db #0x32	; 50	'2'
   0692 01                 1727 	.db #0x01	; 1
   0693 42                 1728 	.db #0x42	; 66	'B'
   0694 99                 1729 	.db #0x99	; 153
   0695 12                 1730 	.db #0x12	; 18
   0696 01                 1731 	.db #0x01	; 1
   0697 52                 1732 	.db #0x52	; 82	'R'
   0698 11                 1733 	.db #0x11	; 17
   0699 42                 1734 	.db #0x42	; 66	'B'
   069A 01                 1735 	.db #0x01	; 1
   069B 42                 1736 	.db #0x42	; 66	'B'
   069C 01                 1737 	.db #0x01	; 1
   069D 42                 1738 	.db #0x42	; 66	'B'
   069E 01                 1739 	.db #0x01	; 1
   069F 29                 1740 	.db #0x29	; 41
   06A0 12                 1741 	.db #0x12	; 18
   06A1 01                 1742 	.db #0x01	; 1
   06A2 52                 1743 	.db #0x52	; 82	'R'
   06A3 11                 1744 	.db #0x11	; 17
   06A4 32                 1745 	.db #0x32	; 50	'2'
   06A5 03                 1746 	.db #0x03	; 3
   06A6 01                 1747 	.db #0x01	; 1
   06A7 42                 1748 	.db #0x42	; 66	'B'
   06A8 01                 1749 	.db #0x01	; 1
   06A9 42                 1750 	.db #0x42	; 66	'B'
   06AA 01                 1751 	.db #0x01	; 1
   06AB 02                 1752 	.db #0x02	; 2
   06AC 09                 1753 	.db #0x09	; 9
   06AD 22                 1754 	.db #0x22	; 34
   06AE 01                 1755 	.db #0x01	; 1
   06AF 52                 1756 	.db #0x52	; 82	'R'
   06B0 11                 1757 	.db #0x11	; 17
   06B1 22                 1758 	.db #0x22	; 34
   06B2 13                 1759 	.db #0x13	; 19
   06B3 01                 1760 	.db #0x01	; 1
   06B4 42                 1761 	.db #0x42	; 66	'B'
   06B5 61                 1762 	.db #0x61	; 97	'a'
   06B6 42                 1763 	.db #0x42	; 66	'B'
   06B7 01                 1764 	.db #0x01	; 1
   06B8 42                 1765 	.db #0x42	; 66	'B'
   06B9 03                 1766 	.db #0x03	; 3
   06BA 71                 1767 	.db #0x71	; 113	'q'
   06BB 42                 1768 	.db #0x42	; 66	'B'
   06BC 01                 1769 	.db #0x01	; 1
   06BD 13                 1770 	.db #0x13	; 19
   06BE 22                 1771 	.db #0x22	; 34
   06BF 01                 1772 	.db #0x01	; 1
   06C0 32                 1773 	.db #0x32	; 50	'2'
   06C1 03                 1774 	.db #0x03	; 3
   06C2 01                 1775 	.db #0x01	; 1
   06C3 22                 1776 	.db #0x22	; 34
   06C4 23                 1777 	.db #0x23	; 35
   06C5 11                 1778 	.db #0x11	; 17
   06C6 23                 1779 	.db #0x23	; 35
   06C7 12                 1780 	.db #0x12	; 18
   06C8 01                 1781 	.db #0x01	; 1
   06C9 42                 1782 	.db #0x42	; 66	'B'
   06CA 01                 1783 	.db #0x01	; 1
   06CB 03                 1784 	.db #0x03	; 3
   06CC 32                 1785 	.db #0x32	; 50	'2'
   06CD 01                 1786 	.db #0x01	; 1
   06CE 22                 1787 	.db #0x22	; 34
   06CF 13                 1788 	.db #0x13	; 19
   06D0 81                 1789 	.db #0x81	; 129
   06D1 03                 1790 	.db #0x03	; 3
   06D2 32                 1791 	.db #0x32	; 50	'2'
   06D3 01                 1792 	.db #0x01	; 1
   06D4 42                 1793 	.db #0x42	; 66	'B'
   06D5 01                 1794 	.db #0x01	; 1
   06D6 03                 1795 	.db #0x03	; 3
   06D7 32                 1796 	.db #0x32	; 50	'2'
   06D8 61                 1797 	.db #0x61	; 97	'a'
   06D9 23                 1798 	.db #0x23	; 35
   06DA 22                 1799 	.db #0x22	; 34
   06DB 11                 1800 	.db #0x11	; 17
   06DC 03                 1801 	.db #0x03	; 3
   06DD 32                 1802 	.db #0x32	; 50	'2'
   06DE 61                 1803 	.db #0x61	; 97	'a'
   06DF 03                 1804 	.db #0x03	; 3
   06E0 32                 1805 	.db #0x32	; 50	'2'
   06E1 01                 1806 	.db #0x01	; 1
   06E2 13                 1807 	.db #0x13	; 19
   06E3 22                 1808 	.db #0x22	; 34
   06E4 01                 1809 	.db #0x01	; 1
   06E5 13                 1810 	.db #0x13	; 19
   06E6 32                 1811 	.db #0x32	; 50	'2'
   06E7 11                 1812 	.db #0x11	; 17
   06E8 03                 1813 	.db #0x03	; 3
   06E9 32                 1814 	.db #0x32	; 50	'2'
   06EA 01                 1815 	.db #0x01	; 1
   06EB 13                 1816 	.db #0x13	; 19
   06EC 22                 1817 	.db #0x22	; 34
   06ED 01                 1818 	.db #0x01	; 1
   06EE 03                 1819 	.db #0x03	; 3
   06EF 32                 1820 	.db #0x32	; 50	'2'
   06F0 01                 1821 	.db #0x01	; 1
   06F1 03                 1822 	.db #0x03	; 3
   06F2 32                 1823 	.db #0x32	; 50	'2'
   06F3 01                 1824 	.db #0x01	; 1
   06F4 03                 1825 	.db #0x03	; 3
   06F5 42                 1826 	.db #0x42	; 66	'B'
   06F6 01                 1827 	.db #0x01	; 1
                           1828 	.area _INITIALIZER
                           1829 	.area _CABS (ABS)
