                              1 ;--------------------------------------------------------
                              2 ; File Created by SDCC : free open source ANSI-C Compiler
                              3 ; Version 3.5.5 #9498 (Linux)
                              4 ;--------------------------------------------------------
                              5 	.module level0_walls
                              6 	.optsdcc -mz80
                              7 	
                              8 ;--------------------------------------------------------
                              9 ; Public variables in this module
                             10 ;--------------------------------------------------------
                             11 	.globl _level0_walls
                             12 ;--------------------------------------------------------
                             13 ; special function registers
                             14 ;--------------------------------------------------------
                             15 ;--------------------------------------------------------
                             16 ; ram data
                             17 ;--------------------------------------------------------
                             18 	.area _DATA
                             19 ;--------------------------------------------------------
                             20 ; ram data
                             21 ;--------------------------------------------------------
                             22 	.area _INITIALIZED
                             23 ;--------------------------------------------------------
                             24 ; absolute external ram data
                             25 ;--------------------------------------------------------
                             26 	.area _DABS (ABS)
                             27 ;--------------------------------------------------------
                             28 ; global & static initialisations
                             29 ;--------------------------------------------------------
                             30 	.area _HOME
                             31 	.area _GSINIT
                             32 	.area _GSFINAL
                             33 	.area _GSINIT
                             34 ;--------------------------------------------------------
                             35 ; Home
                             36 ;--------------------------------------------------------
                             37 	.area _HOME
                             38 	.area _HOME
                             39 ;--------------------------------------------------------
                             40 ; code
                             41 ;--------------------------------------------------------
                             42 	.area _CODE
                             43 	.area _CODE
   0000                      44 _level0_walls:
   0000 05                   45 	.db #0x05	; 5
   0001 F1                   46 	.db #0xF1	; 241
   0002 D1                   47 	.db #0xD1	; 209
   0003 35                   48 	.db #0x35	; 53	'5'
   0004 0D                   49 	.db #0x0D	; 13
   0005 32                   50 	.db #0x32	; 50	'2'
   0006 25                   51 	.db #0x25	; 37
   0007 0D                   52 	.db #0x0D	; 13
   0008 05                   53 	.db #0x05	; 5
   0009 02                   54 	.db #0x02	; 2
   000A 0D                   55 	.db #0x0D	; 13
   000B 02                   56 	.db #0x02	; 2
   000C 05                   57 	.db #0x05	; 5
   000D 02                   58 	.db #0x02	; 2
   000E 05                   59 	.db #0x05	; 5
   000F 32                   60 	.db #0x32	; 50	'2'
   0010 1D                   61 	.db #0x1D	; 29
   0011 05                   62 	.db #0x05	; 5
   0012 12                   63 	.db #0x12	; 18
   0013 0D                   64 	.db #0x0D	; 13
   0014 25                   65 	.db #0x25	; 37
   0015 0D                   66 	.db #0x0D	; 13
   0016 F2                   67 	.db #0xF2	; 242
   0017 D2                   68 	.db #0xD2	; 210
   0018 05                   69 	.db #0x05	; 5
   0019 12                   70 	.db #0x12	; 18
   001A F1                   71 	.db #0xF1	; 241
   001B B1                   72 	.db #0xB1	; 177
   001C 02                   73 	.db #0x02	; 2
   001D 05                   74 	.db #0x05	; 5
   001E 12                   75 	.db #0x12	; 18
   001F F1                   76 	.db #0xF1	; 241
   0020 B1                   77 	.db #0xB1	; 177
   0021 0D                   78 	.db #0x0D	; 13
   0022 05                   79 	.db #0x05	; 5
   0023 F2                   80 	.db #0xF2	; 242
   0024 E2                   81 	.db #0xE2	; 226
   0025 05                   82 	.db #0x05	; 5
   0026 F2                   83 	.db #0xF2	; 242
   0027 F2                   84 	.db #0xF2	; 242
   0028 12                   85 	.db #0x12	; 18
   0029 F1                   86 	.db #0xF1	; 241
   002A B1                   87 	.db #0xB1	; 177
   002B 32                   88 	.db #0x32	; 50	'2'
   002C F1                   89 	.db #0xF1	; 241
   002D B1                   90 	.db #0xB1	; 177
   002E 02                   91 	.db #0x02	; 2
   002F 05                   92 	.db #0x05	; 5
   0030 F2                   93 	.db #0xF2	; 242
   0031 D2                   94 	.db #0xD2	; 210
   0032 0D                   95 	.db #0x0D	; 13
   0033 05                   96 	.db #0x05	; 5
   0034 F2                   97 	.db #0xF2	; 242
   0035 B2                   98 	.db #0xB2	; 178
   0036 0D                   99 	.db #0x0D	; 13
   0037 05                  100 	.db #0x05	; 5
   0038 02                  101 	.db #0x02	; 2
   0039 05                  102 	.db #0x05	; 5
   003A 12                  103 	.db #0x12	; 18
   003B F1                  104 	.db #0xF1	; 241
   003C B1                  105 	.db #0xB1	; 177
   003D 32                  106 	.db #0x32	; 50	'2'
   003E F1                  107 	.db #0xF1	; 241
   003F B1                  108 	.db #0xB1	; 177
   0040 F2                  109 	.db #0xF2	; 242
   0041 F2                  110 	.db #0xF2	; 242
   0042 F2                  111 	.db #0xF2	; 242
   0043 F2                  112 	.db #0xF2	; 242
   0044 32                  113 	.db #0x32	; 50	'2'
   0045 F1                  114 	.db #0xF1	; 241
   0046 B1                  115 	.db #0xB1	; 177
   0047 05                  116 	.db #0x05	; 5
   0048 22                  117 	.db #0x22	; 34
   0049 F1                  118 	.db #0xF1	; 241
   004A B1                  119 	.db #0xB1	; 177
   004B 0D                  120 	.db #0x0D	; 13
   004C F2                  121 	.db #0xF2	; 242
   004D C2                  122 	.db #0xC2	; 194
   004E 0D                  123 	.db #0x0D	; 13
   004F 05                  124 	.db #0x05	; 5
   0050 F2                  125 	.db #0xF2	; 242
   0051 F2                  126 	.db #0xF2	; 242
   0052 32                  127 	.db #0x32	; 50	'2'
   0053 F1                  128 	.db #0xF1	; 241
   0054 B1                  129 	.db #0xB1	; 177
   0055 32                  130 	.db #0x32	; 50	'2'
   0056 F1                  131 	.db #0xF1	; 241
   0057 B1                  132 	.db #0xB1	; 177
   0058 F2                  133 	.db #0xF2	; 242
   0059 F2                  134 	.db #0xF2	; 242
   005A 02                  135 	.db #0x02	; 2
   005B 05                  136 	.db #0x05	; 5
   005C F2                  137 	.db #0xF2	; 242
   005D E2                  138 	.db #0xE2	; 226
   005E 05                  139 	.db #0x05	; 5
   005F 12                  140 	.db #0x12	; 18
   0060 F1                  141 	.db #0xF1	; 241
   0061 B1                  142 	.db #0xB1	; 177
   0062 02                  143 	.db #0x02	; 2
   0063 05                  144 	.db #0x05	; 5
   0064 12                  145 	.db #0x12	; 18
   0065 F1                  146 	.db #0xF1	; 241
   0066 B1                  147 	.db #0xB1	; 177
   0067 02                  148 	.db #0x02	; 2
   0068 05                  149 	.db #0x05	; 5
   0069 F2                  150 	.db #0xF2	; 242
   006A E2                  151 	.db #0xE2	; 226
   006B 05                  152 	.db #0x05	; 5
   006C F2                  153 	.db #0xF2	; 242
   006D C2                  154 	.db #0xC2	; 194
   006E 0D                  155 	.db #0x0D	; 13
   006F 15                  156 	.db #0x15	; 21
   0070 E2                  157 	.db #0xE2	; 226
   0071 11                  158 	.db #0x11	; 17
   0072 05                  159 	.db #0x05	; 5
   0073 72                  160 	.db #0x72	; 114	'r'
   0074 1D                  161 	.db #0x1D	; 29
   0075 35                  162 	.db #0x35	; 53	'5'
   0076 D2                  163 	.db #0xD2	; 210
   0077 31                  164 	.db #0x31	; 49	'1'
   0078 0D                  165 	.db #0x0D	; 13
   0079 02                  166 	.db #0x02	; 2
   007A 0D                  167 	.db #0x0D	; 13
   007B 82                  168 	.db #0x82	; 130
   007C 15                  169 	.db #0x15	; 21
   007D F2                  170 	.db #0xF2	; 242
   007E E2                  171 	.db #0xE2	; 226
   007F 05                  172 	.db #0x05	; 5
   0080 12                  173 	.db #0x12	; 18
   0081 F1                  174 	.db #0xF1	; 241
   0082 B1                  175 	.db #0xB1	; 177
   0083 22                  176 	.db #0x22	; 34
   0084 F1                  177 	.db #0xF1	; 241
   0085 D1                  178 	.db #0xD1	; 209
   0086 02                  179 	.db #0x02	; 2
   0087 01                  180 	.db #0x01	; 1
   0088 49                  181 	.db #0x49	; 73	'I'
   0089 0B                  182 	.db #0x0B	; 11
   008A 19                  183 	.db #0x19	; 25
   008B 0B                  184 	.db #0x0B	; 11
   008C 01                  185 	.db #0x01	; 1
   008D 79                  186 	.db #0x79	; 121	'y'
   008E 0B                  187 	.db #0x0B	; 11
   008F 01                  188 	.db #0x01	; 1
   0090 79                  189 	.db #0x79	; 121	'y'
   0091 1B                  190 	.db #0x1B	; 27
   0092 11                  191 	.db #0x11	; 17
   0093 19                  192 	.db #0x19	; 25
   0094 2B                  193 	.db #0x2B	; 43
   0095 09                  194 	.db #0x09	; 9
   0096 2B                  195 	.db #0x2B	; 43
   0097 01                  196 	.db #0x01	; 1
   0098 19                  197 	.db #0x19	; 25
   0099 1B                  198 	.db #0x1B	; 27
   009A 09                  199 	.db #0x09	; 9
   009B 0B                  200 	.db #0x0B	; 11
   009C 09                  201 	.db #0x09	; 9
   009D 1B                  202 	.db #0x1B	; 27
   009E 01                  203 	.db #0x01	; 1
   009F 29                  204 	.db #0x29	; 41
   00A0 1B                  205 	.db #0x1B	; 27
   00A1 09                  206 	.db #0x09	; 9
   00A2 3B                  207 	.db #0x3B	; 59
   00A3 11                  208 	.db #0x11	; 17
   00A4 09                  209 	.db #0x09	; 9
   00A5 7B                  210 	.db #0x7B	; 123
   00A6 01                  211 	.db #0x01	; 1
   00A7 09                  212 	.db #0x09	; 9
   00A8 7B                  213 	.db #0x7B	; 123
   00A9 01                  214 	.db #0x01	; 1
   00AA 19                  215 	.db #0x19	; 25
   00AB 0B                  216 	.db #0x0B	; 11
   00AC 09                  217 	.db #0x09	; 9
   00AD 5B                  218 	.db #0x5B	; 91
   00AE 11                  219 	.db #0x11	; 17
   00AF 09                  220 	.db #0x09	; 9
   00B0 7B                  221 	.db #0x7B	; 123
   00B1 01                  222 	.db #0x01	; 1
   00B2 09                  223 	.db #0x09	; 9
   00B3 7B                  224 	.db #0x7B	; 123
   00B4 01                  225 	.db #0x01	; 1
   00B5 09                  226 	.db #0x09	; 9
   00B6 8B                  227 	.db #0x8B	; 139
   00B7 11                  228 	.db #0x11	; 17
   00B8 19                  229 	.db #0x19	; 25
   00B9 6B                  230 	.db #0x6B	; 107	'k'
   00BA 01                  231 	.db #0x01	; 1
   00BB 19                  232 	.db #0x19	; 25
   00BC 3B                  233 	.db #0x3B	; 59
   00BD 01                  234 	.db #0x01	; 1
   00BE 1B                  235 	.db #0x1B	; 27
   00BF 01                  236 	.db #0x01	; 1
   00C0 09                  237 	.db #0x09	; 9
   00C1 8B                  238 	.db #0x8B	; 139
   00C2 11                  239 	.db #0x11	; 17
   00C3 09                  240 	.db #0x09	; 9
   00C4 0B                  241 	.db #0x0B	; 11
   00C5 09                  242 	.db #0x09	; 9
   00C6 5B                  243 	.db #0x5B	; 91
   00C7 21                  244 	.db #0x21	; 33
   00C8 09                  245 	.db #0x09	; 9
   00C9 5B                  246 	.db #0x5B	; 91
   00CA 01                  247 	.db #0x01	; 1
   00CB 09                  248 	.db #0x09	; 9
   00CC 8B                  249 	.db #0x8B	; 139
   00CD 11                  250 	.db #0x11	; 17
   00CE 09                  251 	.db #0x09	; 9
   00CF 3B                  252 	.db #0x3B	; 59
   00D0 09                  253 	.db #0x09	; 9
   00D1 2B                  254 	.db #0x2B	; 43
   00D2 11                  255 	.db #0x11	; 17
   00D3 09                  256 	.db #0x09	; 9
   00D4 01                  257 	.db #0x01	; 1
   00D5 5B                  258 	.db #0x5B	; 91
   00D6 01                  259 	.db #0x01	; 1
   00D7 09                  260 	.db #0x09	; 9
   00D8 7B                  261 	.db #0x7B	; 123
   00D9 21                  262 	.db #0x21	; 33
   00DA 09                  263 	.db #0x09	; 9
   00DB 2B                  264 	.db #0x2B	; 43
   00DC 19                  265 	.db #0x19	; 25
   00DD 2B                  266 	.db #0x2B	; 43
   00DE 01                  267 	.db #0x01	; 1
   00DF 19                  268 	.db #0x19	; 25
   00E0 5B                  269 	.db #0x5B	; 91
   00E1 11                  270 	.db #0x11	; 17
   00E2 29                  271 	.db #0x29	; 41
   00E3 4B                  272 	.db #0x4B	; 75	'K'
   00E4 31                  273 	.db #0x31	; 49	'1'
   00E5 09                  274 	.db #0x09	; 9
   00E6 7B                  275 	.db #0x7B	; 123
   00E7 01                  276 	.db #0x01	; 1
   00E8 09                  277 	.db #0x09	; 9
   00E9 6B                  278 	.db #0x6B	; 107	'k'
   00EA 11                  279 	.db #0x11	; 17
   00EB 19                  280 	.db #0x19	; 25
   00EC 7B                  281 	.db #0x7B	; 123
   00ED 11                  282 	.db #0x11	; 17
   00EE 09                  283 	.db #0x09	; 9
   00EF 4B                  284 	.db #0x4B	; 75	'K'
   00F0 01                  285 	.db #0x01	; 1
   00F1 1B                  286 	.db #0x1B	; 27
   00F2 01                  287 	.db #0x01	; 1
   00F3 19                  288 	.db #0x19	; 25
   00F4 6B                  289 	.db #0x6B	; 107	'k'
   00F5 01                  290 	.db #0x01	; 1
   00F6 09                  291 	.db #0x09	; 9
   00F7 5B                  292 	.db #0x5B	; 91
   00F8 01                  293 	.db #0x01	; 1
   00F9 1B                  294 	.db #0x1B	; 27
   00FA 11                  295 	.db #0x11	; 17
   00FB 19                  296 	.db #0x19	; 25
   00FC 2B                  297 	.db #0x2B	; 43
   00FD 01                  298 	.db #0x01	; 1
   00FE 2B                  299 	.db #0x2B	; 43
   00FF 01                  300 	.db #0x01	; 1
   0100 29                  301 	.db #0x29	; 41
   0101 0B                  302 	.db #0x0B	; 11
   0102 01                  303 	.db #0x01	; 1
   0103 3B                  304 	.db #0x3B	; 59
   0104 01                  305 	.db #0x01	; 1
   0105 09                  306 	.db #0x09	; 9
   0106 3B                  307 	.db #0x3B	; 59
   0107 19                  308 	.db #0x19	; 25
   0108 2B                  309 	.db #0x2B	; 43
   0109 11                  310 	.db #0x11	; 17
   010A 29                  311 	.db #0x29	; 41
   010B 4B                  312 	.db #0x4B	; 75	'K'
   010C 11                  313 	.db #0x11	; 17
   010D 09                  314 	.db #0x09	; 9
   010E 1B                  315 	.db #0x1B	; 27
   010F 01                  316 	.db #0x01	; 1
   0110 4B                  317 	.db #0x4B	; 75	'K'
   0111 11                  318 	.db #0x11	; 17
   0112 09                  319 	.db #0x09	; 9
   0113 2B                  320 	.db #0x2B	; 43
   0114 09                  321 	.db #0x09	; 9
   0115 3B                  322 	.db #0x3B	; 59
   0116 11                  323 	.db #0x11	; 17
   0117 09                  324 	.db #0x09	; 9
   0118 6B                  325 	.db #0x6B	; 107	'k'
   0119 11                  326 	.db #0x11	; 17
   011A 09                  327 	.db #0x09	; 9
   011B 7B                  328 	.db #0x7B	; 123
   011C 01                  329 	.db #0x01	; 1
   011D 09                  330 	.db #0x09	; 9
   011E 01                  331 	.db #0x01	; 1
   011F 09                  332 	.db #0x09	; 9
   0120 6B                  333 	.db #0x6B	; 107	'k'
   0121 11                  334 	.db #0x11	; 17
   0122 09                  335 	.db #0x09	; 9
   0123 7B                  336 	.db #0x7B	; 123
   0124 01                  337 	.db #0x01	; 1
   0125 8B                  338 	.db #0x8B	; 139
   0126 01                  339 	.db #0x01	; 1
   0127 19                  340 	.db #0x19	; 25
   0128 7B                  341 	.db #0x7B	; 123
   0129 11                  342 	.db #0x11	; 17
   012A 09                  343 	.db #0x09	; 9
   012B 7B                  344 	.db #0x7B	; 123
   012C 11                  345 	.db #0x11	; 17
   012D 2B                  346 	.db #0x2B	; 43
   012E 01                  347 	.db #0x01	; 1
   012F 2B                  348 	.db #0x2B	; 43
   0130 11                  349 	.db #0x11	; 17
   0131 09                  350 	.db #0x09	; 9
   0132 8B                  351 	.db #0x8B	; 139
   0133 11                  352 	.db #0x11	; 17
   0134 4B                  353 	.db #0x4B	; 75	'K'
   0135 19                  354 	.db #0x19	; 25
   0136 1B                  355 	.db #0x1B	; 27
   0137 A1                  356 	.db #0xA1	; 161
   0138 09                  357 	.db #0x09	; 9
   0139 8B                  358 	.db #0x8B	; 139
   013A 11                  359 	.db #0x11	; 17
   013B 09                  360 	.db #0x09	; 9
   013C 3B                  361 	.db #0x3B	; 59
   013D 19                  362 	.db #0x19	; 25
   013E 1B                  363 	.db #0x1B	; 27
   013F 11                  364 	.db #0x11	; 17
   0140 19                  365 	.db #0x19	; 25
   0141 01                  366 	.db #0x01	; 1
   0142 29                  367 	.db #0x29	; 41
   0143 0B                  368 	.db #0x0B	; 11
   0144 11                  369 	.db #0x11	; 17
   0145 19                  370 	.db #0x19	; 25
   0146 6B                  371 	.db #0x6B	; 107	'k'
   0147 21                  372 	.db #0x21	; 33
   0148 09                  373 	.db #0x09	; 9
   0149 7B                  374 	.db #0x7B	; 123
   014A 01                  375 	.db #0x01	; 1
   014B 49                  376 	.db #0x49	; 73	'I'
   014C 0B                  377 	.db #0x0B	; 11
   014D 09                  378 	.db #0x09	; 9
   014E 1B                  379 	.db #0x1B	; 27
   014F 01                  380 	.db #0x01	; 1
   0150 09                  381 	.db #0x09	; 9
   0151 8B                  382 	.db #0x8B	; 139
   0152 11                  383 	.db #0x11	; 17
   0153 09                  384 	.db #0x09	; 9
   0154 0B                  385 	.db #0x0B	; 11
   0155 09                  386 	.db #0x09	; 9
   0156 5B                  387 	.db #0x5B	; 91
   0157 01                  388 	.db #0x01	; 1
   0158 09                  389 	.db #0x09	; 9
   0159 0B                  390 	.db #0x0B	; 11
   015A 09                  391 	.db #0x09	; 9
   015B 5B                  392 	.db #0x5B	; 91
   015C 01                  393 	.db #0x01	; 1
   015D 09                  394 	.db #0x09	; 9
   015E 7B                  395 	.db #0x7B	; 123
   015F 21                  396 	.db #0x21	; 33
   0160 19                  397 	.db #0x19	; 25
   0161 5B                  398 	.db #0x5B	; 91
   0162 11                  399 	.db #0x11	; 17
   0163 09                  400 	.db #0x09	; 9
   0164 6B                  401 	.db #0x6B	; 107	'k'
   0165 11                  402 	.db #0x11	; 17
   0166 09                  403 	.db #0x09	; 9
   0167 2B                  404 	.db #0x2B	; 43
   0168 01                  405 	.db #0x01	; 1
   0169 4B                  406 	.db #0x4B	; 75	'K'
   016A 11                  407 	.db #0x11	; 17
   016B 19                  408 	.db #0x19	; 25
   016C 4B                  409 	.db #0x4B	; 75	'K'
   016D 21                  410 	.db #0x21	; 33
   016E 19                  411 	.db #0x19	; 25
   016F 6B                  412 	.db #0x6B	; 107	'k'
   0170 01                  413 	.db #0x01	; 1
   0171 09                  414 	.db #0x09	; 9
   0172 1B                  415 	.db #0x1B	; 27
   0173 01                  416 	.db #0x01	; 1
   0174 5B                  417 	.db #0x5B	; 91
   0175 11                  418 	.db #0x11	; 17
   0176 09                  419 	.db #0x09	; 9
   0177 7B                  420 	.db #0x7B	; 123
   0178 01                  421 	.db #0x01	; 1
   0179 09                  422 	.db #0x09	; 9
   017A 7B                  423 	.db #0x7B	; 123
   017B 01                  424 	.db #0x01	; 1
   017C 19                  425 	.db #0x19	; 25
   017D 7B                  426 	.db #0x7B	; 123
   017E 11                  427 	.db #0x11	; 17
   017F 09                  428 	.db #0x09	; 9
   0180 7B                  429 	.db #0x7B	; 123
   0181 01                  430 	.db #0x01	; 1
   0182 09                  431 	.db #0x09	; 9
   0183 2B                  432 	.db #0x2B	; 43
   0184 01                  433 	.db #0x01	; 1
   0185 3B                  434 	.db #0x3B	; 59
   0186 01                  435 	.db #0x01	; 1
   0187 09                  436 	.db #0x09	; 9
   0188 8B                  437 	.db #0x8B	; 139
   0189 11                  438 	.db #0x11	; 17
   018A 8B                  439 	.db #0x8B	; 139
   018B 01                  440 	.db #0x01	; 1
   018C 19                  441 	.db #0x19	; 25
   018D 2B                  442 	.db #0x2B	; 43
   018E 01                  443 	.db #0x01	; 1
   018F 2B                  444 	.db #0x2B	; 43
   0190 01                  445 	.db #0x01	; 1
   0191 7B                  446 	.db #0x7B	; 123
   0192 31                  447 	.db #0x31	; 49	'1'
   0193 8B                  448 	.db #0x8B	; 139
   0194 11                  449 	.db #0x11	; 17
   0195 19                  450 	.db #0x19	; 25
   0196 5B                  451 	.db #0x5B	; 91
   0197 01                  452 	.db #0x01	; 1
   0198 4B                  453 	.db #0x4B	; 75	'K'
   0199 09                  454 	.db #0x09	; 9
   019A 3B                  455 	.db #0x3B	; 59
   019B 11                  456 	.db #0x11	; 17
   019C 3B                  457 	.db #0x3B	; 59
   019D 01                  458 	.db #0x01	; 1
   019E 0B                  459 	.db #0x0B	; 11
   019F 01                  460 	.db #0x01	; 1
   01A0 1B                  461 	.db #0x1B	; 27
   01A1 01                  462 	.db #0x01	; 1
   01A2 19                  463 	.db #0x19	; 25
   01A3 5B                  464 	.db #0x5B	; 91
   01A4 11                  465 	.db #0x11	; 17
   01A5 7B                  466 	.db #0x7B	; 123
   01A6 01                  467 	.db #0x01	; 1
   01A7 0B                  468 	.db #0x0B	; 11
   01A8 11                  469 	.db #0x11	; 17
   01A9 4B                  470 	.db #0x4B	; 75	'K'
   01AA 01                  471 	.db #0x01	; 1
   01AB 2B                  472 	.db #0x2B	; 43
   01AC 01                  473 	.db #0x01	; 1
   01AD 09                  474 	.db #0x09	; 9
   01AE 5B                  475 	.db #0x5B	; 91
   01AF 21                  476 	.db #0x21	; 33
   01B0 9B                  477 	.db #0x9B	; 155
   01B1 11                  478 	.db #0x11	; 17
   01B2 8B                  479 	.db #0x8B	; 139
   01B3 01                  480 	.db #0x01	; 1
   01B4 09                  481 	.db #0x09	; 9
   01B5 1B                  482 	.db #0x1B	; 27
   01B6 01                  483 	.db #0x01	; 1
   01B7 4B                  484 	.db #0x4B	; 75	'K'
   01B8 01                  485 	.db #0x01	; 1
   01B9 3B                  486 	.db #0x3B	; 59
   01BA 01                  487 	.db #0x01	; 1
   01BB 4B                  488 	.db #0x4B	; 75	'K'
   01BC 11                  489 	.db #0x11	; 17
   01BD 8B                  490 	.db #0x8B	; 139
   01BE 01                  491 	.db #0x01	; 1
   01BF 8B                  492 	.db #0x8B	; 139
   01C0 01                  493 	.db #0x01	; 1
   01C1 2B                  494 	.db #0x2B	; 43
   01C2 01                  495 	.db #0x01	; 1
   01C3 0B                  496 	.db #0x0B	; 11
   01C4 01                  497 	.db #0x01	; 1
   01C5 3B                  498 	.db #0x3B	; 59
   01C6 11                  499 	.db #0x11	; 17
   01C7 8B                  500 	.db #0x8B	; 139
   01C8 01                  501 	.db #0x01	; 1
   01C9 8B                  502 	.db #0x8B	; 139
   01CA 01                  503 	.db #0x01	; 1
   01CB 9B                  504 	.db #0x9B	; 155
   01CC 11                  505 	.db #0x11	; 17
   01CD 7B                  506 	.db #0x7B	; 123
   01CE 11                  507 	.db #0x11	; 17
   01CF 7B                  508 	.db #0x7B	; 123
   01D0 21                  509 	.db #0x21	; 33
   01D1 8B                  510 	.db #0x8B	; 139
   01D2 F1                  511 	.db #0xF1	; 241
   01D3 F1                  512 	.db #0xF1	; 241
   01D4 11                  513 	.db #0x11	; 17
   01D5 29                  514 	.db #0x29	; 41
   01D6 5B                  515 	.db #0x5B	; 91
   01D7 01                  516 	.db #0x01	; 1
   01D8 69                  517 	.db #0x69	; 105	'i'
   01D9 0B                  518 	.db #0x0B	; 11
   01DA 11                  519 	.db #0x11	; 17
   01DB 69                  520 	.db #0x69	; 105	'i'
   01DC 2B                  521 	.db #0x2B	; 43
   01DD 11                  522 	.db #0x11	; 17
   01DE 19                  523 	.db #0x19	; 25
   01DF 2B                  524 	.db #0x2B	; 43
   01E0 09                  525 	.db #0x09	; 9
   01E1 2B                  526 	.db #0x2B	; 43
   01E2 0D                  527 	.db #0x0D	; 13
   01E3 19                  528 	.db #0x19	; 25
   01E4 0B                  529 	.db #0x0B	; 11
   01E5 09                  530 	.db #0x09	; 9
   01E6 4B                  531 	.db #0x4B	; 75	'K'
   01E7 01                  532 	.db #0x01	; 1
   01E8 19                  533 	.db #0x19	; 25
   01E9 0B                  534 	.db #0x0B	; 11
   01EA 09                  535 	.db #0x09	; 9
   01EB 2B                  536 	.db #0x2B	; 43
   01EC 09                  537 	.db #0x09	; 9
   01ED 1B                  538 	.db #0x1B	; 27
   01EE 0D                  539 	.db #0x0D	; 13
   01EF 01                  540 	.db #0x01	; 1
   01F0 09                  541 	.db #0x09	; 9
   01F1 7B                  542 	.db #0x7B	; 123
   01F2 0D                  543 	.db #0x0D	; 13
   01F3 09                  544 	.db #0x09	; 9
   01F4 0B                  545 	.db #0x0B	; 11
   01F5 09                  546 	.db #0x09	; 9
   01F6 0B                  547 	.db #0x0B	; 11
   01F7 09                  548 	.db #0x09	; 9
   01F8 3B                  549 	.db #0x3B	; 59
   01F9 01                  550 	.db #0x01	; 1
   01FA 19                  551 	.db #0x19	; 25
   01FB 3B                  552 	.db #0x3B	; 59
   01FC 09                  553 	.db #0x09	; 9
   01FD 1B                  554 	.db #0x1B	; 27
   01FE 0D                  555 	.db #0x0D	; 13
   01FF 05                  556 	.db #0x05	; 5
   0200 01                  557 	.db #0x01	; 1
   0201 05                  558 	.db #0x05	; 5
   0202 7B                  559 	.db #0x7B	; 123
   0203 05                  560 	.db #0x05	; 5
   0204 1D                  561 	.db #0x1D	; 29
   0205 6B                  562 	.db #0x6B	; 107	'k'
   0206 0D                  563 	.db #0x0D	; 13
   0207 19                  564 	.db #0x19	; 25
   0208 7B                  565 	.db #0x7B	; 123
   0209 11                  566 	.db #0x11	; 17
   020A 0D                  567 	.db #0x0D	; 13
   020B 6B                  568 	.db #0x6B	; 107	'k'
   020C 0D                  569 	.db #0x0D	; 13
   020D 01                  570 	.db #0x01	; 1
   020E 0D                  571 	.db #0x0D	; 13
   020F 0B                  572 	.db #0x0B	; 11
   0210 1D                  573 	.db #0x1D	; 29
   0211 4B                  574 	.db #0x4B	; 75	'K'
   0212 05                  575 	.db #0x05	; 5
   0213 0D                  576 	.db #0x0D	; 13
   0214 8B                  577 	.db #0x8B	; 139
   0215 0D                  578 	.db #0x0D	; 13
   0216 01                  579 	.db #0x01	; 1
   0217 0D                  580 	.db #0x0D	; 13
   0218 0B                  581 	.db #0x0B	; 11
   0219 0D                  582 	.db #0x0D	; 13
   021A 4B                  583 	.db #0x4B	; 75	'K'
   021B 11                  584 	.db #0x11	; 17
   021C 09                  585 	.db #0x09	; 9
   021D 7B                  586 	.db #0x7B	; 123
   021E 0D                  587 	.db #0x0D	; 13
   021F 09                  588 	.db #0x09	; 9
   0220 8B                  589 	.db #0x8B	; 139
   0221 05                  590 	.db #0x05	; 5
   0222 01                  591 	.db #0x01	; 1
   0223 7B                  592 	.db #0x7B	; 123
   0224 11                  593 	.db #0x11	; 17
   0225 4B                  594 	.db #0x4B	; 75	'K'
   0226 01                  595 	.db #0x01	; 1
   0227 2B                  596 	.db #0x2B	; 43
   0228 01                  597 	.db #0x01	; 1
   0229 09                  598 	.db #0x09	; 9
   022A 8B                  599 	.db #0x8B	; 139
   022B 0D                  600 	.db #0x0D	; 13
   022C 01                  601 	.db #0x01	; 1
   022D 8B                  602 	.db #0x8B	; 139
   022E 0D                  603 	.db #0x0D	; 13
   022F 5B                  604 	.db #0x5B	; 91
   0230 01                  605 	.db #0x01	; 1
   0231 1B                  606 	.db #0x1B	; 27
   0232 01                  607 	.db #0x01	; 1
   0233 29                  608 	.db #0x29	; 41
   0234 3B                  609 	.db #0x3B	; 59
   0235 01                  610 	.db #0x01	; 1
   0236 1B                  611 	.db #0x1B	; 27
   0237 11                  612 	.db #0x11	; 17
   0238 09                  613 	.db #0x09	; 9
   0239 7B                  614 	.db #0x7B	; 123
   023A 0D                  615 	.db #0x0D	; 13
   023B 8B                  616 	.db #0x8B	; 139
   023C 01                  617 	.db #0x01	; 1
   023D 19                  618 	.db #0x19	; 25
   023E 7B                  619 	.db #0x7B	; 123
   023F 11                  620 	.db #0x11	; 17
   0240 09                  621 	.db #0x09	; 9
   0241 7B                  622 	.db #0x7B	; 123
   0242 0D                  623 	.db #0x0D	; 13
   0243 01                  624 	.db #0x01	; 1
   0244 0B                  625 	.db #0x0B	; 11
   0245 01                  626 	.db #0x01	; 1
   0246 5B                  627 	.db #0x5B	; 91
   0247 01                  628 	.db #0x01	; 1
   0248 09                  629 	.db #0x09	; 9
   0249 6B                  630 	.db #0x6B	; 107	'k'
   024A 2D                  631 	.db #0x2D	; 45
   024B 01                  632 	.db #0x01	; 1
   024C 19                  633 	.db #0x19	; 25
   024D 6B                  634 	.db #0x6B	; 107	'k'
   024E 05                  635 	.db #0x05	; 5
   024F 0D                  636 	.db #0x0D	; 13
   0250 01                  637 	.db #0x01	; 1
   0251 6B                  638 	.db #0x6B	; 107	'k'
   0252 01                  639 	.db #0x01	; 1
   0253 09                  640 	.db #0x09	; 9
   0254 8B                  641 	.db #0x8B	; 139
   0255 05                  642 	.db #0x05	; 5
   0256 01                  643 	.db #0x01	; 1
   0257 09                  644 	.db #0x09	; 9
   0258 2B                  645 	.db #0x2B	; 43
   0259 11                  646 	.db #0x11	; 17
   025A 1B                  647 	.db #0x1B	; 27
   025B 1D                  648 	.db #0x1D	; 29
   025C 8B                  649 	.db #0x8B	; 139
   025D 01                  650 	.db #0x01	; 1
   025E 09                  651 	.db #0x09	; 9
   025F 5B                  652 	.db #0x5B	; 91
   0260 09                  653 	.db #0x09	; 9
   0261 1B                  654 	.db #0x1B	; 27
   0262 11                  655 	.db #0x11	; 17
   0263 09                  656 	.db #0x09	; 9
   0264 7B                  657 	.db #0x7B	; 123
   0265 1D                  658 	.db #0x1D	; 29
   0266 7B                  659 	.db #0x7B	; 123
   0267 01                  660 	.db #0x01	; 1
   0268 09                  661 	.db #0x09	; 9
   0269 4B                  662 	.db #0x4B	; 75	'K'
   026A 09                  663 	.db #0x09	; 9
   026B 2B                  664 	.db #0x2B	; 43
   026C 11                  665 	.db #0x11	; 17
   026D 09                  666 	.db #0x09	; 9
   026E 3B                  667 	.db #0x3B	; 59
   026F 01                  668 	.db #0x01	; 1
   0270 2B                  669 	.db #0x2B	; 43
   0271 2D                  670 	.db #0x2D	; 45
   0272 6B                  671 	.db #0x6B	; 107	'k'
   0273 0D                  672 	.db #0x0D	; 13
   0274 0B                  673 	.db #0x0B	; 11
   0275 09                  674 	.db #0x09	; 9
   0276 7B                  675 	.db #0x7B	; 123
   0277 11                  676 	.db #0x11	; 17
   0278 09                  677 	.db #0x09	; 9
   0279 7B                  678 	.db #0x7B	; 123
   027A 05                  679 	.db #0x05	; 5
   027B 01                  680 	.db #0x01	; 1
   027C 0B                  681 	.db #0x0B	; 11
   027D 0D                  682 	.db #0x0D	; 13
   027E 4B                  683 	.db #0x4B	; 75	'K'
   027F 01                  684 	.db #0x01	; 1
   0280 0D                  685 	.db #0x0D	; 13
   0281 9B                  686 	.db #0x9B	; 155
   0282 05                  687 	.db #0x05	; 5
   0283 01                  688 	.db #0x01	; 1
   0284 09                  689 	.db #0x09	; 9
   0285 7B                  690 	.db #0x7B	; 123
   0286 05                  691 	.db #0x05	; 5
   0287 81                  692 	.db #0x81	; 129
   0288 0D                  693 	.db #0x0D	; 13
   0289 9B                  694 	.db #0x9B	; 155
   028A 05                  695 	.db #0x05	; 5
   028B 01                  696 	.db #0x01	; 1
   028C 09                  697 	.db #0x09	; 9
   028D 7B                  698 	.db #0x7B	; 123
   028E 11                  699 	.db #0x11	; 17
   028F 09                  700 	.db #0x09	; 9
   0290 0B                  701 	.db #0x0B	; 11
   0291 19                  702 	.db #0x19	; 25
   0292 2B                  703 	.db #0x2B	; 43
   0293 01                  704 	.db #0x01	; 1
   0294 05                  705 	.db #0x05	; 5
   0295 0D                  706 	.db #0x0D	; 13
   0296 6B                  707 	.db #0x6B	; 107	'k'
   0297 1D                  708 	.db #0x1D	; 29
   0298 05                  709 	.db #0x05	; 5
   0299 01                  710 	.db #0x01	; 1
   029A 09                  711 	.db #0x09	; 9
   029B 7B                  712 	.db #0x7B	; 123
   029C 01                  713 	.db #0x01	; 1
   029D 29                  714 	.db #0x29	; 41
   029E 5B                  715 	.db #0x5B	; 91
   029F 05                  716 	.db #0x05	; 5
   02A0 2D                  717 	.db #0x2D	; 45
   02A1 6B                  718 	.db #0x6B	; 107	'k'
   02A2 11                  719 	.db #0x11	; 17
   02A3 09                  720 	.db #0x09	; 9
   02A4 7B                  721 	.db #0x7B	; 123
   02A5 01                  722 	.db #0x01	; 1
   02A6 19                  723 	.db #0x19	; 25
   02A7 6B                  724 	.db #0x6B	; 107	'k'
   02A8 0D                  725 	.db #0x0D	; 13
   02A9 11                  726 	.db #0x11	; 17
   02AA 6B                  727 	.db #0x6B	; 107	'k'
   02AB 1D                  728 	.db #0x1D	; 29
   02AC 01                  729 	.db #0x01	; 1
   02AD 09                  730 	.db #0x09	; 9
   02AE 7B                  731 	.db #0x7B	; 123
   02AF 01                  732 	.db #0x01	; 1
   02B0 09                  733 	.db #0x09	; 9
   02B1 0B                  734 	.db #0x0B	; 11
   02B2 09                  735 	.db #0x09	; 9
   02B3 5B                  736 	.db #0x5B	; 91
   02B4 0D                  737 	.db #0x0D	; 13
   02B5 9B                  738 	.db #0x9B	; 155
   02B6 11                  739 	.db #0x11	; 17
   02B7 09                  740 	.db #0x09	; 9
   02B8 7B                  741 	.db #0x7B	; 123
   02B9 01                  742 	.db #0x01	; 1
   02BA 09                  743 	.db #0x09	; 9
   02BB 7B                  744 	.db #0x7B	; 123
   02BC 01                  745 	.db #0x01	; 1
   02BD 0D                  746 	.db #0x0D	; 13
   02BE 4B                  747 	.db #0x4B	; 75	'K'
   02BF 01                  748 	.db #0x01	; 1
   02C0 2B                  749 	.db #0x2B	; 43
   02C1 11                  750 	.db #0x11	; 17
   02C2 09                  751 	.db #0x09	; 9
   02C3 7B                  752 	.db #0x7B	; 123
   02C4 01                  753 	.db #0x01	; 1
   02C5 09                  754 	.db #0x09	; 9
   02C6 7B                  755 	.db #0x7B	; 123
   02C7 01                  756 	.db #0x01	; 1
   02C8 5B                  757 	.db #0x5B	; 91
   02C9 11                  758 	.db #0x11	; 17
   02CA 1B                  759 	.db #0x1B	; 27
   02CB 0D                  760 	.db #0x0D	; 13
   02CC 01                  761 	.db #0x01	; 1
   02CD 8B                  762 	.db #0x8B	; 139
   02CE 01                  763 	.db #0x01	; 1
   02CF 09                  764 	.db #0x09	; 9
   02D0 3B                  765 	.db #0x3B	; 59
   02D1 0D                  766 	.db #0x0D	; 13
   02D2 1B                  767 	.db #0x1B	; 27
   02D3 11                  768 	.db #0x11	; 17
   02D4 8B                  769 	.db #0x8B	; 139
   02D5 0D                  770 	.db #0x0D	; 13
   02D6 05                  771 	.db #0x05	; 5
   02D7 01                  772 	.db #0x01	; 1
   02D8 7B                  773 	.db #0x7B	; 123
   02D9 11                  774 	.db #0x11	; 17
   02DA 4B                  775 	.db #0x4B	; 75	'K'
   02DB 05                  776 	.db #0x05	; 5
   02DC 0D                  777 	.db #0x0D	; 13
   02DD 1B                  778 	.db #0x1B	; 27
   02DE 01                  779 	.db #0x01	; 1
   02DF 9B                  780 	.db #0x9B	; 155
   02E0 05                  781 	.db #0x05	; 5
   02E1 01                  782 	.db #0x01	; 1
   02E2 0D                  783 	.db #0x0D	; 13
   02E3 1B                  784 	.db #0x1B	; 27
   02E4 0D                  785 	.db #0x0D	; 13
   02E5 4B                  786 	.db #0x4B	; 75	'K'
   02E6 01                  787 	.db #0x01	; 1
   02E7 4B                  788 	.db #0x4B	; 75	'K'
   02E8 0D                  789 	.db #0x0D	; 13
   02E9 2B                  790 	.db #0x2B	; 43
   02EA 01                  791 	.db #0x01	; 1
   02EB 9B                  792 	.db #0x9B	; 155
   02EC 0D                  793 	.db #0x0D	; 13
   02ED 01                  794 	.db #0x01	; 1
   02EE 05                  795 	.db #0x05	; 5
   02EF 0D                  796 	.db #0x0D	; 13
   02F0 1B                  797 	.db #0x1B	; 27
   02F1 0D                  798 	.db #0x0D	; 13
   02F2 1B                  799 	.db #0x1B	; 27
   02F3 21                  800 	.db #0x21	; 33
   02F4 8B                  801 	.db #0x8B	; 139
   02F5 01                  802 	.db #0x01	; 1
   02F6 9B                  803 	.db #0x9B	; 155
   02F7 11                  804 	.db #0x11	; 17
   02F8 0D                  805 	.db #0x0D	; 13
   02F9 7B                  806 	.db #0x7B	; 123
   02FA 0D                  807 	.db #0x0D	; 13
   02FB 3B                  808 	.db #0x3B	; 59
   02FC 01                  809 	.db #0x01	; 1
   02FD 3B                  810 	.db #0x3B	; 59
   02FE 01                  811 	.db #0x01	; 1
   02FF 9B                  812 	.db #0x9B	; 155
   0300 11                  813 	.db #0x11	; 17
   0301 0D                  814 	.db #0x0D	; 13
   0302 7B                  815 	.db #0x7B	; 123
   0303 0D                  816 	.db #0x0D	; 13
   0304 0B                  817 	.db #0x0B	; 11
   0305 0D                  818 	.db #0x0D	; 13
   0306 4B                  819 	.db #0x4B	; 75	'K'
   0307 21                  820 	.db #0x21	; 33
   0308 9B                  821 	.db #0x9B	; 155
   0309 0D                  822 	.db #0x0D	; 13
   030A 01                  823 	.db #0x01	; 1
   030B 8B                  824 	.db #0x8B	; 139
   030C 05                  825 	.db #0x05	; 5
   030D 0D                  826 	.db #0x0D	; 13
   030E 7B                  827 	.db #0x7B	; 123
   030F 01                  828 	.db #0x01	; 1
   0310 0D                  829 	.db #0x0D	; 13
   0311 7B                  830 	.db #0x7B	; 123
   0312 0D                  831 	.db #0x0D	; 13
   0313 05                  832 	.db #0x05	; 5
   0314 01                  833 	.db #0x01	; 1
   0315 8B                  834 	.db #0x8B	; 139
   0316 0D                  835 	.db #0x0D	; 13
   0317 8B                  836 	.db #0x8B	; 139
   0318 01                  837 	.db #0x01	; 1
   0319 05                  838 	.db #0x05	; 5
   031A 0D                  839 	.db #0x0D	; 13
   031B 7B                  840 	.db #0x7B	; 123
   031C 0D                  841 	.db #0x0D	; 13
   031D 11                  842 	.db #0x11	; 17
   031E 7B                  843 	.db #0x7B	; 123
   031F 01                  844 	.db #0x01	; 1
   0320 8B                  845 	.db #0x8B	; 139
   0321 11                  846 	.db #0x11	; 17
   0322 05                  847 	.db #0x05	; 5
   0323 7B                  848 	.db #0x7B	; 123
   0324 F1                  849 	.db #0xF1	; 241
   0325 F1                  850 	.db #0xF1	; 241
   0326 11                  851 	.db #0x11	; 17
   0327 39                  852 	.db #0x39	; 57	'9'
   0328 4B                  853 	.db #0x4B	; 75	'K'
   0329 01                  854 	.db #0x01	; 1
   032A 19                  855 	.db #0x19	; 25
   032B 0B                  856 	.db #0x0B	; 11
   032C 09                  857 	.db #0x09	; 9
   032D 0B                  858 	.db #0x0B	; 11
   032E 09                  859 	.db #0x09	; 9
   032F 1B                  860 	.db #0x1B	; 27
   0330 11                  861 	.db #0x11	; 17
   0331 59                  862 	.db #0x59	; 89	'Y'
   0332 0B                  863 	.db #0x0B	; 11
   0333 09                  864 	.db #0x09	; 9
   0334 1B                  865 	.db #0x1B	; 27
   0335 11                  866 	.db #0x11	; 17
   0336 19                  867 	.db #0x19	; 25
   0337 2B                  868 	.db #0x2B	; 43
   0338 09                  869 	.db #0x09	; 9
   0339 2B                  870 	.db #0x2B	; 43
   033A 01                  871 	.db #0x01	; 1
   033B 09                  872 	.db #0x09	; 9
   033C 0B                  873 	.db #0x0B	; 11
   033D 09                  874 	.db #0x09	; 9
   033E 5B                  875 	.db #0x5B	; 91
   033F 01                  876 	.db #0x01	; 1
   0340 19                  877 	.db #0x19	; 25
   0341 1B                  878 	.db #0x1B	; 27
   0342 09                  879 	.db #0x09	; 9
   0343 0B                  880 	.db #0x0B	; 11
   0344 09                  881 	.db #0x09	; 9
   0345 2B                  882 	.db #0x2B	; 43
   0346 11                  883 	.db #0x11	; 17
   0347 09                  884 	.db #0x09	; 9
   0348 7B                  885 	.db #0x7B	; 123
   0349 01                  886 	.db #0x01	; 1
   034A 09                  887 	.db #0x09	; 9
   034B 7B                  888 	.db #0x7B	; 123
   034C 01                  889 	.db #0x01	; 1
   034D 09                  890 	.db #0x09	; 9
   034E 3B                  891 	.db #0x3B	; 59
   034F 09                  892 	.db #0x09	; 9
   0350 3B                  893 	.db #0x3B	; 59
   0351 01                  894 	.db #0x01	; 1
   0352 14                  895 	.db #0x14	; 20
   0353 4B                  896 	.db #0x4B	; 75	'K'
   0354 29                  897 	.db #0x29	; 41
   0355 01                  898 	.db #0x01	; 1
   0356 09                  899 	.db #0x09	; 9
   0357 5B                  900 	.db #0x5B	; 91
   0358 01                  901 	.db #0x01	; 1
   0359 0B                  902 	.db #0x0B	; 11
   035A 01                  903 	.db #0x01	; 1
   035B 09                  904 	.db #0x09	; 9
   035C 0B                  905 	.db #0x0B	; 11
   035D 09                  906 	.db #0x09	; 9
   035E 6B                  907 	.db #0x6B	; 107	'k'
   035F 01                  908 	.db #0x01	; 1
   0360 1E                  909 	.db #0x1E	; 30
   0361 24                  910 	.db #0x24	; 36
   0362 2D                  911 	.db #0x2D	; 45
   0363 74                  912 	.db #0x74	; 116	't'
   0364 1B                  913 	.db #0x1B	; 27
   0365 01                  914 	.db #0x01	; 1
   0366 0B                  915 	.db #0x0B	; 11
   0367 01                  916 	.db #0x01	; 1
   0368 09                  917 	.db #0x09	; 9
   0369 8B                  918 	.db #0x8B	; 139
   036A 01                  919 	.db #0x01	; 1
   036B 1E                  920 	.db #0x1E	; 30
   036C 04                  921 	.db #0x04	; 4
   036D 2E                  922 	.db #0x2E	; 46
   036E 05                  923 	.db #0x05	; 5
   036F 7E                  924 	.db #0x7E	; 126
   0370 14                  925 	.db #0x14	; 20
   0371 2B                  926 	.db #0x2B	; 43
   0372 01                  927 	.db #0x01	; 1
   0373 09                  928 	.db #0x09	; 9
   0374 0B                  929 	.db #0x0B	; 11
   0375 09                  930 	.db #0x09	; 9
   0376 5B                  931 	.db #0x5B	; 91
   0377 11                  932 	.db #0x11	; 17
   0378 8E                  933 	.db #0x8E	; 142
   0379 0D                  934 	.db #0x0D	; 13
   037A 5E                  935 	.db #0x5E	; 94
   037B 04                  936 	.db #0x04	; 4
   037C 2B                  937 	.db #0x2B	; 43
   037D 01                  938 	.db #0x01	; 1
   037E 09                  939 	.db #0x09	; 9
   037F 8B                  940 	.db #0x8B	; 139
   0380 01                  941 	.db #0x01	; 1
   0381 1E                  942 	.db #0x1E	; 30
   0382 7B                  943 	.db #0x7B	; 123
   0383 01                  944 	.db #0x01	; 1
   0384 19                  945 	.db #0x19	; 25
   0385 0B                  946 	.db #0x0B	; 11
   0386 1E                  947 	.db #0x1E	; 30
   0387 04                  948 	.db #0x04	; 4
   0388 2B                  949 	.db #0x2B	; 43
   0389 01                  950 	.db #0x01	; 1
   038A 09                  951 	.db #0x09	; 9
   038B 4B                  952 	.db #0x4B	; 75	'K'
   038C 01                  953 	.db #0x01	; 1
   038D 2B                  954 	.db #0x2B	; 43
   038E 11                  955 	.db #0x11	; 17
   038F 8B                  956 	.db #0x8B	; 139
   0390 01                  957 	.db #0x01	; 1
   0391 09                  958 	.db #0x09	; 9
   0392 1B                  959 	.db #0x1B	; 27
   0393 0D                  960 	.db #0x0D	; 13
   0394 0E                  961 	.db #0x0E	; 14
   0395 04                  962 	.db #0x04	; 4
   0396 2B                  963 	.db #0x2B	; 43
   0397 01                  964 	.db #0x01	; 1
   0398 4B                  965 	.db #0x4B	; 75	'K'
   0399 11                  966 	.db #0x11	; 17
   039A 2B                  967 	.db #0x2B	; 43
   039B 11                  968 	.db #0x11	; 17
   039C 8B                  969 	.db #0x8B	; 139
   039D 01                  970 	.db #0x01	; 1
   039E 2B                  971 	.db #0x2B	; 43
   039F 0E                  972 	.db #0x0E	; 14
   03A0 05                  973 	.db #0x05	; 5
   03A1 04                  974 	.db #0x04	; 4
   03A2 2B                  975 	.db #0x2B	; 43
   03A3 01                  976 	.db #0x01	; 1
   03A4 9B                  977 	.db #0x9B	; 155
   03A5 11                  978 	.db #0x11	; 17
   03A6 09                  979 	.db #0x09	; 9
   03A7 3B                  980 	.db #0x3B	; 59
   03A8 09                  981 	.db #0x09	; 9
   03A9 1B                  982 	.db #0x1B	; 27
   03AA 11                  983 	.db #0x11	; 17
   03AB 2B                  984 	.db #0x2B	; 43
   03AC 1E                  985 	.db #0x1E	; 30
   03AD 04                  986 	.db #0x04	; 4
   03AE 2B                  987 	.db #0x2B	; 43
   03AF 01                  988 	.db #0x01	; 1
   03B0 8B                  989 	.db #0x8B	; 139
   03B1 14                  990 	.db #0x14	; 20
   03B2 01                  991 	.db #0x01	; 1
   03B3 09                  992 	.db #0x09	; 9
   03B4 2B                  993 	.db #0x2B	; 43
   03B5 19                  994 	.db #0x19	; 25
   03B6 0B                  995 	.db #0x0B	; 11
   03B7 21                  996 	.db #0x21	; 33
   03B8 2B                  997 	.db #0x2B	; 43
   03B9 1E                  998 	.db #0x1E	; 30
   03BA D4                  999 	.db #0xD4	; 212
   03BB 0E                 1000 	.db #0x0E	; 14
   03BC 0D                 1001 	.db #0x0D	; 13
   03BD 01                 1002 	.db #0x01	; 1
   03BE 09                 1003 	.db #0x09	; 9
   03BF 3B                 1004 	.db #0x3B	; 59
   03C0 09                 1005 	.db #0x09	; 9
   03C1 2B                 1006 	.db #0x2B	; 43
   03C2 01                 1007 	.db #0x01	; 1
   03C3 2B                 1008 	.db #0x2B	; 43
   03C4 04                 1009 	.db #0x04	; 4
   03C5 EE                 1010 	.db #0xEE	; 238
   03C6 0D                 1011 	.db #0x0D	; 13
   03C7 05                 1012 	.db #0x05	; 5
   03C8 01                 1013 	.db #0x01	; 1
   03C9 09                 1014 	.db #0x09	; 9
   03CA 7B                 1015 	.db #0x7B	; 123
   03CB 01                 1016 	.db #0x01	; 1
   03CC 3B                 1017 	.db #0x3B	; 59
   03CD 04                 1018 	.db #0x04	; 4
   03CE FE                 1019 	.db #0xFE	; 254
   03CF 01                 1020 	.db #0x01	; 1
   03D0 8B                 1021 	.db #0x8B	; 139
   03D1 11                 1022 	.db #0x11	; 17
   03D2 5B                 1023 	.db #0x5B	; 91
   03D3 2E                 1024 	.db #0x2E	; 46
   03D4 19                 1025 	.db #0x19	; 25
   03D5 6B                 1026 	.db #0x6B	; 107	'k'
   03D6 1E                 1027 	.db #0x1E	; 30
   03D7 01                 1028 	.db #0x01	; 1
   03D8 0B                 1029 	.db #0x0B	; 11
   03D9 09                 1030 	.db #0x09	; 9
   03DA 6B                 1031 	.db #0x6B	; 107	'k'
   03DB 71                 1032 	.db #0x71	; 113	'q'
   03DC 1E                 1033 	.db #0x1E	; 30
   03DD 04                 1034 	.db #0x04	; 4
   03DE 09                 1035 	.db #0x09	; 9
   03DF 8B                 1036 	.db #0x8B	; 139
   03E0 11                 1037 	.db #0x11	; 17
   03E1 09                 1038 	.db #0x09	; 9
   03E2 7B                 1039 	.db #0x7B	; 123
   03E3 11                 1040 	.db #0x11	; 17
   03E4 5B                 1041 	.db #0x5B	; 91
   03E5 0E                 1042 	.db #0x0E	; 14
   03E6 05                 1043 	.db #0x05	; 5
   03E7 04                 1044 	.db #0x04	; 4
   03E8 0B                 1045 	.db #0x0B	; 11
   03E9 09                 1046 	.db #0x09	; 9
   03EA 7B                 1047 	.db #0x7B	; 123
   03EB 11                 1048 	.db #0x11	; 17
   03EC 09                 1049 	.db #0x09	; 9
   03ED 7B                 1050 	.db #0x7B	; 123
   03EE 01                 1051 	.db #0x01	; 1
   03EF 6B                 1052 	.db #0x6B	; 107	'k'
   03F0 0E                 1053 	.db #0x0E	; 14
   03F1 05                 1054 	.db #0x05	; 5
   03F2 0D                 1055 	.db #0x0D	; 13
   03F3 9B                 1056 	.db #0x9B	; 155
   03F4 11                 1057 	.db #0x11	; 17
   03F5 09                 1058 	.db #0x09	; 9
   03F6 5B                 1059 	.db #0x5B	; 91
   03F7 09                 1060 	.db #0x09	; 9
   03F8 74                 1061 	.db #0x74	; 116	't'
   03F9 2E                 1062 	.db #0x2E	; 46
   03FA 0D                 1063 	.db #0x0D	; 13
   03FB 0B                 1064 	.db #0x0B	; 11
   03FC 0D                 1065 	.db #0x0D	; 13
   03FD 2B                 1066 	.db #0x2B	; 43
   03FE 01                 1067 	.db #0x01	; 1
   03FF 3B                 1068 	.db #0x3B	; 59
   0400 11                 1069 	.db #0x11	; 17
   0401 6B                 1070 	.db #0x6B	; 107	'k'
   0402 14                 1071 	.db #0x14	; 20
   0403 9E                 1072 	.db #0x9E	; 158
   0404 04                 1073 	.db #0x04	; 4
   0405 4B                 1074 	.db #0x4B	; 75	'K'
   0406 01                 1075 	.db #0x01	; 1
   0407 3B                 1076 	.db #0x3B	; 59
   0408 01                 1077 	.db #0x01	; 1
   0409 14                 1078 	.db #0x14	; 20
   040A 2B                 1079 	.db #0x2B	; 43
   040B 29                 1080 	.db #0x29	; 41
   040C 04                 1081 	.db #0x04	; 4
   040D AE                 1082 	.db #0xAE	; 174
   040E 04                 1083 	.db #0x04	; 4
   040F 3B                 1084 	.db #0x3B	; 59
   0410 01                 1085 	.db #0x01	; 1
   0411 4B                 1086 	.db #0x4B	; 75	'K'
   0412 01                 1087 	.db #0x01	; 1
   0413 1E                 1088 	.db #0x1E	; 30
   0414 64                 1089 	.db #0x64	; 100	'd'
   0415 05                 1090 	.db #0x05	; 5
   0416 0D                 1091 	.db #0x0D	; 13
   0417 19                 1092 	.db #0x19	; 25
   0418 4B                 1093 	.db #0x4B	; 75	'K'
   0419 1E                 1094 	.db #0x1E	; 30
   041A 04                 1095 	.db #0x04	; 4
   041B 9B                 1096 	.db #0x9B	; 155
   041C 01                 1097 	.db #0x01	; 1
   041D 9E                 1098 	.db #0x9E	; 158
   041E 0D                 1099 	.db #0x0D	; 13
   041F 09                 1100 	.db #0x09	; 9
   0420 5B                 1101 	.db #0x5B	; 91
   0421 1E                 1102 	.db #0x1E	; 30
   0422 04                 1103 	.db #0x04	; 4
   0423 9B                 1104 	.db #0x9B	; 155
   0424 01                 1105 	.db #0x01	; 1
   0425 1E                 1106 	.db #0x1E	; 30
   0426 0D                 1107 	.db #0x0D	; 13
   0427 5E                 1108 	.db #0x5E	; 94
   0428 0B                 1109 	.db #0x0B	; 11
   0429 01                 1110 	.db #0x01	; 1
   042A 09                 1111 	.db #0x09	; 9
   042B 0B                 1112 	.db #0x0B	; 11
   042C 09                 1113 	.db #0x09	; 9
   042D 3B                 1114 	.db #0x3B	; 59
   042E 1E                 1115 	.db #0x1E	; 30
   042F 04                 1116 	.db #0x04	; 4
   0430 6B                 1117 	.db #0x6B	; 107	'k'
   0431 01                 1118 	.db #0x01	; 1
   0432 1B                 1119 	.db #0x1B	; 27
   0433 0D                 1120 	.db #0x0D	; 13
   0434 05                 1121 	.db #0x05	; 5
   0435 0D                 1122 	.db #0x0D	; 13
   0436 7B                 1123 	.db #0x7B	; 123
   0437 01                 1124 	.db #0x01	; 1
   0438 09                 1125 	.db #0x09	; 9
   0439 4B                 1126 	.db #0x4B	; 75	'K'
   043A 3E                 1127 	.db #0x3E	; 62
   043B 04                 1128 	.db #0x04	; 4
   043C 8B                 1129 	.db #0x8B	; 139
   043D 0D                 1130 	.db #0x0D	; 13
   043E 01                 1131 	.db #0x01	; 1
   043F 8B                 1132 	.db #0x8B	; 139
   0440 01                 1133 	.db #0x01	; 1
   0441 09                 1134 	.db #0x09	; 9
   0442 4B                 1135 	.db #0x4B	; 75	'K'
   0443 3E                 1136 	.db #0x3E	; 62
   0444 04                 1137 	.db #0x04	; 4
   0445 8B                 1138 	.db #0x8B	; 139
   0446 0D                 1139 	.db #0x0D	; 13
   0447 01                 1140 	.db #0x01	; 1
   0448 0B                 1141 	.db #0x0B	; 11
   0449 01                 1142 	.db #0x01	; 1
   044A 6B                 1143 	.db #0x6B	; 107	'k'
   044B 01                 1144 	.db #0x01	; 1
   044C 19                 1145 	.db #0x19	; 25
   044D 6B                 1146 	.db #0x6B	; 107	'k'
   044E 3D                 1147 	.db #0x3D	; 61
   044F 0B                 1148 	.db #0x0B	; 11
   0450 0D                 1149 	.db #0x0D	; 13
   0451 0B                 1150 	.db #0x0B	; 11
   0452 0D                 1151 	.db #0x0D	; 13
   0453 2B                 1152 	.db #0x2B	; 43
   0454 0D                 1153 	.db #0x0D	; 13
   0455 11                 1154 	.db #0x11	; 17
   0456 3B                 1155 	.db #0x3B	; 59
   0457 09                 1156 	.db #0x09	; 9
   0458 2B                 1157 	.db #0x2B	; 43
   0459 01                 1158 	.db #0x01	; 1
   045A 09                 1159 	.db #0x09	; 9
   045B 2B                 1160 	.db #0x2B	; 43
   045C 01                 1161 	.db #0x01	; 1
   045D 3B                 1162 	.db #0x3B	; 59
   045E 01                 1163 	.db #0x01	; 1
   045F 9B                 1164 	.db #0x9B	; 155
   0460 0D                 1165 	.db #0x0D	; 13
   0461 01                 1166 	.db #0x01	; 1
   0462 5B                 1167 	.db #0x5B	; 91
   0463 01                 1168 	.db #0x01	; 1
   0464 1B                 1169 	.db #0x1B	; 27
   0465 01                 1170 	.db #0x01	; 1
   0466 4B                 1171 	.db #0x4B	; 75	'K'
   0467 01                 1172 	.db #0x01	; 1
   0468 2B                 1173 	.db #0x2B	; 43
   0469 01                 1174 	.db #0x01	; 1
   046A 9B                 1175 	.db #0x9B	; 155
   046B 11                 1176 	.db #0x11	; 17
   046C 8B                 1177 	.db #0x8B	; 139
   046D 01                 1178 	.db #0x01	; 1
   046E 8B                 1179 	.db #0x8B	; 139
   046F 01                 1180 	.db #0x01	; 1
   0470 9B                 1181 	.db #0x9B	; 155
   0471 21                 1182 	.db #0x21	; 33
   0472 7B                 1183 	.db #0x7B	; 123
   0473 11                 1184 	.db #0x11	; 17
   0474 7B                 1185 	.db #0x7B	; 123
   0475 01                 1186 	.db #0x01	; 1
   0476 8B                 1187 	.db #0x8B	; 139
   0477 F1                 1188 	.db #0xF1	; 241
   0478 F1                 1189 	.db #0xF1	; 241
   0479 21                 1190 	.db #0x21	; 33
   047A 59                 1191 	.db #0x59	; 89	'Y'
   047B 2B                 1192 	.db #0x2B	; 43
   047C 11                 1193 	.db #0x11	; 17
   047D 09                 1194 	.db #0x09	; 9
   047E 0B                 1195 	.db #0x0B	; 11
   047F 29                 1196 	.db #0x29	; 41
   0480 2B                 1197 	.db #0x2B	; 43
   0481 01                 1198 	.db #0x01	; 1
   0482 49                 1199 	.db #0x49	; 73	'I'
   0483 0B                 1200 	.db #0x0B	; 11
   0484 09                 1201 	.db #0x09	; 9
   0485 2B                 1202 	.db #0x2B	; 43
   0486 11                 1203 	.db #0x11	; 17
   0487 19                 1204 	.db #0x19	; 25
   0488 3B                 1205 	.db #0x3B	; 59
   0489 09                 1206 	.db #0x09	; 9
   048A 1B                 1207 	.db #0x1B	; 27
   048B 01                 1208 	.db #0x01	; 1
   048C 09                 1209 	.db #0x09	; 9
   048D 7B                 1210 	.db #0x7B	; 123
   048E 01                 1211 	.db #0x01	; 1
   048F 19                 1212 	.db #0x19	; 25
   0490 2B                 1213 	.db #0x2B	; 43
   0491 09                 1214 	.db #0x09	; 9
   0492 3B                 1215 	.db #0x3B	; 59
   0493 11                 1216 	.db #0x11	; 17
   0494 09                 1217 	.db #0x09	; 9
   0495 7B                 1218 	.db #0x7B	; 123
   0496 01                 1219 	.db #0x01	; 1
   0497 29                 1220 	.db #0x29	; 41
   0498 5B                 1221 	.db #0x5B	; 91
   0499 01                 1222 	.db #0x01	; 1
   049A 09                 1223 	.db #0x09	; 9
   049B 0B                 1224 	.db #0x0B	; 11
   049C 09                 1225 	.db #0x09	; 9
   049D 6B                 1226 	.db #0x6B	; 107	'k'
   049E 11                 1227 	.db #0x11	; 17
   049F 09                 1228 	.db #0x09	; 9
   04A0 1B                 1229 	.db #0x1B	; 27
   04A1 19                 1230 	.db #0x19	; 25
   04A2 3B                 1231 	.db #0x3B	; 59
   04A3 01                 1232 	.db #0x01	; 1
   04A4 19                 1233 	.db #0x19	; 25
   04A5 2B                 1234 	.db #0x2B	; 43
   04A6 09                 1235 	.db #0x09	; 9
   04A7 2B                 1236 	.db #0x2B	; 43
   04A8 01                 1237 	.db #0x01	; 1
   04A9 09                 1238 	.db #0x09	; 9
   04AA 8B                 1239 	.db #0x8B	; 139
   04AB 05                 1240 	.db #0x05	; 5
   04AC 01                 1241 	.db #0x01	; 1
   04AD 09                 1242 	.db #0x09	; 9
   04AE 2B                 1243 	.db #0x2B	; 43
   04AF 09                 1244 	.db #0x09	; 9
   04B0 3B                 1245 	.db #0x3B	; 59
   04B1 01                 1246 	.db #0x01	; 1
   04B2 09                 1247 	.db #0x09	; 9
   04B3 7B                 1248 	.db #0x7B	; 123
   04B4 01                 1249 	.db #0x01	; 1
   04B5 8B                 1250 	.db #0x8B	; 139
   04B6 0D                 1251 	.db #0x0D	; 13
   04B7 05                 1252 	.db #0x05	; 5
   04B8 01                 1253 	.db #0x01	; 1
   04B9 09                 1254 	.db #0x09	; 9
   04BA 7B                 1255 	.db #0x7B	; 123
   04BB 01                 1256 	.db #0x01	; 1
   04BC 09                 1257 	.db #0x09	; 9
   04BD 1B                 1258 	.db #0x1B	; 27
   04BE 32                 1259 	.db #0x32	; 50	'2'
   04BF 1B                 1260 	.db #0x1B	; 27
   04C0 01                 1261 	.db #0x01	; 1
   04C1 5B                 1262 	.db #0x5B	; 91
   04C2 01                 1263 	.db #0x01	; 1
   04C3 2B                 1264 	.db #0x2B	; 43
   04C4 11                 1265 	.db #0x11	; 17
   04C5 29                 1266 	.db #0x29	; 41
   04C6 5B                 1267 	.db #0x5B	; 91
   04C7 01                 1268 	.db #0x01	; 1
   04C8 82                 1269 	.db #0x82	; 130
   04C9 01                 1270 	.db #0x01	; 1
   04CA 4B                 1271 	.db #0x4B	; 75	'K'
   04CB 11                 1272 	.db #0x11	; 17
   04CC 2B                 1273 	.db #0x2B	; 43
   04CD 11                 1274 	.db #0x11	; 17
   04CE 09                 1275 	.db #0x09	; 9
   04CF 6B                 1276 	.db #0x6B	; 107	'k'
   04D0 42                 1277 	.db #0x42	; 66	'B'
   04D1 0D                 1278 	.db #0x0D	; 13
   04D2 10                 1279 	.db #0x10	; 16
   04D3 42                 1280 	.db #0x42	; 66	'B'
   04D4 8B                 1281 	.db #0x8B	; 139
   04D5 05                 1282 	.db #0x05	; 5
   04D6 01                 1283 	.db #0x01	; 1
   04D7 0B                 1284 	.db #0x0B	; 11
   04D8 09                 1285 	.db #0x09	; 9
   04D9 2B                 1286 	.db #0x2B	; 43
   04DA 01                 1287 	.db #0x01	; 1
   04DB 0B                 1288 	.db #0x0B	; 11
   04DC 32                 1289 	.db #0x32	; 50	'2'
   04DD 60                 1290 	.db #0x60	; 96
   04DE 32                 1291 	.db #0x32	; 50	'2'
   04DF 4B                 1292 	.db #0x4B	; 75	'K'
   04E0 0D                 1293 	.db #0x0D	; 13
   04E1 0B                 1294 	.db #0x0B	; 11
   04E2 15                 1295 	.db #0x15	; 21
   04E3 01                 1296 	.db #0x01	; 1
   04E4 09                 1297 	.db #0x09	; 9
   04E5 4B                 1298 	.db #0x4B	; 75	'K'
   04E6 22                 1299 	.db #0x22	; 34
   04E7 B0                 1300 	.db #0xB0	; 176
   04E8 05                 1301 	.db #0x05	; 5
   04E9 02                 1302 	.db #0x02	; 2
   04EA 0D                 1303 	.db #0x0D	; 13
   04EB 3B                 1304 	.db #0x3B	; 59
   04EC 1D                 1305 	.db #0x1D	; 29
   04ED 05                 1306 	.db #0x05	; 5
   04EE 01                 1307 	.db #0x01	; 1
   04EF 09                 1308 	.db #0x09	; 9
   04F0 3B                 1309 	.db #0x3B	; 59
   04F1 F2                 1310 	.db #0xF2	; 242
   04F2 22                 1311 	.db #0x22	; 34
   04F3 5B                 1312 	.db #0x5B	; 91
   04F4 05                 1313 	.db #0x05	; 5
   04F5 01                 1314 	.db #0x01	; 1
   04F6 09                 1315 	.db #0x09	; 9
   04F7 3B                 1316 	.db #0x3B	; 59
   04F8 62                 1317 	.db #0x62	; 98	'b'
   04F9 05                 1318 	.db #0x05	; 5
   04FA 1D                 1319 	.db #0x1D	; 29
   04FB 12                 1320 	.db #0x12	; 18
   04FC 0D                 1321 	.db #0x0D	; 13
   04FD 52                 1322 	.db #0x52	; 82	'R'
   04FE 5B                 1323 	.db #0x5B	; 91
   04FF 11                 1324 	.db #0x11	; 17
   0500 19                 1325 	.db #0x19	; 25
   0501 1B                 1326 	.db #0x1B	; 27
   0502 22                 1327 	.db #0x22	; 34
   0503 E0                 1328 	.db #0xE0	; 224
   0504 05                 1329 	.db #0x05	; 5
   0505 0D                 1330 	.db #0x0D	; 13
   0506 02                 1331 	.db #0x02	; 2
   0507 3B                 1332 	.db #0x3B	; 59
   0508 21                 1333 	.db #0x21	; 33
   0509 29                 1334 	.db #0x29	; 41
   050A 0B                 1335 	.db #0x0B	; 11
   050B 12                 1336 	.db #0x12	; 18
   050C F0                 1337 	.db #0xF0	; 240
   050D 00                 1338 	.db #0x00	; 0
   050E 05                 1339 	.db #0x05	; 5
   050F 1D                 1340 	.db #0x1D	; 29
   0510 1B                 1341 	.db #0x1B	; 27
   0511 01                 1342 	.db #0x01	; 1
   0512 0B                 1343 	.db #0x0B	; 11
   0513 11                 1344 	.db #0x11	; 17
   0514 09                 1345 	.db #0x09	; 9
   0515 1B                 1346 	.db #0x1B	; 27
   0516 22                 1347 	.db #0x22	; 34
   0517 F0                 1348 	.db #0xF0	; 240
   0518 00                 1349 	.db #0x00	; 0
   0519 05                 1350 	.db #0x05	; 5
   051A 12                 1351 	.db #0x12	; 18
   051B 3B                 1352 	.db #0x3B	; 59
   051C 0D                 1353 	.db #0x0D	; 13
   051D 01                 1354 	.db #0x01	; 1
   051E 09                 1355 	.db #0x09	; 9
   051F 1B                 1356 	.db #0x1B	; 27
   0520 72                 1357 	.db #0x72	; 114	'r'
   0521 0D                 1358 	.db #0x0D	; 13
   0522 12                 1359 	.db #0x12	; 18
   0523 10                 1360 	.db #0x10	; 16
   0524 22                 1361 	.db #0x22	; 34
   0525 1D                 1362 	.db #0x1D	; 29
   0526 32                 1363 	.db #0x32	; 50	'2'
   0527 0D                 1364 	.db #0x0D	; 13
   0528 3B                 1365 	.db #0x3B	; 59
   0529 05                 1366 	.db #0x05	; 5
   052A 01                 1367 	.db #0x01	; 1
   052B 19                 1368 	.db #0x19	; 25
   052C 0B                 1369 	.db #0x0B	; 11
   052D D2                 1370 	.db #0xD2	; 210
   052E 05                 1371 	.db #0x05	; 5
   052F 0D                 1372 	.db #0x0D	; 13
   0530 62                 1373 	.db #0x62	; 98	'b'
   0531 3B                 1374 	.db #0x3B	; 59
   0532 0D                 1375 	.db #0x0D	; 13
   0533 01                 1376 	.db #0x01	; 1
   0534 09                 1377 	.db #0x09	; 9
   0535 1B                 1378 	.db #0x1B	; 27
   0536 22                 1379 	.db #0x22	; 34
   0537 05                 1380 	.db #0x05	; 5
   0538 F0                 1381 	.db #0xF0	; 240
   0539 22                 1382 	.db #0x22	; 34
   053A 3B                 1383 	.db #0x3B	; 59
   053B 11                 1384 	.db #0x11	; 17
   053C 09                 1385 	.db #0x09	; 9
   053D 2B                 1386 	.db #0x2B	; 43
   053E 12                 1387 	.db #0x12	; 18
   053F 2D                 1388 	.db #0x2D	; 45
   0540 00                 1389 	.db #0x00	; 0
   0541 0D                 1390 	.db #0x0D	; 13
   0542 B0                 1391 	.db #0xB0	; 176
   0543 05                 1392 	.db #0x05	; 5
   0544 0D                 1393 	.db #0x0D	; 13
   0545 3B                 1394 	.db #0x3B	; 59
   0546 21                 1395 	.db #0x21	; 33
   0547 3B                 1396 	.db #0x3B	; 59
   0548 22                 1397 	.db #0x22	; 34
   0549 05                 1398 	.db #0x05	; 5
   054A D0                 1399 	.db #0xD0	; 208
   054B 05                 1400 	.db #0x05	; 5
   054C 2D                 1401 	.db #0x2D	; 45
   054D 3B                 1402 	.db #0x3B	; 59
   054E 11                 1403 	.db #0x11	; 17
   054F 4B                 1404 	.db #0x4B	; 75	'K'
   0550 D2                 1405 	.db #0xD2	; 210
   0551 10                 1406 	.db #0x10	; 16
   0552 22                 1407 	.db #0x22	; 34
   0553 5B                 1408 	.db #0x5B	; 91
   0554 05                 1409 	.db #0x05	; 5
   0555 01                 1410 	.db #0x01	; 1
   0556 4B                 1411 	.db #0x4B	; 75	'K'
   0557 05                 1412 	.db #0x05	; 5
   0558 92                 1413 	.db #0x92	; 146
   0559 00                 1414 	.db #0x00	; 0
   055A 02                 1415 	.db #0x02	; 2
   055B 05                 1416 	.db #0x05	; 5
   055C 0D                 1417 	.db #0x0D	; 13
   055D 32                 1418 	.db #0x32	; 50	'2'
   055E 4B                 1419 	.db #0x4B	; 75	'K'
   055F 15                 1420 	.db #0x15	; 21
   0560 01                 1421 	.db #0x01	; 1
   0561 5B                 1422 	.db #0x5B	; 91
   0562 0D                 1423 	.db #0x0D	; 13
   0563 12                 1424 	.db #0x12	; 18
   0564 B0                 1425 	.db #0xB0	; 176
   0565 05                 1426 	.db #0x05	; 5
   0566 0D                 1427 	.db #0x0D	; 13
   0567 1B                 1428 	.db #0x1B	; 27
   0568 11                 1429 	.db #0x11	; 17
   0569 2B                 1430 	.db #0x2B	; 43
   056A 0D                 1431 	.db #0x0D	; 13
   056B 21                 1432 	.db #0x21	; 33
   056C 4B                 1433 	.db #0x4B	; 75	'K'
   056D 32                 1434 	.db #0x32	; 50	'2'
   056E 60                 1435 	.db #0x60	; 96
   056F 32                 1436 	.db #0x32	; 50	'2'
   0570 6B                 1437 	.db #0x6B	; 107	'k'
   0571 15                 1438 	.db #0x15	; 21
   0572 11                 1439 	.db #0x11	; 17
   0573 1B                 1440 	.db #0x1B	; 27
   0574 19                 1441 	.db #0x19	; 25
   0575 2B                 1442 	.db #0x2B	; 43
   0576 42                 1443 	.db #0x42	; 66	'B'
   0577 20                 1444 	.db #0x20	; 32
   0578 42                 1445 	.db #0x42	; 66	'B'
   0579 8B                 1446 	.db #0x8B	; 139
   057A 0D                 1447 	.db #0x0D	; 13
   057B 01                 1448 	.db #0x01	; 1
   057C 3B                 1449 	.db #0x3B	; 59
   057D 09                 1450 	.db #0x09	; 9
   057E 3B                 1451 	.db #0x3B	; 59
   057F 01                 1452 	.db #0x01	; 1
   0580 82                 1453 	.db #0x82	; 130
   0581 01                 1454 	.db #0x01	; 1
   0582 9B                 1455 	.db #0x9B	; 155
   0583 05                 1456 	.db #0x05	; 5
   0584 01                 1457 	.db #0x01	; 1
   0585 8B                 1458 	.db #0x8B	; 139
   0586 01                 1459 	.db #0x01	; 1
   0587 09                 1460 	.db #0x09	; 9
   0588 0B                 1461 	.db #0x0B	; 11
   0589 42                 1462 	.db #0x42	; 66	'B'
   058A 1B                 1463 	.db #0x1B	; 27
   058B 11                 1464 	.db #0x11	; 17
   058C 8B                 1465 	.db #0x8B	; 139
   058D 11                 1466 	.db #0x11	; 17
   058E 4B                 1467 	.db #0x4B	; 75	'K'
   058F 01                 1468 	.db #0x01	; 1
   0590 2B                 1469 	.db #0x2B	; 43
   0591 01                 1470 	.db #0x01	; 1
   0592 09                 1471 	.db #0x09	; 9
   0593 7B                 1472 	.db #0x7B	; 123
   0594 01                 1473 	.db #0x01	; 1
   0595 3B                 1474 	.db #0x3B	; 59
   0596 01                 1475 	.db #0x01	; 1
   0597 0B                 1476 	.db #0x0B	; 11
   0598 01                 1477 	.db #0x01	; 1
   0599 2B                 1478 	.db #0x2B	; 43
   059A 11                 1479 	.db #0x11	; 17
   059B 3B                 1480 	.db #0x3B	; 59
   059C 01                 1481 	.db #0x01	; 1
   059D 3B                 1482 	.db #0x3B	; 59
   059E 01                 1483 	.db #0x01	; 1
   059F 19                 1484 	.db #0x19	; 25
   05A0 6B                 1485 	.db #0x6B	; 107	'k'
   05A1 01                 1486 	.db #0x01	; 1
   05A2 4B                 1487 	.db #0x4B	; 75	'K'
   05A3 01                 1488 	.db #0x01	; 1
   05A4 3B                 1489 	.db #0x3B	; 59
   05A5 05                 1490 	.db #0x05	; 5
   05A6 01                 1491 	.db #0x01	; 1
   05A7 8B                 1492 	.db #0x8B	; 139
   05A8 01                 1493 	.db #0x01	; 1
   05A9 09                 1494 	.db #0x09	; 9
   05AA 2B                 1495 	.db #0x2B	; 43
   05AB 01                 1496 	.db #0x01	; 1
   05AC 1B                 1497 	.db #0x1B	; 27
   05AD 01                 1498 	.db #0x01	; 1
   05AE 0B                 1499 	.db #0x0B	; 11
   05AF 01                 1500 	.db #0x01	; 1
   05B0 9B                 1501 	.db #0x9B	; 155
   05B1 0D                 1502 	.db #0x0D	; 13
   05B2 11                 1503 	.db #0x11	; 17
   05B3 7B                 1504 	.db #0x7B	; 123
   05B4 01                 1505 	.db #0x01	; 1
   05B5 3B                 1506 	.db #0x3B	; 59
   05B6 01                 1507 	.db #0x01	; 1
   05B7 3B                 1508 	.db #0x3B	; 59
   05B8 01                 1509 	.db #0x01	; 1
   05B9 8B                 1510 	.db #0x8B	; 139
   05BA F1                 1511 	.db #0xF1	; 241
   05BB F1                 1512 	.db #0xF1	; 241
   05BC 11                 1513 	.db #0x11	; 17
                           1514 	.area _INITIALIZER
                           1515 	.area _CABS (ABS)
