                              1 ;--------------------------------------------------------
                              2 ; File Created by SDCC : free open source ANSI-C Compiler
                              3 ; Version 3.5.5 #9498 (Linux)
                              4 ;--------------------------------------------------------
                              5 	.module Item
                              6 	.optsdcc -mz80
                              7 	
                              8 ;--------------------------------------------------------
                              9 ; Public variables in this module
                             10 ;--------------------------------------------------------
                             11 	.globl _item_new_item
                             12 	.globl _ui_log_render
                             13 	.globl _ui_log_add_log
                             14 	.globl _level_get_level
                             15 	.globl _ui_playerstats_render_key
                             16 	.globl _ui_playerstats_render_scrolls
                             17 	.globl _ui_playerstats_render_potions
                             18 	.globl _ui_playerstats_render_defense
                             19 	.globl _ui_playerstats_render_attack
                             20 	.globl _ui_playerstats_render_hp
                             21 	.globl _cpct_getRandom_mxor_u16
                             22 	.globl _cpct_getRandom_mxor_u8
                             23 	.globl _cpct_memset
                             24 	.globl _itemArray
                             25 	.globl _item_spawnedKey
                             26 	.globl _activeItems
                             27 	.globl _item_get_at
                             28 	.globl _item_init_items
                             29 	.globl _item_try_new_spawn
                             30 	.globl _item_try_new_spawn_at
                             31 	.globl _item_pick_item
                             32 	.globl _item_destroy_item
                             33 	.globl _item_use_potion
                             34 	.globl _item_use_scroll
                             35 ;--------------------------------------------------------
                             36 ; special function registers
                             37 ;--------------------------------------------------------
                             38 ;--------------------------------------------------------
                             39 ; ram data
                             40 ;--------------------------------------------------------
                             41 	.area _DATA
   0000                      42 _activeItems::
   0000                      43 	.ds 1
   0001                      44 _item_spawnedKey::
   0001                      45 	.ds 1
   0002                      46 _itemArray::
   0002                      47 	.ds 35
                             48 ;--------------------------------------------------------
                             49 ; ram data
                             50 ;--------------------------------------------------------
                             51 	.area _INITIALIZED
                             52 ;--------------------------------------------------------
                             53 ; absolute external ram data
                             54 ;--------------------------------------------------------
                             55 	.area _DABS (ABS)
                             56 ;--------------------------------------------------------
                             57 ; global & static initialisations
                             58 ;--------------------------------------------------------
                             59 	.area _HOME
                             60 	.area _GSINIT
                             61 	.area _GSFINAL
                             62 	.area _GSINIT
                             63 ;--------------------------------------------------------
                             64 ; Home
                             65 ;--------------------------------------------------------
                             66 	.area _HOME
                             67 	.area _HOME
                             68 ;--------------------------------------------------------
                             69 ; code
                             70 ;--------------------------------------------------------
                             71 	.area _CODE
                             72 ;src/Item.c:25: Item* item_get_at(u8 index){
                             73 ;	---------------------------------
                             74 ; Function item_get_at
                             75 ; ---------------------------------
   0000                      76 _item_get_at::
   0000 DD E5         [15]   77 	push	ix
   0002 DD 21 00 00   [14]   78 	ld	ix,#0
   0006 DD 39         [15]   79 	add	ix,sp
                             80 ;src/Item.c:26: return (itemArray+index);
   0008 01r02r00      [10]   81 	ld	bc,#_itemArray+0
   000B DD 5E 04      [19]   82 	ld	e,4 (ix)
   000E 16 00         [ 7]   83 	ld	d,#0x00
   0010 6B            [ 4]   84 	ld	l, e
   0011 62            [ 4]   85 	ld	h, d
   0012 29            [11]   86 	add	hl, hl
   0013 29            [11]   87 	add	hl, hl
   0014 19            [11]   88 	add	hl, de
   0015 09            [11]   89 	add	hl,bc
   0016 DD E1         [14]   90 	pop	ix
   0018 C9            [10]   91 	ret
                             92 ;src/Item.c:29: void item_init_items(){
                             93 ;	---------------------------------
                             94 ; Function item_init_items
                             95 ; ---------------------------------
   0019                      96 _item_init_items::
                             97 ;src/Item.c:30: cpct_memset(itemArray, 0, ITEM_MAX_ITEMS*sizeof(Item));
   0019 21 23 00      [10]   98 	ld	hl,#0x0023
   001C E5            [11]   99 	push	hl
   001D AF            [ 4]  100 	xor	a, a
   001E F5            [11]  101 	push	af
   001F 33            [ 6]  102 	inc	sp
   0020 21r02r00      [10]  103 	ld	hl,#_itemArray
   0023 E5            [11]  104 	push	hl
   0024 CDr00r00      [17]  105 	call	_cpct_memset
                            106 ;src/Item.c:31: activeItems=0;
   0027 21r00r00      [10]  107 	ld	hl,#_activeItems + 0
   002A 36 00         [10]  108 	ld	(hl), #0x00
                            109 ;src/Item.c:32: item_spawnedKey=0;
   002C 21r01r00      [10]  110 	ld	hl,#_item_spawnedKey + 0
   002F 36 00         [10]  111 	ld	(hl), #0x00
   0031 C9            [10]  112 	ret
                            113 ;src/Item.c:41: u8 item_try_new_spawn(){
                            114 ;	---------------------------------
                            115 ; Function item_try_new_spawn
                            116 ; ---------------------------------
   0032                     117 _item_try_new_spawn::
   0032 DD E5         [15]  118 	push	ix
   0034 DD 21 00 00   [14]  119 	ld	ix,#0
   0038 DD 39         [15]  120 	add	ix,sp
   003A F5            [11]  121 	push	af
                            122 ;src/Item.c:44: pos.x=cpct_getRandom_mxor_u8()%MAP_WIDTH;
   003B 21 00 00      [10]  123 	ld	hl,#0x0000
   003E 39            [11]  124 	add	hl,sp
   003F E5            [11]  125 	push	hl
   0040 CDr00r00      [17]  126 	call	_cpct_getRandom_mxor_u8
   0043 7D            [ 4]  127 	ld	a,l
   0044 E1            [10]  128 	pop	hl
   0045 E6 1F         [ 7]  129 	and	a, #0x1F
   0047 77            [ 7]  130 	ld	(hl),a
                            131 ;src/Item.c:45: pos.y=cpct_getRandom_mxor_u8()%MAP_HEIGHT;
   0048 21 00 00      [10]  132 	ld	hl,#0x0000
   004B 39            [11]  133 	add	hl,sp
   004C 4D            [ 4]  134 	ld	c,l
   004D 44            [ 4]  135 	ld	b,h
   004E 59            [ 4]  136 	ld	e, c
   004F 50            [ 4]  137 	ld	d, b
   0050 13            [ 6]  138 	inc	de
   0051 C5            [11]  139 	push	bc
   0052 D5            [11]  140 	push	de
   0053 CDr00r00      [17]  141 	call	_cpct_getRandom_mxor_u8
   0056 D1            [10]  142 	pop	de
   0057 C1            [10]  143 	pop	bc
   0058 7D            [ 4]  144 	ld	a,l
   0059 E6 1F         [ 7]  145 	and	a, #0x1F
   005B 12            [ 7]  146 	ld	(de),a
                            147 ;src/Item.c:47: return (item_try_new_spawn_at(&pos));
   005C C5            [11]  148 	push	bc
   005D CDr1Ar02      [17]  149 	call	_item_try_new_spawn_at
   0060 DD F9         [10]  150 	ld	sp,ix
   0062 DD E1         [14]  151 	pop	ix
   0064 C9            [10]  152 	ret
                            153 ;src/Item.c:50: void item_new_item(Vec2u* pos){
                            154 ;	---------------------------------
                            155 ; Function item_new_item
                            156 ; ---------------------------------
   0065                     157 _item_new_item::
   0065 DD E5         [15]  158 	push	ix
   0067 DD 21 00 00   [14]  159 	ld	ix,#0
   006B DD 39         [15]  160 	add	ix,sp
   006D 21 F3 FF      [10]  161 	ld	hl,#-13
   0070 39            [11]  162 	add	hl,sp
   0071 F9            [ 6]  163 	ld	sp,hl
                            164 ;src/Item.c:52: Item* item=(itemArray+ITEM_MAX_ITEMS);
   0072 DD 36 F8r25   [19]  165 	ld	-8 (ix),#<((_itemArray + 0x0023))
   0076 DD 36 F9s00   [19]  166 	ld	-7 (ix),#>((_itemArray + 0x0023))
                            167 ;src/Item.c:56: x=pos->x;
   007A DD 7E 04      [19]  168 	ld	a,4 (ix)
   007D DD 77 FC      [19]  169 	ld	-4 (ix),a
   0080 DD 7E 05      [19]  170 	ld	a,5 (ix)
   0083 DD 77 FD      [19]  171 	ld	-3 (ix),a
   0086 DD 6E FC      [19]  172 	ld	l,-4 (ix)
   0089 DD 66 FD      [19]  173 	ld	h,-3 (ix)
   008C 7E            [ 7]  174 	ld	a,(hl)
   008D DD 77 F5      [19]  175 	ld	-11 (ix),a
                            176 ;src/Item.c:57: y=pos->y;
   0090 DD 6E FC      [19]  177 	ld	l,-4 (ix)
   0093 DD 66 FD      [19]  178 	ld	h,-3 (ix)
   0096 23            [ 6]  179 	inc	hl
   0097 7E            [ 7]  180 	ld	a,(hl)
   0098 DD 77 F4      [19]  181 	ld	-12 (ix),a
                            182 ;src/Item.c:59: while(i){
   009B DD 36 F3 07   [19]  183 	ld	-13 (ix),#0x07
   009F                     184 00114$:
   009F DD 7E F3      [19]  185 	ld	a,-13 (ix)
   00A2 B7            [ 4]  186 	or	a, a
   00A3 CAr15r02      [10]  187 	jp	Z,00117$
                            188 ;src/Item.c:60: --i;
   00A6 DD 35 F3      [23]  189 	dec	-13 (ix)
   00A9 DD 7E F3      [19]  190 	ld	a,-13 (ix)
   00AC DD 77 FC      [19]  191 	ld	-4 (ix),a
                            192 ;src/Item.c:61: --item;
   00AF DD 7E F8      [19]  193 	ld	a,-8 (ix)
   00B2 C6 FB         [ 7]  194 	add	a,#0xFB
   00B4 DD 77 F8      [19]  195 	ld	-8 (ix),a
   00B7 DD 7E F9      [19]  196 	ld	a,-7 (ix)
   00BA CE FF         [ 7]  197 	adc	a,#0xFF
   00BC DD 77 F9      [19]  198 	ld	-7 (ix),a
   00BF DD 7E F8      [19]  199 	ld	a,-8 (ix)
   00C2 DD 77 F6      [19]  200 	ld	-10 (ix),a
   00C5 DD 7E F9      [19]  201 	ld	a,-7 (ix)
   00C8 DD 77 F7      [19]  202 	ld	-9 (ix),a
                            203 ;src/Item.c:62: if(item->value==0){
   00CB DD 7E F8      [19]  204 	ld	a,-8 (ix)
   00CE C6 04         [ 7]  205 	add	a, #0x04
   00D0 DD 77 FA      [19]  206 	ld	-6 (ix),a
   00D3 DD 7E F9      [19]  207 	ld	a,-7 (ix)
   00D6 CE 00         [ 7]  208 	adc	a, #0x00
   00D8 DD 77 FB      [19]  209 	ld	-5 (ix),a
   00DB DD 6E FA      [19]  210 	ld	l,-6 (ix)
   00DE DD 66 FB      [19]  211 	ld	h,-5 (ix)
   00E1 7E            [ 7]  212 	ld	a,(hl)
   00E2 B7            [ 4]  213 	or	a, a
   00E3 20 BA         [12]  214 	jr	NZ,00114$
                            215 ;src/Item.c:63: item->id=i;
   00E5 DD 6E F8      [19]  216 	ld	l,-8 (ix)
   00E8 DD 66 F9      [19]  217 	ld	h,-7 (ix)
   00EB DD 7E F3      [19]  218 	ld	a,-13 (ix)
   00EE 77            [ 7]  219 	ld	(hl),a
                            220 ;src/Item.c:66: item->type=0;
   00EF DD 4E F6      [19]  221 	ld	c,-10 (ix)
   00F2 DD 46 F7      [19]  222 	ld	b,-9 (ix)
   00F5 03            [ 6]  223 	inc	bc
   00F6 03            [ 6]  224 	inc	bc
   00F7 03            [ 6]  225 	inc	bc
                            226 ;src/Item.c:65: if((!item_spawnedKey) && (((cpct_getRandom_mxor_u8()%16)==0)||level_get_level()==KING_LEVEL)){//1/16 is key
   00F8 3Ar01r00      [13]  227 	ld	a,(#_item_spawnedKey + 0)
   00FB B7            [ 4]  228 	or	a, a
   00FC 20 1D         [12]  229 	jr	NZ,00102$
   00FE C5            [11]  230 	push	bc
   00FF CDr00r00      [17]  231 	call	_cpct_getRandom_mxor_u8
   0102 C1            [10]  232 	pop	bc
   0103 7D            [ 4]  233 	ld	a,l
   0104 E6 0F         [ 7]  234 	and	a, #0x0F
   0106 28 0A         [12]  235 	jr	Z,00101$
   0108 C5            [11]  236 	push	bc
   0109 CDr00r00      [17]  237 	call	_level_get_level
   010C C1            [10]  238 	pop	bc
   010D 7D            [ 4]  239 	ld	a,l
   010E D6 20         [ 7]  240 	sub	a, #0x20
   0110 20 09         [12]  241 	jr	NZ,00102$
   0112                     242 00101$:
                            243 ;src/Item.c:66: item->type=0;
   0112 AF            [ 4]  244 	xor	a, a
   0113 02            [ 7]  245 	ld	(bc),a
                            246 ;src/Item.c:67: item_spawnedKey=1;
   0114 21r01r00      [10]  247 	ld	hl,#_item_spawnedKey + 0
   0117 36 01         [10]  248 	ld	(hl), #0x01
   0119 18 0A         [12]  249 	jr	00103$
   011B                     250 00102$:
                            251 ;src/Item.c:72: item->type = (cpct_getRandom_mxor_u8()&3)+1;
   011B C5            [11]  252 	push	bc
   011C CDr00r00      [17]  253 	call	_cpct_getRandom_mxor_u8
   011F C1            [10]  254 	pop	bc
   0120 7D            [ 4]  255 	ld	a,l
   0121 E6 03         [ 7]  256 	and	a, #0x03
   0123 3C            [ 4]  257 	inc	a
   0124 02            [ 7]  258 	ld	(bc),a
   0125                     259 00103$:
                            260 ;src/Item.c:76: if(item->type == 1){
   0125 0A            [ 7]  261 	ld	a,(bc)
   0126 DD 77 F8      [19]  262 	ld	-8 (ix), a
   0129 3D            [ 4]  263 	dec	a
   012A 20 27         [12]  264 	jr	NZ,00110$
                            265 ;src/Item.c:77: item->value = 48 +level_get_level() + (cpct_getRandom_mxor_u8()&7);
   012C CDr00r00      [17]  266 	call	_level_get_level
   012F DD 75 FF      [19]  267 	ld	-1 (ix), l
   0132 7D            [ 4]  268 	ld	a, l
   0133 C6 30         [ 7]  269 	add	a, #0x30
   0135 DD 77 FF      [19]  270 	ld	-1 (ix),a
   0138 CDr00r00      [17]  271 	call	_cpct_getRandom_mxor_u8
   013B DD 75 FE      [19]  272 	ld	-2 (ix), l
   013E 7D            [ 4]  273 	ld	a, l
   013F E6 07         [ 7]  274 	and	a, #0x07
   0141 DD 77 FE      [19]  275 	ld	-2 (ix),a
   0144 DD 7E FF      [19]  276 	ld	a,-1 (ix)
   0147 DD 86 FE      [19]  277 	add	a, -2 (ix)
   014A DD 6E FA      [19]  278 	ld	l,-6 (ix)
   014D DD 66 FB      [19]  279 	ld	h,-5 (ix)
   0150 77            [ 7]  280 	ld	(hl),a
   0151 18 3C         [12]  281 	jr	00111$
   0153                     282 00110$:
                            283 ;src/Item.c:79: else if(item->type == 2){
   0153 DD 7E F8      [19]  284 	ld	a,-8 (ix)
   0156 D6 02         [ 7]  285 	sub	a, #0x02
   0158 20 2D         [12]  286 	jr	NZ,00107$
                            287 ;src/Item.c:80: item->value = 4 + level_get_level() + (cpct_getRandom_mxor_u8()&7);
   015A CDr00r00      [17]  288 	call	_level_get_level
   015D DD 75 FE      [19]  289 	ld	-2 (ix),l
   0160 DD 34 FE      [23]  290 	inc	-2 (ix)
   0163 DD 34 FE      [23]  291 	inc	-2 (ix)
   0166 DD 34 FE      [23]  292 	inc	-2 (ix)
   0169 DD 34 FE      [23]  293 	inc	-2 (ix)
   016C CDr00r00      [17]  294 	call	_cpct_getRandom_mxor_u8
   016F DD 75 FF      [19]  295 	ld	-1 (ix), l
   0172 7D            [ 4]  296 	ld	a, l
   0173 E6 07         [ 7]  297 	and	a, #0x07
   0175 DD 77 FF      [19]  298 	ld	-1 (ix),a
   0178 DD 7E FE      [19]  299 	ld	a,-2 (ix)
   017B DD 86 FF      [19]  300 	add	a, -1 (ix)
   017E DD 6E FA      [19]  301 	ld	l,-6 (ix)
   0181 DD 66 FB      [19]  302 	ld	h,-5 (ix)
   0184 77            [ 7]  303 	ld	(hl),a
   0185 18 08         [12]  304 	jr	00111$
   0187                     305 00107$:
                            306 ;src/Item.c:83: item->value=1;
   0187 DD 6E FA      [19]  307 	ld	l,-6 (ix)
   018A DD 66 FB      [19]  308 	ld	h,-5 (ix)
   018D 36 01         [10]  309 	ld	(hl),#0x01
   018F                     310 00111$:
                            311 ;src/Item.c:86: item->position.x = x;
   018F DD 4E F6      [19]  312 	ld	c,-10 (ix)
   0192 DD 46 F7      [19]  313 	ld	b,-9 (ix)
   0195 03            [ 6]  314 	inc	bc
   0196 DD 7E F5      [19]  315 	ld	a,-11 (ix)
   0199 02            [ 7]  316 	ld	(bc),a
                            317 ;src/Item.c:87: item->position.y = y;
   019A 03            [ 6]  318 	inc	bc
   019B DD 7E F4      [19]  319 	ld	a,-12 (ix)
   019E 02            [ 7]  320 	ld	(bc),a
                            321 ;src/Item.c:89: map[x+(y*MAP_WIDTH)] |=((i+1)<<4);
   019F DD 7E F5      [19]  322 	ld	a,-11 (ix)
   01A2 DD 77 FA      [19]  323 	ld	-6 (ix),a
   01A5 DD 36 FB 00   [19]  324 	ld	-5 (ix),#0x00
   01A9 DD 7E F4      [19]  325 	ld	a,-12 (ix)
   01AC DD 77 F8      [19]  326 	ld	-8 (ix),a
   01AF DD 36 F9 00   [19]  327 	ld	-7 (ix),#0x00
   01B3 3E 06         [ 7]  328 	ld	a,#0x05+1
   01B5 18 08         [12]  329 	jr	00155$
   01B7                     330 00154$:
   01B7 DD CB F8 26   [23]  331 	sla	-8 (ix)
   01BB DD CB F9 16   [23]  332 	rl	-7 (ix)
   01BF                     333 00155$:
   01BF 3D            [ 4]  334 	dec	a
   01C0 20 F5         [12]  335 	jr	NZ,00154$
   01C2 DD 7E FA      [19]  336 	ld	a,-6 (ix)
   01C5 DD 86 F8      [19]  337 	add	a, -8 (ix)
   01C8 DD 77 FA      [19]  338 	ld	-6 (ix),a
   01CB DD 7E FB      [19]  339 	ld	a,-5 (ix)
   01CE DD 8E F9      [19]  340 	adc	a, -7 (ix)
   01D1 DD 77 FB      [19]  341 	ld	-5 (ix),a
   01D4 DD 7E FA      [19]  342 	ld	a,-6 (ix)
   01D7 C6 D0         [ 7]  343 	add	a, #0xD0
   01D9 DD 77 FA      [19]  344 	ld	-6 (ix),a
   01DC DD 7E FB      [19]  345 	ld	a,-5 (ix)
   01DF CE 88         [ 7]  346 	adc	a, #0x88
   01E1 DD 77 FB      [19]  347 	ld	-5 (ix),a
   01E4 DD 6E FA      [19]  348 	ld	l,-6 (ix)
   01E7 DD 66 FB      [19]  349 	ld	h,-5 (ix)
   01EA 7E            [ 7]  350 	ld	a,(hl)
   01EB DD 77 FE      [19]  351 	ld	-2 (ix),a
   01EE DD 7E FC      [19]  352 	ld	a,-4 (ix)
   01F1 3C            [ 4]  353 	inc	a
   01F2 DD 77 FF      [19]  354 	ld	-1 (ix), a
   01F5 07            [ 4]  355 	rlca
   01F6 07            [ 4]  356 	rlca
   01F7 07            [ 4]  357 	rlca
   01F8 07            [ 4]  358 	rlca
   01F9 E6 F0         [ 7]  359 	and	a,#0xF0
   01FB DD 77 FF      [19]  360 	ld	-1 (ix),a
   01FE DD 7E FE      [19]  361 	ld	a,-2 (ix)
   0201 DD B6 FF      [19]  362 	or	a, -1 (ix)
   0204 DD 77 FE      [19]  363 	ld	-2 (ix),a
   0207 DD 6E FA      [19]  364 	ld	l,-6 (ix)
   020A DD 66 FB      [19]  365 	ld	h,-5 (ix)
   020D DD 7E FE      [19]  366 	ld	a,-2 (ix)
   0210 77            [ 7]  367 	ld	(hl),a
                            368 ;src/Item.c:91: ++activeItems;
   0211 21r00r00      [10]  369 	ld	hl, #_activeItems+0
   0214 34            [11]  370 	inc	(hl)
                            371 ;src/Item.c:92: break;
   0215                     372 00117$:
   0215 DD F9         [10]  373 	ld	sp, ix
   0217 DD E1         [14]  374 	pop	ix
   0219 C9            [10]  375 	ret
                            376 ;src/Item.c:97: u8 item_try_new_spawn_at(Vec2u* pos){
                            377 ;	---------------------------------
                            378 ; Function item_try_new_spawn_at
                            379 ; ---------------------------------
   021A                     380 _item_try_new_spawn_at::
   021A DD E5         [15]  381 	push	ix
   021C DD 21 00 00   [14]  382 	ld	ix,#0
   0220 DD 39         [15]  383 	add	ix,sp
   0222 3B            [ 6]  384 	dec	sp
                            385 ;src/Item.c:100: x=pos->x;
   0223 DD 4E 04      [19]  386 	ld	c,4 (ix)
   0226 DD 46 05      [19]  387 	ld	b,5 (ix)
   0229 0A            [ 7]  388 	ld	a,(bc)
   022A 5F            [ 4]  389 	ld	e,a
                            390 ;src/Item.c:101: y=pos->y;
   022B 69            [ 4]  391 	ld	l, c
   022C 60            [ 4]  392 	ld	h, b
   022D 23            [ 6]  393 	inc	hl
   022E 7E            [ 7]  394 	ld	a,(hl)
   022F DD 77 FF      [19]  395 	ld	-1 (ix),a
                            396 ;src/Item.c:103: if(activeItems<ITEM_MAX_ITEMS){
   0232 3Ar00r00      [13]  397 	ld	a,(#_activeItems + 0)
   0235 D6 07         [ 7]  398 	sub	a, #0x07
   0237 30 1F         [12]  399 	jr	NC,00104$
                            400 ;src/Item.c:104: if(((map[x+(y*MAP_WIDTH)])&(CELL_WALL_MASK|CELL_ITEM_MASK))==0){
   0239 16 00         [ 7]  401 	ld	d,#0x00
   023B DD 6E FF      [19]  402 	ld	l,-1 (ix)
   023E 26 00         [ 7]  403 	ld	h,#0x00
   0240 29            [11]  404 	add	hl, hl
   0241 29            [11]  405 	add	hl, hl
   0242 29            [11]  406 	add	hl, hl
   0243 29            [11]  407 	add	hl, hl
   0244 29            [11]  408 	add	hl, hl
   0245 19            [11]  409 	add	hl,de
   0246 11 D0 88      [10]  410 	ld	de,#0x88D0
   0249 19            [11]  411 	add	hl,de
   024A 7E            [ 7]  412 	ld	a,(hl)
   024B E6 F0         [ 7]  413 	and	a, #0xF0
   024D 20 09         [12]  414 	jr	NZ,00104$
                            415 ;src/Item.c:105: item_new_item(pos);
   024F C5            [11]  416 	push	bc
   0250 CDr65r00      [17]  417 	call	_item_new_item
   0253 F1            [10]  418 	pop	af
                            419 ;src/Item.c:106: return 1;
   0254 2E 01         [ 7]  420 	ld	l,#0x01
   0256 18 02         [12]  421 	jr	00105$
   0258                     422 00104$:
                            423 ;src/Item.c:109: return 0;
   0258 2E 00         [ 7]  424 	ld	l,#0x00
   025A                     425 00105$:
   025A 33            [ 6]  426 	inc	sp
   025B DD E1         [14]  427 	pop	ix
   025D C9            [10]  428 	ret
                            429 ;src/Item.c:112: void item_pick_item(Item* i){
                            430 ;	---------------------------------
                            431 ; Function item_pick_item
                            432 ; ---------------------------------
   025E                     433 _item_pick_item::
   025E DD E5         [15]  434 	push	ix
   0260 DD 21 00 00   [14]  435 	ld	ix,#0
   0264 DD 39         [15]  436 	add	ix,sp
   0266 F5            [11]  437 	push	af
   0267 F5            [11]  438 	push	af
                            439 ;src/Item.c:114: switch(i->type){
   0268 DD 4E 04      [19]  440 	ld	c,4 (ix)
   026B DD 46 05      [19]  441 	ld	b,5 (ix)
   026E 69            [ 4]  442 	ld	l, c
   026F 60            [ 4]  443 	ld	h, b
   0270 23            [ 6]  444 	inc	hl
   0271 23            [ 6]  445 	inc	hl
   0272 23            [ 6]  446 	inc	hl
   0273 5E            [ 7]  447 	ld	e,(hl)
   0274 3E 04         [ 7]  448 	ld	a,#0x04
   0276 93            [ 4]  449 	sub	a, e
   0277 DArFDr02      [10]  450 	jp	C,00106$
                            451 ;src/Item.c:122: player_attack_value=(i->value>player_attack_value)?i->value:player_attack_value;
   027A 21 04 00      [10]  452 	ld	hl,#0x0004
   027D 09            [11]  453 	add	hl,bc
   027E DD 75 FE      [19]  454 	ld	-2 (ix),l
   0281 DD 74 FF      [19]  455 	ld	-1 (ix),h
                            456 ;src/Item.c:114: switch(i->type){
   0284 16 00         [ 7]  457 	ld	d,#0x00
   0286 21r8Cr02      [10]  458 	ld	hl,#00125$
   0289 19            [11]  459 	add	hl,de
   028A 19            [11]  460 	add	hl,de
                            461 ;src/Item.c:115: case 0:{//key
   028B E9            [ 4]  462 	jp	(hl)
   028C                     463 00125$:
   028C 18 08         [12]  464 	jr	00101$
   028E 18 15         [12]  465 	jr	00102$
   0290 18 32         [12]  466 	jr	00103$
   0292 18 4F         [12]  467 	jr	00104$
   0294 18 5B         [12]  468 	jr	00105$
   0296                     469 00101$:
                            470 ;src/Item.c:116: player_has_key=1;
   0296 21r00r00      [10]  471 	ld	hl,#_player_has_key + 0
   0299 36 01         [10]  472 	ld	(hl), #0x01
                            473 ;src/Item.c:117: ui_playerstats_render_key();
   029B C5            [11]  474 	push	bc
   029C CDr00r00      [17]  475 	call	_ui_playerstats_render_key
   029F C1            [10]  476 	pop	bc
                            477 ;src/Item.c:118: object = "KEY";
   02A0 11r22r03      [10]  478 	ld	de,#___str_0+0
                            479 ;src/Item.c:119: break;
   02A3 18 58         [12]  480 	jr	00106$
                            481 ;src/Item.c:121: case 1:{
   02A5                     482 00102$:
                            483 ;src/Item.c:122: player_attack_value=(i->value>player_attack_value)?i->value:player_attack_value;
   02A5 DD 6E FE      [19]  484 	ld	l,-2 (ix)
   02A8 DD 66 FF      [19]  485 	ld	h,-1 (ix)
   02AB 5E            [ 7]  486 	ld	e,(hl)
   02AC 3Ar00r00      [13]  487 	ld	a,(#_player_attack_value)
   02AF 93            [ 4]  488 	sub	a, e
   02B0 38 04         [12]  489 	jr	C,00110$
   02B2 21r00r00      [10]  490 	ld	hl,#_player_attack_value + 0
   02B5 5E            [ 7]  491 	ld	e, (hl)
   02B6                     492 00110$:
   02B6 21r00r00      [10]  493 	ld	hl,#_player_attack_value + 0
   02B9 73            [ 7]  494 	ld	(hl), e
                            495 ;src/Item.c:123: ui_playerstats_render_attack();
   02BA C5            [11]  496 	push	bc
   02BB CDr00r00      [17]  497 	call	_ui_playerstats_render_attack
   02BE C1            [10]  498 	pop	bc
                            499 ;src/Item.c:124: object="SWORD";
   02BF 11r26r03      [10]  500 	ld	de,#___str_1
                            501 ;src/Item.c:125: break;
   02C2 18 39         [12]  502 	jr	00106$
                            503 ;src/Item.c:127: case 2:{
   02C4                     504 00103$:
                            505 ;src/Item.c:128: player_defense_value = (i->value>player_defense_value)?i->value:player_defense_value;
   02C4 DD 6E FE      [19]  506 	ld	l,-2 (ix)
   02C7 DD 66 FF      [19]  507 	ld	h,-1 (ix)
   02CA 5E            [ 7]  508 	ld	e,(hl)
   02CB 3Ar00r00      [13]  509 	ld	a,(#_player_defense_value)
   02CE 93            [ 4]  510 	sub	a, e
   02CF 38 04         [12]  511 	jr	C,00112$
   02D1 21r00r00      [10]  512 	ld	hl,#_player_defense_value + 0
   02D4 5E            [ 7]  513 	ld	e, (hl)
   02D5                     514 00112$:
   02D5 21r00r00      [10]  515 	ld	hl,#_player_defense_value + 0
   02D8 73            [ 7]  516 	ld	(hl), e
                            517 ;src/Item.c:129: ui_playerstats_render_defense();
   02D9 C5            [11]  518 	push	bc
   02DA CDr00r00      [17]  519 	call	_ui_playerstats_render_defense
   02DD C1            [10]  520 	pop	bc
                            521 ;src/Item.c:130: object="ARMOR";
   02DE 11r2Cr03      [10]  522 	ld	de,#___str_2
                            523 ;src/Item.c:131: break;
   02E1 18 1A         [12]  524 	jr	00106$
                            525 ;src/Item.c:133: case 3:{
   02E3                     526 00104$:
                            527 ;src/Item.c:134: ++player_potion_count;
   02E3 21r00r00      [10]  528 	ld	hl, #_player_potion_count+0
   02E6 34            [11]  529 	inc	(hl)
                            530 ;src/Item.c:135: ui_playerstats_render_potions();
   02E7 C5            [11]  531 	push	bc
   02E8 CDr00r00      [17]  532 	call	_ui_playerstats_render_potions
   02EB C1            [10]  533 	pop	bc
                            534 ;src/Item.c:136: object="POTION";
   02EC 11r32r03      [10]  535 	ld	de,#___str_3
                            536 ;src/Item.c:137: break;
   02EF 18 0C         [12]  537 	jr	00106$
                            538 ;src/Item.c:139: case 4:{
   02F1                     539 00105$:
                            540 ;src/Item.c:140: ++player_scroll_count;
   02F1 21r00r00      [10]  541 	ld	hl, #_player_scroll_count+0
   02F4 34            [11]  542 	inc	(hl)
                            543 ;src/Item.c:141: ui_playerstats_render_scrolls();
   02F5 C5            [11]  544 	push	bc
   02F6 CDr00r00      [17]  545 	call	_ui_playerstats_render_scrolls
   02F9 C1            [10]  546 	pop	bc
                            547 ;src/Item.c:142: object="SCROLL";
   02FA 11r39r03      [10]  548 	ld	de,#___str_4
                            549 ;src/Item.c:145: }
   02FD                     550 00106$:
                            551 ;src/Item.c:147: ui_log_add_log("PICKED",3);
   02FD C5            [11]  552 	push	bc
   02FE D5            [11]  553 	push	de
   02FF 3E 03         [ 7]  554 	ld	a,#0x03
   0301 F5            [11]  555 	push	af
   0302 33            [ 6]  556 	inc	sp
   0303 21r40r03      [10]  557 	ld	hl,#___str_5
   0306 E5            [11]  558 	push	hl
   0307 CDr00r00      [17]  559 	call	_ui_log_add_log
   030A F1            [10]  560 	pop	af
   030B 33            [ 6]  561 	inc	sp
   030C D1            [10]  562 	pop	de
   030D 3E 06         [ 7]  563 	ld	a,#0x06
   030F F5            [11]  564 	push	af
   0310 33            [ 6]  565 	inc	sp
   0311 D5            [11]  566 	push	de
   0312 CDr00r00      [17]  567 	call	_ui_log_add_log
   0315 F1            [10]  568 	pop	af
   0316 33            [ 6]  569 	inc	sp
   0317 CDr00r00      [17]  570 	call	_ui_log_render
   031A CDr47r03      [17]  571 	call	_item_destroy_item
   031D DD F9         [10]  572 	ld	sp,ix
   031F DD E1         [14]  573 	pop	ix
   0321 C9            [10]  574 	ret
   0322                     575 ___str_0:
   0322 4B 45 59            576 	.ascii "KEY"
   0325 00                  577 	.db 0x00
   0326                     578 ___str_1:
   0326 53 57 4F 52 44      579 	.ascii "SWORD"
   032B 00                  580 	.db 0x00
   032C                     581 ___str_2:
   032C 41 52 4D 4F 52      582 	.ascii "ARMOR"
   0331 00                  583 	.db 0x00
   0332                     584 ___str_3:
   0332 50 4F 54 49 4F 4E   585 	.ascii "POTION"
   0338 00                  586 	.db 0x00
   0339                     587 ___str_4:
   0339 53 43 52 4F 4C 4C   588 	.ascii "SCROLL"
   033F 00                  589 	.db 0x00
   0340                     590 ___str_5:
   0340 50 49 43 4B 45 44   591 	.ascii "PICKED"
   0346 00                  592 	.db 0x00
                            593 ;src/Item.c:154: void item_destroy_item(Item* i){
                            594 ;	---------------------------------
                            595 ; Function item_destroy_item
                            596 ; ---------------------------------
   0347                     597 _item_destroy_item::
   0347 DD E5         [15]  598 	push	ix
   0349 DD 21 00 00   [14]  599 	ld	ix,#0
   034D DD 39         [15]  600 	add	ix,sp
                            601 ;src/Item.c:155: u8* mapPos = (u8*)(MAP_MEM + i->position.x + (i->position.y*MAP_WIDTH));
   034F DD 5E 04      [19]  602 	ld	e,4 (ix)
   0352 DD 56 05      [19]  603 	ld	d,5 (ix)
   0355 6B            [ 4]  604 	ld	l, e
   0356 62            [ 4]  605 	ld	h, d
   0357 23            [ 6]  606 	inc	hl
   0358 4E            [ 7]  607 	ld	c,(hl)
   0359 06 00         [ 7]  608 	ld	b,#0x00
   035B 21 D0 88      [10]  609 	ld	hl,#0x88D0
   035E 09            [11]  610 	add	hl,bc
   035F 4D            [ 4]  611 	ld	c,l
   0360 44            [ 4]  612 	ld	b,h
   0361 6B            [ 4]  613 	ld	l, e
   0362 62            [ 4]  614 	ld	h, d
   0363 23            [ 6]  615 	inc	hl
   0364 23            [ 6]  616 	inc	hl
   0365 6E            [ 7]  617 	ld	l,(hl)
   0366 26 00         [ 7]  618 	ld	h,#0x00
   0368 29            [11]  619 	add	hl, hl
   0369 29            [11]  620 	add	hl, hl
   036A 29            [11]  621 	add	hl, hl
   036B 29            [11]  622 	add	hl, hl
   036C 29            [11]  623 	add	hl, hl
   036D 09            [11]  624 	add	hl,bc
   036E 4D            [ 4]  625 	ld	c,l
   036F 44            [ 4]  626 	ld	b,h
                            627 ;src/Item.c:157: --activeItems;
   0370 21r00r00      [10]  628 	ld	hl, #_activeItems+0
   0373 35            [11]  629 	dec	(hl)
                            630 ;src/Item.c:159: i->value=0;
   0374 13            [ 6]  631 	inc	de
   0375 13            [ 6]  632 	inc	de
   0376 13            [ 6]  633 	inc	de
   0377 13            [ 6]  634 	inc	de
   0378 AF            [ 4]  635 	xor	a, a
   0379 12            [ 7]  636 	ld	(de),a
                            637 ;src/Item.c:161: *mapPos = *mapPos&(CELL_WALL_MASK|CELL_ENEMY_MASK);
   037A 0A            [ 7]  638 	ld	a,(bc)
   037B E6 8F         [ 7]  639 	and	a, #0x8F
   037D 02            [ 7]  640 	ld	(bc),a
   037E DD E1         [14]  641 	pop	ix
   0380 C9            [10]  642 	ret
                            643 ;src/Item.c:165: u8 item_use_potion(){
                            644 ;	---------------------------------
                            645 ; Function item_use_potion
                            646 ; ---------------------------------
   0381                     647 _item_use_potion::
                            648 ;src/Item.c:166: if(player_potion_count){
   0381 3Ar00r00      [13]  649 	ld	a,(#_player_potion_count + 0)
   0384 B7            [ 4]  650 	or	a, a
   0385 28 1F         [12]  651 	jr	Z,00105$
                            652 ;src/Item.c:167: --player_potion_count;
   0387 21r00r00      [10]  653 	ld	hl, #_player_potion_count+0
   038A 35            [11]  654 	dec	(hl)
                            655 ;src/Item.c:168: if(player_health_points<(255-ITEM_POTION_HEAL)){
   038B 3Ar00r00      [13]  656 	ld	a,(#_player_health_points + 0)
   038E D6 80         [ 7]  657 	sub	a, #0x80
   0390 30 09         [12]  658 	jr	NC,00102$
                            659 ;src/Item.c:169: player_health_points+=ITEM_POTION_HEAL;
   0392 21r00r00      [10]  660 	ld	hl,#_player_health_points
   0395 7E            [ 7]  661 	ld	a,(hl)
   0396 C6 7F         [ 7]  662 	add	a, #0x7F
   0398 77            [ 7]  663 	ld	(hl),a
   0399 18 05         [12]  664 	jr	00103$
   039B                     665 00102$:
                            666 ;src/Item.c:172: player_health_points=255;
   039B 21r00r00      [10]  667 	ld	hl,#_player_health_points + 0
   039E 36 FF         [10]  668 	ld	(hl), #0xFF
   03A0                     669 00103$:
                            670 ;src/Item.c:174: ui_playerstats_render_hp();
   03A0 CDr00r00      [17]  671 	call	_ui_playerstats_render_hp
                            672 ;src/Item.c:175: return 1;
   03A3 2E 01         [ 7]  673 	ld	l,#0x01
   03A5 C9            [10]  674 	ret
   03A6                     675 00105$:
                            676 ;src/Item.c:177: return 0;
   03A6 2E 00         [ 7]  677 	ld	l,#0x00
   03A8 C9            [10]  678 	ret
                            679 ;src/Item.c:180: u8 item_use_scroll(){
                            680 ;	---------------------------------
                            681 ; Function item_use_scroll
                            682 ; ---------------------------------
   03A9                     683 _item_use_scroll::
                            684 ;src/Item.c:181: u16 pos = (cpct_getRandom_mxor_u16()%1024);
   03A9 CDr00r00      [17]  685 	call	_cpct_getRandom_mxor_u16
   03AC 4D            [ 4]  686 	ld	c,l
   03AD 7C            [ 4]  687 	ld	a,h
   03AE E6 03         [ 7]  688 	and	a, #0x03
   03B0 47            [ 4]  689 	ld	b,a
                            690 ;src/Item.c:182: if(player_scroll_count){
   03B1 3Ar00r00      [13]  691 	ld	a,(#_player_scroll_count + 0)
   03B4 B7            [ 4]  692 	or	a, a
   03B5 28 36         [12]  693 	jr	Z,00105$
                            694 ;src/Item.c:183: while(*(u8*)(MAP_MEM+pos)!=CELLTYPE_FLOOR){
   03B7                     695 00101$:
   03B7 21 D0 88      [10]  696 	ld	hl,#0x88D0
   03BA 09            [11]  697 	add	hl,bc
   03BB 7E            [ 7]  698 	ld	a,(hl)
   03BC B7            [ 4]  699 	or	a, a
   03BD 28 07         [12]  700 	jr	Z,00103$
                            701 ;src/Item.c:184: pos = (pos+1)%1024;
   03BF 03            [ 6]  702 	inc	bc
   03C0 78            [ 4]  703 	ld	a,b
   03C1 E6 03         [ 7]  704 	and	a, #0x03
   03C3 47            [ 4]  705 	ld	b,a
   03C4 18 F1         [12]  706 	jr	00101$
   03C6                     707 00103$:
                            708 ;src/Item.c:186: --player_scroll_count;
   03C6 21r00r00      [10]  709 	ld	hl, #_player_scroll_count+0
   03C9 35            [11]  710 	dec	(hl)
                            711 ;src/Item.c:187: *(u8*)&(player_position.x) = (pos%MAP_WIDTH);
   03CA 79            [ 4]  712 	ld	a,c
   03CB E6 1F         [ 7]  713 	and	a, #0x1F
   03CD 5F            [ 4]  714 	ld	e,a
   03CE 21r00r00      [10]  715 	ld	hl,#_player_position
   03D1 73            [ 7]  716 	ld	(hl),e
                            717 ;src/Item.c:188: *(u8*)&(player_position.y) = (pos/MAP_HEIGHT);
   03D2 CB 38         [ 8]  718 	srl	b
   03D4 CB 19         [ 8]  719 	rr	c
   03D6 CB 38         [ 8]  720 	srl	b
   03D8 CB 19         [ 8]  721 	rr	c
   03DA CB 38         [ 8]  722 	srl	b
   03DC CB 19         [ 8]  723 	rr	c
   03DE CB 38         [ 8]  724 	srl	b
   03E0 CB 19         [ 8]  725 	rr	c
   03E2 CB 38         [ 8]  726 	srl	b
   03E4 CB 19         [ 8]  727 	rr	c
   03E6 21r01r00      [10]  728 	ld	hl,#(_player_position + 0x0001)
   03E9 71            [ 7]  729 	ld	(hl),c
                            730 ;src/Item.c:189: return 1;
   03EA 2E 01         [ 7]  731 	ld	l,#0x01
   03EC C9            [10]  732 	ret
   03ED                     733 00105$:
                            734 ;src/Item.c:191: return 0;
   03ED 2E 00         [ 7]  735 	ld	l,#0x00
   03EF C9            [10]  736 	ret
                            737 	.area _CODE
                            738 	.area _INITIALIZER
                            739 	.area _CABS (ABS)
