                              1 ;--------------------------------------------------------
                              2 ; File Created by SDCC : free open source ANSI-C Compiler
                              3 ; Version 3.5.5 #9498 (Linux)
                              4 ;--------------------------------------------------------
                              5 	.module Level
                              6 	.optsdcc -mz80
                              7 	
                              8 ;--------------------------------------------------------
                              9 ; Public variables in this module
                             10 ;--------------------------------------------------------
                             11 	.globl _setLevelPalette
                             12 	.globl _uncompress_enemy_textures
                             13 	.globl _uncompress_theme_textures
                             14 	.globl _cpct_setPalette
                             15 	.globl _cpct_fw2hw
                             16 	.globl _cpct_memcpy
                             17 	.globl _current_level
                             18 	.globl _level_palettes
                             19 	.globl _level_get_level
                             20 	.globl _level_set_level
                             21 	.globl _level_init_palettes
                             22 	.globl _level_load_level
                             23 ;--------------------------------------------------------
                             24 ; special function registers
                             25 ;--------------------------------------------------------
                             26 ;--------------------------------------------------------
                             27 ; ram data
                             28 ;--------------------------------------------------------
                             29 	.area _DATA
   0000                      30 _current_level::
   0000                      31 	.ds 1
                             32 ;--------------------------------------------------------
                             33 ; ram data
                             34 ;--------------------------------------------------------
                             35 	.area _INITIALIZED
                             36 ;--------------------------------------------------------
                             37 ; absolute external ram data
                             38 ;--------------------------------------------------------
                             39 	.area _DABS (ABS)
                             40 ;--------------------------------------------------------
                             41 ; global & static initialisations
                             42 ;--------------------------------------------------------
                             43 	.area _HOME
                             44 	.area _GSINIT
                             45 	.area _GSFINAL
                             46 	.area _GSINIT
                             47 ;--------------------------------------------------------
                             48 ; Home
                             49 ;--------------------------------------------------------
                             50 	.area _HOME
                             51 	.area _HOME
                             52 ;--------------------------------------------------------
                             53 ; code
                             54 ;--------------------------------------------------------
                             55 	.area _CODE
                             56 ;src/Level.c:19: u8 level_get_level(){
                             57 ;	---------------------------------
                             58 ; Function level_get_level
                             59 ; ---------------------------------
   0000                      60 _level_get_level::
                             61 ;src/Level.c:20: return current_level;
   0000 FD 21r00r00   [14]   62 	ld	iy,#_current_level
   0004 FD 6E 00      [19]   63 	ld	l,0 (iy)
   0007 C9            [10]   64 	ret
   0008                      65 _level_palettes:
   0008 00                   66 	.db #0x00	; 0
   0009 09                   67 	.db #0x09	; 9
   000A 03                   68 	.db #0x03	; 3
   000B 12                   69 	.db #0x12	; 18
   000C 0A                   70 	.db #0x0A	; 10
   000D 14                   71 	.db #0x14	; 20
   000E 00                   72 	.db #0x00	; 0
   000F 04                   73 	.db #0x04	; 4
   0010 11                   74 	.db #0x11	; 17
   0011 0E                   75 	.db #0x0E	; 14
   0012 0B                   76 	.db #0x0B	; 11
   0013 15                   77 	.db #0x15	; 21
   0014 03                   78 	.db #0x03	; 3
   0015 09                   79 	.db #0x09	; 9
   0016 19                   80 	.db #0x19	; 25
   0017 0F                   81 	.db #0x0F	; 15
   0018 01                   82 	.db #0x01	; 1
   0019 02                   83 	.db #0x02	; 2
   001A 11                   84 	.db #0x11	; 17
   001B 0E                   85 	.db #0x0E	; 14
   001C 00                   86 	.db #0x00	; 0
   001D 00                   87 	.db #0x00	; 0
   001E 00                   88 	.db #0x00	; 0
   001F 00                   89 	.db #0x00	; 0
   0020 00                   90 	.db #0x00	; 0
   0021 00                   91 	.db #0x00	; 0
   0022 00                   92 	.db #0x00	; 0
   0023 00                   93 	.db #0x00	; 0
   0024 00                   94 	.db #0x00	; 0
   0025 00                   95 	.db #0x00	; 0
   0026 00                   96 	.db #0x00	; 0
   0027 00                   97 	.db #0x00	; 0
   0028 00                   98 	.db #0x00	; 0
   0029 00                   99 	.db #0x00	; 0
   002A 00                  100 	.db #0x00	; 0
   002B 00                  101 	.db #0x00	; 0
   002C 00                  102 	.db #0x00	; 0
   002D 00                  103 	.db #0x00	; 0
   002E 00                  104 	.db #0x00	; 0
   002F 00                  105 	.db #0x00	; 0
                            106 ;src/Level.c:23: void level_set_level(u8 l){
                            107 ;	---------------------------------
                            108 ; Function level_set_level
                            109 ; ---------------------------------
   0030                     110 _level_set_level::
                            111 ;src/Level.c:24: current_level=l;
   0030 21 02 00      [10]  112 	ld	hl, #2+0
   0033 39            [11]  113 	add	hl, sp
   0034 7E            [ 7]  114 	ld	a, (hl)
   0035 32r00r00      [13]  115 	ld	(#_current_level + 0),a
   0038 C9            [10]  116 	ret
                            117 ;src/Level.c:27: void level_init_palettes(){
                            118 ;	---------------------------------
                            119 ; Function level_init_palettes
                            120 ; ---------------------------------
   0039                     121 _level_init_palettes::
                            122 ;src/Level.c:28: cpct_fw2hw(level_palettes[0],VARIABLE_COLORS);
   0039 21 0A 00      [10]  123 	ld	hl,#0x000A
   003C E5            [11]  124 	push	hl
   003D 21r08r00      [10]  125 	ld	hl,#_level_palettes
   0040 E5            [11]  126 	push	hl
   0041 CDr00r00      [17]  127 	call	_cpct_fw2hw
                            128 ;src/Level.c:29: cpct_fw2hw(level_palettes[1],VARIABLE_COLORS);
   0044 21 0A 00      [10]  129 	ld	hl,#0x000A
   0047 E5            [11]  130 	push	hl
   0048 21r12r00      [10]  131 	ld	hl,#(_level_palettes + 0x000a)
   004B E5            [11]  132 	push	hl
   004C CDr00r00      [17]  133 	call	_cpct_fw2hw
                            134 ;src/Level.c:30: cpct_fw2hw(level_palettes[2],VARIABLE_COLORS);
   004F 21 0A 00      [10]  135 	ld	hl,#0x000A
   0052 E5            [11]  136 	push	hl
   0053 21r1Cr00      [10]  137 	ld	hl,#(_level_palettes + 0x0014)
   0056 E5            [11]  138 	push	hl
   0057 CDr00r00      [17]  139 	call	_cpct_fw2hw
                            140 ;src/Level.c:31: cpct_fw2hw(level_palettes[3],VARIABLE_COLORS);
   005A 21 0A 00      [10]  141 	ld	hl,#0x000A
   005D E5            [11]  142 	push	hl
   005E 21r26r00      [10]  143 	ld	hl,#(_level_palettes + 0x001e)
   0061 E5            [11]  144 	push	hl
   0062 CDr00r00      [17]  145 	call	_cpct_fw2hw
   0065 C9            [10]  146 	ret
                            147 ;src/Level.c:34: void setLevelPalette(u8 i){
                            148 ;	---------------------------------
                            149 ; Function setLevelPalette
                            150 ; ---------------------------------
   0066                     151 _setLevelPalette::
   0066 DD E5         [15]  152 	push	ix
   0068 DD 21 00 00   [14]  153 	ld	ix,#0
   006C DD 39         [15]  154 	add	ix,sp
                            155 ;src/Level.c:35: cpct_memcpy(g_palette+SHARED_COLORS, level_palettes[i],VARIABLE_COLORS);
   006E 01r08r00      [10]  156 	ld	bc,#_level_palettes+0
   0071 DD 5E 04      [19]  157 	ld	e,4 (ix)
   0074 16 00         [ 7]  158 	ld	d,#0x00
   0076 6B            [ 4]  159 	ld	l, e
   0077 62            [ 4]  160 	ld	h, d
   0078 29            [11]  161 	add	hl, hl
   0079 29            [11]  162 	add	hl, hl
   007A 19            [11]  163 	add	hl, de
   007B 29            [11]  164 	add	hl, hl
   007C 09            [11]  165 	add	hl,bc
   007D 4D            [ 4]  166 	ld	c,l
   007E 44            [ 4]  167 	ld	b,h
   007F 21 0A 00      [10]  168 	ld	hl,#0x000A
   0082 E5            [11]  169 	push	hl
   0083 C5            [11]  170 	push	bc
   0084 21r06r00      [10]  171 	ld	hl,#(_g_palette + 0x0006)
   0087 E5            [11]  172 	push	hl
   0088 CDr00r00      [17]  173 	call	_cpct_memcpy
                            174 ;src/Level.c:36: cpct_setPalette(g_palette,16);
   008B 21 10 00      [10]  175 	ld	hl,#0x0010
   008E E5            [11]  176 	push	hl
   008F 21r00r00      [10]  177 	ld	hl,#_g_palette
   0092 E5            [11]  178 	push	hl
   0093 CDr00r00      [17]  179 	call	_cpct_setPalette
   0096 DD E1         [14]  180 	pop	ix
   0098 C9            [10]  181 	ret
                            182 ;src/Level.c:39: void level_load_level(){
                            183 ;	---------------------------------
                            184 ; Function level_load_level
                            185 ; ---------------------------------
   0099                     186 _level_load_level::
                            187 ;src/Level.c:42: index =((current_level<8)?0:(
   0099 3Ar00r00      [13]  188 	ld	a,(#_current_level + 0)
   009C D6 08         [ 7]  189 	sub	a, #0x08
   009E 30 04         [12]  190 	jr	NC,00103$
   00A0 06 00         [ 7]  191 	ld	b,#0x00
   00A2 18 23         [12]  192 	jr	00104$
   00A4                     193 00103$:
                            194 ;src/Level.c:43: (current_level<24)?1:(
   00A4 3Ar00r00      [13]  195 	ld	a,(#_current_level + 0)
   00A7 D6 18         [ 7]  196 	sub	a, #0x18
   00A9 30 04         [12]  197 	jr	NC,00105$
   00AB 06 01         [ 7]  198 	ld	b,#0x01
   00AD 18 18         [12]  199 	jr	00106$
   00AF                     200 00105$:
                            201 ;src/Level.c:44: (current_level<56)?2:(
   00AF 3Ar00r00      [13]  202 	ld	a,(#_current_level + 0)
   00B2 D6 38         [ 7]  203 	sub	a, #0x38
   00B4 30 04         [12]  204 	jr	NC,00107$
   00B6 06 02         [ 7]  205 	ld	b,#0x02
   00B8 18 0D         [12]  206 	jr	00108$
   00BA                     207 00107$:
                            208 ;src/Level.c:45: (current_level<120)?4:0
   00BA 3Ar00r00      [13]  209 	ld	a,(#_current_level + 0)
   00BD D6 78         [ 7]  210 	sub	a, #0x78
   00BF 30 04         [12]  211 	jr	NC,00109$
   00C1 06 04         [ 7]  212 	ld	b,#0x04
   00C3 18 02         [12]  213 	jr	00110$
   00C5                     214 00109$:
   00C5 06 00         [ 7]  215 	ld	b,#0x00
   00C7                     216 00110$:
   00C7                     217 00108$:
   00C7                     218 00106$:
   00C7                     219 00104$:
                            220 ;src/Level.c:48: uncompress_theme_textures(index);
   00C7 C5            [11]  221 	push	bc
   00C8 C5            [11]  222 	push	bc
   00C9 33            [ 6]  223 	inc	sp
   00CA CDr00r00      [17]  224 	call	_uncompress_theme_textures
   00CD 33            [ 6]  225 	inc	sp
   00CE C1            [10]  226 	pop	bc
                            227 ;src/Level.c:49: uncompress_enemy_textures(index);
   00CF C5            [11]  228 	push	bc
   00D0 C5            [11]  229 	push	bc
   00D1 33            [ 6]  230 	inc	sp
   00D2 CDr00r00      [17]  231 	call	_uncompress_enemy_textures
   00D5 33            [ 6]  232 	inc	sp
   00D6 33            [ 6]  233 	inc	sp
   00D7 CDr66r00      [17]  234 	call	_setLevelPalette
   00DA 33            [ 6]  235 	inc	sp
   00DB C9            [10]  236 	ret
                            237 	.area _CODE
                            238 	.area _INITIALIZER
                            239 	.area _CABS (ABS)
