                              1 ;--------------------------------------------------------
                              2 ; File Created by SDCC : free open source ANSI-C Compiler
                              3 ; Version 3.5.5 #9498 (Linux)
                              4 ;--------------------------------------------------------
                              5 	.module State_SaveExit
                              6 	.optsdcc -mz80
                              7 	
                              8 ;--------------------------------------------------------
                              9 ; Public variables in this module
                             10 ;--------------------------------------------------------
                             11 	.globl _savegame_get_saveString
                             12 	.globl _print_transparent_text
                             13 	.globl _statemanager_input_accepted
                             14 	.globl _statemanager_set_state
                             15 	.globl _cpct_drawSolidBox
                             16 	.globl _cpct_isAnyKeyPressed_f
                             17 	.globl _state_saveexit_enter
                             18 	.globl _state_saveexit_return
                             19 	.globl _state_saveexit_input
                             20 	.globl _state_saveexit_update
                             21 	.globl _state_saveexit_render
                             22 	.globl _state_saveexit_exit
                             23 ;--------------------------------------------------------
                             24 ; special function registers
                             25 ;--------------------------------------------------------
                             26 ;--------------------------------------------------------
                             27 ; ram data
                             28 ;--------------------------------------------------------
                             29 	.area _DATA
                             30 ;--------------------------------------------------------
                             31 ; ram data
                             32 ;--------------------------------------------------------
                             33 	.area _INITIALIZED
                             34 ;--------------------------------------------------------
                             35 ; absolute external ram data
                             36 ;--------------------------------------------------------
                             37 	.area _DABS (ABS)
                             38 ;--------------------------------------------------------
                             39 ; global & static initialisations
                             40 ;--------------------------------------------------------
                             41 	.area _HOME
                             42 	.area _GSINIT
                             43 	.area _GSFINAL
                             44 	.area _GSINIT
                             45 ;--------------------------------------------------------
                             46 ; Home
                             47 ;--------------------------------------------------------
                             48 	.area _HOME
                             49 	.area _HOME
                             50 ;--------------------------------------------------------
                             51 ; code
                             52 ;--------------------------------------------------------
                             53 	.area _CODE
                             54 ;src/State_SaveExit.c:17: void state_saveexit_enter(){
                             55 ;	---------------------------------
                             56 ; Function state_saveexit_enter
                             57 ; ---------------------------------
   0000                      58 _state_saveexit_enter::
                             59 ;src/State_SaveExit.c:18: cpct_drawSolidBox (cpctm_screenPtr(CPCT_VMEM_START, 20, 80), g_colors[4], 40, 40);
   0000 21r04r00      [10]   60 	ld	hl, #_g_colors + 4
   0003 46            [ 7]   61 	ld	b,(hl)
   0004 21 28 28      [10]   62 	ld	hl,#0x2828
   0007 E5            [11]   63 	push	hl
   0008 C5            [11]   64 	push	bc
   0009 33            [ 6]   65 	inc	sp
   000A 21 34 C3      [10]   66 	ld	hl,#0xC334
   000D E5            [11]   67 	push	hl
   000E CDr00r00      [17]   68 	call	_cpct_drawSolidBox
   0011 F1            [10]   69 	pop	af
   0012 F1            [10]   70 	pop	af
   0013 33            [ 6]   71 	inc	sp
                             72 ;src/State_SaveExit.c:19: cpct_drawSolidBox (cpctm_screenPtr(CPCT_VMEM_START, 21, 84), g_colors[1], 38, 32);
   0014 21r01r00      [10]   73 	ld	hl, #_g_colors + 1
   0017 46            [ 7]   74 	ld	b,(hl)
   0018 21 26 20      [10]   75 	ld	hl,#0x2026
   001B E5            [11]   76 	push	hl
   001C C5            [11]   77 	push	bc
   001D 33            [ 6]   78 	inc	sp
   001E 21 35 E3      [10]   79 	ld	hl,#0xE335
   0021 E5            [11]   80 	push	hl
   0022 CDr00r00      [17]   81 	call	_cpct_drawSolidBox
   0025 F1            [10]   82 	pop	af
   0026 F1            [10]   83 	pop	af
   0027 33            [ 6]   84 	inc	sp
                             85 ;src/State_SaveExit.c:21: print_transparent_text(savegame_get_saveString(), cpctm_screenPtr(CPCT_VMEM_START, 22, 92), 3);
   0028 CDr00r00      [17]   86 	call	_savegame_get_saveString
   002B 4D            [ 4]   87 	ld	c,l
   002C 44            [ 4]   88 	ld	b,h
   002D 3E 03         [ 7]   89 	ld	a,#0x03
   002F F5            [11]   90 	push	af
   0030 33            [ 6]   91 	inc	sp
   0031 21 86 E3      [10]   92 	ld	hl,#0xE386
   0034 E5            [11]   93 	push	hl
   0035 C5            [11]   94 	push	bc
   0036 CDr00r00      [17]   95 	call	_print_transparent_text
   0039 F1            [10]   96 	pop	af
   003A F1            [10]   97 	pop	af
   003B 33            [ 6]   98 	inc	sp
                             99 ;src/State_SaveExit.c:22: print_transparent_text("PRESS ANY KEY", cpctm_screenPtr(CPCT_VMEM_START, 27, 100), 3);
   003C 3E 03         [ 7]  100 	ld	a,#0x03
   003E F5            [11]  101 	push	af
   003F 33            [ 6]  102 	inc	sp
   0040 21 DB E3      [10]  103 	ld	hl,#0xE3DB
   0043 E5            [11]  104 	push	hl
   0044 21r4Fr00      [10]  105 	ld	hl,#___str_0
   0047 E5            [11]  106 	push	hl
   0048 CDr00r00      [17]  107 	call	_print_transparent_text
   004B F1            [10]  108 	pop	af
   004C F1            [10]  109 	pop	af
   004D 33            [ 6]  110 	inc	sp
   004E C9            [10]  111 	ret
   004F                     112 ___str_0:
   004F 50 52 45 53 53 20   113 	.ascii "PRESS ANY KEY"
        41 4E 59 20 4B 45
        59
   005C 00                  114 	.db 0x00
                            115 ;src/State_SaveExit.c:26: void state_saveexit_return(){
                            116 ;	---------------------------------
                            117 ; Function state_saveexit_return
                            118 ; ---------------------------------
   005D                     119 _state_saveexit_return::
                            120 ;src/State_SaveExit.c:28: }
   005D C9            [10]  121 	ret
                            122 ;src/State_SaveExit.c:30: void state_saveexit_input(){
                            123 ;	---------------------------------
                            124 ; Function state_saveexit_input
                            125 ; ---------------------------------
   005E                     126 _state_saveexit_input::
                            127 ;src/State_SaveExit.c:31: if(cpct_isAnyKeyPressed_f()){
   005E CDr00r00      [17]  128 	call	_cpct_isAnyKeyPressed_f
   0061 7D            [ 4]  129 	ld	a,l
   0062 B7            [ 4]  130 	or	a, a
   0063 C8            [11]  131 	ret	Z
                            132 ;src/State_SaveExit.c:32: statemanager_set_state(STATE_MAINMENU);
   0064 AF            [ 4]  133 	xor	a, a
   0065 F5            [11]  134 	push	af
   0066 33            [ 6]  135 	inc	sp
   0067 CDr00r00      [17]  136 	call	_statemanager_set_state
   006A 33            [ 6]  137 	inc	sp
                            138 ;src/State_SaveExit.c:33: statemanager_input_accepted();
   006B C3r00r00      [10]  139 	jp  _statemanager_input_accepted
                            140 ;src/State_SaveExit.c:37: void state_saveexit_update(){
                            141 ;	---------------------------------
                            142 ; Function state_saveexit_update
                            143 ; ---------------------------------
   006E                     144 _state_saveexit_update::
                            145 ;src/State_SaveExit.c:39: }
   006E C9            [10]  146 	ret
                            147 ;src/State_SaveExit.c:41: void state_saveexit_render(){
                            148 ;	---------------------------------
                            149 ; Function state_saveexit_render
                            150 ; ---------------------------------
   006F                     151 _state_saveexit_render::
                            152 ;src/State_SaveExit.c:43: }
   006F C9            [10]  153 	ret
                            154 ;src/State_SaveExit.c:45: void state_saveexit_exit(){
                            155 ;	---------------------------------
                            156 ; Function state_saveexit_exit
                            157 ; ---------------------------------
   0070                     158 _state_saveexit_exit::
                            159 ;src/State_SaveExit.c:47: }
   0070 C9            [10]  160 	ret
                            161 	.area _CODE
                            162 	.area _INITIALIZER
                            163 	.area _CABS (ABS)
