                              1 ;--------------------------------------------------------
                              2 ; File Created by SDCC : free open source ANSI-C Compiler
                              3 ; Version 3.5.5 #9498 (Linux)
                              4 ;--------------------------------------------------------
                              5 	.module State_Credits
                              6 	.optsdcc -mz80
                              7 	
                              8 ;--------------------------------------------------------
                              9 ; Public variables in this module
                             10 ;--------------------------------------------------------
                             11 	.globl _statemanager_input_accepted
                             12 	.globl _statemanager_close_state
                             13 	.globl _print_transparent_text
                             14 	.globl _cpct_drawSolidBox
                             15 	.globl _cpct_isAnyKeyPressed_f
                             16 	.globl _state_credits_enter
                             17 	.globl _state_credits_return
                             18 	.globl _state_credits_input
                             19 	.globl _state_credits_update
                             20 	.globl _state_credits_render
                             21 	.globl _state_credits_exit
                             22 ;--------------------------------------------------------
                             23 ; special function registers
                             24 ;--------------------------------------------------------
                             25 ;--------------------------------------------------------
                             26 ; ram data
                             27 ;--------------------------------------------------------
                             28 	.area _DATA
                             29 ;--------------------------------------------------------
                             30 ; ram data
                             31 ;--------------------------------------------------------
                             32 	.area _INITIALIZED
                             33 ;--------------------------------------------------------
                             34 ; absolute external ram data
                             35 ;--------------------------------------------------------
                             36 	.area _DABS (ABS)
                             37 ;--------------------------------------------------------
                             38 ; global & static initialisations
                             39 ;--------------------------------------------------------
                             40 	.area _HOME
                             41 	.area _GSINIT
                             42 	.area _GSFINAL
                             43 	.area _GSINIT
                             44 ;--------------------------------------------------------
                             45 ; Home
                             46 ;--------------------------------------------------------
                             47 	.area _HOME
                             48 	.area _HOME
                             49 ;--------------------------------------------------------
                             50 ; code
                             51 ;--------------------------------------------------------
                             52 	.area _CODE
                             53 ;src/State_Credits.c:16: void state_credits_enter(){
                             54 ;	---------------------------------
                             55 ; Function state_credits_enter
                             56 ; ---------------------------------
   0000                      57 _state_credits_enter::
                             58 ;src/State_Credits.c:18: cpct_drawSolidBox(cpctm_screenPtr((u16)CPCT_VMEM_START,14,46),g_colors[4],52,108);
   0000 21r04r00      [10]   59 	ld	hl, #_g_colors + 4
   0003 46            [ 7]   60 	ld	b,(hl)
   0004 21 34 6C      [10]   61 	ld	hl,#0x6C34
   0007 E5            [11]   62 	push	hl
   0008 C5            [11]   63 	push	bc
   0009 33            [ 6]   64 	inc	sp
   000A 21 9E F1      [10]   65 	ld	hl,#0xF19E
   000D E5            [11]   66 	push	hl
   000E CDr00r00      [17]   67 	call	_cpct_drawSolidBox
   0011 F1            [10]   68 	pop	af
   0012 F1            [10]   69 	pop	af
   0013 33            [ 6]   70 	inc	sp
                             71 ;src/State_Credits.c:19: cpct_drawSolidBox(cpctm_screenPtr((u16)CPCT_VMEM_START,15,50),g_colors[1],50,100);
   0014 21r01r00      [10]   72 	ld	hl, #_g_colors + 1
   0017 46            [ 7]   73 	ld	b,(hl)
   0018 21 32 64      [10]   74 	ld	hl,#0x6432
   001B E5            [11]   75 	push	hl
   001C C5            [11]   76 	push	bc
   001D 33            [ 6]   77 	inc	sp
   001E 21 EF D1      [10]   78 	ld	hl,#0xD1EF
   0021 E5            [11]   79 	push	hl
   0022 CDr00r00      [17]   80 	call	_cpct_drawSolidBox
   0025 F1            [10]   81 	pop	af
   0026 F1            [10]   82 	pop	af
   0027 33            [ 6]   83 	inc	sp
                             84 ;src/State_Credits.c:21: print_transparent_text("CODING:", cpctm_screenPtr((u16)CPCT_VMEM_START,16,54),3);
   0028 3E 03         [ 7]   85 	ld	a,#0x03
   002A F5            [11]   86 	push	af
   002B 33            [ 6]   87 	inc	sp
   002C 21 F0 F1      [10]   88 	ld	hl,#0xF1F0
   002F E5            [11]   89 	push	hl
   0030 21rB9r00      [10]   90 	ld	hl,#___str_0
   0033 E5            [11]   91 	push	hl
   0034 CDr00r00      [17]   92 	call	_print_transparent_text
   0037 F1            [10]   93 	pop	af
   0038 F1            [10]   94 	pop	af
   0039 33            [ 6]   95 	inc	sp
                             96 ;src/State_Credits.c:22: print_transparent_text("Albert Sirvent @piterayo",cpctm_screenPtr((u16)CPCT_VMEM_START,16,62),3);
   003A 3E 03         [ 7]   97 	ld	a,#0x03
   003C F5            [11]   98 	push	af
   003D 33            [ 6]   99 	inc	sp
   003E 21 40 F2      [10]  100 	ld	hl,#0xF240
   0041 E5            [11]  101 	push	hl
   0042 21rC1r00      [10]  102 	ld	hl,#___str_1
   0045 E5            [11]  103 	push	hl
   0046 CDr00r00      [17]  104 	call	_print_transparent_text
   0049 F1            [10]  105 	pop	af
   004A F1            [10]  106 	pop	af
   004B 33            [ 6]  107 	inc	sp
                            108 ;src/State_Credits.c:24: print_transparent_text("ART:",cpctm_screenPtr((u16)CPCT_VMEM_START,16,78),3);
   004C 3E 03         [ 7]  109 	ld	a,#0x03
   004E F5            [11]  110 	push	af
   004F 33            [ 6]  111 	inc	sp
   0050 21 E0 F2      [10]  112 	ld	hl,#0xF2E0
   0053 E5            [11]  113 	push	hl
   0054 21rDAr00      [10]  114 	ld	hl,#___str_2
   0057 E5            [11]  115 	push	hl
   0058 CDr00r00      [17]  116 	call	_print_transparent_text
   005B F1            [10]  117 	pop	af
   005C F1            [10]  118 	pop	af
   005D 33            [ 6]  119 	inc	sp
                            120 ;src/State_Credits.c:25: print_transparent_text("Alejandro Padilla",cpctm_screenPtr((u16)CPCT_VMEM_START,16,86),3);
   005E 3E 03         [ 7]  121 	ld	a,#0x03
   0060 F5            [11]  122 	push	af
   0061 33            [ 6]  123 	inc	sp
   0062 21 30 F3      [10]  124 	ld	hl,#0xF330
   0065 E5            [11]  125 	push	hl
   0066 21rDFr00      [10]  126 	ld	hl,#___str_3
   0069 E5            [11]  127 	push	hl
   006A CDr00r00      [17]  128 	call	_print_transparent_text
   006D F1            [10]  129 	pop	af
   006E F1            [10]  130 	pop	af
   006F 33            [ 6]  131 	inc	sp
                            132 ;src/State_Credits.c:27: print_transparent_text("MUSIC:",cpctm_screenPtr((u16)CPCT_VMEM_START,16,102),3);
   0070 3E 03         [ 7]  133 	ld	a,#0x03
   0072 F5            [11]  134 	push	af
   0073 33            [ 6]  135 	inc	sp
   0074 21 D0 F3      [10]  136 	ld	hl,#0xF3D0
   0077 E5            [11]  137 	push	hl
   0078 21rF1r00      [10]  138 	ld	hl,#___str_4
   007B E5            [11]  139 	push	hl
   007C CDr00r00      [17]  140 	call	_print_transparent_text
   007F F1            [10]  141 	pop	af
   0080 F1            [10]  142 	pop	af
   0081 33            [ 6]  143 	inc	sp
                            144 ;src/State_Credits.c:28: print_transparent_text("Carlos Blaya",cpctm_screenPtr((u16)CPCT_VMEM_START,16,110),3);
   0082 3E 03         [ 7]  145 	ld	a,#0x03
   0084 F5            [11]  146 	push	af
   0085 33            [ 6]  147 	inc	sp
   0086 21 20 F4      [10]  148 	ld	hl,#0xF420
   0089 E5            [11]  149 	push	hl
   008A 21rF8r00      [10]  150 	ld	hl,#___str_5
   008D E5            [11]  151 	push	hl
   008E CDr00r00      [17]  152 	call	_print_transparent_text
   0091 F1            [10]  153 	pop	af
   0092 F1            [10]  154 	pop	af
   0093 33            [ 6]  155 	inc	sp
                            156 ;src/State_Credits.c:30: print_transparent_text("SFX:",cpctm_screenPtr((u16)CPCT_VMEM_START,16,126),3);
   0094 3E 03         [ 7]  157 	ld	a,#0x03
   0096 F5            [11]  158 	push	af
   0097 33            [ 6]  159 	inc	sp
   0098 21 C0 F4      [10]  160 	ld	hl,#0xF4C0
   009B E5            [11]  161 	push	hl
   009C 21r05r01      [10]  162 	ld	hl,#___str_6
   009F E5            [11]  163 	push	hl
   00A0 CDr00r00      [17]  164 	call	_print_transparent_text
   00A3 F1            [10]  165 	pop	af
   00A4 F1            [10]  166 	pop	af
   00A5 33            [ 6]  167 	inc	sp
                            168 ;src/State_Credits.c:31: print_transparent_text("Alberto Salieto @Venisir",cpctm_screenPtr((u16)CPCT_VMEM_START,16,134),3);
   00A6 3E 03         [ 7]  169 	ld	a,#0x03
   00A8 F5            [11]  170 	push	af
   00A9 33            [ 6]  171 	inc	sp
   00AA 21 10 F5      [10]  172 	ld	hl,#0xF510
   00AD E5            [11]  173 	push	hl
   00AE 21r0Ar01      [10]  174 	ld	hl,#___str_7
   00B1 E5            [11]  175 	push	hl
   00B2 CDr00r00      [17]  176 	call	_print_transparent_text
   00B5 F1            [10]  177 	pop	af
   00B6 F1            [10]  178 	pop	af
   00B7 33            [ 6]  179 	inc	sp
   00B8 C9            [10]  180 	ret
   00B9                     181 ___str_0:
   00B9 43 4F 44 49 4E 47   182 	.ascii "CODING:"
        3A
   00C0 00                  183 	.db 0x00
   00C1                     184 ___str_1:
   00C1 41 6C 62 65 72 74   185 	.ascii "Albert Sirvent @piterayo"
        20 53 69 72 76 65
        6E 74 20 40 70 69
        74 65 72 61 79 6F
   00D9 00                  186 	.db 0x00
   00DA                     187 ___str_2:
   00DA 41 52 54 3A         188 	.ascii "ART:"
   00DE 00                  189 	.db 0x00
   00DF                     190 ___str_3:
   00DF 41 6C 65 6A 61 6E   191 	.ascii "Alejandro Padilla"
        64 72 6F 20 50 61
        64 69 6C 6C 61
   00F0 00                  192 	.db 0x00
   00F1                     193 ___str_4:
   00F1 4D 55 53 49 43 3A   194 	.ascii "MUSIC:"
   00F7 00                  195 	.db 0x00
   00F8                     196 ___str_5:
   00F8 43 61 72 6C 6F 73   197 	.ascii "Carlos Blaya"
        20 42 6C 61 79 61
   0104 00                  198 	.db 0x00
   0105                     199 ___str_6:
   0105 53 46 58 3A         200 	.ascii "SFX:"
   0109 00                  201 	.db 0x00
   010A                     202 ___str_7:
   010A 41 6C 62 65 72 74   203 	.ascii "Alberto Salieto @Venisir"
        6F 20 53 61 6C 69
        65 74 6F 20 40 56
        65 6E 69 73 69 72
   0122 00                  204 	.db 0x00
                            205 ;src/State_Credits.c:35: void state_credits_return(){
                            206 ;	---------------------------------
                            207 ; Function state_credits_return
                            208 ; ---------------------------------
   0123                     209 _state_credits_return::
                            210 ;src/State_Credits.c:37: }
   0123 C9            [10]  211 	ret
                            212 ;src/State_Credits.c:39: void state_credits_input(){
                            213 ;	---------------------------------
                            214 ; Function state_credits_input
                            215 ; ---------------------------------
   0124                     216 _state_credits_input::
                            217 ;src/State_Credits.c:40: if(cpct_isAnyKeyPressed_f ()){
   0124 CDr00r00      [17]  218 	call	_cpct_isAnyKeyPressed_f
   0127 7D            [ 4]  219 	ld	a,l
   0128 B7            [ 4]  220 	or	a, a
   0129 C8            [11]  221 	ret	Z
                            222 ;src/State_Credits.c:41: statemanager_input_accepted();
   012A C3r00r00      [10]  223 	jp  _statemanager_input_accepted
                            224 ;src/State_Credits.c:45: void state_credits_update(){
                            225 ;	---------------------------------
                            226 ; Function state_credits_update
                            227 ; ---------------------------------
   012D                     228 _state_credits_update::
                            229 ;src/State_Credits.c:46: statemanager_close_state();
   012D C3r00r00      [10]  230 	jp  _statemanager_close_state
                            231 ;src/State_Credits.c:49: void state_credits_render(){
                            232 ;	---------------------------------
                            233 ; Function state_credits_render
                            234 ; ---------------------------------
   0130                     235 _state_credits_render::
                            236 ;src/State_Credits.c:51: }
   0130 C9            [10]  237 	ret
                            238 ;src/State_Credits.c:53: void state_credits_exit(){
                            239 ;	---------------------------------
                            240 ; Function state_credits_exit
                            241 ; ---------------------------------
   0131                     242 _state_credits_exit::
                            243 ;src/State_Credits.c:54: cpct_drawSolidBox(cpctm_screenPtr((u16)CPCT_VMEM_START,14,46),g_colors[1],52,108);
   0131 21r01r00      [10]  244 	ld	hl, #(_g_colors + 0x0001) + 0
   0134 46            [ 7]  245 	ld	b,(hl)
   0135 21 34 6C      [10]  246 	ld	hl,#0x6C34
   0138 E5            [11]  247 	push	hl
   0139 C5            [11]  248 	push	bc
   013A 33            [ 6]  249 	inc	sp
   013B 21 9E F1      [10]  250 	ld	hl,#0xF19E
   013E E5            [11]  251 	push	hl
   013F CDr00r00      [17]  252 	call	_cpct_drawSolidBox
   0142 F1            [10]  253 	pop	af
   0143 F1            [10]  254 	pop	af
   0144 33            [ 6]  255 	inc	sp
   0145 C9            [10]  256 	ret
                            257 	.area _CODE
                            258 	.area _INITIALIZER
                            259 	.area _CABS (ABS)
