                              1 ;--------------------------------------------------------
                              2 ; File Created by SDCC : free open source ANSI-C Compiler
                              3 ; Version 3.5.5 #9498 (Linux)
                              4 ;--------------------------------------------------------
                              5 	.module UI_Inventory
                              6 	.optsdcc -mz80
                              7 	
                              8 ;--------------------------------------------------------
                              9 ; Public variables in this module
                             10 ;--------------------------------------------------------
                             11 	.globl _ui_inventory_render_button
                             12 	.globl _print_transparent_text
                             13 	.globl _cpct_drawSolidBox
                             14 	.globl _ui_inventory_entrySelected
                             15 	.globl _ui_inventory_entryIndex
                             16 	.globl _ui_inventory_lastEntry
                             17 	.globl _ui_inventory_buttonText
                             18 	.globl _ui_inventory_entriesTextPosition
                             19 	.globl _ui_inventory_entriesPosition
                             20 	.globl _ui_inventory_init
                             21 	.globl _ui_inventory_get_entry
                             22 	.globl _ui_inventory_is_selected
                             23 	.globl _ui_inventory_next_entry
                             24 	.globl _ui_inventory_previous_entry
                             25 	.globl _ui_inventory_select_entry
                             26 	.globl _ui_inventory_unselect_entry
                             27 	.globl _ui_inventory_render_refresh
                             28 	.globl _ui_inventory_render_all
                             29 ;--------------------------------------------------------
                             30 ; special function registers
                             31 ;--------------------------------------------------------
                             32 ;--------------------------------------------------------
                             33 ; ram data
                             34 ;--------------------------------------------------------
                             35 	.area _DATA
   0000                      36 _ui_inventory_lastEntry::
   0000                      37 	.ds 1
   0001                      38 _ui_inventory_entryIndex::
   0001                      39 	.ds 1
   0002                      40 _ui_inventory_entrySelected::
   0002                      41 	.ds 1
                             42 ;--------------------------------------------------------
                             43 ; ram data
                             44 ;--------------------------------------------------------
                             45 	.area _INITIALIZED
                             46 ;--------------------------------------------------------
                             47 ; absolute external ram data
                             48 ;--------------------------------------------------------
                             49 	.area _DABS (ABS)
                             50 ;--------------------------------------------------------
                             51 ; global & static initialisations
                             52 ;--------------------------------------------------------
                             53 	.area _HOME
                             54 	.area _GSINIT
                             55 	.area _GSFINAL
                             56 	.area _GSINIT
                             57 ;--------------------------------------------------------
                             58 ; Home
                             59 ;--------------------------------------------------------
                             60 	.area _HOME
                             61 	.area _HOME
                             62 ;--------------------------------------------------------
                             63 ; code
                             64 ;--------------------------------------------------------
                             65 	.area _CODE
                             66 ;src/UI_Inventory.c:54: void ui_inventory_init(){
                             67 ;	---------------------------------
                             68 ; Function ui_inventory_init
                             69 ; ---------------------------------
   0000                      70 _ui_inventory_init::
                             71 ;src/UI_Inventory.c:55: ui_inventory_lastEntry=0;
   0000 21r00r00      [10]   72 	ld	hl,#_ui_inventory_lastEntry + 0
   0003 36 00         [10]   73 	ld	(hl), #0x00
                             74 ;src/UI_Inventory.c:56: ui_inventory_entryIndex=0;
   0005 21r01r00      [10]   75 	ld	hl,#_ui_inventory_entryIndex + 0
   0008 36 00         [10]   76 	ld	(hl), #0x00
                             77 ;src/UI_Inventory.c:57: ui_inventory_entrySelected=0;
   000A 21r02r00      [10]   78 	ld	hl,#_ui_inventory_entrySelected + 0
   000D 36 00         [10]   79 	ld	(hl), #0x00
   000F C9            [10]   80 	ret
   0010                      81 _ui_inventory_entriesPosition:
   0010 FB C2                82 	.dw #0xC2FB
   0012 9B E3                83 	.dw #0xE39B
   0014 82 C4                84 	.dw #0xC482
   0016                      85 _ui_inventory_entriesTextPosition:
   0016 FE EA                86 	.dw #0xEAFE
   0018 EE CB                87 	.dw #0xCBEE
   001A 84 EC                88 	.dw #0xEC84
   001C                      89 _ui_inventory_buttonText:
   001Cr22r00                90 	.dw __str_0
   001Er22r00                91 	.dw __str_0
   0020r26r00                92 	.dw __str_1
   0022                      93 __str_0:
   0022 55 53 45             94 	.ascii "USE"
   0025 00                   95 	.db 0x00
   0026                      96 __str_1:
   0026 45 58 49 54          97 	.ascii "EXIT"
   002A 00                   98 	.db 0x00
                             99 ;src/UI_Inventory.c:61: u8 ui_inventory_get_entry(){
                            100 ;	---------------------------------
                            101 ; Function ui_inventory_get_entry
                            102 ; ---------------------------------
   002B                     103 _ui_inventory_get_entry::
                            104 ;src/UI_Inventory.c:62: return ui_inventory_entryIndex;
   002B FD 21r01r00   [14]  105 	ld	iy,#_ui_inventory_entryIndex
   002F FD 6E 00      [19]  106 	ld	l,0 (iy)
   0032 C9            [10]  107 	ret
                            108 ;src/UI_Inventory.c:65: u8 ui_inventory_is_selected(){
                            109 ;	---------------------------------
                            110 ; Function ui_inventory_is_selected
                            111 ; ---------------------------------
   0033                     112 _ui_inventory_is_selected::
                            113 ;src/UI_Inventory.c:66: return ui_inventory_entrySelected;
   0033 FD 21r02r00   [14]  114 	ld	iy,#_ui_inventory_entrySelected
   0037 FD 6E 00      [19]  115 	ld	l,0 (iy)
   003A C9            [10]  116 	ret
                            117 ;src/UI_Inventory.c:69: void ui_inventory_next_entry(){
                            118 ;	---------------------------------
                            119 ; Function ui_inventory_next_entry
                            120 ; ---------------------------------
   003B                     121 _ui_inventory_next_entry::
                            122 ;src/UI_Inventory.c:70: if(ui_inventory_entryIndex<(UI_INVENTORY_ENTRIES-1)){
                            123 ;src/UI_Inventory.c:71: ui_inventory_lastEntry=ui_inventory_entryIndex;
   003B 3Ar01r00      [13]  124 	ld	a,(#_ui_inventory_entryIndex + 0)
   003E FE 02         [ 7]  125 	cp	a,#0x02
   0040 D0            [11]  126 	ret	NC
   0041 32r00r00      [13]  127 	ld	(#_ui_inventory_lastEntry + 0),a
                            128 ;src/UI_Inventory.c:72: ++ui_inventory_entryIndex;
   0044 21r01r00      [10]  129 	ld	hl, #_ui_inventory_entryIndex+0
   0047 34            [11]  130 	inc	(hl)
   0048 C9            [10]  131 	ret
                            132 ;src/UI_Inventory.c:76: void ui_inventory_previous_entry(){
                            133 ;	---------------------------------
                            134 ; Function ui_inventory_previous_entry
                            135 ; ---------------------------------
   0049                     136 _ui_inventory_previous_entry::
                            137 ;src/UI_Inventory.c:77: if(ui_inventory_entryIndex>0){
   0049 3Ar01r00      [13]  138 	ld	a,(#_ui_inventory_entryIndex + 0)
   004C B7            [ 4]  139 	or	a, a
   004D C8            [11]  140 	ret	Z
                            141 ;src/UI_Inventory.c:78: ui_inventory_lastEntry=ui_inventory_entryIndex;
   004E 3Ar01r00      [13]  142 	ld	a,(#_ui_inventory_entryIndex + 0)
   0051 32r00r00      [13]  143 	ld	(#_ui_inventory_lastEntry + 0),a
                            144 ;src/UI_Inventory.c:79: --ui_inventory_entryIndex;
   0054 21r01r00      [10]  145 	ld	hl, #_ui_inventory_entryIndex+0
   0057 35            [11]  146 	dec	(hl)
   0058 C9            [10]  147 	ret
                            148 ;src/UI_Inventory.c:84: void ui_inventory_select_entry(){
                            149 ;	---------------------------------
                            150 ; Function ui_inventory_select_entry
                            151 ; ---------------------------------
   0059                     152 _ui_inventory_select_entry::
                            153 ;src/UI_Inventory.c:85: ui_inventory_entrySelected=1;
   0059 21r02r00      [10]  154 	ld	hl,#_ui_inventory_entrySelected + 0
   005C 36 01         [10]  155 	ld	(hl), #0x01
   005E C9            [10]  156 	ret
                            157 ;src/UI_Inventory.c:88: void ui_inventory_unselect_entry(){
                            158 ;	---------------------------------
                            159 ; Function ui_inventory_unselect_entry
                            160 ; ---------------------------------
   005F                     161 _ui_inventory_unselect_entry::
                            162 ;src/UI_Inventory.c:89: ui_inventory_entrySelected=0;
   005F 21r02r00      [10]  163 	ld	hl,#_ui_inventory_entrySelected + 0
   0062 36 00         [10]  164 	ld	(hl), #0x00
   0064 C9            [10]  165 	ret
                            166 ;src/UI_Inventory.c:92: void ui_inventory_render_button(u8 n){
                            167 ;	---------------------------------
                            168 ; Function ui_inventory_render_button
                            169 ; ---------------------------------
   0065                     170 _ui_inventory_render_button::
   0065 DD E5         [15]  171 	push	ix
   0067 DD 21 00 00   [14]  172 	ld	ix,#0
   006B DD 39         [15]  173 	add	ix,sp
   006D 3B            [ 6]  174 	dec	sp
                            175 ;src/UI_Inventory.c:94: color = (n==ui_inventory_entryIndex)?((ui_inventory_entrySelected)? g_colors[BUTTON_COLOR_SELECTED]: g_colors[BUTTON_COLOR_HIGHLIGHT]): g_colors[BUTTON_COLOR_BACKGROUND];
   006E DD 7E 04      [19]  176 	ld	a,4 (ix)
   0071 FD 21r01r00   [14]  177 	ld	iy,#_ui_inventory_entryIndex
   0075 FD 96 00      [19]  178 	sub	a, 0 (iy)
   0078 20 10         [12]  179 	jr	NZ,00103$
   007A 3Ar02r00      [13]  180 	ld	a,(#_ui_inventory_entrySelected + 0)
   007D B7            [ 4]  181 	or	a, a
   007E 28 05         [12]  182 	jr	Z,00105$
   0080 3Ar04r00      [13]  183 	ld	a, (#(_g_colors + 0x0004) + 0)
   0083 18 08         [12]  184 	jr	00104$
   0085                     185 00105$:
   0085 3Ar06r00      [13]  186 	ld	a, (#(_g_colors + 0x0006) + 0)
   0088 18 03         [12]  187 	jr	00104$
   008A                     188 00103$:
   008A 3Ar02r00      [13]  189 	ld	a, (#(_g_colors + 0x0002) + 0)
   008D                     190 00104$:
   008D DD 77 FF      [19]  191 	ld	-1 (ix),a
                            192 ;src/UI_Inventory.c:95: cpct_drawSolidBox(ui_inventory_entriesPosition[n],color, UI_INVENTORY_BUTTON_WIDTH, UI_INVENTORY_BUTTON_HEIGHT);
   0090 DD 6E 04      [19]  193 	ld	l,4 (ix)
   0093 26 00         [ 7]  194 	ld	h,#0x00
   0095 29            [11]  195 	add	hl, hl
   0096 4D            [ 4]  196 	ld	c, l
   0097 44            [ 4]  197 	ld	b, h
   0098 21r10r00      [10]  198 	ld	hl,#_ui_inventory_entriesPosition
   009B 09            [11]  199 	add	hl,bc
   009C 5E            [ 7]  200 	ld	e,(hl)
   009D 23            [ 6]  201 	inc	hl
   009E 56            [ 7]  202 	ld	d,(hl)
   009F C5            [11]  203 	push	bc
   00A0 21 0C 10      [10]  204 	ld	hl,#0x100C
   00A3 E5            [11]  205 	push	hl
   00A4 DD 7E FF      [19]  206 	ld	a,-1 (ix)
   00A7 F5            [11]  207 	push	af
   00A8 33            [ 6]  208 	inc	sp
   00A9 D5            [11]  209 	push	de
   00AA CDr00r00      [17]  210 	call	_cpct_drawSolidBox
   00AD F1            [10]  211 	pop	af
   00AE F1            [10]  212 	pop	af
   00AF 33            [ 6]  213 	inc	sp
   00B0 C1            [10]  214 	pop	bc
                            215 ;src/UI_Inventory.c:96: print_transparent_text(ui_inventory_buttonText[n], ui_inventory_entriesTextPosition[n], 3);
   00B1 21r16r00      [10]  216 	ld	hl,#_ui_inventory_entriesTextPosition
   00B4 09            [11]  217 	add	hl,bc
   00B5 5E            [ 7]  218 	ld	e,(hl)
   00B6 23            [ 6]  219 	inc	hl
   00B7 56            [ 7]  220 	ld	d,(hl)
   00B8 21r1Cr00      [10]  221 	ld	hl,#_ui_inventory_buttonText
   00BB 09            [11]  222 	add	hl,bc
   00BC 4E            [ 7]  223 	ld	c,(hl)
   00BD 23            [ 6]  224 	inc	hl
   00BE 46            [ 7]  225 	ld	b,(hl)
   00BF 3E 03         [ 7]  226 	ld	a,#0x03
   00C1 F5            [11]  227 	push	af
   00C2 33            [ 6]  228 	inc	sp
   00C3 D5            [11]  229 	push	de
   00C4 C5            [11]  230 	push	bc
   00C5 CDr00r00      [17]  231 	call	_print_transparent_text
   00C8 F1            [10]  232 	pop	af
   00C9 F1            [10]  233 	pop	af
   00CA 33            [ 6]  234 	inc	sp
   00CB 33            [ 6]  235 	inc	sp
   00CC DD E1         [14]  236 	pop	ix
   00CE C9            [10]  237 	ret
                            238 ;src/UI_Inventory.c:100: void ui_inventory_render_refresh(){
                            239 ;	---------------------------------
                            240 ; Function ui_inventory_render_refresh
                            241 ; ---------------------------------
   00CF                     242 _ui_inventory_render_refresh::
                            243 ;src/UI_Inventory.c:102: ui_inventory_render_button(ui_inventory_entryIndex);
   00CF 3Ar01r00      [13]  244 	ld	a,(_ui_inventory_entryIndex)
   00D2 F5            [11]  245 	push	af
   00D3 33            [ 6]  246 	inc	sp
   00D4 CDr65r00      [17]  247 	call	_ui_inventory_render_button
   00D7 33            [ 6]  248 	inc	sp
                            249 ;src/UI_Inventory.c:103: ui_inventory_render_button(ui_inventory_lastEntry);
   00D8 3Ar00r00      [13]  250 	ld	a,(_ui_inventory_lastEntry)
   00DB F5            [11]  251 	push	af
   00DC 33            [ 6]  252 	inc	sp
   00DD CDr65r00      [17]  253 	call	_ui_inventory_render_button
   00E0 33            [ 6]  254 	inc	sp
                            255 ;src/UI_Inventory.c:105: ui_inventory_lastEntry=ui_inventory_entryIndex;
   00E1 3Ar01r00      [13]  256 	ld	a,(#_ui_inventory_entryIndex + 0)
   00E4 32r00r00      [13]  257 	ld	(#_ui_inventory_lastEntry + 0),a
   00E7 C9            [10]  258 	ret
                            259 ;src/UI_Inventory.c:108: void ui_inventory_render_all(){
                            260 ;	---------------------------------
                            261 ; Function ui_inventory_render_all
                            262 ; ---------------------------------
   00E8                     263 _ui_inventory_render_all::
                            264 ;src/UI_Inventory.c:111: print_transparent_text("POTION", UI_INVENTORY_BUTTON_POTIONS_LABEL_POSITION, 3);
   00E8 3E 03         [ 7]  265 	ld	a,#0x03
   00EA F5            [11]  266 	push	af
   00EB 33            [ 6]  267 	inc	sp
   00EC 21 EA EA      [10]  268 	ld	hl,#0xEAEA
   00EF E5            [11]  269 	push	hl
   00F0 21r24r01      [10]  270 	ld	hl,#___str_2
   00F3 E5            [11]  271 	push	hl
   00F4 CDr00r00      [17]  272 	call	_print_transparent_text
   00F7 F1            [10]  273 	pop	af
   00F8 F1            [10]  274 	pop	af
   00F9 33            [ 6]  275 	inc	sp
                            276 ;src/UI_Inventory.c:112: print_transparent_text("SCROLL", UI_INVENTORY_BUTTON_SCROLLS_LABEL_POSITION, 3);
   00FA 3E 03         [ 7]  277 	ld	a,#0x03
   00FC F5            [11]  278 	push	af
   00FD 33            [ 6]  279 	inc	sp
   00FE 21 DA CB      [10]  280 	ld	hl,#0xCBDA
   0101 E5            [11]  281 	push	hl
   0102 21r2Br01      [10]  282 	ld	hl,#___str_3
   0105 E5            [11]  283 	push	hl
   0106 CDr00r00      [17]  284 	call	_print_transparent_text
   0109 F1            [10]  285 	pop	af
   010A F1            [10]  286 	pop	af
   010B 33            [ 6]  287 	inc	sp
                            288 ;src/UI_Inventory.c:114: while(n){
   010C 06 03         [ 7]  289 	ld	b,#0x03
   010E                     290 00101$:
   010E 78            [ 4]  291 	ld	a,b
   010F B7            [ 4]  292 	or	a, a
   0110 28 0B         [12]  293 	jr	Z,00103$
                            294 ;src/UI_Inventory.c:115: --n;
   0112 05            [ 4]  295 	dec	b
                            296 ;src/UI_Inventory.c:116: ui_inventory_render_button(n);
   0113 C5            [11]  297 	push	bc
   0114 C5            [11]  298 	push	bc
   0115 33            [ 6]  299 	inc	sp
   0116 CDr65r00      [17]  300 	call	_ui_inventory_render_button
   0119 33            [ 6]  301 	inc	sp
   011A C1            [10]  302 	pop	bc
   011B 18 F1         [12]  303 	jr	00101$
   011D                     304 00103$:
                            305 ;src/UI_Inventory.c:119: ui_inventory_lastEntry=ui_inventory_entryIndex;
   011D 3Ar01r00      [13]  306 	ld	a,(#_ui_inventory_entryIndex + 0)
   0120 32r00r00      [13]  307 	ld	(#_ui_inventory_lastEntry + 0),a
   0123 C9            [10]  308 	ret
   0124                     309 ___str_2:
   0124 50 4F 54 49 4F 4E   310 	.ascii "POTION"
   012A 00                  311 	.db 0x00
   012B                     312 ___str_3:
   012B 53 43 52 4F 4C 4C   313 	.ascii "SCROLL"
   0131 00                  314 	.db 0x00
                            315 	.area _CODE
                            316 	.area _INITIALIZER
                            317 	.area _CABS (ABS)
