                              1 ;--------------------------------------------------------
                              2 ; File Created by SDCC : free open source ANSI-C Compiler
                              3 ; Version 3.5.5 #9498 (Linux)
                              4 ;--------------------------------------------------------
                              5 	.module UI_LoadGame
                              6 	.optsdcc -mz80
                              7 	
                              8 ;--------------------------------------------------------
                              9 ; Public variables in this module
                             10 ;--------------------------------------------------------
                             11 	.globl _ui_loadgame_render_button
                             12 	.globl _ui_stringinput_get_string
                             13 	.globl _print_transparent_text
                             14 	.globl _print_text
                             15 	.globl _cpct_drawSolidBox
                             16 	.globl _ui_loadgame_entrySelected
                             17 	.globl _ui_loadgame_entryIndex
                             18 	.globl _ui_loadgame_lastEntry
                             19 	.globl _ui_loadgame_buttonText
                             20 	.globl _ui_loadgame_entriesTextPosition
                             21 	.globl _ui_loadgame_entriesPosition
                             22 	.globl _ui_loadgame_init
                             23 	.globl _ui_loadgame_get_entry
                             24 	.globl _ui_loadgame_is_selected
                             25 	.globl _ui_loadgame_next_entry
                             26 	.globl _ui_loadgame_previous_entry
                             27 	.globl _ui_loadgame_select_entry
                             28 	.globl _ui_loadgame_unselect_entry
                             29 	.globl _ui_loadgame_render_all
                             30 ;--------------------------------------------------------
                             31 ; special function registers
                             32 ;--------------------------------------------------------
                             33 ;--------------------------------------------------------
                             34 ; ram data
                             35 ;--------------------------------------------------------
                             36 	.area _DATA
   0000                      37 _ui_loadgame_lastEntry::
   0000                      38 	.ds 1
   0001                      39 _ui_loadgame_entryIndex::
   0001                      40 	.ds 1
   0002                      41 _ui_loadgame_entrySelected::
   0002                      42 	.ds 1
                             43 ;--------------------------------------------------------
                             44 ; ram data
                             45 ;--------------------------------------------------------
                             46 	.area _INITIALIZED
                             47 ;--------------------------------------------------------
                             48 ; absolute external ram data
                             49 ;--------------------------------------------------------
                             50 	.area _DABS (ABS)
                             51 ;--------------------------------------------------------
                             52 ; global & static initialisations
                             53 ;--------------------------------------------------------
                             54 	.area _HOME
                             55 	.area _GSINIT
                             56 	.area _GSFINAL
                             57 	.area _GSINIT
                             58 ;--------------------------------------------------------
                             59 ; Home
                             60 ;--------------------------------------------------------
                             61 	.area _HOME
                             62 	.area _HOME
                             63 ;--------------------------------------------------------
                             64 ; code
                             65 ;--------------------------------------------------------
                             66 	.area _CODE
                             67 ;src/UI_LoadGame.c:48: void ui_loadgame_init(){
                             68 ;	---------------------------------
                             69 ; Function ui_loadgame_init
                             70 ; ---------------------------------
   0000                      71 _ui_loadgame_init::
                             72 ;src/UI_LoadGame.c:49: ui_loadgame_lastEntry=0;
   0000 21r00r00      [10]   73 	ld	hl,#_ui_loadgame_lastEntry + 0
   0003 36 00         [10]   74 	ld	(hl), #0x00
                             75 ;src/UI_LoadGame.c:50: ui_loadgame_entryIndex=0;
   0005 21r01r00      [10]   76 	ld	hl,#_ui_loadgame_entryIndex + 0
   0008 36 00         [10]   77 	ld	(hl), #0x00
                             78 ;src/UI_LoadGame.c:51: ui_loadgame_entrySelected=0;
   000A 21r02r00      [10]   79 	ld	hl,#_ui_loadgame_entrySelected + 0
   000D 36 00         [10]   80 	ld	(hl), #0x00
   000F C9            [10]   81 	ret
   0010                      82 _ui_loadgame_entriesPosition:
   0010 D8 EB                83 	.dw #0xEBD8
   0012 EA EB                84 	.dw #0xEBEA
   0014                      85 _ui_loadgame_entriesTextPosition:
   0014 2A D4                86 	.dw #0xD42A
   0016 3C D4                87 	.dw #0xD43C
   0018                      88 _ui_loadgame_buttonText:
   0018r1Cr00                89 	.dw __str_0
   001Ar21r00                90 	.dw __str_1
   001C                      91 __str_0:
   001C 4C 4F 41 44          92 	.ascii "LOAD"
   0020 00                   93 	.db 0x00
   0021                      94 __str_1:
   0021 45 58 49 54          95 	.ascii "EXIT"
   0025 00                   96 	.db 0x00
                             97 ;src/UI_LoadGame.c:55: u8 ui_loadgame_get_entry(){
                             98 ;	---------------------------------
                             99 ; Function ui_loadgame_get_entry
                            100 ; ---------------------------------
   0026                     101 _ui_loadgame_get_entry::
                            102 ;src/UI_LoadGame.c:56: return ui_loadgame_entryIndex;
   0026 FD 21r01r00   [14]  103 	ld	iy,#_ui_loadgame_entryIndex
   002A FD 6E 00      [19]  104 	ld	l,0 (iy)
   002D C9            [10]  105 	ret
                            106 ;src/UI_LoadGame.c:59: u8 ui_loadgame_is_selected(){
                            107 ;	---------------------------------
                            108 ; Function ui_loadgame_is_selected
                            109 ; ---------------------------------
   002E                     110 _ui_loadgame_is_selected::
                            111 ;src/UI_LoadGame.c:60: return ui_loadgame_entrySelected;
   002E FD 21r02r00   [14]  112 	ld	iy,#_ui_loadgame_entrySelected
   0032 FD 6E 00      [19]  113 	ld	l,0 (iy)
   0035 C9            [10]  114 	ret
                            115 ;src/UI_LoadGame.c:63: void ui_loadgame_next_entry(){
                            116 ;	---------------------------------
                            117 ; Function ui_loadgame_next_entry
                            118 ; ---------------------------------
   0036                     119 _ui_loadgame_next_entry::
                            120 ;src/UI_LoadGame.c:64: if(ui_loadgame_entryIndex<(UI_LOADGAME_ENTRIES-1)){
   0036 3Ar01r00      [13]  121 	ld	a,(#_ui_loadgame_entryIndex + 0)
   0039 EE 80         [ 7]  122 	xor	a, #0x80
   003B D6 81         [ 7]  123 	sub	a, #0x81
   003D D0            [11]  124 	ret	NC
                            125 ;src/UI_LoadGame.c:65: ui_loadgame_lastEntry=ui_loadgame_entryIndex;
   003E 3Ar01r00      [13]  126 	ld	a,(#_ui_loadgame_entryIndex + 0)
   0041 21r00r00      [10]  127 	ld	hl,#_ui_loadgame_lastEntry + 0
   0044 77            [ 7]  128 	ld	(hl), a
                            129 ;src/UI_LoadGame.c:66: ++ui_loadgame_entryIndex;
   0045 21r01r00      [10]  130 	ld	hl, #_ui_loadgame_entryIndex+0
   0048 34            [11]  131 	inc	(hl)
   0049 C9            [10]  132 	ret
                            133 ;src/UI_LoadGame.c:70: void ui_loadgame_previous_entry(){
                            134 ;	---------------------------------
                            135 ; Function ui_loadgame_previous_entry
                            136 ; ---------------------------------
   004A                     137 _ui_loadgame_previous_entry::
                            138 ;src/UI_LoadGame.c:71: if(ui_loadgame_entryIndex>0){
   004A 3Ar01r00      [13]  139 	ld	a,(#_ui_loadgame_entryIndex + 0)
   004D B7            [ 4]  140 	or	a, a
   004E C8            [11]  141 	ret	Z
                            142 ;src/UI_LoadGame.c:72: ui_loadgame_lastEntry=ui_loadgame_entryIndex;
   004F 3Ar01r00      [13]  143 	ld	a,(#_ui_loadgame_entryIndex + 0)
   0052 21r00r00      [10]  144 	ld	hl,#_ui_loadgame_lastEntry + 0
   0055 77            [ 7]  145 	ld	(hl), a
                            146 ;src/UI_LoadGame.c:73: --ui_loadgame_entryIndex;
   0056 21r01r00      [10]  147 	ld	hl, #_ui_loadgame_entryIndex+0
   0059 35            [11]  148 	dec	(hl)
   005A C9            [10]  149 	ret
                            150 ;src/UI_LoadGame.c:78: void ui_loadgame_select_entry(){
                            151 ;	---------------------------------
                            152 ; Function ui_loadgame_select_entry
                            153 ; ---------------------------------
   005B                     154 _ui_loadgame_select_entry::
                            155 ;src/UI_LoadGame.c:79: ui_loadgame_entrySelected=1;
   005B 21r02r00      [10]  156 	ld	hl,#_ui_loadgame_entrySelected + 0
   005E 36 01         [10]  157 	ld	(hl), #0x01
   0060 C9            [10]  158 	ret
                            159 ;src/UI_LoadGame.c:82: void ui_loadgame_unselect_entry(){
                            160 ;	---------------------------------
                            161 ; Function ui_loadgame_unselect_entry
                            162 ; ---------------------------------
   0061                     163 _ui_loadgame_unselect_entry::
                            164 ;src/UI_LoadGame.c:83: ui_loadgame_entrySelected=0;
   0061 21r02r00      [10]  165 	ld	hl,#_ui_loadgame_entrySelected + 0
   0064 36 00         [10]  166 	ld	(hl), #0x00
   0066 C9            [10]  167 	ret
                            168 ;src/UI_LoadGame.c:86: void ui_loadgame_render_button(u8 n){
                            169 ;	---------------------------------
                            170 ; Function ui_loadgame_render_button
                            171 ; ---------------------------------
   0067                     172 _ui_loadgame_render_button::
   0067 DD E5         [15]  173 	push	ix
   0069 DD 21 00 00   [14]  174 	ld	ix,#0
   006D DD 39         [15]  175 	add	ix,sp
   006F 3B            [ 6]  176 	dec	sp
                            177 ;src/UI_LoadGame.c:88: color = (n==ui_loadgame_entryIndex)?((ui_loadgame_entrySelected)? g_colors[BUTTON_COLOR_SELECTED]: g_colors[BUTTON_COLOR_HIGHLIGHT]): g_colors[BUTTON_COLOR_BACKGROUND];
   0070 DD 7E 04      [19]  178 	ld	a,4 (ix)
   0073 FD 21r01r00   [14]  179 	ld	iy,#_ui_loadgame_entryIndex
   0077 FD 96 00      [19]  180 	sub	a, 0 (iy)
   007A 20 10         [12]  181 	jr	NZ,00103$
   007C 3Ar02r00      [13]  182 	ld	a,(#_ui_loadgame_entrySelected + 0)
   007F B7            [ 4]  183 	or	a, a
   0080 28 05         [12]  184 	jr	Z,00105$
   0082 3Ar04r00      [13]  185 	ld	a, (#(_g_colors + 0x0004) + 0)
   0085 18 08         [12]  186 	jr	00104$
   0087                     187 00105$:
   0087 3Ar06r00      [13]  188 	ld	a, (#(_g_colors + 0x0006) + 0)
   008A 18 03         [12]  189 	jr	00104$
   008C                     190 00103$:
   008C 3Ar02r00      [13]  191 	ld	a, (#(_g_colors + 0x0002) + 0)
   008F                     192 00104$:
   008F DD 77 FF      [19]  193 	ld	-1 (ix),a
                            194 ;src/UI_LoadGame.c:89: cpct_drawSolidBox(ui_loadgame_entriesPosition[n],color, UI_LOADGAME_BUTTON_WIDTH, UI_LOADGAME_BUTTON_HEIGHT);
   0092 DD 6E 04      [19]  195 	ld	l,4 (ix)
   0095 26 00         [ 7]  196 	ld	h,#0x00
   0097 29            [11]  197 	add	hl, hl
   0098 4D            [ 4]  198 	ld	c, l
   0099 44            [ 4]  199 	ld	b, h
   009A 21r10r00      [10]  200 	ld	hl,#_ui_loadgame_entriesPosition
   009D 09            [11]  201 	add	hl,bc
   009E 5E            [ 7]  202 	ld	e,(hl)
   009F 23            [ 6]  203 	inc	hl
   00A0 56            [ 7]  204 	ld	d,(hl)
   00A1 C5            [11]  205 	push	bc
   00A2 21 0C 10      [10]  206 	ld	hl,#0x100C
   00A5 E5            [11]  207 	push	hl
   00A6 DD 7E FF      [19]  208 	ld	a,-1 (ix)
   00A9 F5            [11]  209 	push	af
   00AA 33            [ 6]  210 	inc	sp
   00AB D5            [11]  211 	push	de
   00AC CDr00r00      [17]  212 	call	_cpct_drawSolidBox
   00AF F1            [10]  213 	pop	af
   00B0 F1            [10]  214 	pop	af
   00B1 33            [ 6]  215 	inc	sp
   00B2 C1            [10]  216 	pop	bc
                            217 ;src/UI_LoadGame.c:90: print_transparent_text(ui_loadgame_buttonText[n], ui_loadgame_entriesTextPosition[n], 3);
   00B3 21r14r00      [10]  218 	ld	hl,#_ui_loadgame_entriesTextPosition
   00B6 09            [11]  219 	add	hl,bc
   00B7 5E            [ 7]  220 	ld	e,(hl)
   00B8 23            [ 6]  221 	inc	hl
   00B9 56            [ 7]  222 	ld	d,(hl)
   00BA 21r18r00      [10]  223 	ld	hl,#_ui_loadgame_buttonText
   00BD 09            [11]  224 	add	hl,bc
   00BE 4E            [ 7]  225 	ld	c,(hl)
   00BF 23            [ 6]  226 	inc	hl
   00C0 46            [ 7]  227 	ld	b,(hl)
   00C1 3E 03         [ 7]  228 	ld	a,#0x03
   00C3 F5            [11]  229 	push	af
   00C4 33            [ 6]  230 	inc	sp
   00C5 D5            [11]  231 	push	de
   00C6 C5            [11]  232 	push	bc
   00C7 CDr00r00      [17]  233 	call	_print_transparent_text
   00CA F1            [10]  234 	pop	af
   00CB F1            [10]  235 	pop	af
   00CC 33            [ 6]  236 	inc	sp
   00CD 33            [ 6]  237 	inc	sp
   00CE DD E1         [14]  238 	pop	ix
   00D0 C9            [10]  239 	ret
                            240 ;src/UI_LoadGame.c:94: void ui_loadgame_render_all(){
                            241 ;	---------------------------------
                            242 ; Function ui_loadgame_render_all
                            243 ; ---------------------------------
   00D1                     244 _ui_loadgame_render_all::
                            245 ;src/UI_LoadGame.c:97: cpct_drawSolidBox(UI_LOADGAME_STRING_POSITION, g_colors[1], 36,6);
   00D1 21r01r00      [10]  246 	ld	hl, #(_g_colors + 0x0001) + 0
   00D4 46            [ 7]  247 	ld	b,(hl)
   00D5 21 24 06      [10]  248 	ld	hl,#0x0624
   00D8 E5            [11]  249 	push	hl
   00D9 C5            [11]  250 	push	bc
   00DA 33            [ 6]  251 	inc	sp
   00DB 21 86 DB      [10]  252 	ld	hl,#0xDB86
   00DE E5            [11]  253 	push	hl
   00DF CDr00r00      [17]  254 	call	_cpct_drawSolidBox
   00E2 F1            [10]  255 	pop	af
   00E3 F1            [10]  256 	pop	af
   00E4 33            [ 6]  257 	inc	sp
                            258 ;src/UI_LoadGame.c:98: print_text(ui_stringinput_get_string(),UI_LOADGAME_STRING_POSITION, 1,3);
   00E5 CDr00r00      [17]  259 	call	_ui_stringinput_get_string
   00E8 4D            [ 4]  260 	ld	c,l
   00E9 44            [ 4]  261 	ld	b,h
   00EA 21 01 03      [10]  262 	ld	hl,#0x0301
   00ED E5            [11]  263 	push	hl
   00EE 21 86 DB      [10]  264 	ld	hl,#0xDB86
   00F1 E5            [11]  265 	push	hl
   00F2 C5            [11]  266 	push	bc
   00F3 CDr00r00      [17]  267 	call	_print_text
   00F6 21 06 00      [10]  268 	ld	hl,#6
   00F9 39            [11]  269 	add	hl,sp
   00FA F9            [ 6]  270 	ld	sp,hl
                            271 ;src/UI_LoadGame.c:100: while(n){
   00FB 06 02         [ 7]  272 	ld	b,#0x02
   00FD                     273 00101$:
   00FD 78            [ 4]  274 	ld	a,b
   00FE B7            [ 4]  275 	or	a, a
   00FF 28 0B         [12]  276 	jr	Z,00103$
                            277 ;src/UI_LoadGame.c:101: --n;
   0101 05            [ 4]  278 	dec	b
                            279 ;src/UI_LoadGame.c:102: ui_loadgame_render_button(n);
   0102 C5            [11]  280 	push	bc
   0103 C5            [11]  281 	push	bc
   0104 33            [ 6]  282 	inc	sp
   0105 CDr67r00      [17]  283 	call	_ui_loadgame_render_button
   0108 33            [ 6]  284 	inc	sp
   0109 C1            [10]  285 	pop	bc
   010A 18 F1         [12]  286 	jr	00101$
   010C                     287 00103$:
                            288 ;src/UI_LoadGame.c:105: ui_loadgame_lastEntry=ui_loadgame_entryIndex;
   010C 3Ar01r00      [13]  289 	ld	a,(#_ui_loadgame_entryIndex + 0)
   010F 32r00r00      [13]  290 	ld	(#_ui_loadgame_lastEntry + 0),a
   0112 C9            [10]  291 	ret
                            292 	.area _CODE
                            293 	.area _INITIALIZER
                            294 	.area _CABS (ABS)
