                              1 ;--------------------------------------------------------
                              2 ; File Created by SDCC : free open source ANSI-C Compiler
                              3 ; Version 3.5.5 #9498 (Linux)
                              4 ;--------------------------------------------------------
                              5 	.module UI_PauseMenu
                              6 	.optsdcc -mz80
                              7 	
                              8 ;--------------------------------------------------------
                              9 ; Public variables in this module
                             10 ;--------------------------------------------------------
                             11 	.globl _ui_pausemenu_render_button
                             12 	.globl _print_transparent_text
                             13 	.globl _cpct_drawSolidBox
                             14 	.globl _ui_pausemenu_entrySelected
                             15 	.globl _ui_pausemenu_entryIndex
                             16 	.globl _ui_pausemenu_lastEntry
                             17 	.globl _ui_pausemenu_buttonText
                             18 	.globl _ui_pausemenu_entriesTextPosition
                             19 	.globl _ui_pausemenu_entriesPosition
                             20 	.globl _ui_pausemenu_init
                             21 	.globl _ui_pausemenu_get_entry
                             22 	.globl _ui_pausemenu_is_selected
                             23 	.globl _ui_pausemenu_next_entry
                             24 	.globl _ui_pausemenu_previous_entry
                             25 	.globl _ui_pausemenu_select_entry
                             26 	.globl _ui_pausemenu_unselect_entry
                             27 	.globl _ui_pausemenu_render_refresh
                             28 	.globl _ui_pausemenu_render_all
                             29 ;--------------------------------------------------------
                             30 ; special function registers
                             31 ;--------------------------------------------------------
                             32 ;--------------------------------------------------------
                             33 ; ram data
                             34 ;--------------------------------------------------------
                             35 	.area _DATA
                             36 ;--------------------------------------------------------
                             37 ; ram data
                             38 ;--------------------------------------------------------
                             39 	.area _INITIALIZED
   0000                      40 _ui_pausemenu_lastEntry::
   0000                      41 	.ds 1
   0001                      42 _ui_pausemenu_entryIndex::
   0001                      43 	.ds 1
   0002                      44 _ui_pausemenu_entrySelected::
   0002                      45 	.ds 1
                             46 ;--------------------------------------------------------
                             47 ; absolute external ram data
                             48 ;--------------------------------------------------------
                             49 	.area _DABS (ABS)
                             50 ;--------------------------------------------------------
                             51 ; global & static initialisations
                             52 ;--------------------------------------------------------
                             53 	.area _HOME
                             54 	.area _GSINIT
                             55 	.area _GSFINAL
                             56 	.area _GSINIT
                             57 ;--------------------------------------------------------
                             58 ; Home
                             59 ;--------------------------------------------------------
                             60 	.area _HOME
                             61 	.area _HOME
                             62 ;--------------------------------------------------------
                             63 ; code
                             64 ;--------------------------------------------------------
                             65 	.area _CODE
                             66 ;src/UI_PauseMenu.c:57: void ui_pausemenu_init(){
                             67 ;	---------------------------------
                             68 ; Function ui_pausemenu_init
                             69 ; ---------------------------------
   0000                      70 _ui_pausemenu_init::
                             71 ;src/UI_PauseMenu.c:58: ui_pausemenu_lastEntry=0;
   0000 21r00r00      [10]   72 	ld	hl,#_ui_pausemenu_lastEntry + 0
   0003 36 00         [10]   73 	ld	(hl), #0x00
                             74 ;src/UI_PauseMenu.c:59: ui_pausemenu_entryIndex=0;
   0005 21r01r00      [10]   75 	ld	hl,#_ui_pausemenu_entryIndex + 0
   0008 36 00         [10]   76 	ld	(hl), #0x00
                             77 ;src/UI_PauseMenu.c:60: ui_pausemenu_entrySelected=0;
   000A 21r02r00      [10]   78 	ld	hl,#_ui_pausemenu_entrySelected + 0
   000D 36 00         [10]   79 	ld	(hl), #0x00
   000F C9            [10]   80 	ret
   0010                      81 _ui_pausemenu_entriesPosition:
   0010 AA C1                82 	.dw #0xC1AA
   0012 EA C2                83 	.dw #0xC2EA
   0014 2A C4                84 	.dw #0xC42A
   0016 6A C5                85 	.dw #0xC56A
   0018                      86 _ui_pausemenu_entriesTextPosition:
   0018 00 CA                87 	.dw #0xCA00
   001A 42 CB                88 	.dw #0xCB42
   001C 7C CC                89 	.dw #0xCC7C
   001E C4 CD                90 	.dw #0xCDC4
   0020                      91 _ui_pausemenu_buttonText:
   0020r28r00                92 	.dw __str_0
   0022r31r00                93 	.dw __str_1
   0024r39r00                94 	.dw __str_2
   0026r47r00                95 	.dw __str_3
   0028                      96 __str_0:
   0028 43 4F 4E 54 49 4E    97 	.ascii "CONTINUE"
        55 45
   0030 00                   98 	.db 0x00
   0031                      99 __str_1:
   0031 4F 50 54 49 4F 4E   100 	.ascii "OPTIONS"
        53
   0038 00                  101 	.db 0x00
   0039                     102 __str_2:
   0039 53 41 56 45 20 41   103 	.ascii "SAVE AND EXIT"
        4E 44 20 45 58 49
        54
   0046 00                  104 	.db 0x00
   0047                     105 __str_3:
   0047 45 58 49 54         106 	.ascii "EXIT"
   004B 00                  107 	.db 0x00
                            108 ;src/UI_PauseMenu.c:63: u8 ui_pausemenu_get_entry(){
                            109 ;	---------------------------------
                            110 ; Function ui_pausemenu_get_entry
                            111 ; ---------------------------------
   004C                     112 _ui_pausemenu_get_entry::
                            113 ;src/UI_PauseMenu.c:64: return ui_pausemenu_entryIndex;
   004C FD 21r01r00   [14]  114 	ld	iy,#_ui_pausemenu_entryIndex
   0050 FD 6E 00      [19]  115 	ld	l,0 (iy)
   0053 C9            [10]  116 	ret
                            117 ;src/UI_PauseMenu.c:67: u8 ui_pausemenu_is_selected(){
                            118 ;	---------------------------------
                            119 ; Function ui_pausemenu_is_selected
                            120 ; ---------------------------------
   0054                     121 _ui_pausemenu_is_selected::
                            122 ;src/UI_PauseMenu.c:68: return ui_pausemenu_entrySelected;
   0054 FD 21r02r00   [14]  123 	ld	iy,#_ui_pausemenu_entrySelected
   0058 FD 6E 00      [19]  124 	ld	l,0 (iy)
   005B C9            [10]  125 	ret
                            126 ;src/UI_PauseMenu.c:71: void ui_pausemenu_next_entry(){
                            127 ;	---------------------------------
                            128 ; Function ui_pausemenu_next_entry
                            129 ; ---------------------------------
   005C                     130 _ui_pausemenu_next_entry::
                            131 ;src/UI_PauseMenu.c:72: if(ui_pausemenu_entryIndex<(UI_PAUSEMENU_ENTRIES-1)){
                            132 ;src/UI_PauseMenu.c:73: ui_pausemenu_lastEntry=ui_pausemenu_entryIndex;
   005C 3Ar01r00      [13]  133 	ld	a,(#_ui_pausemenu_entryIndex + 0)
   005F FE 03         [ 7]  134 	cp	a,#0x03
   0061 D0            [11]  135 	ret	NC
   0062 32r00r00      [13]  136 	ld	(#_ui_pausemenu_lastEntry + 0),a
                            137 ;src/UI_PauseMenu.c:74: ++ui_pausemenu_entryIndex;
   0065 21r01r00      [10]  138 	ld	hl, #_ui_pausemenu_entryIndex+0
   0068 34            [11]  139 	inc	(hl)
   0069 C9            [10]  140 	ret
                            141 ;src/UI_PauseMenu.c:78: void ui_pausemenu_previous_entry(){
                            142 ;	---------------------------------
                            143 ; Function ui_pausemenu_previous_entry
                            144 ; ---------------------------------
   006A                     145 _ui_pausemenu_previous_entry::
                            146 ;src/UI_PauseMenu.c:79: if(ui_pausemenu_entryIndex>0){
   006A 3Ar01r00      [13]  147 	ld	a,(#_ui_pausemenu_entryIndex + 0)
   006D B7            [ 4]  148 	or	a, a
   006E C8            [11]  149 	ret	Z
                            150 ;src/UI_PauseMenu.c:80: ui_pausemenu_lastEntry=ui_pausemenu_entryIndex;
   006F 3Ar01r00      [13]  151 	ld	a,(#_ui_pausemenu_entryIndex + 0)
   0072 32r00r00      [13]  152 	ld	(#_ui_pausemenu_lastEntry + 0),a
                            153 ;src/UI_PauseMenu.c:81: --ui_pausemenu_entryIndex;
   0075 21r01r00      [10]  154 	ld	hl, #_ui_pausemenu_entryIndex+0
   0078 35            [11]  155 	dec	(hl)
   0079 C9            [10]  156 	ret
                            157 ;src/UI_PauseMenu.c:85: void ui_pausemenu_select_entry(){
                            158 ;	---------------------------------
                            159 ; Function ui_pausemenu_select_entry
                            160 ; ---------------------------------
   007A                     161 _ui_pausemenu_select_entry::
                            162 ;src/UI_PauseMenu.c:86: ui_pausemenu_entrySelected=1;
   007A 21r02r00      [10]  163 	ld	hl,#_ui_pausemenu_entrySelected + 0
   007D 36 01         [10]  164 	ld	(hl), #0x01
   007F C9            [10]  165 	ret
                            166 ;src/UI_PauseMenu.c:89: void ui_pausemenu_unselect_entry(){
                            167 ;	---------------------------------
                            168 ; Function ui_pausemenu_unselect_entry
                            169 ; ---------------------------------
   0080                     170 _ui_pausemenu_unselect_entry::
                            171 ;src/UI_PauseMenu.c:90: ui_pausemenu_entrySelected=0;
   0080 21r02r00      [10]  172 	ld	hl,#_ui_pausemenu_entrySelected + 0
   0083 36 00         [10]  173 	ld	(hl), #0x00
   0085 C9            [10]  174 	ret
                            175 ;src/UI_PauseMenu.c:93: void ui_pausemenu_render_button(u8 n){
                            176 ;	---------------------------------
                            177 ; Function ui_pausemenu_render_button
                            178 ; ---------------------------------
   0086                     179 _ui_pausemenu_render_button::
   0086 DD E5         [15]  180 	push	ix
   0088 DD 21 00 00   [14]  181 	ld	ix,#0
   008C DD 39         [15]  182 	add	ix,sp
                            183 ;src/UI_PauseMenu.c:95: color = (n==ui_pausemenu_entryIndex)?((ui_pausemenu_entrySelected)? g_colors[4]: g_colors[5]): g_colors[2];
   008E DD 7E 04      [19]  184 	ld	a,4 (ix)
   0091 FD 21r01r00   [14]  185 	ld	iy,#_ui_pausemenu_entryIndex
   0095 FD 96 00      [19]  186 	sub	a, 0 (iy)
   0098 20 10         [12]  187 	jr	NZ,00103$
   009A 3Ar02r00      [13]  188 	ld	a,(#_ui_pausemenu_entrySelected + 0)
   009D B7            [ 4]  189 	or	a, a
   009E 28 05         [12]  190 	jr	Z,00105$
   00A0 3Ar04r00      [13]  191 	ld	a, (#(_g_colors + 0x0004) + 0)
   00A3 18 08         [12]  192 	jr	00104$
   00A5                     193 00105$:
   00A5 3Ar05r00      [13]  194 	ld	a, (#(_g_colors + 0x0005) + 0)
   00A8 18 03         [12]  195 	jr	00104$
   00AA                     196 00103$:
   00AA 3Ar02r00      [13]  197 	ld	a, (#(_g_colors + 0x0002) + 0)
   00AD                     198 00104$:
   00AD 47            [ 4]  199 	ld	b,a
                            200 ;src/UI_PauseMenu.c:96: cpct_drawSolidBox(ui_pausemenu_entriesPosition[n],color, UI_PAUSEMENU_BUTTON_WIDTH, UI_PAUSEMENU_BUTTON_HEIGHT);
   00AE DD 6E 04      [19]  201 	ld	l,4 (ix)
   00B1 26 00         [ 7]  202 	ld	h,#0x00
   00B3 29            [11]  203 	add	hl, hl
   00B4 EB            [ 4]  204 	ex	de,hl
   00B5 21r10r00      [10]  205 	ld	hl,#_ui_pausemenu_entriesPosition
   00B8 19            [11]  206 	add	hl,de
   00B9 7E            [ 7]  207 	ld	a, (hl)
   00BA 23            [ 6]  208 	inc	hl
   00BB 66            [ 7]  209 	ld	h,(hl)
   00BC 6F            [ 4]  210 	ld	l,a
   00BD E5            [11]  211 	push	hl
   00BE FD E1         [14]  212 	pop	iy
   00C0 D5            [11]  213 	push	de
   00C1 21 1C 18      [10]  214 	ld	hl,#0x181C
   00C4 E5            [11]  215 	push	hl
   00C5 C5            [11]  216 	push	bc
   00C6 33            [ 6]  217 	inc	sp
   00C7 FD E5         [15]  218 	push	iy
   00C9 CDr00r00      [17]  219 	call	_cpct_drawSolidBox
   00CC F1            [10]  220 	pop	af
   00CD F1            [10]  221 	pop	af
   00CE 33            [ 6]  222 	inc	sp
   00CF D1            [10]  223 	pop	de
                            224 ;src/UI_PauseMenu.c:97: print_transparent_text(ui_pausemenu_buttonText[n], ui_pausemenu_entriesTextPosition[n], 3);
   00D0 21r18r00      [10]  225 	ld	hl,#_ui_pausemenu_entriesTextPosition
   00D3 19            [11]  226 	add	hl,de
   00D4 4E            [ 7]  227 	ld	c,(hl)
   00D5 23            [ 6]  228 	inc	hl
   00D6 46            [ 7]  229 	ld	b,(hl)
   00D7 21r20r00      [10]  230 	ld	hl,#_ui_pausemenu_buttonText
   00DA 19            [11]  231 	add	hl,de
   00DB 5E            [ 7]  232 	ld	e,(hl)
   00DC 23            [ 6]  233 	inc	hl
   00DD 56            [ 7]  234 	ld	d,(hl)
   00DE 3E 03         [ 7]  235 	ld	a,#0x03
   00E0 F5            [11]  236 	push	af
   00E1 33            [ 6]  237 	inc	sp
   00E2 C5            [11]  238 	push	bc
   00E3 D5            [11]  239 	push	de
   00E4 CDr00r00      [17]  240 	call	_print_transparent_text
   00E7 F1            [10]  241 	pop	af
   00E8 F1            [10]  242 	pop	af
   00E9 33            [ 6]  243 	inc	sp
   00EA DD E1         [14]  244 	pop	ix
   00EC C9            [10]  245 	ret
                            246 ;src/UI_PauseMenu.c:100: void ui_pausemenu_render_refresh(){
                            247 ;	---------------------------------
                            248 ; Function ui_pausemenu_render_refresh
                            249 ; ---------------------------------
   00ED                     250 _ui_pausemenu_render_refresh::
                            251 ;src/UI_PauseMenu.c:102: ui_pausemenu_render_button(ui_pausemenu_entryIndex);
   00ED 3Ar01r00      [13]  252 	ld	a,(_ui_pausemenu_entryIndex)
   00F0 F5            [11]  253 	push	af
   00F1 33            [ 6]  254 	inc	sp
   00F2 CDr86r00      [17]  255 	call	_ui_pausemenu_render_button
   00F5 33            [ 6]  256 	inc	sp
                            257 ;src/UI_PauseMenu.c:103: ui_pausemenu_render_button(ui_pausemenu_lastEntry);
   00F6 3Ar00r00      [13]  258 	ld	a,(_ui_pausemenu_lastEntry)
   00F9 F5            [11]  259 	push	af
   00FA 33            [ 6]  260 	inc	sp
   00FB CDr86r00      [17]  261 	call	_ui_pausemenu_render_button
   00FE 33            [ 6]  262 	inc	sp
                            263 ;src/UI_PauseMenu.c:105: ui_pausemenu_lastEntry=ui_pausemenu_entryIndex;
   00FF 3Ar01r00      [13]  264 	ld	a,(#_ui_pausemenu_entryIndex + 0)
   0102 32r00r00      [13]  265 	ld	(#_ui_pausemenu_lastEntry + 0),a
   0105 C9            [10]  266 	ret
                            267 ;src/UI_PauseMenu.c:108: void ui_pausemenu_render_all(){
                            268 ;	---------------------------------
                            269 ; Function ui_pausemenu_render_all
                            270 ; ---------------------------------
   0106                     271 _ui_pausemenu_render_all::
                            272 ;src/UI_PauseMenu.c:112: while(n){
   0106 06 04         [ 7]  273 	ld	b,#0x04
   0108                     274 00101$:
   0108 78            [ 4]  275 	ld	a,b
   0109 B7            [ 4]  276 	or	a, a
   010A 28 0B         [12]  277 	jr	Z,00103$
                            278 ;src/UI_PauseMenu.c:113: --n;
   010C 05            [ 4]  279 	dec	b
                            280 ;src/UI_PauseMenu.c:114: ui_pausemenu_render_button(n);
   010D C5            [11]  281 	push	bc
   010E C5            [11]  282 	push	bc
   010F 33            [ 6]  283 	inc	sp
   0110 CDr86r00      [17]  284 	call	_ui_pausemenu_render_button
   0113 33            [ 6]  285 	inc	sp
   0114 C1            [10]  286 	pop	bc
   0115 18 F1         [12]  287 	jr	00101$
   0117                     288 00103$:
                            289 ;src/UI_PauseMenu.c:117: ui_pausemenu_lastEntry=ui_pausemenu_entryIndex;
   0117 3Ar01r00      [13]  290 	ld	a,(#_ui_pausemenu_entryIndex + 0)
   011A 32r00r00      [13]  291 	ld	(#_ui_pausemenu_lastEntry + 0),a
   011D C9            [10]  292 	ret
                            293 	.area _CODE
                            294 	.area _INITIALIZER
   0000                     295 __xinit__ui_pausemenu_lastEntry:
   0000 00                  296 	.db #0x00	; 0
   0001                     297 __xinit__ui_pausemenu_entryIndex:
   0001 00                  298 	.db #0x00	; 0
   0002                     299 __xinit__ui_pausemenu_entrySelected:
   0002 00                  300 	.db #0x00	; 0
                            301 	.area _CABS (ABS)
