                              1 ;--------------------------------------------------------
                              2 ; File Created by SDCC : free open source ANSI-C Compiler
                              3 ; Version 3.5.5 #9498 (Linux)
                              4 ;--------------------------------------------------------
                              5 	.module typography_4x6_monospaced
                              6 	.optsdcc -mz80
                              7 	
                              8 ;--------------------------------------------------------
                              9 ; Public variables in this module
                             10 ;--------------------------------------------------------
                             11 	.globl _typography_4x6_monospaced
                             12 ;--------------------------------------------------------
                             13 ; special function registers
                             14 ;--------------------------------------------------------
                             15 ;--------------------------------------------------------
                             16 ; ram data
                             17 ;--------------------------------------------------------
                             18 	.area _DATA
                             19 ;--------------------------------------------------------
                             20 ; ram data
                             21 ;--------------------------------------------------------
                             22 	.area _INITIALIZED
                             23 ;--------------------------------------------------------
                             24 ; absolute external ram data
                             25 ;--------------------------------------------------------
                             26 	.area _DABS (ABS)
                             27 ;--------------------------------------------------------
                             28 ; global & static initialisations
                             29 ;--------------------------------------------------------
                             30 	.area _HOME
                             31 	.area _GSINIT
                             32 	.area _GSFINAL
                             33 	.area _GSINIT
                             34 ;--------------------------------------------------------
                             35 ; Home
                             36 ;--------------------------------------------------------
                             37 	.area _HOME
                             38 	.area _HOME
                             39 ;--------------------------------------------------------
                             40 ; code
                             41 ;--------------------------------------------------------
                             42 	.area _CODE
                             43 	.area _CODE
   0000                      44 _typography_4x6_monospaced:
   0000 4C                   45 	.db #0x4C	; 76	'L'
   0001 4C                   46 	.db #0x4C	; 76	'L'
   0002 EE                   47 	.db #0xEE	; 238
   0003 4A                   48 	.db #0x4A	; 74	'J'
   0004 4E                   49 	.db #0x4E	; 78	'N'
   0005 A8                   50 	.db #0xA8	; 168
   0006 AA                   51 	.db #0xAA	; 170
   0007 4C                   52 	.db #0x4C	; 76	'L'
   0008 4C                   53 	.db #0x4C	; 76	'L'
   0009 6E                   54 	.db #0x6E	; 110	'n'
   000A AA                   55 	.db #0xAA	; 170
   000B AA                   56 	.db #0xAA	; 170
   000C AE                   57 	.db #0xAE	; 174
   000D E4                   58 	.db #0xE4	; 228
   000E 4C                   59 	.db #0x4C	; 76	'L'
   000F 8E                   60 	.db #0x8E	; 142
   0010 6E                   61 	.db #0x6E	; 110	'n'
   0011 44                   62 	.db #0x44	; 68	'D'
   0012 44                   63 	.db #0x44	; 68	'D'
   0013 00                   64 	.db #0x00	; 0
   0014 60                   65 	.db #0x60	; 96
   0015 28                   66 	.db #0x28	; 40
   0016 00                   67 	.db #0x00	; 0
   0017 06                   68 	.db #0x06	; 6
   0018 44                   69 	.db #0x44	; 68	'D'
   0019 AA                   70 	.db #0xAA	; 170
   001A AA                   71 	.db #0xAA	; 170
   001B 88                   72 	.db #0x88	; 136
   001C AA                   73 	.db #0xAA	; 170
   001D 42                   74 	.db #0x42	; 66	'B'
   001E A8                   75 	.db #0xA8	; 168
   001F EA                   76 	.db #0xEA	; 234
   0020 AA                   77 	.db #0xAA	; 170
   0021 AA                   78 	.db #0xAA	; 170
   0022 84                   79 	.db #0x84	; 132
   0023 AA                   80 	.db #0xAA	; 170
   0024 AA                   81 	.db #0xAA	; 170
   0025 A2                   82 	.db #0xA2	; 162
   0026 AC                   83 	.db #0xAC	; 172
   0027 A2                   84 	.db #0xA2	; 162
   0028 88                   85 	.db #0x88	; 136
   0029 82                   86 	.db #0x82	; 130
   002A AA                   87 	.db #0xAA	; 170
   002B 4A                   88 	.db #0x4A	; 74	'J'
   002C 00                   89 	.db #0x00	; 0
   002D 90                   90 	.db #0x90	; 144
   002E 6C                   91 	.db #0x6C	; 108	'l'
   002F 4E                   92 	.db #0x4E	; 78	'N'
   0030 E4                   93 	.db #0xE4	; 228
   0031 2E                   94 	.db #0x2E	; 46
   0032 AC                   95 	.db #0xAC	; 172
   0033 8A                   96 	.db #0x8A	; 138
   0034 88                   97 	.db #0x88	; 136
   0035 8A                   98 	.db #0x8A	; 138
   0036 42                   99 	.db #0x42	; 66	'B'
   0037 A8                  100 	.db #0xA8	; 168
   0038 EE                  101 	.db #0xEE	; 238
   0039 AA                  102 	.db #0xAA	; 170
   003A AA                  103 	.db #0xAA	; 170
   003B 84                  104 	.db #0x84	; 132
   003C AA                  105 	.db #0xAA	; 170
   003D A4                  106 	.db #0xA4	; 164
   003E A4                  107 	.db #0xA4	; 164
   003F A4                  108 	.db #0xA4	; 164
   0040 24                  109 	.db #0x24	; 36
   0041 AC                  110 	.db #0xAC	; 172
   0042 C4                  111 	.db #0xC4	; 196
   0043 4A                  112 	.db #0x4A	; 74	'J'
   0044 42                  113 	.db #0x42	; 66	'B'
   0045 04                  114 	.db #0x04	; 4
   0046 B0                  115 	.db #0xB0	; 176
   0047 EE                  116 	.db #0xEE	; 238
   0048 4A                  117 	.db #0x4A	; 74	'J'
   0049 46                  118 	.db #0x46	; 70	'F'
   004A 44                  119 	.db #0x44	; 68	'D'
   004B AA                  120 	.db #0xAA	; 170
   004C 8A                  121 	.db #0x8A	; 138
   004D CC                  122 	.db #0xCC	; 204
   004E AE                  123 	.db #0xAE	; 174
   004F 42                  124 	.db #0x42	; 66	'B'
   0050 C8                  125 	.db #0xC8	; 200
   0051 AE                  126 	.db #0xAE	; 174
   0052 AC                  127 	.db #0xAC	; 172
   0053 AC                  128 	.db #0xAC	; 172
   0054 44                  129 	.db #0x44	; 68	'D'
   0055 AA                  130 	.db #0xAA	; 170
   0056 A4                  131 	.db #0xA4	; 164
   0057 44                  132 	.db #0x44	; 68	'D'
   0058 A4                  133 	.db #0xA4	; 164
   0059 42                  134 	.db #0x42	; 66	'B'
   005A E2                  135 	.db #0xE2	; 226
   005B A4                  136 	.db #0xA4	; 164
   005C A6                  137 	.db #0xA6	; 166
   005D 44                  138 	.db #0x44	; 68	'D'
   005E 00                  139 	.db #0x00	; 0
   005F D0                  140 	.db #0xD0	; 208
   0060 EE                  141 	.db #0xEE	; 238
   0061 4A                  142 	.db #0x4A	; 74	'J'
   0062 A4                  143 	.db #0xA4	; 164
   0063 AE                  144 	.db #0xAE	; 174
   0064 EA                  145 	.db #0xEA	; 234
   0065 AA                  146 	.db #0xAA	; 170
   0066 88                  147 	.db #0x88	; 136
   0067 AA                  148 	.db #0xAA	; 170
   0068 4A                  149 	.db #0x4A	; 74	'J'
   0069 A8                  150 	.db #0xA8	; 168
   006A AA                  151 	.db #0xAA	; 170
   006B A8                  152 	.db #0xA8	; 168
   006C CA                  153 	.db #0xCA	; 202
   006D 24                  154 	.db #0x24	; 36
   006E A4                  155 	.db #0xA4	; 164
   006F 4A                  156 	.db #0x4A	; 74	'J'
   0070 48                  157 	.db #0x48	; 72	'H'
   0071 A4                  158 	.db #0xA4	; 164
   0072 82                  159 	.db #0x82	; 130
   0073 22                  160 	.db #0x22	; 34
   0074 A8                  161 	.db #0xA8	; 168
   0075 A2                  162 	.db #0xA2	; 162
   0076 00                  163 	.db #0x00	; 0
   0077 00                  164 	.db #0x00	; 0
   0078 A0                  165 	.db #0xA0	; 160
   0079 6C                  166 	.db #0x6C	; 108	'l'
   007A EA                  167 	.db #0xEA	; 234
   007B AA                  168 	.db #0xAA	; 170
   007C 4A                  169 	.db #0x4A	; 74	'J'
   007D AE                  170 	.db #0xAE	; 174
   007E 4C                  171 	.db #0x4C	; 76	'L'
   007F E8                  172 	.db #0xE8	; 232
   0080 EA                  173 	.db #0xEA	; 234
   0081 44                  174 	.db #0x44	; 68	'D'
   0082 AE                  175 	.db #0xAE	; 174
   0083 AA                  176 	.db #0xAA	; 170
   0084 48                  177 	.db #0x48	; 72	'H'
   0085 2A                  178 	.db #0x2A	; 42
   0086 C4                  179 	.db #0xC4	; 196
   0087 44                  180 	.db #0x44	; 68	'D'
   0088 AA                  181 	.db #0xAA	; 170
   0089 4E                  182 	.db #0x4E	; 78	'N'
   008A EE                  183 	.db #0xEE	; 238
   008B EC                  184 	.db #0xEC	; 236
   008C 2C                  185 	.db #0x2C	; 44
   008D 48                  186 	.db #0x48	; 72	'H'
   008E 4C                  187 	.db #0x4C	; 76	'L'
   008F 44                  188 	.db #0x44	; 68	'D'
   0090 44                  189 	.db #0x44	; 68	'D'
   0091 70                  190 	.db #0x70	; 112	'p'
   0092 28                  191 	.db #0x28	; 40
   0093 44                  192 	.db #0x44	; 68	'D'
   0094 E4                  193 	.db #0xE4	; 228
   0095 04                  194 	.db #0x04	; 4
                            195 	.area _INITIALIZER
                            196 	.area _CABS (ABS)
